[ 2019-04-30T00:24:04+08:00 ] 187.56.110.26 /
INFO: [ app_init ] --START--
INFO: Run Behavior\BuildLiteBehavior [ RunTime:0.000011s ]
INFO: [ app_init ] --END-- [ RunTime:0.000261s ]
INFO: [ app_begin ] --START--
INFO: Run Behavior\ReadHtmlCacheBehavior [ RunTime:0.000369s ]
INFO: [ app_begin ] --END-- [ RunTime:0.000399s ]
SQL: SHOW COLUMNS FROM `xmb_config` [ RunTime:0.0008s ]
SQL: SELECT * FROM `xmb_config` WHERE ( id = 1 ) LIMIT 1   [ RunTime:0.0002s ]
SQL: SHOW COLUMNS FROM `xmb_productcate` [ RunTime:0.0004s ]
SQL: SELECT `id`,`title` FROM `xmb_productcate` WHERE ( pid = 0 ) ORDER BY ordernum desc LIMIT 7   [ RunTime:0.0001s ]
SQL: SELECT `id`,`title` FROM `xmb_productcate` WHERE ( pid = 58 ) ORDER BY ordernum desc  [ RunTime:0.0001s ]
SQL: SELECT `id`,`title` FROM `xmb_productcate` WHERE ( pid = 62 ) ORDER BY ordernum desc  [ RunTime:0.0001s ]
SQL: SELECT `id`,`title` FROM `xmb_productcate` WHERE ( pid = 63 ) ORDER BY ordernum desc  [ RunTime:0.0001s ]
SQL: SELECT `id`,`title` FROM `xmb_productcate` WHERE ( pid = 59 ) ORDER BY ordernum desc  [ RunTime:0.0002s ]
SQL: SELECT `id`,`title` FROM `xmb_productcate` WHERE ( pid = 66 ) ORDER BY ordernum desc  [ RunTime:0.0001s ]
SQL: SELECT `id`,`title` FROM `xmb_productcate` WHERE ( pid = 132 ) ORDER BY ordernum desc  [ RunTime:0.0001s ]
SQL: SELECT `id`,`title` FROM `xmb_productcate` WHERE ( pid = 60 ) ORDER BY ordernum desc  [ RunTime:0.0001s ]
SQL: SELECT `id`,`title` FROM `xmb_productcate` WHERE ( pid = 133 ) ORDER BY ordernum desc  [ RunTime:0.0001s ]
SQL: SELECT `id`,`title` FROM `xmb_productcate` WHERE ( pid = 84 ) ORDER BY ordernum desc  [ RunTime:0.0001s ]
SQL: SELECT `id`,`title` FROM `xmb_productcate` WHERE ( pid = 134 ) ORDER BY ordernum desc  [ RunTime:0.0001s ]
SQL: SELECT `id`,`title` FROM `xmb_productcate` WHERE ( pid = 70 ) ORDER BY ordernum desc  [ RunTime:0.0001s ]
SQL: SHOW COLUMNS FROM `xmb_cart` [ RunTime:0.0005s ]
NOTIC: [8] Undefined index: cid /home/wwwroot/default/App/Home/Controller/BaseController.class.php 第 33 行.
SQL: SELECT COUNT(*) AS tp_count FROM xmb_cart c LEFT JOIN xmb_goods g on c.gid=g.id  WHERE ( cid="" AND is_del =-1 AND is_up =1  ) LIMIT 1   [ RunTime:0.0001s ]
SQL: SHOW COLUMNS FROM `xmb_space` [ RunTime:0.0004s ]
SQL: SELECT * FROM `xmb_space` ORDER BY sort desc,addtime desc LIMIT 5   [ RunTime:0.0001s ]
SQL: SELECT * FROM `xmb_productcate` WHERE ( pid = 59 ) LIMIT 4   [ RunTime:0.0001s ]
SQL: SELECT * FROM `xmb_productcate` WHERE ( pid = 68 ) LIMIT 4   [ RunTime:0.0001s ]
SQL: SHOW COLUMNS FROM `xmb_goods` [ RunTime:0.0006s ]
SQL: SELECT * FROM `xmb_goods` WHERE ( scate=63 and is_del=-1 and is_up=1 ) ORDER BY sort desc,addtime desc LIMIT 2   [ RunTime:0.0001s ]
SQL: SELECT * FROM `xmb_goods` WHERE ( scate=63 and is_del=-1 and is_up=1 ) ORDER BY sort desc,addtime desc LIMIT 2,21   [ RunTime:0.0001s ]
SQL: SELECT * FROM `xmb_goods` WHERE ( scate=62 and is_del=-1 and is_up=1 ) ORDER BY sort desc,addtime desc LIMIT 2   [ RunTime:0.0002s ]
SQL: SELECT * FROM `xmb_goods` WHERE ( scate=62 and is_del=-1 and is_up=1 ) ORDER BY sort desc,addtime desc LIMIT 2,21   [ RunTime:0.0002s ]
SQL: SELECT * FROM `xmb_goods` WHERE ( scate=66 and is_del=-1 and is_up=1 ) ORDER BY sort desc,addtime desc LIMIT 2   [ RunTime:0.0001s ]
SQL: SELECT * FROM `xmb_goods` WHERE ( scate=66 and is_del=-1 and is_up=1 ) ORDER BY sort desc,addtime desc LIMIT 2,21   [ RunTime:0.0002s ]
SQL: SHOW COLUMNS FROM `xmb_brand` [ RunTime:0.0004s ]
SQL: SELECT * FROM `xmb_brand` ORDER BY sort desc,addtime desc LIMIT 2   [ RunTime:0.0001s ]
SQL: SELECT * FROM `xmb_brand` ORDER BY sort desc,addtime desc LIMIT 2,21   [ RunTime:0.0001s ]
NOTIC: [8] Undefined variable: brand1 /home/wwwroot/default/App/Home/Controller/IndexController.class.php 第 26 行.
SQL: SELECT * FROM `xmb_goods` WHERE ( scate=60 and is_del=-1 and is_up=1 ) ORDER BY sort desc,addtime desc LIMIT 2   [ RunTime:0.0001s ]
SQL: SELECT * FROM `xmb_goods` WHERE ( scate=60 and is_del=-1 and is_up=1 ) ORDER BY sort desc,addtime desc LIMIT 2,21   [ RunTime:0.0001s ]
SQL: SELECT * FROM `xmb_goods` WHERE ( scate=61 and is_del=-1 and is_up=1 ) ORDER BY sort desc,addtime desc LIMIT 2   [ RunTime:0.0001s ]
SQL: SELECT * FROM `xmb_goods` WHERE ( scate=61 and is_del=-1 and is_up=1 ) ORDER BY sort desc,addtime desc LIMIT 2,21   [ RunTime:0.0001s ]
SQL: SELECT * FROM `xmb_goods` WHERE ( scate=68 and is_del=-1 and is_up=1 ) ORDER BY sort desc,addtime desc LIMIT 2   [ RunTime:0.0001s ]
SQL: SELECT * FROM `xmb_goods` WHERE ( scate=68 and is_del=-1 and is_up=1 ) ORDER BY sort desc,addtime desc LIMIT 2,21   [ RunTime:0.0001s ]
SQL: SHOW COLUMNS FROM `xmb_ad` [ RunTime:0.0003s ]
SQL: SELECT * FROM `xmb_ad` ORDER BY savetime desc  [ RunTime:0.0001s ]
INFO: [ view_parse ] --START--
INFO: [ template_filter ] --START--
INFO: Run Behavior\ContentReplaceBehavior [ RunTime:0.000101s ]
INFO: [ template_filter ] --END-- [ RunTime:0.000145s ]
INFO: Run Behavior\ParseTemplateBehavior [ RunTime:0.018395s ]
INFO: [ view_parse ] --END-- [ RunTime:0.018438s ]
INFO: [ view_filter ] --START--
INFO: Run Behavior\WriteHtmlCacheBehavior [ RunTime:0.000186s ]
INFO: [ view_filter ] --END-- [ RunTime:0.000206s ]
INFO: [ app_end ] --START--
INFO: Run Behavior\ShowPageTraceBehavior [ RunTime:0.000403s ]
INFO: [ app_end ] --END-- [ RunTime:0.000438s ]

[ 2019-04-30T01:25:20+08:00 ] 128.14.209.226 /nx8j78af1b.jsp
INFO: [ app_init ] --START--
INFO: Run Behavior\BuildLiteBehavior [ RunTime:0.000010s ]
INFO: [ app_init ] --END-- [ RunTime:0.000235s ]
INFO: [ app_begin ] --START--
INFO: Run Behavior\ReadHtmlCacheBehavior [ RunTime:0.000320s ]
INFO: [ app_begin ] --END-- [ RunTime:0.000348s ]
ERR: 无法加载控制器:Nx8j78af1b

[ 2019-04-30T05:02:28+08:00 ] 47.101.201.149 /
INFO: [ app_init ] --START--
INFO: Run Behavior\BuildLiteBehavior [ RunTime:0.000023s ]
INFO: [ app_init ] --END-- [ RunTime:0.000305s ]
INFO: [ app_begin ] --START--
INFO: Run Behavior\ReadHtmlCacheBehavior [ RunTime:0.000348s ]
INFO: [ app_begin ] --END-- [ RunTime:0.000382s ]
SQL: SHOW COLUMNS FROM `xmb_config` [ RunTime:0.0007s ]
SQL: SELECT * FROM `xmb_config` WHERE ( id = 1 ) LIMIT 1   [ RunTime:0.0001s ]
SQL: SHOW COLUMNS FROM `xmb_productcate` [ RunTime:0.0003s ]
SQL: SELECT `id`,`title` FROM `xmb_productcate` WHERE ( pid = 0 ) ORDER BY ordernum desc LIMIT 7   [ RunTime:0.0001s ]
SQL: SELECT `id`,`title` FROM `xmb_productcate` WHERE ( pid = 58 ) ORDER BY ordernum desc  [ RunTime:0.0001s ]
SQL: SELECT `id`,`title` FROM `xmb_productcate` WHERE ( pid = 62 ) ORDER BY ordernum desc  [ RunTime:0.0001s ]
SQL: SELECT `id`,`title` FROM `xmb_productcate` WHERE ( pid = 63 ) ORDER BY ordernum desc  [ RunTime:0.0001s ]
SQL: SELECT `id`,`title` FROM `xmb_productcate` WHERE ( pid = 59 ) ORDER BY ordernum desc  [ RunTime:0.0001s ]
SQL: SELECT `id`,`title` FROM `xmb_productcate` WHERE ( pid = 66 ) ORDER BY ordernum desc  [ RunTime:0.0001s ]
SQL: SELECT `id`,`title` FROM `xmb_productcate` WHERE ( pid = 132 ) ORDER BY ordernum desc  [ RunTime:0.0001s ]
SQL: SELECT `id`,`title` FROM `xmb_productcate` WHERE ( pid = 60 ) ORDER BY ordernum desc  [ RunTime:0.0001s ]
SQL: SELECT `id`,`title` FROM `xmb_productcate` WHERE ( pid = 133 ) ORDER BY ordernum desc  [ RunTime:0.0001s ]
SQL: SELECT `id`,`title` FROM `xmb_productcate` WHERE ( pid = 84 ) ORDER BY ordernum desc  [ RunTime:0.0001s ]
SQL: SELECT `id`,`title` FROM `xmb_productcate` WHERE ( pid = 134 ) ORDER BY ordernum desc  [ RunTime:0.0001s ]
SQL: SELECT `id`,`title` FROM `xmb_productcate` WHERE ( pid = 70 ) ORDER BY ordernum desc  [ RunTime:0.0001s ]
SQL: SHOW COLUMNS FROM `xmb_cart` [ RunTime:0.0005s ]
NOTIC: [8] Undefined index: cid /home/wwwroot/default/App/Home/Controller/BaseController.class.php 第 33 行.
SQL: SELECT COUNT(*) AS tp_count FROM xmb_cart c LEFT JOIN xmb_goods g on c.gid=g.id  WHERE ( cid="" AND is_del =-1 AND is_up =1  ) LIMIT 1   [ RunTime:0.0004s ]
SQL: SHOW COLUMNS FROM `xmb_space` [ RunTime:0.0004s ]
SQL: SELECT * FROM `xmb_space` ORDER BY sort desc,addtime desc LIMIT 5   [ RunTime:0.0001s ]
SQL: SELECT * FROM `xmb_productcate` WHERE ( pid = 59 ) LIMIT 4   [ RunTime:0.0001s ]
SQL: SELECT * FROM `xmb_productcate` WHERE ( pid = 68 ) LIMIT 4   [ RunTime:0.0001s ]
SQL: SHOW COLUMNS FROM `xmb_goods` [ RunTime:0.0006s ]
SQL: SELECT * FROM `xmb_goods` WHERE ( scate=63 and is_del=-1 and is_up=1 ) ORDER BY sort desc,addtime desc LIMIT 2   [ RunTime:0.0001s ]
SQL: SELECT * FROM `xmb_goods` WHERE ( scate=63 and is_del=-1 and is_up=1 ) ORDER BY sort desc,addtime desc LIMIT 2,21   [ RunTime:0.0002s ]
SQL: SELECT * FROM `xmb_goods` WHERE ( scate=62 and is_del=-1 and is_up=1 ) ORDER BY sort desc,addtime desc LIMIT 2   [ RunTime:0.0001s ]
SQL: SELECT * FROM `xmb_goods` WHERE ( scate=62 and is_del=-1 and is_up=1 ) ORDER BY sort desc,addtime desc LIMIT 2,21   [ RunTime:0.0001s ]
SQL: SELECT * FROM `xmb_goods` WHERE ( scate=66 and is_del=-1 and is_up=1 ) ORDER BY sort desc,addtime desc LIMIT 2   [ RunTime:0.0001s ]
SQL: SELECT * FROM `xmb_goods` WHERE ( scate=66 and is_del=-1 and is_up=1 ) ORDER BY sort desc,addtime desc LIMIT 2,21   [ RunTime:0.0002s ]
SQL: SHOW COLUMNS FROM `xmb_brand` [ RunTime:0.0004s ]
SQL: SELECT * FROM `xmb_brand` ORDER BY sort desc,addtime desc LIMIT 2   [ RunTime:0.0001s ]
SQL: SELECT * FROM `xmb_brand` ORDER BY sort desc,addtime desc LIMIT 2,21   [ RunTime:0.0001s ]
NOTIC: [8] Undefined variable: brand1 /home/wwwroot/default/App/Home/Controller/IndexController.class.php 第 26 行.
SQL: SELECT * FROM `xmb_goods` WHERE ( scate=60 and is_del=-1 and is_up=1 ) ORDER BY sort desc,addtime desc LIMIT 2   [ RunTime:0.0001s ]
SQL: SELECT * FROM `xmb_goods` WHERE ( scate=60 and is_del=-1 and is_up=1 ) ORDER BY sort desc,addtime desc LIMIT 2,21   [ RunTime:0.0001s ]
SQL: SELECT * FROM `xmb_goods` WHERE ( scate=61 and is_del=-1 and is_up=1 ) ORDER BY sort desc,addtime desc LIMIT 2   [ RunTime:0.0001s ]
SQL: SELECT * FROM `xmb_goods` WHERE ( scate=61 and is_del=-1 and is_up=1 ) ORDER BY sort desc,addtime desc LIMIT 2,21   [ RunTime:0.0001s ]
SQL: SELECT * FROM `xmb_goods` WHERE ( scate=68 and is_del=-1 and is_up=1 ) ORDER BY sort desc,addtime desc LIMIT 2   [ RunTime:0.0001s ]
SQL: SELECT * FROM `xmb_goods` WHERE ( scate=68 and is_del=-1 and is_up=1 ) ORDER BY sort desc,addtime desc LIMIT 2,21   [ RunTime:0.0001s ]
SQL: SHOW COLUMNS FROM `xmb_ad` [ RunTime:0.0004s ]
SQL: SELECT * FROM `xmb_ad` ORDER BY savetime desc  [ RunTime:0.0001s ]
INFO: [ view_parse ] --START--
INFO: [ template_filter ] --START--
INFO: Run Behavior\ContentReplaceBehavior [ RunTime:0.000137s ]
INFO: [ template_filter ] --END-- [ RunTime:0.000187s ]
INFO: Run Behavior\ParseTemplateBehavior [ RunTime:0.017769s ]
INFO: [ view_parse ] --END-- [ RunTime:0.017810s ]
INFO: [ view_filter ] --START--
INFO: Run Behavior\WriteHtmlCacheBehavior [ RunTime:0.000199s ]
INFO: [ view_filter ] --END-- [ RunTime:0.000219s ]
INFO: [ app_end ] --START--
INFO: Run Behavior\ShowPageTraceBehavior [ RunTime:0.000373s ]
INFO: [ app_end ] --END-- [ RunTime:0.000402s ]

[ 2019-04-30T07:08:46+08:00 ] 47.52.210.105 /
INFO: [ app_init ] --START--
INFO: Run Behavior\BuildLiteBehavior [ RunTime:0.000011s ]
INFO: [ app_init ] --END-- [ RunTime:0.000263s ]
INFO: [ app_begin ] --START--
INFO: Run Behavior\ReadHtmlCacheBehavior [ RunTime:0.000327s ]
INFO: [ app_begin ] --END-- [ RunTime:0.000359s ]
SQL: SHOW COLUMNS FROM `xmb_config` [ RunTime:0.0006s ]
SQL: SELECT * FROM `xmb_config` WHERE ( id = 1 ) LIMIT 1   [ RunTime:0.0001s ]
SQL: SHOW COLUMNS FROM `xmb_productcate` [ RunTime:0.0003s ]
SQL: SELECT `id`,`title` FROM `xmb_productcate` WHERE ( pid = 0 ) ORDER BY ordernum desc LIMIT 7   [ RunTime:0.0001s ]
SQL: SELECT `id`,`title` FROM `xmb_productcate` WHERE ( pid = 58 ) ORDER BY ordernum desc  [ RunTime:0.0000s ]
SQL: SELECT `id`,`title` FROM `xmb_productcate` WHERE ( pid = 62 ) ORDER BY ordernum desc  [ RunTime:0.0000s ]
SQL: SELECT `id`,`title` FROM `xmb_productcate` WHERE ( pid = 63 ) ORDER BY ordernum desc  [ RunTime:0.0000s ]
SQL: SELECT `id`,`title` FROM `xmb_productcate` WHERE ( pid = 59 ) ORDER BY ordernum desc  [ RunTime:0.0000s ]
SQL: SELECT `id`,`title` FROM `xmb_productcate` WHERE ( pid = 66 ) ORDER BY ordernum desc  [ RunTime:0.0000s ]
SQL: SELECT `id`,`title` FROM `xmb_productcate` WHERE ( pid = 132 ) ORDER BY ordernum desc  [ RunTime:0.0001s ]
SQL: SELECT `id`,`title` FROM `xmb_productcate` WHERE ( pid = 60 ) ORDER BY ordernum desc  [ RunTime:0.0000s ]
SQL: SELECT `id`,`title` FROM `xmb_productcate` WHERE ( pid = 133 ) ORDER BY ordernum desc  [ RunTime:0.0000s ]
SQL: SELECT `id`,`title` FROM `xmb_productcate` WHERE ( pid = 84 ) ORDER BY ordernum desc  [ RunTime:0.0000s ]
SQL: SELECT `id`,`title` FROM `xmb_productcate` WHERE ( pid = 134 ) ORDER BY ordernum desc  [ RunTime:0.0000s ]
SQL: SELECT `id`,`title` FROM `xmb_productcate` WHERE ( pid = 70 ) ORDER BY ordernum desc  [ RunTime:0.0000s ]
SQL: SHOW COLUMNS FROM `xmb_cart` [ RunTime:0.0003s ]
NOTIC: [8] Undefined index: cid /home/wwwroot/default/App/Home/Controller/BaseController.class.php 第 33 行.
SQL: SELECT COUNT(*) AS tp_count FROM xmb_cart c LEFT JOIN xmb_goods g on c.gid=g.id  WHERE ( cid="" AND is_del =-1 AND is_up =1  ) LIMIT 1   [ RunTime:0.0001s ]
SQL: SHOW COLUMNS FROM `xmb_space` [ RunTime:0.0003s ]
SQL: SELECT * FROM `xmb_space` ORDER BY sort desc,addtime desc LIMIT 5   [ RunTime:0.0002s ]
SQL: SELECT * FROM `xmb_productcate` WHERE ( pid = 59 ) LIMIT 4   [ RunTime:0.0001s ]
SQL: SELECT * FROM `xmb_productcate` WHERE ( pid = 68 ) LIMIT 4   [ RunTime:0.0001s ]
SQL: SHOW COLUMNS FROM `xmb_goods` [ RunTime:0.0005s ]
SQL: SELECT * FROM `xmb_goods` WHERE ( scate=63 and is_del=-1 and is_up=1 ) ORDER BY sort desc,addtime desc LIMIT 2   [ RunTime:0.0001s ]
SQL: SELECT * FROM `xmb_goods` WHERE ( scate=63 and is_del=-1 and is_up=1 ) ORDER BY sort desc,addtime desc LIMIT 2,21   [ RunTime:0.0001s ]
SQL: SELECT * FROM `xmb_goods` WHERE ( scate=62 and is_del=-1 and is_up=1 ) ORDER BY sort desc,addtime desc LIMIT 2   [ RunTime:0.0001s ]
SQL: SELECT * FROM `xmb_goods` WHERE ( scate=62 and is_del=-1 and is_up=1 ) ORDER BY sort desc,addtime desc LIMIT 2,21   [ RunTime:0.0001s ]
SQL: SELECT * FROM `xmb_goods` WHERE ( scate=66 and is_del=-1 and is_up=1 ) ORDER BY sort desc,addtime desc LIMIT 2   [ RunTime:0.0001s ]
SQL: SELECT * FROM `xmb_goods` WHERE ( scate=66 and is_del=-1 and is_up=1 ) ORDER BY sort desc,addtime desc LIMIT 2,21   [ RunTime:0.0001s ]
SQL: SHOW COLUMNS FROM `xmb_brand` [ RunTime:0.0004s ]
SQL: SELECT * FROM `xmb_brand` ORDER BY sort desc,addtime desc LIMIT 2   [ RunTime:0.0001s ]
SQL: SELECT * FROM `xmb_brand` ORDER BY sort desc,addtime desc LIMIT 2,21   [ RunTime:0.0001s ]
NOTIC: [8] Undefined variable: brand1 /home/wwwroot/default/App/Home/Controller/IndexController.class.php 第 26 行.
SQL: SELECT * FROM `xmb_goods` WHERE ( scate=60 and is_del=-1 and is_up=1 ) ORDER BY sort desc,addtime desc LIMIT 2   [ RunTime:0.0001s ]
SQL: SELECT * FROM `xmb_goods` WHERE ( scate=60 and is_del=-1 and is_up=1 ) ORDER BY sort desc,addtime desc LIMIT 2,21   [ RunTime:0.0001s ]
SQL: SELECT * FROM `xmb_goods` WHERE ( scate=61 and is_del=-1 and is_up=1 ) ORDER BY sort desc,addtime desc LIMIT 2   [ RunTime:0.0001s ]
SQL: SELECT * FROM `xmb_goods` WHERE ( scate=61 and is_del=-1 and is_up=1 ) ORDER BY sort desc,addtime desc LIMIT 2,21   [ RunTime:0.0001s ]
SQL: SELECT * FROM `xmb_goods` WHERE ( scate=68 and is_del=-1 and is_up=1 ) ORDER BY sort desc,addtime desc LIMIT 2   [ RunTime:0.0002s ]
SQL: SELECT * FROM `xmb_goods` WHERE ( scate=68 and is_del=-1 and is_up=1 ) ORDER BY sort desc,addtime desc LIMIT 2,21   [ RunTime:0.0001s ]
SQL: SHOW COLUMNS FROM `xmb_ad` [ RunTime:0.0004s ]
SQL: SELECT * FROM `xmb_ad` ORDER BY savetime desc  [ RunTime:0.0001s ]
INFO: [ view_parse ] --START--
INFO: [ template_filter ] --START--
INFO: Run Behavior\ContentReplaceBehavior [ RunTime:0.000102s ]
INFO: [ template_filter ] --END-- [ RunTime:0.000144s ]
INFO: Run Behavior\ParseTemplateBehavior [ RunTime:0.017904s ]
INFO: [ view_parse ] --END-- [ RunTime:0.017941s ]
INFO: [ view_filter ] --START--
INFO: Run Behavior\WriteHtmlCacheBehavior [ RunTime:0.000175s ]
INFO: [ view_filter ] --END-- [ RunTime:0.000195s ]
INFO: [ app_end ] --START--
INFO: Run Behavior\ShowPageTraceBehavior [ RunTime:0.000362s ]
INFO: [ app_end ] --END-- [ RunTime:0.000388s ]

[ 2019-04-30T08:15:27+08:00 ] 177.45.92.25 /
INFO: [ app_init ] --START--
INFO: Run Behavior\BuildLiteBehavior [ RunTime:0.000011s ]
INFO: [ app_init ] --END-- [ RunTime:0.000239s ]
INFO: [ app_begin ] --START--
INFO: Run Behavior\ReadHtmlCacheBehavior [ RunTime:0.000367s ]
INFO: [ app_begin ] --END-- [ RunTime:0.000400s ]
SQL: SHOW COLUMNS FROM `xmb_config` [ RunTime:0.0005s ]
SQL: SELECT * FROM `xmb_config` WHERE ( id = 1 ) LIMIT 1   [ RunTime:0.0002s ]
SQL: SHOW COLUMNS FROM `xmb_productcate` [ RunTime:0.0005s ]
SQL: SELECT `id`,`title` FROM `xmb_productcate` WHERE ( pid = 0 ) ORDER BY ordernum desc LIMIT 7   [ RunTime:0.0001s ]
SQL: SELECT `id`,`title` FROM `xmb_productcate` WHERE ( pid = 58 ) ORDER BY ordernum desc  [ RunTime:0.0001s ]
SQL: SELECT `id`,`title` FROM `xmb_productcate` WHERE ( pid = 62 ) ORDER BY ordernum desc  [ RunTime:0.0001s ]
SQL: SELECT `id`,`title` FROM `xmb_productcate` WHERE ( pid = 63 ) ORDER BY ordernum desc  [ RunTime:0.0001s ]
SQL: SELECT `id`,`title` FROM `xmb_productcate` WHERE ( pid = 59 ) ORDER BY ordernum desc  [ RunTime:0.0001s ]
SQL: SELECT `id`,`title` FROM `xmb_productcate` WHERE ( pid = 66 ) ORDER BY ordernum desc  [ RunTime:0.0001s ]
SQL: SELECT `id`,`title` FROM `xmb_productcate` WHERE ( pid = 132 ) ORDER BY ordernum desc  [ RunTime:0.0001s ]
SQL: SELECT `id`,`title` FROM `xmb_productcate` WHERE ( pid = 60 ) ORDER BY ordernum desc  [ RunTime:0.0001s ]
SQL: SELECT `id`,`title` FROM `xmb_productcate` WHERE ( pid = 133 ) ORDER BY ordernum desc  [ RunTime:0.0001s ]
SQL: SELECT `id`,`title` FROM `xmb_productcate` WHERE ( pid = 84 ) ORDER BY ordernum desc  [ RunTime:0.0001s ]
SQL: SELECT `id`,`title` FROM `xmb_productcate` WHERE ( pid = 134 ) ORDER BY ordernum desc  [ RunTime:0.0001s ]
SQL: SELECT `id`,`title` FROM `xmb_productcate` WHERE ( pid = 70 ) ORDER BY ordernum desc  [ RunTime:0.0001s ]
SQL: SHOW COLUMNS FROM `xmb_cart` [ RunTime:0.0004s ]
NOTIC: [8] Undefined index: cid /home/wwwroot/default/App/Home/Controller/BaseController.class.php 第 33 行.
SQL: SELECT COUNT(*) AS tp_count FROM xmb_cart c LEFT JOIN xmb_goods g on c.gid=g.id  WHERE ( cid="" AND is_del =-1 AND is_up =1  ) LIMIT 1   [ RunTime:0.0001s ]
SQL: SHOW COLUMNS FROM `xmb_space` [ RunTime:0.0003s ]
SQL: SELECT * FROM `xmb_space` ORDER BY sort desc,addtime desc LIMIT 5   [ RunTime:0.0001s ]
SQL: SELECT * FROM `xmb_productcate` WHERE ( pid = 59 ) LIMIT 4   [ RunTime:0.0001s ]
SQL: SELECT * FROM `xmb_productcate` WHERE ( pid = 68 ) LIMIT 4   [ RunTime:0.0001s ]
SQL: SHOW COLUMNS FROM `xmb_goods` [ RunTime:0.0004s ]
SQL: SELECT * FROM `xmb_goods` WHERE ( scate=63 and is_del=-1 and is_up=1 ) ORDER BY sort desc,addtime desc LIMIT 2   [ RunTime:0.0001s ]
SQL: SELECT * FROM `xmb_goods` WHERE ( scate=63 and is_del=-1 and is_up=1 ) ORDER BY sort desc,addtime desc LIMIT 2,21   [ RunTime:0.0001s ]
SQL: SELECT * FROM `xmb_goods` WHERE ( scate=62 and is_del=-1 and is_up=1 ) ORDER BY sort desc,addtime desc LIMIT 2   [ RunTime:0.0001s ]
SQL: SELECT * FROM `xmb_goods` WHERE ( scate=62 and is_del=-1 and is_up=1 ) ORDER BY sort desc,addtime desc LIMIT 2,21   [ RunTime:0.0001s ]
SQL: SELECT * FROM `xmb_goods` WHERE ( scate=66 and is_del=-1 and is_up=1 ) ORDER BY sort desc,addtime desc LIMIT 2   [ RunTime:0.0001s ]
SQL: SELECT * FROM `xmb_goods` WHERE ( scate=66 and is_del=-1 and is_up=1 ) ORDER BY sort desc,addtime desc LIMIT 2,21   [ RunTime:0.0001s ]
SQL: SHOW COLUMNS FROM `xmb_brand` [ RunTime:0.0003s ]
SQL: SELECT * FROM `xmb_brand` ORDER BY sort desc,addtime desc LIMIT 2   [ RunTime:0.0001s ]
SQL: SELECT * FROM `xmb_brand` ORDER BY sort desc,addtime desc LIMIT 2,21   [ RunTime:0.0001s ]
NOTIC: [8] Undefined variable: brand1 /home/wwwroot/default/App/Home/Controller/IndexController.class.php 第 26 行.
SQL: SELECT * FROM `xmb_goods` WHERE ( scate=60 and is_del=-1 and is_up=1 ) ORDER BY sort desc,addtime desc LIMIT 2   [ RunTime:0.0001s ]
SQL: SELECT * FROM `xmb_goods` WHERE ( scate=60 and is_del=-1 and is_up=1 ) ORDER BY sort desc,addtime desc LIMIT 2,21   [ RunTime:0.0001s ]
SQL: SELECT * FROM `xmb_goods` WHERE ( scate=61 and is_del=-1 and is_up=1 ) ORDER BY sort desc,addtime desc LIMIT 2   [ RunTime:0.0001s ]
SQL: SELECT * FROM `xmb_goods` WHERE ( scate=61 and is_del=-1 and is_up=1 ) ORDER BY sort desc,addtime desc LIMIT 2,21   [ RunTime:0.0001s ]
SQL: SELECT * FROM `xmb_goods` WHERE ( scate=68 and is_del=-1 and is_up=1 ) ORDER BY sort desc,addtime desc LIMIT 2   [ RunTime:0.0001s ]
SQL: SELECT * FROM `xmb_goods` WHERE ( scate=68 and is_del=-1 and is_up=1 ) ORDER BY sort desc,addtime desc LIMIT 2,21   [ RunTime:0.0001s ]
SQL: SHOW COLUMNS FROM `xmb_ad` [ RunTime:0.0003s ]
SQL: SELECT * FROM `xmb_ad` ORDER BY savetime desc  [ RunTime:0.0001s ]
INFO: [ view_parse ] --START--
INFO: [ template_filter ] --START--
INFO: Run Behavior\ContentReplaceBehavior [ RunTime:0.000109s ]
INFO: [ template_filter ] --END-- [ RunTime:0.000159s ]
INFO: Run Behavior\ParseTemplateBehavior [ RunTime:0.019186s ]
INFO: [ view_parse ] --END-- [ RunTime:0.019235s ]
INFO: [ view_filter ] --START--
INFO: Run Behavior\WriteHtmlCacheBehavior [ RunTime:0.000187s ]
INFO: [ view_filter ] --END-- [ RunTime:0.000207s ]
INFO: [ app_end ] --START--
INFO: Run Behavior\ShowPageTraceBehavior [ RunTime:0.000383s ]
INFO: [ app_end ] --END-- [ RunTime:0.000408s ]

[ 2019-04-30T09:06:12+08:00 ] 47.52.210.94 /
INFO: [ app_init ] --START--
INFO: Run Behavior\BuildLiteBehavior [ RunTime:0.000014s ]
INFO: [ app_init ] --END-- [ RunTime:0.000315s ]
INFO: [ app_begin ] --START--
INFO: Run Behavior\ReadHtmlCacheBehavior [ RunTime:0.000456s ]
INFO: [ app_begin ] --END-- [ RunTime:0.000502s ]
SQL: SHOW COLUMNS FROM `xmb_config` [ RunTime:0.0008s ]
SQL: SELECT * FROM `xmb_config` WHERE ( id = 1 ) LIMIT 1   [ RunTime:0.0001s ]
SQL: SHOW COLUMNS FROM `xmb_productcate` [ RunTime:0.0004s ]
SQL: SELECT `id`,`title` FROM `xmb_productcate` WHERE ( pid = 0 ) ORDER BY ordernum desc LIMIT 7   [ RunTime:0.0001s ]
SQL: SELECT `id`,`title` FROM `xmb_productcate` WHERE ( pid = 58 ) ORDER BY ordernum desc  [ RunTime:0.0002s ]
SQL: SELECT `id`,`title` FROM `xmb_productcate` WHERE ( pid = 62 ) ORDER BY ordernum desc  [ RunTime:0.0001s ]
SQL: SELECT `id`,`title` FROM `xmb_productcate` WHERE ( pid = 63 ) ORDER BY ordernum desc  [ RunTime:0.0001s ]
SQL: SELECT `id`,`title` FROM `xmb_productcate` WHERE ( pid = 59 ) ORDER BY ordernum desc  [ RunTime:0.0001s ]
SQL: SELECT `id`,`title` FROM `xmb_productcate` WHERE ( pid = 66 ) ORDER BY ordernum desc  [ RunTime:0.0001s ]
SQL: SELECT `id`,`title` FROM `xmb_productcate` WHERE ( pid = 132 ) ORDER BY ordernum desc  [ RunTime:0.0001s ]
SQL: SELECT `id`,`title` FROM `xmb_productcate` WHERE ( pid = 60 ) ORDER BY ordernum desc  [ RunTime:0.0002s ]
SQL: SELECT `id`,`title` FROM `xmb_productcate` WHERE ( pid = 133 ) ORDER BY ordernum desc  [ RunTime:0.0001s ]
SQL: SELECT `id`,`title` FROM `xmb_productcate` WHERE ( pid = 84 ) ORDER BY ordernum desc  [ RunTime:0.0001s ]
SQL: SELECT `id`,`title` FROM `xmb_productcate` WHERE ( pid = 134 ) ORDER BY ordernum desc  [ RunTime:0.0001s ]
SQL: SELECT `id`,`title` FROM `xmb_productcate` WHERE ( pid = 70 ) ORDER BY ordernum desc  [ RunTime:0.0001s ]
SQL: SHOW COLUMNS FROM `xmb_cart` [ RunTime:0.0004s ]
NOTIC: [8] Undefined index: cid /home/wwwroot/default/App/Home/Controller/BaseController.class.php 第 33 行.
SQL: SELECT COUNT(*) AS tp_count FROM xmb_cart c LEFT JOIN xmb_goods g on c.gid=g.id  WHERE ( cid="" AND is_del =-1 AND is_up =1  ) LIMIT 1   [ RunTime:0.0001s ]
SQL: SHOW COLUMNS FROM `xmb_space` [ RunTime:0.0006s ]
SQL: SELECT * FROM `xmb_space` ORDER BY sort desc,addtime desc LIMIT 5   [ RunTime:0.0001s ]
SQL: SELECT * FROM `xmb_productcate` WHERE ( pid = 59 ) LIMIT 4   [ RunTime:0.0001s ]
SQL: SELECT * FROM `xmb_productcate` WHERE ( pid = 68 ) LIMIT 4   [ RunTime:0.0001s ]
SQL: SHOW COLUMNS FROM `xmb_goods` [ RunTime:0.0006s ]
SQL: SELECT * FROM `xmb_goods` WHERE ( scate=63 and is_del=-1 and is_up=1 ) ORDER BY sort desc,addtime desc LIMIT 2   [ RunTime:0.0001s ]
SQL: SELECT * FROM `xmb_goods` WHERE ( scate=63 and is_del=-1 and is_up=1 ) ORDER BY sort desc,addtime desc LIMIT 2,21   [ RunTime:0.0001s ]
SQL: SELECT * FROM `xmb_goods` WHERE ( scate=62 and is_del=-1 and is_up=1 ) ORDER BY sort desc,addtime desc LIMIT 2   [ RunTime:0.0001s ]
SQL: SELECT * FROM `xmb_goods` WHERE ( scate=62 and is_del=-1 and is_up=1 ) ORDER BY sort desc,addtime desc LIMIT 2,21   [ RunTime:0.0001s ]
SQL: SELECT * FROM `xmb_goods` WHERE ( scate=66 and is_del=-1 and is_up=1 ) ORDER BY sort desc,addtime desc LIMIT 2   [ RunTime:0.0001s ]
SQL: SELECT * FROM `xmb_goods` WHERE ( scate=66 and is_del=-1 and is_up=1 ) ORDER BY sort desc,addtime desc LIMIT 2,21   [ RunTime:0.0003s ]
SQL: SHOW COLUMNS FROM `xmb_brand` [ RunTime:0.0005s ]
SQL: SELECT * FROM `xmb_brand` ORDER BY sort desc,addtime desc LIMIT 2   [ RunTime:0.0001s ]
SQL: SELECT * FROM `xmb_brand` ORDER BY sort desc,addtime desc LIMIT 2,21   [ RunTime:0.0001s ]
NOTIC: [8] Undefined variable: brand1 /home/wwwroot/default/App/Home/Controller/IndexController.class.php 第 26 行.
SQL: SELECT * FROM `xmb_goods` WHERE ( scate=60 and is_del=-1 and is_up=1 ) ORDER BY sort desc,addtime desc LIMIT 2   [ RunTime:0.0001s ]
SQL: SELECT * FROM `xmb_goods` WHERE ( scate=60 and is_del=-1 and is_up=1 ) ORDER BY sort desc,addtime desc LIMIT 2,21   [ RunTime:0.0001s ]
SQL: SELECT * FROM `xmb_goods` WHERE ( scate=61 and is_del=-1 and is_up=1 ) ORDER BY sort desc,addtime desc LIMIT 2   [ RunTime:0.0001s ]
SQL: SELECT * FROM `xmb_goods` WHERE ( scate=61 and is_del=-1 and is_up=1 ) ORDER BY sort desc,addtime desc LIMIT 2,21   [ RunTime:0.0001s ]
SQL: SELECT * FROM `xmb_goods` WHERE ( scate=68 and is_del=-1 and is_up=1 ) ORDER BY sort desc,addtime desc LIMIT 2   [ RunTime:0.0001s ]
SQL: SELECT * FROM `xmb_goods` WHERE ( scate=68 and is_del=-1 and is_up=1 ) ORDER BY sort desc,addtime desc LIMIT 2,21   [ RunTime:0.0001s ]
SQL: SHOW COLUMNS FROM `xmb_ad` [ RunTime:0.0004s ]
SQL: SELECT * FROM `xmb_ad` ORDER BY savetime desc  [ RunTime:0.0001s ]
INFO: [ view_parse ] --START--
INFO: [ template_filter ] --START--
INFO: Run Behavior\ContentReplaceBehavior [ RunTime:0.000119s ]
INFO: [ template_filter ] --END-- [ RunTime:0.000169s ]
INFO: Run Behavior\ParseTemplateBehavior [ RunTime:0.021571s ]
INFO: [ view_parse ] --END-- [ RunTime:0.021626s ]
INFO: [ view_filter ] --START--
INFO: Run Behavior\WriteHtmlCacheBehavior [ RunTime:0.000253s ]
INFO: [ view_filter ] --END-- [ RunTime:0.000277s ]
INFO: [ app_end ] --START--
INFO: Run Behavior\ShowPageTraceBehavior [ RunTime:0.000455s ]
INFO: [ app_end ] --END-- [ RunTime:0.000489s ]

[ 2019-04-30T09:22:37+08:00 ] 189.110.55.148 /
INFO: [ app_init ] --START--
INFO: Run Behavior\BuildLiteBehavior [ RunTime:0.000013s ]
INFO: [ app_init ] --END-- [ RunTime:0.000279s ]
INFO: [ app_begin ] --START--
INFO: Run Behavior\ReadHtmlCacheBehavior [ RunTime:0.000405s ]
INFO: [ app_begin ] --END-- [ RunTime:0.000439s ]
SQL: SHOW COLUMNS FROM `xmb_config` [ RunTime:0.0007s ]
SQL: SELECT * FROM `xmb_config` WHERE ( id = 1 ) LIMIT 1   [ RunTime:0.0002s ]
SQL: SHOW COLUMNS FROM `xmb_productcate` [ RunTime:0.0004s ]
SQL: SELECT `id`,`title` FROM `xmb_productcate` WHERE ( pid = 0 ) ORDER BY ordernum desc LIMIT 7   [ RunTime:0.0001s ]
SQL: SELECT `id`,`title` FROM `xmb_productcate` WHERE ( pid = 58 ) ORDER BY ordernum desc  [ RunTime:0.0000s ]
SQL: SELECT `id`,`title` FROM `xmb_productcate` WHERE ( pid = 62 ) ORDER BY ordernum desc  [ RunTime:0.0004s ]
SQL: SELECT `id`,`title` FROM `xmb_productcate` WHERE ( pid = 63 ) ORDER BY ordernum desc  [ RunTime:0.0001s ]
SQL: SELECT `id`,`title` FROM `xmb_productcate` WHERE ( pid = 59 ) ORDER BY ordernum desc  [ RunTime:0.0001s ]
SQL: SELECT `id`,`title` FROM `xmb_productcate` WHERE ( pid = 66 ) ORDER BY ordernum desc  [ RunTime:0.0001s ]
SQL: SELECT `id`,`title` FROM `xmb_productcate` WHERE ( pid = 132 ) ORDER BY ordernum desc  [ RunTime:0.0001s ]
SQL: SELECT `id`,`title` FROM `xmb_productcate` WHERE ( pid = 60 ) ORDER BY ordernum desc  [ RunTime:0.0001s ]
SQL: SELECT `id`,`title` FROM `xmb_productcate` WHERE ( pid = 133 ) ORDER BY ordernum desc  [ RunTime:0.0001s ]
SQL: SELECT `id`,`title` FROM `xmb_productcate` WHERE ( pid = 84 ) ORDER BY ordernum desc  [ RunTime:0.0001s ]
SQL: SELECT `id`,`title` FROM `xmb_productcate` WHERE ( pid = 134 ) ORDER BY ordernum desc  [ RunTime:0.0001s ]
SQL: SELECT `id`,`title` FROM `xmb_productcate` WHERE ( pid = 70 ) ORDER BY ordernum desc  [ RunTime:0.0001s ]
SQL: SHOW COLUMNS FROM `xmb_cart` [ RunTime:0.0005s ]
NOTIC: [8] Undefined index: cid /home/wwwroot/default/App/Home/Controller/BaseController.class.php 第 33 行.
SQL: SELECT COUNT(*) AS tp_count FROM xmb_cart c LEFT JOIN xmb_goods g on c.gid=g.id  WHERE ( cid="" AND is_del =-1 AND is_up =1  ) LIMIT 1   [ RunTime:0.0001s ]
SQL: SHOW COLUMNS FROM `xmb_space` [ RunTime:0.0004s ]
SQL: SELECT * FROM `xmb_space` ORDER BY sort desc,addtime desc LIMIT 5   [ RunTime:0.0005s ]
SQL: SELECT * FROM `xmb_productcate` WHERE ( pid = 59 ) LIMIT 4   [ RunTime:0.0001s ]
SQL: SELECT * FROM `xmb_productcate` WHERE ( pid = 68 ) LIMIT 4   [ RunTime:0.0001s ]
SQL: SHOW COLUMNS FROM `xmb_goods` [ RunTime:0.0007s ]
SQL: SELECT * FROM `xmb_goods` WHERE ( scate=63 and is_del=-1 and is_up=1 ) ORDER BY sort desc,addtime desc LIMIT 2   [ RunTime:0.0001s ]
SQL: SELECT * FROM `xmb_goods` WHERE ( scate=63 and is_del=-1 and is_up=1 ) ORDER BY sort desc,addtime desc LIMIT 2,21   [ RunTime:0.0001s ]
SQL: SELECT * FROM `xmb_goods` WHERE ( scate=62 and is_del=-1 and is_up=1 ) ORDER BY sort desc,addtime desc LIMIT 2   [ RunTime:0.0002s ]
SQL: SELECT * FROM `xmb_goods` WHERE ( scate=62 and is_del=-1 and is_up=1 ) ORDER BY sort desc,addtime desc LIMIT 2,21   [ RunTime:0.0002s ]
SQL: SELECT * FROM `xmb_goods` WHERE ( scate=66 and is_del=-1 and is_up=1 ) ORDER BY sort desc,addtime desc LIMIT 2   [ RunTime:0.0001s ]
SQL: SELECT * FROM `xmb_goods` WHERE ( scate=66 and is_del=-1 and is_up=1 ) ORDER BY sort desc,addtime desc LIMIT 2,21   [ RunTime:0.0002s ]
SQL: SHOW COLUMNS FROM `xmb_brand` [ RunTime:0.0005s ]
SQL: SELECT * FROM `xmb_brand` ORDER BY sort desc,addtime desc LIMIT 2   [ RunTime:0.0002s ]
SQL: SELECT * FROM `xmb_brand` ORDER BY sort desc,addtime desc LIMIT 2,21   [ RunTime:0.0001s ]
NOTIC: [8] Undefined variable: brand1 /home/wwwroot/default/App/Home/Controller/IndexController.class.php 第 26 行.
SQL: SELECT * FROM `xmb_goods` WHERE ( scate=60 and is_del=-1 and is_up=1 ) ORDER BY sort desc,addtime desc LIMIT 2   [ RunTime:0.0001s ]
SQL: SELECT * FROM `xmb_goods` WHERE ( scate=60 and is_del=-1 and is_up=1 ) ORDER BY sort desc,addtime desc LIMIT 2,21   [ RunTime:0.0001s ]
SQL: SELECT * FROM `xmb_goods` WHERE ( scate=61 and is_del=-1 and is_up=1 ) ORDER BY sort desc,addtime desc LIMIT 2   [ RunTime:0.0003s ]
SQL: SELECT * FROM `xmb_goods` WHERE ( scate=61 and is_del=-1 and is_up=1 ) ORDER BY sort desc,addtime desc LIMIT 2,21   [ RunTime:0.0001s ]
SQL: SELECT * FROM `xmb_goods` WHERE ( scate=68 and is_del=-1 and is_up=1 ) ORDER BY sort desc,addtime desc LIMIT 2   [ RunTime:0.0001s ]
SQL: SELECT * FROM `xmb_goods` WHERE ( scate=68 and is_del=-1 and is_up=1 ) ORDER BY sort desc,addtime desc LIMIT 2,21   [ RunTime:0.0001s ]
SQL: SHOW COLUMNS FROM `xmb_ad` [ RunTime:0.0004s ]
SQL: SELECT * FROM `xmb_ad` ORDER BY savetime desc  [ RunTime:0.0001s ]
INFO: [ view_parse ] --START--
INFO: [ template_filter ] --START--
INFO: Run Behavior\ContentReplaceBehavior [ RunTime:0.000104s ]
INFO: [ template_filter ] --END-- [ RunTime:0.000150s ]
INFO: Run Behavior\ParseTemplateBehavior [ RunTime:0.019740s ]
INFO: [ view_parse ] --END-- [ RunTime:0.019788s ]
INFO: [ view_filter ] --START--
INFO: Run Behavior\WriteHtmlCacheBehavior [ RunTime:0.000218s ]
INFO: [ view_filter ] --END-- [ RunTime:0.000238s ]
INFO: [ app_end ] --START--
INFO: Run Behavior\ShowPageTraceBehavior [ RunTime:0.000397s ]
INFO: [ app_end ] --END-- [ RunTime:0.000444s ]

[ 2019-04-30T09:36:42+08:00 ] 47.92.141.208 /
INFO: [ app_init ] --START--
INFO: Run Behavior\BuildLiteBehavior [ RunTime:0.000011s ]
INFO: [ app_init ] --END-- [ RunTime:0.000242s ]
INFO: [ app_begin ] --START--
INFO: Run Behavior\ReadHtmlCacheBehavior [ RunTime:0.000321s ]
INFO: [ app_begin ] --END-- [ RunTime:0.000352s ]
SQL: SHOW COLUMNS FROM `xmb_config` [ RunTime:0.0007s ]
SQL: SELECT * FROM `xmb_config` WHERE ( id = 1 ) LIMIT 1   [ RunTime:0.0001s ]
SQL: SHOW COLUMNS FROM `xmb_productcate` [ RunTime:0.0004s ]
SQL: SELECT `id`,`title` FROM `xmb_productcate` WHERE ( pid = 0 ) ORDER BY ordernum desc LIMIT 7   [ RunTime:0.0001s ]
SQL: SELECT `id`,`title` FROM `xmb_productcate` WHERE ( pid = 58 ) ORDER BY ordernum desc  [ RunTime:0.0001s ]
SQL: SELECT `id`,`title` FROM `xmb_productcate` WHERE ( pid = 62 ) ORDER BY ordernum desc  [ RunTime:0.0001s ]
SQL: SELECT `id`,`title` FROM `xmb_productcate` WHERE ( pid = 63 ) ORDER BY ordernum desc  [ RunTime:0.0001s ]
SQL: SELECT `id`,`title` FROM `xmb_productcate` WHERE ( pid = 59 ) ORDER BY ordernum desc  [ RunTime:0.0001s ]
SQL: SELECT `id`,`title` FROM `xmb_productcate` WHERE ( pid = 66 ) ORDER BY ordernum desc  [ RunTime:0.0001s ]
SQL: SELECT `id`,`title` FROM `xmb_productcate` WHERE ( pid = 132 ) ORDER BY ordernum desc  [ RunTime:0.0001s ]
SQL: SELECT `id`,`title` FROM `xmb_productcate` WHERE ( pid = 60 ) ORDER BY ordernum desc  [ RunTime:0.0001s ]
SQL: SELECT `id`,`title` FROM `xmb_productcate` WHERE ( pid = 133 ) ORDER BY ordernum desc  [ RunTime:0.0001s ]
SQL: SELECT `id`,`title` FROM `xmb_productcate` WHERE ( pid = 84 ) ORDER BY ordernum desc  [ RunTime:0.0001s ]
SQL: SELECT `id`,`title` FROM `xmb_productcate` WHERE ( pid = 134 ) ORDER BY ordernum desc  [ RunTime:0.0002s ]
SQL: SELECT `id`,`title` FROM `xmb_productcate` WHERE ( pid = 70 ) ORDER BY ordernum desc  [ RunTime:0.0001s ]
SQL: SHOW COLUMNS FROM `xmb_cart` [ RunTime:0.0005s ]
NOTIC: [8] Undefined index: cid /home/wwwroot/default/App/Home/Controller/BaseController.class.php 第 33 行.
SQL: SELECT COUNT(*) AS tp_count FROM xmb_cart c LEFT JOIN xmb_goods g on c.gid=g.id  WHERE ( cid="" AND is_del =-1 AND is_up =1  ) LIMIT 1   [ RunTime:0.0001s ]
SQL: SHOW COLUMNS FROM `xmb_space` [ RunTime:0.0003s ]
SQL: SELECT * FROM `xmb_space` ORDER BY sort desc,addtime desc LIMIT 5   [ RunTime:0.0001s ]
SQL: SELECT * FROM `xmb_productcate` WHERE ( pid = 59 ) LIMIT 4   [ RunTime:0.0001s ]
SQL: SELECT * FROM `xmb_productcate` WHERE ( pid = 68 ) LIMIT 4   [ RunTime:0.0001s ]
SQL: SHOW COLUMNS FROM `xmb_goods` [ RunTime:0.0004s ]
SQL: SELECT * FROM `xmb_goods` WHERE ( scate=63 and is_del=-1 and is_up=1 ) ORDER BY sort desc,addtime desc LIMIT 2   [ RunTime:0.0001s ]
SQL: SELECT * FROM `xmb_goods` WHERE ( scate=63 and is_del=-1 and is_up=1 ) ORDER BY sort desc,addtime desc LIMIT 2,21   [ RunTime:0.0001s ]
SQL: SELECT * FROM `xmb_goods` WHERE ( scate=62 and is_del=-1 and is_up=1 ) ORDER BY sort desc,addtime desc LIMIT 2   [ RunTime:0.0001s ]
SQL: SELECT * FROM `xmb_goods` WHERE ( scate=62 and is_del=-1 and is_up=1 ) ORDER BY sort desc,addtime desc LIMIT 2,21   [ RunTime:0.0002s ]
SQL: SELECT * FROM `xmb_goods` WHERE ( scate=66 and is_del=-1 and is_up=1 ) ORDER BY sort desc,addtime desc LIMIT 2   [ RunTime:0.0001s ]
SQL: SELECT * FROM `xmb_goods` WHERE ( scate=66 and is_del=-1 and is_up=1 ) ORDER BY sort desc,addtime desc LIMIT 2,21   [ RunTime:0.0002s ]
SQL: SHOW COLUMNS FROM `xmb_brand` [ RunTime:0.0005s ]
SQL: SELECT * FROM `xmb_brand` ORDER BY sort desc,addtime desc LIMIT 2   [ RunTime:0.0001s ]
SQL: SELECT * FROM `xmb_brand` ORDER BY sort desc,addtime desc LIMIT 2,21   [ RunTime:0.0001s ]
NOTIC: [8] Undefined variable: brand1 /home/wwwroot/default/App/Home/Controller/IndexController.class.php 第 26 行.
SQL: SELECT * FROM `xmb_goods` WHERE ( scate=60 and is_del=-1 and is_up=1 ) ORDER BY sort desc,addtime desc LIMIT 2   [ RunTime:0.0001s ]
SQL: SELECT * FROM `xmb_goods` WHERE ( scate=60 and is_del=-1 and is_up=1 ) ORDER BY sort desc,addtime desc LIMIT 2,21   [ RunTime:0.0001s ]
SQL: SELECT * FROM `xmb_goods` WHERE ( scate=61 and is_del=-1 and is_up=1 ) ORDER BY sort desc,addtime desc LIMIT 2   [ RunTime:0.0001s ]
SQL: SELECT * FROM `xmb_goods` WHERE ( scate=61 and is_del=-1 and is_up=1 ) ORDER BY sort desc,addtime desc LIMIT 2,21   [ RunTime:0.0002s ]
SQL: SELECT * FROM `xmb_goods` WHERE ( scate=68 and is_del=-1 and is_up=1 ) ORDER BY sort desc,addtime desc LIMIT 2   [ RunTime:0.0001s ]
SQL: SELECT * FROM `xmb_goods` WHERE ( scate=68 and is_del=-1 and is_up=1 ) ORDER BY sort desc,addtime desc LIMIT 2,21   [ RunTime:0.0002s ]
SQL: SHOW COLUMNS FROM `xmb_ad` [ RunTime:0.0005s ]
SQL: SELECT * FROM `xmb_ad` ORDER BY savetime desc  [ RunTime:0.0001s ]
INFO: [ view_parse ] --START--
INFO: [ template_filter ] --START--
INFO: Run Behavior\ContentReplaceBehavior [ RunTime:0.000101s ]
INFO: [ template_filter ] --END-- [ RunTime:0.000148s ]
INFO: Run Behavior\ParseTemplateBehavior [ RunTime:0.018823s ]
INFO: [ view_parse ] --END-- [ RunTime:0.018868s ]
INFO: [ view_filter ] --START--
INFO: Run Behavior\WriteHtmlCacheBehavior [ RunTime:0.000213s ]
INFO: [ view_filter ] --END-- [ RunTime:0.000234s ]
INFO: [ app_end ] --START--
INFO: Run Behavior\ShowPageTraceBehavior [ RunTime:0.000379s ]
INFO: [ app_end ] --END-- [ RunTime:0.000404s ]

[ 2019-04-30T11:41:59+08:00 ] 125.166.119.244 /
INFO: [ app_init ] --START--
INFO: Run Behavior\BuildLiteBehavior [ RunTime:0.000011s ]
INFO: [ app_init ] --END-- [ RunTime:0.000264s ]
INFO: [ app_begin ] --START--
INFO: Run Behavior\ReadHtmlCacheBehavior [ RunTime:0.000345s ]
INFO: [ app_begin ] --END-- [ RunTime:0.000377s ]
SQL: SHOW COLUMNS FROM `xmb_config` [ RunTime:0.0007s ]
SQL: SELECT * FROM `xmb_config` WHERE ( id = 1 ) LIMIT 1   [ RunTime:0.0001s ]
SQL: SHOW COLUMNS FROM `xmb_productcate` [ RunTime:0.0003s ]
SQL: SELECT `id`,`title` FROM `xmb_productcate` WHERE ( pid = 0 ) ORDER BY ordernum desc LIMIT 7   [ RunTime:0.0001s ]
SQL: SELECT `id`,`title` FROM `xmb_productcate` WHERE ( pid = 58 ) ORDER BY ordernum desc  [ RunTime:0.0000s ]
SQL: SELECT `id`,`title` FROM `xmb_productcate` WHERE ( pid = 62 ) ORDER BY ordernum desc  [ RunTime:0.0000s ]
SQL: SELECT `id`,`title` FROM `xmb_productcate` WHERE ( pid = 63 ) ORDER BY ordernum desc  [ RunTime:0.0001s ]
SQL: SELECT `id`,`title` FROM `xmb_productcate` WHERE ( pid = 59 ) ORDER BY ordernum desc  [ RunTime:0.0001s ]
SQL: SELECT `id`,`title` FROM `xmb_productcate` WHERE ( pid = 66 ) ORDER BY ordernum desc  [ RunTime:0.0000s ]
SQL: SELECT `id`,`title` FROM `xmb_productcate` WHERE ( pid = 132 ) ORDER BY ordernum desc  [ RunTime:0.0001s ]
SQL: SELECT `id`,`title` FROM `xmb_productcate` WHERE ( pid = 60 ) ORDER BY ordernum desc  [ RunTime:0.0000s ]
SQL: SELECT `id`,`title` FROM `xmb_productcate` WHERE ( pid = 133 ) ORDER BY ordernum desc  [ RunTime:0.0000s ]
SQL: SELECT `id`,`title` FROM `xmb_productcate` WHERE ( pid = 84 ) ORDER BY ordernum desc  [ RunTime:0.0000s ]
SQL: SELECT `id`,`title` FROM `xmb_productcate` WHERE ( pid = 134 ) ORDER BY ordernum desc  [ RunTime:0.0000s ]
SQL: SELECT `id`,`title` FROM `xmb_productcate` WHERE ( pid = 70 ) ORDER BY ordernum desc  [ RunTime:0.0000s ]
SQL: SHOW COLUMNS FROM `xmb_cart` [ RunTime:0.0003s ]
NOTIC: [8] Undefined index: cid /home/wwwroot/default/App/Home/Controller/BaseController.class.php 第 33 行.
SQL: SELECT COUNT(*) AS tp_count FROM xmb_cart c LEFT JOIN xmb_goods g on c.gid=g.id  WHERE ( cid="" AND is_del =-1 AND is_up =1  ) LIMIT 1   [ RunTime:0.0001s ]
SQL: SHOW COLUMNS FROM `xmb_space` [ RunTime:0.0004s ]
SQL: SELECT * FROM `xmb_space` ORDER BY sort desc,addtime desc LIMIT 5   [ RunTime:0.0001s ]
SQL: SELECT * FROM `xmb_productcate` WHERE ( pid = 59 ) LIMIT 4   [ RunTime:0.0000s ]
SQL: SELECT * FROM `xmb_productcate` WHERE ( pid = 68 ) LIMIT 4   [ RunTime:0.0000s ]
SQL: SHOW COLUMNS FROM `xmb_goods` [ RunTime:0.0004s ]
SQL: SELECT * FROM `xmb_goods` WHERE ( scate=63 and is_del=-1 and is_up=1 ) ORDER BY sort desc,addtime desc LIMIT 2   [ RunTime:0.0001s ]
SQL: SELECT * FROM `xmb_goods` WHERE ( scate=63 and is_del=-1 and is_up=1 ) ORDER BY sort desc,addtime desc LIMIT 2,21   [ RunTime:0.0001s ]
SQL: SELECT * FROM `xmb_goods` WHERE ( scate=62 and is_del=-1 and is_up=1 ) ORDER BY sort desc,addtime desc LIMIT 2   [ RunTime:0.0001s ]
SQL: SELECT * FROM `xmb_goods` WHERE ( scate=62 and is_del=-1 and is_up=1 ) ORDER BY sort desc,addtime desc LIMIT 2,21   [ RunTime:0.0002s ]
SQL: SELECT * FROM `xmb_goods` WHERE ( scate=66 and is_del=-1 and is_up=1 ) ORDER BY sort desc,addtime desc LIMIT 2   [ RunTime:0.0001s ]
SQL: SELECT * FROM `xmb_goods` WHERE ( scate=66 and is_del=-1 and is_up=1 ) ORDER BY sort desc,addtime desc LIMIT 2,21   [ RunTime:0.0002s ]
SQL: SHOW COLUMNS FROM `xmb_brand` [ RunTime:0.0004s ]
SQL: SELECT * FROM `xmb_brand` ORDER BY sort desc,addtime desc LIMIT 2   [ RunTime:0.0001s ]
SQL: SELECT * FROM `xmb_brand` ORDER BY sort desc,addtime desc LIMIT 2,21   [ RunTime:0.0003s ]
NOTIC: [8] Undefined variable: brand1 /home/wwwroot/default/App/Home/Controller/IndexController.class.php 第 26 行.
SQL: SELECT * FROM `xmb_goods` WHERE ( scate=60 and is_del=-1 and is_up=1 ) ORDER BY sort desc,addtime desc LIMIT 2   [ RunTime:0.0001s ]
SQL: SELECT * FROM `xmb_goods` WHERE ( scate=60 and is_del=-1 and is_up=1 ) ORDER BY sort desc,addtime desc LIMIT 2,21   [ RunTime:0.0001s ]
SQL: SELECT * FROM `xmb_goods` WHERE ( scate=61 and is_del=-1 and is_up=1 ) ORDER BY sort desc,addtime desc LIMIT 2   [ RunTime:0.0001s ]
SQL: SELECT * FROM `xmb_goods` WHERE ( scate=61 and is_del=-1 and is_up=1 ) ORDER BY sort desc,addtime desc LIMIT 2,21   [ RunTime:0.0001s ]
SQL: SELECT * FROM `xmb_goods` WHERE ( scate=68 and is_del=-1 and is_up=1 ) ORDER BY sort desc,addtime desc LIMIT 2   [ RunTime:0.0001s ]
SQL: SELECT * FROM `xmb_goods` WHERE ( scate=68 and is_del=-1 and is_up=1 ) ORDER BY sort desc,addtime desc LIMIT 2,21   [ RunTime:0.0001s ]
SQL: SHOW COLUMNS FROM `xmb_ad` [ RunTime:0.0005s ]
SQL: SELECT * FROM `xmb_ad` ORDER BY savetime desc  [ RunTime:0.0001s ]
INFO: [ view_parse ] --START--
INFO: [ template_filter ] --START--
INFO: Run Behavior\ContentReplaceBehavior [ RunTime:0.000102s ]
INFO: [ template_filter ] --END-- [ RunTime:0.000148s ]
INFO: Run Behavior\ParseTemplateBehavior [ RunTime:0.018839s ]
INFO: [ view_parse ] --END-- [ RunTime:0.018881s ]
INFO: [ view_filter ] --START--
INFO: Run Behavior\WriteHtmlCacheBehavior [ RunTime:0.000187s ]
INFO: [ view_filter ] --END-- [ RunTime:0.000207s ]
INFO: [ app_end ] --START--
INFO: Run Behavior\ShowPageTraceBehavior [ RunTime:0.000382s ]
INFO: [ app_end ] --END-- [ RunTime:0.000409s ]

[ 2019-04-30T12:07:05+08:00 ] 191.8.61.254 /
INFO: [ app_init ] --START--
INFO: Run Behavior\BuildLiteBehavior [ RunTime:0.000011s ]
INFO: [ app_init ] --END-- [ RunTime:0.000252s ]
INFO: [ app_begin ] --START--
INFO: Run Behavior\ReadHtmlCacheBehavior [ RunTime:0.000327s ]
INFO: [ app_begin ] --END-- [ RunTime:0.000354s ]
SQL: SHOW COLUMNS FROM `xmb_config` [ RunTime:0.0005s ]
SQL: SELECT * FROM `xmb_config` WHERE ( id = 1 ) LIMIT 1   [ RunTime:0.0001s ]
SQL: SHOW COLUMNS FROM `xmb_productcate` [ RunTime:0.0003s ]
SQL: SELECT `id`,`title` FROM `xmb_productcate` WHERE ( pid = 0 ) ORDER BY ordernum desc LIMIT 7   [ RunTime:0.0001s ]
SQL: SELECT `id`,`title` FROM `xmb_productcate` WHERE ( pid = 58 ) ORDER BY ordernum desc  [ RunTime:0.0001s ]
SQL: SELECT `id`,`title` FROM `xmb_productcate` WHERE ( pid = 62 ) ORDER BY ordernum desc  [ RunTime:0.0001s ]
SQL: SELECT `id`,`title` FROM `xmb_productcate` WHERE ( pid = 63 ) ORDER BY ordernum desc  [ RunTime:0.0000s ]
SQL: SELECT `id`,`title` FROM `xmb_productcate` WHERE ( pid = 59 ) ORDER BY ordernum desc  [ RunTime:0.0001s ]
SQL: SELECT `id`,`title` FROM `xmb_productcate` WHERE ( pid = 66 ) ORDER BY ordernum desc  [ RunTime:0.0001s ]
SQL: SELECT `id`,`title` FROM `xmb_productcate` WHERE ( pid = 132 ) ORDER BY ordernum desc  [ RunTime:0.0000s ]
SQL: SELECT `id`,`title` FROM `xmb_productcate` WHERE ( pid = 60 ) ORDER BY ordernum desc  [ RunTime:0.0001s ]
SQL: SELECT `id`,`title` FROM `xmb_productcate` WHERE ( pid = 133 ) ORDER BY ordernum desc  [ RunTime:0.0000s ]
SQL: SELECT `id`,`title` FROM `xmb_productcate` WHERE ( pid = 84 ) ORDER BY ordernum desc  [ RunTime:0.0001s ]
SQL: SELECT `id`,`title` FROM `xmb_productcate` WHERE ( pid = 134 ) ORDER BY ordernum desc  [ RunTime:0.0001s ]
SQL: SELECT `id`,`title` FROM `xmb_productcate` WHERE ( pid = 70 ) ORDER BY ordernum desc  [ RunTime:0.0001s ]
SQL: SHOW COLUMNS FROM `xmb_cart` [ RunTime:0.0005s ]
NOTIC: [8] Undefined index: cid /home/wwwroot/default/App/Home/Controller/BaseController.class.php 第 33 行.
SQL: SELECT COUNT(*) AS tp_count FROM xmb_cart c LEFT JOIN xmb_goods g on c.gid=g.id  WHERE ( cid="" AND is_del =-1 AND is_up =1  ) LIMIT 1   [ RunTime:0.0001s ]
SQL: SHOW COLUMNS FROM `xmb_space` [ RunTime:0.0003s ]
SQL: SELECT * FROM `xmb_space` ORDER BY sort desc,addtime desc LIMIT 5   [ RunTime:0.0001s ]
SQL: SELECT * FROM `xmb_productcate` WHERE ( pid = 59 ) LIMIT 4   [ RunTime:0.0001s ]
SQL: SELECT * FROM `xmb_productcate` WHERE ( pid = 68 ) LIMIT 4   [ RunTime:0.0001s ]
SQL: SHOW COLUMNS FROM `xmb_goods` [ RunTime:0.0007s ]
SQL: SELECT * FROM `xmb_goods` WHERE ( scate=63 and is_del=-1 and is_up=1 ) ORDER BY sort desc,addtime desc LIMIT 2   [ RunTime:0.0001s ]
SQL: SELECT * FROM `xmb_goods` WHERE ( scate=63 and is_del=-1 and is_up=1 ) ORDER BY sort desc,addtime desc LIMIT 2,21   [ RunTime:0.0003s ]
SQL: SELECT * FROM `xmb_goods` WHERE ( scate=62 and is_del=-1 and is_up=1 ) ORDER BY sort desc,addtime desc LIMIT 2   [ RunTime:0.0003s ]
SQL: SELECT * FROM `xmb_goods` WHERE ( scate=62 and is_del=-1 and is_up=1 ) ORDER BY sort desc,addtime desc LIMIT 2,21   [ RunTime:0.0002s ]
SQL: SELECT * FROM `xmb_goods` WHERE ( scate=66 and is_del=-1 and is_up=1 ) ORDER BY sort desc,addtime desc LIMIT 2   [ RunTime:0.0001s ]
SQL: SELECT * FROM `xmb_goods` WHERE ( scate=66 and is_del=-1 and is_up=1 ) ORDER BY sort desc,addtime desc LIMIT 2,21   [ RunTime:0.0001s ]
SQL: SHOW COLUMNS FROM `xmb_brand` [ RunTime:0.0004s ]
SQL: SELECT * FROM `xmb_brand` ORDER BY sort desc,addtime desc LIMIT 2   [ RunTime:0.0001s ]
SQL: SELECT * FROM `xmb_brand` ORDER BY sort desc,addtime desc LIMIT 2,21   [ RunTime:0.0001s ]
NOTIC: [8] Undefined variable: brand1 /home/wwwroot/default/App/Home/Controller/IndexController.class.php 第 26 行.
SQL: SELECT * FROM `xmb_goods` WHERE ( scate=60 and is_del=-1 and is_up=1 ) ORDER BY sort desc,addtime desc LIMIT 2   [ RunTime:0.0001s ]
SQL: SELECT * FROM `xmb_goods` WHERE ( scate=60 and is_del=-1 and is_up=1 ) ORDER BY sort desc,addtime desc LIMIT 2,21   [ RunTime:0.0001s ]
SQL: SELECT * FROM `xmb_goods` WHERE ( scate=61 and is_del=-1 and is_up=1 ) ORDER BY sort desc,addtime desc LIMIT 2   [ RunTime:0.0001s ]
SQL: SELECT * FROM `xmb_goods` WHERE ( scate=61 and is_del=-1 and is_up=1 ) ORDER BY sort desc,addtime desc LIMIT 2,21   [ RunTime:0.0001s ]
SQL: SELECT * FROM `xmb_goods` WHERE ( scate=68 and is_del=-1 and is_up=1 ) ORDER BY sort desc,addtime desc LIMIT 2   [ RunTime:0.0001s ]
SQL: SELECT * FROM `xmb_goods` WHERE ( scate=68 and is_del=-1 and is_up=1 ) ORDER BY sort desc,addtime desc LIMIT 2,21   [ RunTime:0.0001s ]
SQL: SHOW COLUMNS FROM `xmb_ad` [ RunTime:0.0003s ]
SQL: SELECT * FROM `xmb_ad` ORDER BY savetime desc  [ RunTime:0.0001s ]
INFO: [ view_parse ] --START--
INFO: [ template_filter ] --START--
INFO: Run Behavior\ContentReplaceBehavior [ RunTime:0.000105s ]
INFO: [ template_filter ] --END-- [ RunTime:0.000149s ]
INFO: Run Behavior\ParseTemplateBehavior [ RunTime:0.018398s ]
INFO: [ view_parse ] --END-- [ RunTime:0.018448s ]
INFO: [ view_filter ] --START--
INFO: Run Behavior\WriteHtmlCacheBehavior [ RunTime:0.000184s ]
INFO: [ view_filter ] --END-- [ RunTime:0.000205s ]
INFO: [ app_end ] --START--
INFO: Run Behavior\ShowPageTraceBehavior [ RunTime:0.000395s ]
INFO: [ app_end ] --END-- [ RunTime:0.000418s ]

[ 2019-04-30T13:21:45+08:00 ] 47.92.132.229 /
INFO: [ app_init ] --START--
INFO: Run Behavior\BuildLiteBehavior [ RunTime:0.000011s ]
INFO: [ app_init ] --END-- [ RunTime:0.000238s ]
INFO: [ app_begin ] --START--
INFO: Run Behavior\ReadHtmlCacheBehavior [ RunTime:0.000322s ]
INFO: [ app_begin ] --END-- [ RunTime:0.000352s ]
SQL: SHOW COLUMNS FROM `xmb_config` [ RunTime:0.0007s ]
SQL: SELECT * FROM `xmb_config` WHERE ( id = 1 ) LIMIT 1   [ RunTime:0.0001s ]
SQL: SHOW COLUMNS FROM `xmb_productcate` [ RunTime:0.0003s ]
SQL: SELECT `id`,`title` FROM `xmb_productcate` WHERE ( pid = 0 ) ORDER BY ordernum desc LIMIT 7   [ RunTime:0.0001s ]
SQL: SELECT `id`,`title` FROM `xmb_productcate` WHERE ( pid = 58 ) ORDER BY ordernum desc  [ RunTime:0.0001s ]
SQL: SELECT `id`,`title` FROM `xmb_productcate` WHERE ( pid = 62 ) ORDER BY ordernum desc  [ RunTime:0.0001s ]
SQL: SELECT `id`,`title` FROM `xmb_productcate` WHERE ( pid = 63 ) ORDER BY ordernum desc  [ RunTime:0.0001s ]
SQL: SELECT `id`,`title` FROM `xmb_productcate` WHERE ( pid = 59 ) ORDER BY ordernum desc  [ RunTime:0.0001s ]
SQL: SELECT `id`,`title` FROM `xmb_productcate` WHERE ( pid = 66 ) ORDER BY ordernum desc  [ RunTime:0.0001s ]
SQL: SELECT `id`,`title` FROM `xmb_productcate` WHERE ( pid = 132 ) ORDER BY ordernum desc  [ RunTime:0.0002s ]
SQL: SELECT `id`,`title` FROM `xmb_productcate` WHERE ( pid = 60 ) ORDER BY ordernum desc  [ RunTime:0.0001s ]
SQL: SELECT `id`,`title` FROM `xmb_productcate` WHERE ( pid = 133 ) ORDER BY ordernum desc  [ RunTime:0.0001s ]
SQL: SELECT `id`,`title` FROM `xmb_productcate` WHERE ( pid = 84 ) ORDER BY ordernum desc  [ RunTime:0.0001s ]
SQL: SELECT `id`,`title` FROM `xmb_productcate` WHERE ( pid = 134 ) ORDER BY ordernum desc  [ RunTime:0.0001s ]
SQL: SELECT `id`,`title` FROM `xmb_productcate` WHERE ( pid = 70 ) ORDER BY ordernum desc  [ RunTime:0.0002s ]
SQL: SHOW COLUMNS FROM `xmb_cart` [ RunTime:0.0004s ]
NOTIC: [8] Undefined index: cid /home/wwwroot/default/App/Home/Controller/BaseController.class.php 第 33 行.
SQL: SELECT COUNT(*) AS tp_count FROM xmb_cart c LEFT JOIN xmb_goods g on c.gid=g.id  WHERE ( cid="" AND is_del =-1 AND is_up =1  ) LIMIT 1   [ RunTime:0.0001s ]
SQL: SHOW COLUMNS FROM `xmb_space` [ RunTime:0.0005s ]
SQL: SELECT * FROM `xmb_space` ORDER BY sort desc,addtime desc LIMIT 5   [ RunTime:0.0001s ]
SQL: SELECT * FROM `xmb_productcate` WHERE ( pid = 59 ) LIMIT 4   [ RunTime:0.0001s ]
SQL: SELECT * FROM `xmb_productcate` WHERE ( pid = 68 ) LIMIT 4   [ RunTime:0.0001s ]
SQL: SHOW COLUMNS FROM `xmb_goods` [ RunTime:0.0006s ]
SQL: SELECT * FROM `xmb_goods` WHERE ( scate=63 and is_del=-1 and is_up=1 ) ORDER BY sort desc,addtime desc LIMIT 2   [ RunTime:0.0001s ]
SQL: SELECT * FROM `xmb_goods` WHERE ( scate=63 and is_del=-1 and is_up=1 ) ORDER BY sort desc,addtime desc LIMIT 2,21   [ RunTime:0.0001s ]
SQL: SELECT * FROM `xmb_goods` WHERE ( scate=62 and is_del=-1 and is_up=1 ) ORDER BY sort desc,addtime desc LIMIT 2   [ RunTime:0.0001s ]
SQL: SELECT * FROM `xmb_goods` WHERE ( scate=62 and is_del=-1 and is_up=1 ) ORDER BY sort desc,addtime desc LIMIT 2,21   [ RunTime:0.0002s ]
SQL: SELECT * FROM `xmb_goods` WHERE ( scate=66 and is_del=-1 and is_up=1 ) ORDER BY sort desc,addtime desc LIMIT 2   [ RunTime:0.0001s ]
SQL: SELECT * FROM `xmb_goods` WHERE ( scate=66 and is_del=-1 and is_up=1 ) ORDER BY sort desc,addtime desc LIMIT 2,21   [ RunTime:0.0002s ]
SQL: SHOW COLUMNS FROM `xmb_brand` [ RunTime:0.0004s ]
SQL: SELECT * FROM `xmb_brand` ORDER BY sort desc,addtime desc LIMIT 2   [ RunTime:0.0002s ]
SQL: SELECT * FROM `xmb_brand` ORDER BY sort desc,addtime desc LIMIT 2,21   [ RunTime:0.0002s ]
NOTIC: [8] Undefined variable: brand1 /home/wwwroot/default/App/Home/Controller/IndexController.class.php 第 26 行.
SQL: SELECT * FROM `xmb_goods` WHERE ( scate=60 and is_del=-1 and is_up=1 ) ORDER BY sort desc,addtime desc LIMIT 2   [ RunTime:0.0001s ]
SQL: SELECT * FROM `xmb_goods` WHERE ( scate=60 and is_del=-1 and is_up=1 ) ORDER BY sort desc,addtime desc LIMIT 2,21   [ RunTime:0.0001s ]
SQL: SELECT * FROM `xmb_goods` WHERE ( scate=61 and is_del=-1 and is_up=1 ) ORDER BY sort desc,addtime desc LIMIT 2   [ RunTime:0.0001s ]
SQL: SELECT * FROM `xmb_goods` WHERE ( scate=61 and is_del=-1 and is_up=1 ) ORDER BY sort desc,addtime desc LIMIT 2,21   [ RunTime:0.0001s ]
SQL: SELECT * FROM `xmb_goods` WHERE ( scate=68 and is_del=-1 and is_up=1 ) ORDER BY sort desc,addtime desc LIMIT 2   [ RunTime:0.0001s ]
SQL: SELECT * FROM `xmb_goods` WHERE ( scate=68 and is_del=-1 and is_up=1 ) ORDER BY sort desc,addtime desc LIMIT 2,21   [ RunTime:0.0001s ]
SQL: SHOW COLUMNS FROM `xmb_ad` [ RunTime:0.0004s ]
SQL: SELECT * FROM `xmb_ad` ORDER BY savetime desc  [ RunTime:0.0001s ]
INFO: [ view_parse ] --START--
INFO: [ template_filter ] --START--
INFO: Run Behavior\ContentReplaceBehavior [ RunTime:0.000103s ]
INFO: [ template_filter ] --END-- [ RunTime:0.000151s ]
INFO: Run Behavior\ParseTemplateBehavior [ RunTime:0.018830s ]
INFO: [ view_parse ] --END-- [ RunTime:0.018876s ]
INFO: [ view_filter ] --START--
INFO: Run Behavior\WriteHtmlCacheBehavior [ RunTime:0.000189s ]
INFO: [ view_filter ] --END-- [ RunTime:0.000208s ]
INFO: [ app_end ] --START--
INFO: Run Behavior\ShowPageTraceBehavior [ RunTime:0.000390s ]
INFO: [ app_end ] --END-- [ RunTime:0.000415s ]

[ 2019-04-30T13:57:05+08:00 ] 60.191.52.254 /
INFO: [ app_init ] --START--
INFO: Run Behavior\BuildLiteBehavior [ RunTime:0.000015s ]
INFO: [ app_init ] --END-- [ RunTime:0.000257s ]
INFO: [ app_begin ] --START--
INFO: Run Behavior\ReadHtmlCacheBehavior [ RunTime:0.000325s ]
INFO: [ app_begin ] --END-- [ RunTime:0.000354s ]
SQL: SHOW COLUMNS FROM `xmb_config` [ RunTime:0.0006s ]
SQL: SELECT * FROM `xmb_config` WHERE ( id = 1 ) LIMIT 1   [ RunTime:0.0002s ]
SQL: SHOW COLUMNS FROM `xmb_productcate` [ RunTime:0.0005s ]
SQL: SELECT `id`,`title` FROM `xmb_productcate` WHERE ( pid = 0 ) ORDER BY ordernum desc LIMIT 7   [ RunTime:0.0001s ]
SQL: SELECT `id`,`title` FROM `xmb_productcate` WHERE ( pid = 58 ) ORDER BY ordernum desc  [ RunTime:0.0001s ]
SQL: SELECT `id`,`title` FROM `xmb_productcate` WHERE ( pid = 62 ) ORDER BY ordernum desc  [ RunTime:0.0002s ]
SQL: SELECT `id`,`title` FROM `xmb_productcate` WHERE ( pid = 63 ) ORDER BY ordernum desc  [ RunTime:0.0001s ]
SQL: SELECT `id`,`title` FROM `xmb_productcate` WHERE ( pid = 59 ) ORDER BY ordernum desc  [ RunTime:0.0001s ]
SQL: SELECT `id`,`title` FROM `xmb_productcate` WHERE ( pid = 66 ) ORDER BY ordernum desc  [ RunTime:0.0002s ]
SQL: SELECT `id`,`title` FROM `xmb_productcate` WHERE ( pid = 132 ) ORDER BY ordernum desc  [ RunTime:0.0001s ]
SQL: SELECT `id`,`title` FROM `xmb_productcate` WHERE ( pid = 60 ) ORDER BY ordernum desc  [ RunTime:0.0001s ]
SQL: SELECT `id`,`title` FROM `xmb_productcate` WHERE ( pid = 133 ) ORDER BY ordernum desc  [ RunTime:0.0001s ]
SQL: SELECT `id`,`title` FROM `xmb_productcate` WHERE ( pid = 84 ) ORDER BY ordernum desc  [ RunTime:0.0001s ]
SQL: SELECT `id`,`title` FROM `xmb_productcate` WHERE ( pid = 134 ) ORDER BY ordernum desc  [ RunTime:0.0001s ]
SQL: SELECT `id`,`title` FROM `xmb_productcate` WHERE ( pid = 70 ) ORDER BY ordernum desc  [ RunTime:0.0001s ]
SQL: SHOW COLUMNS FROM `xmb_cart` [ RunTime:0.0004s ]
NOTIC: [8] Undefined index: cid /home/wwwroot/default/App/Home/Controller/BaseController.class.php 第 33 行.
SQL: SELECT COUNT(*) AS tp_count FROM xmb_cart c LEFT JOIN xmb_goods g on c.gid=g.id  WHERE ( cid="" AND is_del =-1 AND is_up =1  ) LIMIT 1   [ RunTime:0.0001s ]
SQL: SHOW COLUMNS FROM `xmb_space` [ RunTime:0.0004s ]
SQL: SELECT * FROM `xmb_space` ORDER BY sort desc,addtime desc LIMIT 5   [ RunTime:0.0001s ]
SQL: SELECT * FROM `xmb_productcate` WHERE ( pid = 59 ) LIMIT 4   [ RunTime:0.0001s ]
SQL: SELECT * FROM `xmb_productcate` WHERE ( pid = 68 ) LIMIT 4   [ RunTime:0.0000s ]
SQL: SHOW COLUMNS FROM `xmb_goods` [ RunTime:0.0005s ]
SQL: SELECT * FROM `xmb_goods` WHERE ( scate=63 and is_del=-1 and is_up=1 ) ORDER BY sort desc,addtime desc LIMIT 2   [ RunTime:0.0001s ]
SQL: SELECT * FROM `xmb_goods` WHERE ( scate=63 and is_del=-1 and is_up=1 ) ORDER BY sort desc,addtime desc LIMIT 2,21   [ RunTime:0.0002s ]
SQL: SELECT * FROM `xmb_goods` WHERE ( scate=62 and is_del=-1 and is_up=1 ) ORDER BY sort desc,addtime desc LIMIT 2   [ RunTime:0.0001s ]
SQL: SELECT * FROM `xmb_goods` WHERE ( scate=62 and is_del=-1 and is_up=1 ) ORDER BY sort desc,addtime desc LIMIT 2,21   [ RunTime:0.0002s ]
SQL: SELECT * FROM `xmb_goods` WHERE ( scate=66 and is_del=-1 and is_up=1 ) ORDER BY sort desc,addtime desc LIMIT 2   [ RunTime:0.0001s ]
SQL: SELECT * FROM `xmb_goods` WHERE ( scate=66 and is_del=-1 and is_up=1 ) ORDER BY sort desc,addtime desc LIMIT 2,21   [ RunTime:0.0001s ]
SQL: SHOW COLUMNS FROM `xmb_brand` [ RunTime:0.0005s ]
SQL: SELECT * FROM `xmb_brand` ORDER BY sort desc,addtime desc LIMIT 2   [ RunTime:0.0001s ]
SQL: SELECT * FROM `xmb_brand` ORDER BY sort desc,addtime desc LIMIT 2,21   [ RunTime:0.0001s ]
NOTIC: [8] Undefined variable: brand1 /home/wwwroot/default/App/Home/Controller/IndexController.class.php 第 26 行.
SQL: SELECT * FROM `xmb_goods` WHERE ( scate=60 and is_del=-1 and is_up=1 ) ORDER BY sort desc,addtime desc LIMIT 2   [ RunTime:0.0001s ]
SQL: SELECT * FROM `xmb_goods` WHERE ( scate=60 and is_del=-1 and is_up=1 ) ORDER BY sort desc,addtime desc LIMIT 2,21   [ RunTime:0.0001s ]
SQL: SELECT * FROM `xmb_goods` WHERE ( scate=61 and is_del=-1 and is_up=1 ) ORDER BY sort desc,addtime desc LIMIT 2   [ RunTime:0.0001s ]
SQL: SELECT * FROM `xmb_goods` WHERE ( scate=61 and is_del=-1 and is_up=1 ) ORDER BY sort desc,addtime desc LIMIT 2,21   [ RunTime:0.0001s ]
SQL: SELECT * FROM `xmb_goods` WHERE ( scate=68 and is_del=-1 and is_up=1 ) ORDER BY sort desc,addtime desc LIMIT 2   [ RunTime:0.0001s ]
SQL: SELECT * FROM `xmb_goods` WHERE ( scate=68 and is_del=-1 and is_up=1 ) ORDER BY sort desc,addtime desc LIMIT 2,21   [ RunTime:0.0001s ]
SQL: SHOW COLUMNS FROM `xmb_ad` [ RunTime:0.0004s ]
SQL: SELECT * FROM `xmb_ad` ORDER BY savetime desc  [ RunTime:0.0001s ]
INFO: [ view_parse ] --START--
INFO: [ template_filter ] --START--
INFO: Run Behavior\ContentReplaceBehavior [ RunTime:0.000106s ]
INFO: [ template_filter ] --END-- [ RunTime:0.000153s ]
INFO: Run Behavior\ParseTemplateBehavior [ RunTime:0.019082s ]
INFO: [ view_parse ] --END-- [ RunTime:0.019129s ]
INFO: [ view_filter ] --START--
INFO: Run Behavior\WriteHtmlCacheBehavior [ RunTime:0.000212s ]
INFO: [ view_filter ] --END-- [ RunTime:0.000234s ]
INFO: 
INFO: 
INFO: 

[ 2019-04-30T14:46:14+08:00 ] 172.104.108.109 /
INFO: [ app_init ] --START--
INFO: Run Behavior\BuildLiteBehavior [ RunTime:0.000012s ]
INFO: [ app_init ] --END-- [ RunTime:0.000305s ]
INFO: [ app_begin ] --START--
INFO: Run Behavior\ReadHtmlCacheBehavior [ RunTime:0.000336s ]
INFO: [ app_begin ] --END-- [ RunTime:0.000382s ]
SQL: SHOW COLUMNS FROM `xmb_config` [ RunTime:0.0005s ]
SQL: SELECT * FROM `xmb_config` WHERE ( id = 1 ) LIMIT 1   [ RunTime:0.0001s ]
SQL: SHOW COLUMNS FROM `xmb_productcate` [ RunTime:0.0003s ]
SQL: SELECT `id`,`title` FROM `xmb_productcate` WHERE ( pid = 0 ) ORDER BY ordernum desc LIMIT 7   [ RunTime:0.0001s ]
SQL: SELECT `id`,`title` FROM `xmb_productcate` WHERE ( pid = 58 ) ORDER BY ordernum desc  [ RunTime:0.0000s ]
SQL: SELECT `id`,`title` FROM `xmb_productcate` WHERE ( pid = 62 ) ORDER BY ordernum desc  [ RunTime:0.0000s ]
SQL: SELECT `id`,`title` FROM `xmb_productcate` WHERE ( pid = 63 ) ORDER BY ordernum desc  [ RunTime:0.0000s ]
SQL: SELECT `id`,`title` FROM `xmb_productcate` WHERE ( pid = 59 ) ORDER BY ordernum desc  [ RunTime:0.0000s ]
SQL: SELECT `id`,`title` FROM `xmb_productcate` WHERE ( pid = 66 ) ORDER BY ordernum desc  [ RunTime:0.0000s ]
SQL: SELECT `id`,`title` FROM `xmb_productcate` WHERE ( pid = 132 ) ORDER BY ordernum desc  [ RunTime:0.0000s ]
SQL: SELECT `id`,`title` FROM `xmb_productcate` WHERE ( pid = 60 ) ORDER BY ordernum desc  [ RunTime:0.0000s ]
SQL: SELECT `id`,`title` FROM `xmb_productcate` WHERE ( pid = 133 ) ORDER BY ordernum desc  [ RunTime:0.0000s ]
SQL: SELECT `id`,`title` FROM `xmb_productcate` WHERE ( pid = 84 ) ORDER BY ordernum desc  [ RunTime:0.0001s ]
SQL: SELECT `id`,`title` FROM `xmb_productcate` WHERE ( pid = 134 ) ORDER BY ordernum desc  [ RunTime:0.0000s ]
SQL: SELECT `id`,`title` FROM `xmb_productcate` WHERE ( pid = 70 ) ORDER BY ordernum desc  [ RunTime:0.0000s ]
SQL: SHOW COLUMNS FROM `xmb_cart` [ RunTime:0.0003s ]
NOTIC: [8] Undefined index: cid /home/wwwroot/default/App/Home/Controller/BaseController.class.php 第 33 行.
SQL: SELECT COUNT(*) AS tp_count FROM xmb_cart c LEFT JOIN xmb_goods g on c.gid=g.id  WHERE ( cid="" AND is_del =-1 AND is_up =1  ) LIMIT 1   [ RunTime:0.0001s ]
SQL: SHOW COLUMNS FROM `xmb_space` [ RunTime:0.0003s ]
SQL: SELECT * FROM `xmb_space` ORDER BY sort desc,addtime desc LIMIT 5   [ RunTime:0.0002s ]
SQL: SELECT * FROM `xmb_productcate` WHERE ( pid = 59 ) LIMIT 4   [ RunTime:0.0001s ]
SQL: SELECT * FROM `xmb_productcate` WHERE ( pid = 68 ) LIMIT 4   [ RunTime:0.0001s ]
SQL: SHOW COLUMNS FROM `xmb_goods` [ RunTime:0.0007s ]
SQL: SELECT * FROM `xmb_goods` WHERE ( scate=63 and is_del=-1 and is_up=1 ) ORDER BY sort desc,addtime desc LIMIT 2   [ RunTime:0.0001s ]
SQL: SELECT * FROM `xmb_goods` WHERE ( scate=63 and is_del=-1 and is_up=1 ) ORDER BY sort desc,addtime desc LIMIT 2,21   [ RunTime:0.0001s ]
SQL: SELECT * FROM `xmb_goods` WHERE ( scate=62 and is_del=-1 and is_up=1 ) ORDER BY sort desc,addtime desc LIMIT 2   [ RunTime:0.0001s ]
SQL: SELECT * FROM `xmb_goods` WHERE ( scate=62 and is_del=-1 and is_up=1 ) ORDER BY sort desc,addtime desc LIMIT 2,21   [ RunTime:0.0001s ]
SQL: SELECT * FROM `xmb_goods` WHERE ( scate=66 and is_del=-1 and is_up=1 ) ORDER BY sort desc,addtime desc LIMIT 2   [ RunTime:0.0001s ]
SQL: SELECT * FROM `xmb_goods` WHERE ( scate=66 and is_del=-1 and is_up=1 ) ORDER BY sort desc,addtime desc LIMIT 2,21   [ RunTime:0.0001s ]
SQL: SHOW COLUMNS FROM `xmb_brand` [ RunTime:0.0004s ]
SQL: SELECT * FROM `xmb_brand` ORDER BY sort desc,addtime desc LIMIT 2   [ RunTime:0.0001s ]
SQL: SELECT * FROM `xmb_brand` ORDER BY sort desc,addtime desc LIMIT 2,21   [ RunTime:0.0002s ]
NOTIC: [8] Undefined variable: brand1 /home/wwwroot/default/App/Home/Controller/IndexController.class.php 第 26 行.
SQL: SELECT * FROM `xmb_goods` WHERE ( scate=60 and is_del=-1 and is_up=1 ) ORDER BY sort desc,addtime desc LIMIT 2   [ RunTime:0.0001s ]
SQL: SELECT * FROM `xmb_goods` WHERE ( scate=60 and is_del=-1 and is_up=1 ) ORDER BY sort desc,addtime desc LIMIT 2,21   [ RunTime:0.0001s ]
SQL: SELECT * FROM `xmb_goods` WHERE ( scate=61 and is_del=-1 and is_up=1 ) ORDER BY sort desc,addtime desc LIMIT 2   [ RunTime:0.0001s ]
SQL: SELECT * FROM `xmb_goods` WHERE ( scate=61 and is_del=-1 and is_up=1 ) ORDER BY sort desc,addtime desc LIMIT 2,21   [ RunTime:0.0001s ]
SQL: SELECT * FROM `xmb_goods` WHERE ( scate=68 and is_del=-1 and is_up=1 ) ORDER BY sort desc,addtime desc LIMIT 2   [ RunTime:0.0001s ]
SQL: SELECT * FROM `xmb_goods` WHERE ( scate=68 and is_del=-1 and is_up=1 ) ORDER BY sort desc,addtime desc LIMIT 2,21   [ RunTime:0.0001s ]
SQL: SHOW COLUMNS FROM `xmb_ad` [ RunTime:0.0004s ]
SQL: SELECT * FROM `xmb_ad` ORDER BY savetime desc  [ RunTime:0.0001s ]
INFO: [ view_parse ] --START--
INFO: [ template_filter ] --START--
INFO: Run Behavior\ContentReplaceBehavior [ RunTime:0.000118s ]
INFO: [ template_filter ] --END-- [ RunTime:0.000175s ]
INFO: Run Behavior\ParseTemplateBehavior [ RunTime:0.018406s ]
INFO: [ view_parse ] --END-- [ RunTime:0.018464s ]
INFO: [ view_filter ] --START--
INFO: Run Behavior\WriteHtmlCacheBehavior [ RunTime:0.000205s ]
INFO: [ view_filter ] --END-- [ RunTime:0.000225s ]
INFO: [ app_end ] --START--
INFO: Run Behavior\ShowPageTraceBehavior [ RunTime:0.000372s ]
INFO: [ app_end ] --END-- [ RunTime:0.000395s ]

[ 2019-04-30T15:39:51+08:00 ] 31.217.213.35 /
INFO: [ app_init ] --START--
INFO: Run Behavior\BuildLiteBehavior [ RunTime:0.000010s ]
INFO: [ app_init ] --END-- [ RunTime:0.000249s ]
INFO: [ app_begin ] --START--
INFO: Run Behavior\ReadHtmlCacheBehavior [ RunTime:0.000324s ]
INFO: [ app_begin ] --END-- [ RunTime:0.000355s ]
SQL: SHOW COLUMNS FROM `xmb_config` [ RunTime:0.0006s ]
SQL: SELECT * FROM `xmb_config` WHERE ( id = 1 ) LIMIT 1   [ RunTime:0.0001s ]
SQL: SHOW COLUMNS FROM `xmb_productcate` [ RunTime:0.0004s ]
SQL: SELECT `id`,`title` FROM `xmb_productcate` WHERE ( pid = 0 ) ORDER BY ordernum desc LIMIT 7   [ RunTime:0.0001s ]
SQL: SELECT `id`,`title` FROM `xmb_productcate` WHERE ( pid = 58 ) ORDER BY ordernum desc  [ RunTime:0.0001s ]
SQL: SELECT `id`,`title` FROM `xmb_productcate` WHERE ( pid = 62 ) ORDER BY ordernum desc  [ RunTime:0.0001s ]
SQL: SELECT `id`,`title` FROM `xmb_productcate` WHERE ( pid = 63 ) ORDER BY ordernum desc  [ RunTime:0.0001s ]
SQL: SELECT `id`,`title` FROM `xmb_productcate` WHERE ( pid = 59 ) ORDER BY ordernum desc  [ RunTime:0.0001s ]
SQL: SELECT `id`,`title` FROM `xmb_productcate` WHERE ( pid = 66 ) ORDER BY ordernum desc  [ RunTime:0.0001s ]
SQL: SELECT `id`,`title` FROM `xmb_productcate` WHERE ( pid = 132 ) ORDER BY ordernum desc  [ RunTime:0.0001s ]
SQL: SELECT `id`,`title` FROM `xmb_productcate` WHERE ( pid = 60 ) ORDER BY ordernum desc  [ RunTime:0.0001s ]
SQL: SELECT `id`,`title` FROM `xmb_productcate` WHERE ( pid = 133 ) ORDER BY ordernum desc  [ RunTime:0.0001s ]
SQL: SELECT `id`,`title` FROM `xmb_productcate` WHERE ( pid = 84 ) ORDER BY ordernum desc  [ RunTime:0.0000s ]
SQL: SELECT `id`,`title` FROM `xmb_productcate` WHERE ( pid = 134 ) ORDER BY ordernum desc  [ RunTime:0.0000s ]
SQL: SELECT `id`,`title` FROM `xmb_productcate` WHERE ( pid = 70 ) ORDER BY ordernum desc  [ RunTime:0.0000s ]
SQL: SHOW COLUMNS FROM `xmb_cart` [ RunTime:0.0005s ]
NOTIC: [8] Undefined index: cid /home/wwwroot/default/App/Home/Controller/BaseController.class.php 第 33 行.
SQL: SELECT COUNT(*) AS tp_count FROM xmb_cart c LEFT JOIN xmb_goods g on c.gid=g.id  WHERE ( cid="" AND is_del =-1 AND is_up =1  ) LIMIT 1   [ RunTime:0.0001s ]
SQL: SHOW COLUMNS FROM `xmb_space` [ RunTime:0.0003s ]
SQL: SELECT * FROM `xmb_space` ORDER BY sort desc,addtime desc LIMIT 5   [ RunTime:0.0001s ]
SQL: SELECT * FROM `xmb_productcate` WHERE ( pid = 59 ) LIMIT 4   [ RunTime:0.0001s ]
SQL: SELECT * FROM `xmb_productcate` WHERE ( pid = 68 ) LIMIT 4   [ RunTime:0.0001s ]
SQL: SHOW COLUMNS FROM `xmb_goods` [ RunTime:0.0006s ]
SQL: SELECT * FROM `xmb_goods` WHERE ( scate=63 and is_del=-1 and is_up=1 ) ORDER BY sort desc,addtime desc LIMIT 2   [ RunTime:0.0002s ]
SQL: SELECT * FROM `xmb_goods` WHERE ( scate=63 and is_del=-1 and is_up=1 ) ORDER BY sort desc,addtime desc LIMIT 2,21   [ RunTime:0.0002s ]
SQL: SELECT * FROM `xmb_goods` WHERE ( scate=62 and is_del=-1 and is_up=1 ) ORDER BY sort desc,addtime desc LIMIT 2   [ RunTime:0.0001s ]
SQL: SELECT * FROM `xmb_goods` WHERE ( scate=62 and is_del=-1 and is_up=1 ) ORDER BY sort desc,addtime desc LIMIT 2,21   [ RunTime:0.0001s ]
SQL: SELECT * FROM `xmb_goods` WHERE ( scate=66 and is_del=-1 and is_up=1 ) ORDER BY sort desc,addtime desc LIMIT 2   [ RunTime:0.0001s ]
SQL: SELECT * FROM `xmb_goods` WHERE ( scate=66 and is_del=-1 and is_up=1 ) ORDER BY sort desc,addtime desc LIMIT 2,21   [ RunTime:0.0001s ]
SQL: SHOW COLUMNS FROM `xmb_brand` [ RunTime:0.0004s ]
SQL: SELECT * FROM `xmb_brand` ORDER BY sort desc,addtime desc LIMIT 2   [ RunTime:0.0001s ]
SQL: SELECT * FROM `xmb_brand` ORDER BY sort desc,addtime desc LIMIT 2,21   [ RunTime:0.0001s ]
NOTIC: [8] Undefined variable: brand1 /home/wwwroot/default/App/Home/Controller/IndexController.class.php 第 26 行.
SQL: SELECT * FROM `xmb_goods` WHERE ( scate=60 and is_del=-1 and is_up=1 ) ORDER BY sort desc,addtime desc LIMIT 2   [ RunTime:0.0001s ]
SQL: SELECT * FROM `xmb_goods` WHERE ( scate=60 and is_del=-1 and is_up=1 ) ORDER BY sort desc,addtime desc LIMIT 2,21   [ RunTime:0.0001s ]
SQL: SELECT * FROM `xmb_goods` WHERE ( scate=61 and is_del=-1 and is_up=1 ) ORDER BY sort desc,addtime desc LIMIT 2   [ RunTime:0.0001s ]
SQL: SELECT * FROM `xmb_goods` WHERE ( scate=61 and is_del=-1 and is_up=1 ) ORDER BY sort desc,addtime desc LIMIT 2,21   [ RunTime:0.0001s ]
SQL: SELECT * FROM `xmb_goods` WHERE ( scate=68 and is_del=-1 and is_up=1 ) ORDER BY sort desc,addtime desc LIMIT 2   [ RunTime:0.0001s ]
SQL: SELECT * FROM `xmb_goods` WHERE ( scate=68 and is_del=-1 and is_up=1 ) ORDER BY sort desc,addtime desc LIMIT 2,21   [ RunTime:0.0001s ]
SQL: SHOW COLUMNS FROM `xmb_ad` [ RunTime:0.0004s ]
SQL: SELECT * FROM `xmb_ad` ORDER BY savetime desc  [ RunTime:0.0001s ]
INFO: [ view_parse ] --START--
INFO: [ template_filter ] --START--
INFO: Run Behavior\ContentReplaceBehavior [ RunTime:0.000134s ]
INFO: [ template_filter ] --END-- [ RunTime:0.000187s ]
INFO: Run Behavior\ParseTemplateBehavior [ RunTime:0.019539s ]
INFO: [ view_parse ] --END-- [ RunTime:0.019582s ]
INFO: [ view_filter ] --START--
INFO: Run Behavior\WriteHtmlCacheBehavior [ RunTime:0.000221s ]
INFO: [ view_filter ] --END-- [ RunTime:0.000241s ]
INFO: [ app_end ] --START--
INFO: Run Behavior\ShowPageTraceBehavior [ RunTime:0.000396s ]
INFO: [ app_end ] --END-- [ RunTime:0.000428s ]

[ 2019-04-30T16:05:18+08:00 ] 107.170.202.182 /
INFO: [ app_init ] --START--
INFO: Run Behavior\BuildLiteBehavior [ RunTime:0.000020s ]
INFO: [ app_init ] --END-- [ RunTime:0.001081s ]
INFO: [ app_begin ] --START--
INFO: Run Behavior\ReadHtmlCacheBehavior [ RunTime:0.001334s ]
INFO: [ app_begin ] --END-- [ RunTime:0.001416s ]
SQL: SHOW COLUMNS FROM `xmb_config` [ RunTime:0.0272s ]
SQL: SELECT * FROM `xmb_config` WHERE ( id = 1 ) LIMIT 1   [ RunTime:0.0011s ]
SQL: SHOW COLUMNS FROM `xmb_productcate` [ RunTime:0.0035s ]
SQL: SELECT `id`,`title` FROM `xmb_productcate` WHERE ( pid = 0 ) ORDER BY ordernum desc LIMIT 7   [ RunTime:0.0003s ]
SQL: SELECT `id`,`title` FROM `xmb_productcate` WHERE ( pid = 58 ) ORDER BY ordernum desc  [ RunTime:0.0002s ]
SQL: SELECT `id`,`title` FROM `xmb_productcate` WHERE ( pid = 62 ) ORDER BY ordernum desc  [ RunTime:0.0001s ]
SQL: SELECT `id`,`title` FROM `xmb_productcate` WHERE ( pid = 63 ) ORDER BY ordernum desc  [ RunTime:0.0001s ]
SQL: SELECT `id`,`title` FROM `xmb_productcate` WHERE ( pid = 59 ) ORDER BY ordernum desc  [ RunTime:0.0001s ]
SQL: SELECT `id`,`title` FROM `xmb_productcate` WHERE ( pid = 66 ) ORDER BY ordernum desc  [ RunTime:0.0001s ]
SQL: SELECT `id`,`title` FROM `xmb_productcate` WHERE ( pid = 132 ) ORDER BY ordernum desc  [ RunTime:0.0002s ]
SQL: SELECT `id`,`title` FROM `xmb_productcate` WHERE ( pid = 60 ) ORDER BY ordernum desc  [ RunTime:0.0001s ]
SQL: SELECT `id`,`title` FROM `xmb_productcate` WHERE ( pid = 133 ) ORDER BY ordernum desc  [ RunTime:0.0001s ]
SQL: SELECT `id`,`title` FROM `xmb_productcate` WHERE ( pid = 84 ) ORDER BY ordernum desc  [ RunTime:0.0001s ]
SQL: SELECT `id`,`title` FROM `xmb_productcate` WHERE ( pid = 134 ) ORDER BY ordernum desc  [ RunTime:0.0001s ]
SQL: SELECT `id`,`title` FROM `xmb_productcate` WHERE ( pid = 70 ) ORDER BY ordernum desc  [ RunTime:0.0002s ]
SQL: SHOW COLUMNS FROM `xmb_cart` [ RunTime:0.0077s ]
NOTIC: [8] Undefined index: cid /home/wwwroot/default/App/Home/Controller/BaseController.class.php 第 33 行.
SQL: SELECT COUNT(*) AS tp_count FROM xmb_cart c LEFT JOIN xmb_goods g on c.gid=g.id  WHERE ( cid="" AND is_del =-1 AND is_up =1  ) LIMIT 1   [ RunTime:0.2015s ]
SQL: SHOW COLUMNS FROM `xmb_space` [ RunTime:0.0029s ]
SQL: SELECT * FROM `xmb_space` ORDER BY sort desc,addtime desc LIMIT 5   [ RunTime:0.0014s ]
SQL: SELECT * FROM `xmb_productcate` WHERE ( pid = 59 ) LIMIT 4   [ RunTime:0.0002s ]
SQL: SELECT * FROM `xmb_productcate` WHERE ( pid = 68 ) LIMIT 4   [ RunTime:0.0001s ]
SQL: SHOW COLUMNS FROM `xmb_goods` [ RunTime:0.0006s ]
SQL: SELECT * FROM `xmb_goods` WHERE ( scate=63 and is_del=-1 and is_up=1 ) ORDER BY sort desc,addtime desc LIMIT 2   [ RunTime:0.0074s ]
SQL: SELECT * FROM `xmb_goods` WHERE ( scate=63 and is_del=-1 and is_up=1 ) ORDER BY sort desc,addtime desc LIMIT 2,21   [ RunTime:0.0005s ]
SQL: SELECT * FROM `xmb_goods` WHERE ( scate=62 and is_del=-1 and is_up=1 ) ORDER BY sort desc,addtime desc LIMIT 2   [ RunTime:0.0003s ]
SQL: SELECT * FROM `xmb_goods` WHERE ( scate=62 and is_del=-1 and is_up=1 ) ORDER BY sort desc,addtime desc LIMIT 2,21   [ RunTime:0.0004s ]
SQL: SELECT * FROM `xmb_goods` WHERE ( scate=66 and is_del=-1 and is_up=1 ) ORDER BY sort desc,addtime desc LIMIT 2   [ RunTime:0.0003s ]
SQL: SELECT * FROM `xmb_goods` WHERE ( scate=66 and is_del=-1 and is_up=1 ) ORDER BY sort desc,addtime desc LIMIT 2,21   [ RunTime:0.0005s ]
SQL: SHOW COLUMNS FROM `xmb_brand` [ RunTime:0.0219s ]
SQL: SELECT * FROM `xmb_brand` ORDER BY sort desc,addtime desc LIMIT 2   [ RunTime:0.0019s ]
SQL: SELECT * FROM `xmb_brand` ORDER BY sort desc,addtime desc LIMIT 2,21   [ RunTime:0.0002s ]
NOTIC: [8] Undefined variable: brand1 /home/wwwroot/default/App/Home/Controller/IndexController.class.php 第 26 行.
SQL: SELECT * FROM `xmb_goods` WHERE ( scate=60 and is_del=-1 and is_up=1 ) ORDER BY sort desc,addtime desc LIMIT 2   [ RunTime:0.0005s ]
SQL: SELECT * FROM `xmb_goods` WHERE ( scate=60 and is_del=-1 and is_up=1 ) ORDER BY sort desc,addtime desc LIMIT 2,21   [ RunTime:0.0003s ]
SQL: SELECT * FROM `xmb_goods` WHERE ( scate=61 and is_del=-1 and is_up=1 ) ORDER BY sort desc,addtime desc LIMIT 2   [ RunTime:0.0003s ]
SQL: SELECT * FROM `xmb_goods` WHERE ( scate=61 and is_del=-1 and is_up=1 ) ORDER BY sort desc,addtime desc LIMIT 2,21   [ RunTime:0.0003s ]
SQL: SELECT * FROM `xmb_goods` WHERE ( scate=68 and is_del=-1 and is_up=1 ) ORDER BY sort desc,addtime desc LIMIT 2   [ RunTime:0.0003s ]
SQL: SELECT * FROM `xmb_goods` WHERE ( scate=68 and is_del=-1 and is_up=1 ) ORDER BY sort desc,addtime desc LIMIT 2,21   [ RunTime:0.0003s ]
SQL: SHOW COLUMNS FROM `xmb_ad` [ RunTime:0.0063s ]
SQL: SELECT * FROM `xmb_ad` ORDER BY savetime desc  [ RunTime:0.0010s ]
INFO: [ view_parse ] --START--
INFO: [ template_filter ] --START--
INFO: Run Behavior\ContentReplaceBehavior [ RunTime:0.001181s ]
INFO: [ template_filter ] --END-- [ RunTime:0.001251s ]
INFO: Run Behavior\ParseTemplateBehavior [ RunTime:0.110386s ]
INFO: [ view_parse ] --END-- [ RunTime:0.110440s ]
INFO: [ view_filter ] --START--
INFO: Run Behavior\WriteHtmlCacheBehavior [ RunTime:0.001265s ]
INFO: [ view_filter ] --END-- [ RunTime:0.001328s ]
INFO: [ app_end ] --START--
INFO: Run Behavior\ShowPageTraceBehavior [ RunTime:0.001360s ]
INFO: [ app_end ] --END-- [ RunTime:0.001411s ]

[ 2019-04-30T16:22:38+08:00 ] 157.97.90.152 /
INFO: [ app_init ] --START--
INFO: Run Behavior\BuildLiteBehavior [ RunTime:0.000014s ]
INFO: [ app_init ] --END-- [ RunTime:0.000364s ]
INFO: [ app_begin ] --START--
INFO: Run Behavior\ReadHtmlCacheBehavior [ RunTime:0.000461s ]
INFO: [ app_begin ] --END-- [ RunTime:0.000503s ]
SQL: SHOW COLUMNS FROM `xmb_config` [ RunTime:0.0007s ]
SQL: SELECT * FROM `xmb_config` WHERE ( id = 1 ) LIMIT 1   [ RunTime:0.0001s ]
SQL: SHOW COLUMNS FROM `xmb_productcate` [ RunTime:0.0004s ]
SQL: SELECT `id`,`title` FROM `xmb_productcate` WHERE ( pid = 0 ) ORDER BY ordernum desc LIMIT 7   [ RunTime:0.0001s ]
SQL: SELECT `id`,`title` FROM `xmb_productcate` WHERE ( pid = 58 ) ORDER BY ordernum desc  [ RunTime:0.0001s ]
SQL: SELECT `id`,`title` FROM `xmb_productcate` WHERE ( pid = 62 ) ORDER BY ordernum desc  [ RunTime:0.0001s ]
SQL: SELECT `id`,`title` FROM `xmb_productcate` WHERE ( pid = 63 ) ORDER BY ordernum desc  [ RunTime:0.0001s ]
SQL: SELECT `id`,`title` FROM `xmb_productcate` WHERE ( pid = 59 ) ORDER BY ordernum desc  [ RunTime:0.0001s ]
SQL: SELECT `id`,`title` FROM `xmb_productcate` WHERE ( pid = 66 ) ORDER BY ordernum desc  [ RunTime:0.0001s ]
SQL: SELECT `id`,`title` FROM `xmb_productcate` WHERE ( pid = 132 ) ORDER BY ordernum desc  [ RunTime:0.0001s ]
SQL: SELECT `id`,`title` FROM `xmb_productcate` WHERE ( pid = 60 ) ORDER BY ordernum desc  [ RunTime:0.0001s ]
SQL: SELECT `id`,`title` FROM `xmb_productcate` WHERE ( pid = 133 ) ORDER BY ordernum desc  [ RunTime:0.0001s ]
SQL: SELECT `id`,`title` FROM `xmb_productcate` WHERE ( pid = 84 ) ORDER BY ordernum desc  [ RunTime:0.0001s ]
SQL: SELECT `id`,`title` FROM `xmb_productcate` WHERE ( pid = 134 ) ORDER BY ordernum desc  [ RunTime:0.0001s ]
SQL: SELECT `id`,`title` FROM `xmb_productcate` WHERE ( pid = 70 ) ORDER BY ordernum desc  [ RunTime:0.0001s ]
SQL: SHOW COLUMNS FROM `xmb_cart` [ RunTime:0.0004s ]
NOTIC: [8] Undefined index: cid /home/wwwroot/default/App/Home/Controller/BaseController.class.php 第 33 行.
SQL: SELECT COUNT(*) AS tp_count FROM xmb_cart c LEFT JOIN xmb_goods g on c.gid=g.id  WHERE ( cid="" AND is_del =-1 AND is_up =1  ) LIMIT 1   [ RunTime:0.0001s ]
SQL: SHOW COLUMNS FROM `xmb_space` [ RunTime:0.0004s ]
SQL: SELECT * FROM `xmb_space` ORDER BY sort desc,addtime desc LIMIT 5   [ RunTime:0.0002s ]
SQL: SELECT * FROM `xmb_productcate` WHERE ( pid = 59 ) LIMIT 4   [ RunTime:0.0001s ]
SQL: SELECT * FROM `xmb_productcate` WHERE ( pid = 68 ) LIMIT 4   [ RunTime:0.0001s ]
SQL: SHOW COLUMNS FROM `xmb_goods` [ RunTime:0.0006s ]
SQL: SELECT * FROM `xmb_goods` WHERE ( scate=63 and is_del=-1 and is_up=1 ) ORDER BY sort desc,addtime desc LIMIT 2   [ RunTime:0.0001s ]
SQL: SELECT * FROM `xmb_goods` WHERE ( scate=63 and is_del=-1 and is_up=1 ) ORDER BY sort desc,addtime desc LIMIT 2,21   [ RunTime:0.0001s ]
SQL: SELECT * FROM `xmb_goods` WHERE ( scate=62 and is_del=-1 and is_up=1 ) ORDER BY sort desc,addtime desc LIMIT 2   [ RunTime:0.0002s ]
SQL: SELECT * FROM `xmb_goods` WHERE ( scate=62 and is_del=-1 and is_up=1 ) ORDER BY sort desc,addtime desc LIMIT 2,21   [ RunTime:0.0002s ]
SQL: SELECT * FROM `xmb_goods` WHERE ( scate=66 and is_del=-1 and is_up=1 ) ORDER BY sort desc,addtime desc LIMIT 2   [ RunTime:0.0001s ]
SQL: SELECT * FROM `xmb_goods` WHERE ( scate=66 and is_del=-1 and is_up=1 ) ORDER BY sort desc,addtime desc LIMIT 2,21   [ RunTime:0.0002s ]
SQL: SHOW COLUMNS FROM `xmb_brand` [ RunTime:0.0005s ]
SQL: SELECT * FROM `xmb_brand` ORDER BY sort desc,addtime desc LIMIT 2   [ RunTime:0.0001s ]
SQL: SELECT * FROM `xmb_brand` ORDER BY sort desc,addtime desc LIMIT 2,21   [ RunTime:0.0001s ]
NOTIC: [8] Undefined variable: brand1 /home/wwwroot/default/App/Home/Controller/IndexController.class.php 第 26 行.
SQL: SELECT * FROM `xmb_goods` WHERE ( scate=60 and is_del=-1 and is_up=1 ) ORDER BY sort desc,addtime desc LIMIT 2   [ RunTime:0.0001s ]
SQL: SELECT * FROM `xmb_goods` WHERE ( scate=60 and is_del=-1 and is_up=1 ) ORDER BY sort desc,addtime desc LIMIT 2,21   [ RunTime:0.0001s ]
SQL: SELECT * FROM `xmb_goods` WHERE ( scate=61 and is_del=-1 and is_up=1 ) ORDER BY sort desc,addtime desc LIMIT 2   [ RunTime:0.0001s ]
SQL: SELECT * FROM `xmb_goods` WHERE ( scate=61 and is_del=-1 and is_up=1 ) ORDER BY sort desc,addtime desc LIMIT 2,21   [ RunTime:0.0001s ]
SQL: SELECT * FROM `xmb_goods` WHERE ( scate=68 and is_del=-1 and is_up=1 ) ORDER BY sort desc,addtime desc LIMIT 2   [ RunTime:0.0001s ]
SQL: SELECT * FROM `xmb_goods` WHERE ( scate=68 and is_del=-1 and is_up=1 ) ORDER BY sort desc,addtime desc LIMIT 2,21   [ RunTime:0.0001s ]
SQL: SHOW COLUMNS FROM `xmb_ad` [ RunTime:0.0004s ]
SQL: SELECT * FROM `xmb_ad` ORDER BY savetime desc  [ RunTime:0.0001s ]
INFO: [ view_parse ] --START--
INFO: [ template_filter ] --START--
INFO: Run Behavior\ContentReplaceBehavior [ RunTime:0.000119s ]
INFO: [ template_filter ] --END-- [ RunTime:0.000165s ]
INFO: Run Behavior\ParseTemplateBehavior [ RunTime:0.021358s ]
INFO: [ view_parse ] --END-- [ RunTime:0.021410s ]
INFO: [ view_filter ] --START--
INFO: Run Behavior\WriteHtmlCacheBehavior [ RunTime:0.000219s ]
INFO: [ view_filter ] --END-- [ RunTime:0.000247s ]
INFO: [ app_end ] --START--
INFO: Run Behavior\ShowPageTraceBehavior [ RunTime:0.000481s ]
INFO: [ app_end ] --END-- [ RunTime:0.000516s ]

[ 2019-04-30T17:53:32+08:00 ] 36.78.98.0 /
INFO: [ app_init ] --START--
INFO: Run Behavior\BuildLiteBehavior [ RunTime:0.000015s ]
INFO: [ app_init ] --END-- [ RunTime:0.000333s ]
INFO: [ app_begin ] --START--
INFO: Run Behavior\ReadHtmlCacheBehavior [ RunTime:0.000357s ]
INFO: [ app_begin ] --END-- [ RunTime:0.000390s ]
SQL: SHOW COLUMNS FROM `xmb_config` [ RunTime:0.0007s ]
SQL: SELECT * FROM `xmb_config` WHERE ( id = 1 ) LIMIT 1   [ RunTime:0.0002s ]
SQL: SHOW COLUMNS FROM `xmb_productcate` [ RunTime:0.0005s ]
SQL: SELECT `id`,`title` FROM `xmb_productcate` WHERE ( pid = 0 ) ORDER BY ordernum desc LIMIT 7   [ RunTime:0.0001s ]
SQL: SELECT `id`,`title` FROM `xmb_productcate` WHERE ( pid = 58 ) ORDER BY ordernum desc  [ RunTime:0.0001s ]
SQL: SELECT `id`,`title` FROM `xmb_productcate` WHERE ( pid = 62 ) ORDER BY ordernum desc  [ RunTime:0.0001s ]
SQL: SELECT `id`,`title` FROM `xmb_productcate` WHERE ( pid = 63 ) ORDER BY ordernum desc  [ RunTime:0.0001s ]
SQL: SELECT `id`,`title` FROM `xmb_productcate` WHERE ( pid = 59 ) ORDER BY ordernum desc  [ RunTime:0.0001s ]
SQL: SELECT `id`,`title` FROM `xmb_productcate` WHERE ( pid = 66 ) ORDER BY ordernum desc  [ RunTime:0.0000s ]
SQL: SELECT `id`,`title` FROM `xmb_productcate` WHERE ( pid = 132 ) ORDER BY ordernum desc  [ RunTime:0.0001s ]
SQL: SELECT `id`,`title` FROM `xmb_productcate` WHERE ( pid = 60 ) ORDER BY ordernum desc  [ RunTime:0.0000s ]
SQL: SELECT `id`,`title` FROM `xmb_productcate` WHERE ( pid = 133 ) ORDER BY ordernum desc  [ RunTime:0.0000s ]
SQL: SELECT `id`,`title` FROM `xmb_productcate` WHERE ( pid = 84 ) ORDER BY ordernum desc  [ RunTime:0.0000s ]
SQL: SELECT `id`,`title` FROM `xmb_productcate` WHERE ( pid = 134 ) ORDER BY ordernum desc  [ RunTime:0.0001s ]
SQL: SELECT `id`,`title` FROM `xmb_productcate` WHERE ( pid = 70 ) ORDER BY ordernum desc  [ RunTime:0.0001s ]
SQL: SHOW COLUMNS FROM `xmb_cart` [ RunTime:0.0006s ]
NOTIC: [8] Undefined index: cid /home/wwwroot/default/App/Home/Controller/BaseController.class.php 第 33 行.
SQL: SELECT COUNT(*) AS tp_count FROM xmb_cart c LEFT JOIN xmb_goods g on c.gid=g.id  WHERE ( cid="" AND is_del =-1 AND is_up =1  ) LIMIT 1   [ RunTime:0.0001s ]
SQL: SHOW COLUMNS FROM `xmb_space` [ RunTime:0.0006s ]
SQL: SELECT * FROM `xmb_space` ORDER BY sort desc,addtime desc LIMIT 5   [ RunTime:0.0001s ]
SQL: SELECT * FROM `xmb_productcate` WHERE ( pid = 59 ) LIMIT 4   [ RunTime:0.0001s ]
SQL: SELECT * FROM `xmb_productcate` WHERE ( pid = 68 ) LIMIT 4   [ RunTime:0.0002s ]
SQL: SHOW COLUMNS FROM `xmb_goods` [ RunTime:0.0006s ]
SQL: SELECT * FROM `xmb_goods` WHERE ( scate=63 and is_del=-1 and is_up=1 ) ORDER BY sort desc,addtime desc LIMIT 2   [ RunTime:0.0002s ]
SQL: SELECT * FROM `xmb_goods` WHERE ( scate=63 and is_del=-1 and is_up=1 ) ORDER BY sort desc,addtime desc LIMIT 2,21   [ RunTime:0.0003s ]
SQL: SELECT * FROM `xmb_goods` WHERE ( scate=62 and is_del=-1 and is_up=1 ) ORDER BY sort desc,addtime desc LIMIT 2   [ RunTime:0.0001s ]
SQL: SELECT * FROM `xmb_goods` WHERE ( scate=62 and is_del=-1 and is_up=1 ) ORDER BY sort desc,addtime desc LIMIT 2,21   [ RunTime:0.0002s ]
SQL: SELECT * FROM `xmb_goods` WHERE ( scate=66 and is_del=-1 and is_up=1 ) ORDER BY sort desc,addtime desc LIMIT 2   [ RunTime:0.0001s ]
SQL: SELECT * FROM `xmb_goods` WHERE ( scate=66 and is_del=-1 and is_up=1 ) ORDER BY sort desc,addtime desc LIMIT 2,21   [ RunTime:0.0001s ]
SQL: SHOW COLUMNS FROM `xmb_brand` [ RunTime:0.0004s ]
SQL: SELECT * FROM `xmb_brand` ORDER BY sort desc,addtime desc LIMIT 2   [ RunTime:0.0001s ]
SQL: SELECT * FROM `xmb_brand` ORDER BY sort desc,addtime desc LIMIT 2,21   [ RunTime:0.0001s ]
NOTIC: [8] Undefined variable: brand1 /home/wwwroot/default/App/Home/Controller/IndexController.class.php 第 26 行.
SQL: SELECT * FROM `xmb_goods` WHERE ( scate=60 and is_del=-1 and is_up=1 ) ORDER BY sort desc,addtime desc LIMIT 2   [ RunTime:0.0001s ]
SQL: SELECT * FROM `xmb_goods` WHERE ( scate=60 and is_del=-1 and is_up=1 ) ORDER BY sort desc,addtime desc LIMIT 2,21   [ RunTime:0.0001s ]
SQL: SELECT * FROM `xmb_goods` WHERE ( scate=61 and is_del=-1 and is_up=1 ) ORDER BY sort desc,addtime desc LIMIT 2   [ RunTime:0.0001s ]
SQL: SELECT * FROM `xmb_goods` WHERE ( scate=61 and is_del=-1 and is_up=1 ) ORDER BY sort desc,addtime desc LIMIT 2,21   [ RunTime:0.0001s ]
SQL: SELECT * FROM `xmb_goods` WHERE ( scate=68 and is_del=-1 and is_up=1 ) ORDER BY sort desc,addtime desc LIMIT 2   [ RunTime:0.0001s ]
SQL: SELECT * FROM `xmb_goods` WHERE ( scate=68 and is_del=-1 and is_up=1 ) ORDER BY sort desc,addtime desc LIMIT 2,21   [ RunTime:0.0001s ]
SQL: SHOW COLUMNS FROM `xmb_ad` [ RunTime:0.0003s ]
SQL: SELECT * FROM `xmb_ad` ORDER BY savetime desc  [ RunTime:0.0001s ]
INFO: [ view_parse ] --START--
INFO: [ template_filter ] --START--
INFO: Run Behavior\ContentReplaceBehavior [ RunTime:0.000157s ]
INFO: [ template_filter ] --END-- [ RunTime:0.000208s ]
INFO: Run Behavior\ParseTemplateBehavior [ RunTime:0.023957s ]
INFO: [ view_parse ] --END-- [ RunTime:0.024024s ]
INFO: [ view_filter ] --START--
INFO: Run Behavior\WriteHtmlCacheBehavior [ RunTime:0.000246s ]
INFO: [ view_filter ] --END-- [ RunTime:0.000279s ]
INFO: [ app_end ] --START--
INFO: Run Behavior\ShowPageTraceBehavior [ RunTime:0.000456s ]
INFO: [ app_end ] --END-- [ RunTime:0.000492s ]

[ 2019-04-30T18:19:18+08:00 ] 103.101.233.11 /
INFO: [ app_init ] --START--
INFO: Run Behavior\BuildLiteBehavior [ RunTime:0.000014s ]
INFO: [ app_init ] --END-- [ RunTime:0.000312s ]
INFO: [ app_begin ] --START--
INFO: Run Behavior\ReadHtmlCacheBehavior [ RunTime:0.000355s ]
INFO: [ app_begin ] --END-- [ RunTime:0.000386s ]
SQL: SHOW COLUMNS FROM `xmb_config` [ RunTime:0.0007s ]
SQL: SELECT * FROM `xmb_config` WHERE ( id = 1 ) LIMIT 1   [ RunTime:0.0001s ]
SQL: SHOW COLUMNS FROM `xmb_productcate` [ RunTime:0.0003s ]
SQL: SELECT `id`,`title` FROM `xmb_productcate` WHERE ( pid = 0 ) ORDER BY ordernum desc LIMIT 7   [ RunTime:0.0002s ]
SQL: SELECT `id`,`title` FROM `xmb_productcate` WHERE ( pid = 58 ) ORDER BY ordernum desc  [ RunTime:0.0001s ]
SQL: SELECT `id`,`title` FROM `xmb_productcate` WHERE ( pid = 62 ) ORDER BY ordernum desc  [ RunTime:0.0001s ]
SQL: SELECT `id`,`title` FROM `xmb_productcate` WHERE ( pid = 63 ) ORDER BY ordernum desc  [ RunTime:0.0001s ]
SQL: SELECT `id`,`title` FROM `xmb_productcate` WHERE ( pid = 59 ) ORDER BY ordernum desc  [ RunTime:0.0001s ]
SQL: SELECT `id`,`title` FROM `xmb_productcate` WHERE ( pid = 66 ) ORDER BY ordernum desc  [ RunTime:0.0001s ]
SQL: SELECT `id`,`title` FROM `xmb_productcate` WHERE ( pid = 132 ) ORDER BY ordernum desc  [ RunTime:0.0001s ]
SQL: SELECT `id`,`title` FROM `xmb_productcate` WHERE ( pid = 60 ) ORDER BY ordernum desc  [ RunTime:0.0001s ]
SQL: SELECT `id`,`title` FROM `xmb_productcate` WHERE ( pid = 133 ) ORDER BY ordernum desc  [ RunTime:0.0001s ]
SQL: SELECT `id`,`title` FROM `xmb_productcate` WHERE ( pid = 84 ) ORDER BY ordernum desc  [ RunTime:0.0001s ]
SQL: SELECT `id`,`title` FROM `xmb_productcate` WHERE ( pid = 134 ) ORDER BY ordernum desc  [ RunTime:0.0001s ]
SQL: SELECT `id`,`title` FROM `xmb_productcate` WHERE ( pid = 70 ) ORDER BY ordernum desc  [ RunTime:0.0001s ]
SQL: SHOW COLUMNS FROM `xmb_cart` [ RunTime:0.0005s ]
NOTIC: [8] Undefined index: cid /home/wwwroot/default/App/Home/Controller/BaseController.class.php 第 33 行.
SQL: SELECT COUNT(*) AS tp_count FROM xmb_cart c LEFT JOIN xmb_goods g on c.gid=g.id  WHERE ( cid="" AND is_del =-1 AND is_up =1  ) LIMIT 1   [ RunTime:0.0001s ]
SQL: SHOW COLUMNS FROM `xmb_space` [ RunTime:0.0004s ]
SQL: SELECT * FROM `xmb_space` ORDER BY sort desc,addtime desc LIMIT 5   [ RunTime:0.0001s ]
SQL: SELECT * FROM `xmb_productcate` WHERE ( pid = 59 ) LIMIT 4   [ RunTime:0.0001s ]
SQL: SELECT * FROM `xmb_productcate` WHERE ( pid = 68 ) LIMIT 4   [ RunTime:0.0001s ]
SQL: SHOW COLUMNS FROM `xmb_goods` [ RunTime:0.0004s ]
SQL: SELECT * FROM `xmb_goods` WHERE ( scate=63 and is_del=-1 and is_up=1 ) ORDER BY sort desc,addtime desc LIMIT 2   [ RunTime:0.0001s ]
SQL: SELECT * FROM `xmb_goods` WHERE ( scate=63 and is_del=-1 and is_up=1 ) ORDER BY sort desc,addtime desc LIMIT 2,21   [ RunTime:0.0001s ]
SQL: SELECT * FROM `xmb_goods` WHERE ( scate=62 and is_del=-1 and is_up=1 ) ORDER BY sort desc,addtime desc LIMIT 2   [ RunTime:0.0001s ]
SQL: SELECT * FROM `xmb_goods` WHERE ( scate=62 and is_del=-1 and is_up=1 ) ORDER BY sort desc,addtime desc LIMIT 2,21   [ RunTime:0.0002s ]
SQL: SELECT * FROM `xmb_goods` WHERE ( scate=66 and is_del=-1 and is_up=1 ) ORDER BY sort desc,addtime desc LIMIT 2   [ RunTime:0.0001s ]
SQL: SELECT * FROM `xmb_goods` WHERE ( scate=66 and is_del=-1 and is_up=1 ) ORDER BY sort desc,addtime desc LIMIT 2,21   [ RunTime:0.0001s ]
SQL: SHOW COLUMNS FROM `xmb_brand` [ RunTime:0.0003s ]
SQL: SELECT * FROM `xmb_brand` ORDER BY sort desc,addtime desc LIMIT 2   [ RunTime:0.0001s ]
SQL: SELECT * FROM `xmb_brand` ORDER BY sort desc,addtime desc LIMIT 2,21   [ RunTime:0.0001s ]
NOTIC: [8] Undefined variable: brand1 /home/wwwroot/default/App/Home/Controller/IndexController.class.php 第 26 行.
SQL: SELECT * FROM `xmb_goods` WHERE ( scate=60 and is_del=-1 and is_up=1 ) ORDER BY sort desc,addtime desc LIMIT 2   [ RunTime:0.0002s ]
SQL: SELECT * FROM `xmb_goods` WHERE ( scate=60 and is_del=-1 and is_up=1 ) ORDER BY sort desc,addtime desc LIMIT 2,21   [ RunTime:0.0001s ]
SQL: SELECT * FROM `xmb_goods` WHERE ( scate=61 and is_del=-1 and is_up=1 ) ORDER BY sort desc,addtime desc LIMIT 2   [ RunTime:0.0001s ]
SQL: SELECT * FROM `xmb_goods` WHERE ( scate=61 and is_del=-1 and is_up=1 ) ORDER BY sort desc,addtime desc LIMIT 2,21   [ RunTime:0.0001s ]
SQL: SELECT * FROM `xmb_goods` WHERE ( scate=68 and is_del=-1 and is_up=1 ) ORDER BY sort desc,addtime desc LIMIT 2   [ RunTime:0.0001s ]
SQL: SELECT * FROM `xmb_goods` WHERE ( scate=68 and is_del=-1 and is_up=1 ) ORDER BY sort desc,addtime desc LIMIT 2,21   [ RunTime:0.0001s ]
SQL: SHOW COLUMNS FROM `xmb_ad` [ RunTime:0.0003s ]
SQL: SELECT * FROM `xmb_ad` ORDER BY savetime desc  [ RunTime:0.0000s ]
INFO: [ view_parse ] --START--
INFO: [ template_filter ] --START--
INFO: Run Behavior\ContentReplaceBehavior [ RunTime:0.000115s ]
INFO: [ template_filter ] --END-- [ RunTime:0.000160s ]
INFO: Run Behavior\ParseTemplateBehavior [ RunTime:0.019461s ]
INFO: [ view_parse ] --END-- [ RunTime:0.019507s ]
INFO: [ view_filter ] --START--
INFO: Run Behavior\WriteHtmlCacheBehavior [ RunTime:0.000200s ]
INFO: [ view_filter ] --END-- [ RunTime:0.000221s ]
INFO: [ app_end ] --START--
INFO: Run Behavior\ShowPageTraceBehavior [ RunTime:0.000394s ]
INFO: [ app_end ] --END-- [ RunTime:0.000418s ]

