[ 2019-05-11T10:10:42+08:00 ] 127.0.0.1 /favicon.ico
INFO: [ app_init ] --START--
INFO: Run Behavior\BuildLiteBehavior [ RunTime:0.000019s ]
INFO: [ app_init ] --END-- [ RunTime:0.000107s ]

[ 2019-05-11T10:18:37+08:00 ] 127.0.0.1 /favicon.ico
INFO: [ app_init ] --START--
INFO: Run Behavior\BuildLiteBehavior [ RunTime:0.000024s ]
INFO: [ app_init ] --END-- [ RunTime:0.000276s ]

[ 2019-05-11T10:20:18+08:00 ] 127.0.0.1 /
INFO: [ app_init ] --START--
INFO: Run Behavior\BuildLiteBehavior [ RunTime:0.000068s ]
INFO: [ app_init ] --END-- [ RunTime:0.000486s ]
INFO: [ app_begin ] --START--
INFO: Run Behavior\ReadHtmlCacheBehavior [ RunTime:0.000119s ]
INFO: [ app_begin ] --END-- [ RunTime:0.000215s ]
SQL: SHOW COLUMNS FROM `xmb_config` [ RunTime:0.0013s ]
SQL: SELECT * FROM `xmb_config` WHERE ( id = 1 ) LIMIT 1   [ RunTime:0.0007s ]
SQL: SHOW COLUMNS FROM `xmb_productcate` [ RunTime:0.0014s ]
SQL: SELECT `id`,`title` FROM `xmb_productcate` WHERE ( pid = 0 ) ORDER BY ordernum desc LIMIT 7   [ RunTime:0.0002s ]
SQL: SELECT `id`,`title` FROM `xmb_productcate` WHERE ( pid = 58 ) ORDER BY ordernum desc  [ RunTime:0.0002s ]
SQL: SELECT `id`,`title` FROM `xmb_productcate` WHERE ( pid = 62 ) ORDER BY ordernum desc  [ RunTime:0.0001s ]
SQL: SELECT `id`,`title` FROM `xmb_productcate` WHERE ( pid = 63 ) ORDER BY ordernum desc  [ RunTime:0.0001s ]
SQL: SELECT `id`,`title` FROM `xmb_productcate` WHERE ( pid = 59 ) ORDER BY ordernum desc  [ RunTime:0.0001s ]
SQL: SELECT `id`,`title` FROM `xmb_productcate` WHERE ( pid = 66 ) ORDER BY ordernum desc  [ RunTime:0.0001s ]
SQL: SELECT `id`,`title` FROM `xmb_productcate` WHERE ( pid = 132 ) ORDER BY ordernum desc  [ RunTime:0.0001s ]
SQL: SELECT `id`,`title` FROM `xmb_productcate` WHERE ( pid = 60 ) ORDER BY ordernum desc  [ RunTime:0.0001s ]
SQL: SELECT `id`,`title` FROM `xmb_productcate` WHERE ( pid = 133 ) ORDER BY ordernum desc  [ RunTime:0.0001s ]
SQL: SELECT `id`,`title` FROM `xmb_productcate` WHERE ( pid = 84 ) ORDER BY ordernum desc  [ RunTime:0.0001s ]
SQL: SELECT `id`,`title` FROM `xmb_productcate` WHERE ( pid = 134 ) ORDER BY ordernum desc  [ RunTime:0.0001s ]
SQL: SELECT `id`,`title` FROM `xmb_productcate` WHERE ( pid = 70 ) ORDER BY ordernum desc  [ RunTime:0.0001s ]
SQL: SHOW COLUMNS FROM `xmb_cart` [ RunTime:0.0006s ]
NOTIC: [8] Undefined index: cid /Users/ligui/work/nao_jia/default/App/Home/Controller/BaseController.class.php 第 33 行.
SQL: SELECT COUNT(*) AS tp_count FROM xmb_cart c LEFT JOIN xmb_goods g on c.gid=g.id  WHERE ( cid="" AND is_del =-1 AND is_up =1  ) LIMIT 1   [ RunTime:0.0021s ]
SQL: SHOW COLUMNS FROM `xmb_space` [ RunTime:0.0013s ]
SQL: SELECT * FROM `xmb_space` ORDER BY sort desc,addtime desc LIMIT 5   [ RunTime:0.0008s ]
SQL: SELECT * FROM `xmb_productcate` WHERE ( pid = 59 ) LIMIT 4   [ RunTime:0.0002s ]
SQL: SELECT * FROM `xmb_productcate` WHERE ( pid = 68 ) LIMIT 4   [ RunTime:0.0011s ]
SQL: SHOW COLUMNS FROM `xmb_goods` [ RunTime:0.0008s ]
SQL: SELECT * FROM `xmb_goods` WHERE ( scate=63 and is_del=-1 and is_up=1 ) ORDER BY sort desc,addtime desc LIMIT 2   [ RunTime:0.0031s ]
SQL: SELECT * FROM `xmb_goods` WHERE ( scate=63 and is_del=-1 and is_up=1 ) ORDER BY sort desc,addtime desc LIMIT 2,21   [ RunTime:0.0005s ]
SQL: SELECT * FROM `xmb_goods` WHERE ( scate=62 and is_del=-1 and is_up=1 ) ORDER BY sort desc,addtime desc LIMIT 2   [ RunTime:0.0005s ]
SQL: SELECT * FROM `xmb_goods` WHERE ( scate=62 and is_del=-1 and is_up=1 ) ORDER BY sort desc,addtime desc LIMIT 2,21   [ RunTime:0.0009s ]
SQL: SELECT * FROM `xmb_goods` WHERE ( scate=66 and is_del=-1 and is_up=1 ) ORDER BY sort desc,addtime desc LIMIT 2   [ RunTime:0.0006s ]
SQL: SELECT * FROM `xmb_goods` WHERE ( scate=66 and is_del=-1 and is_up=1 ) ORDER BY sort desc,addtime desc LIMIT 2,21   [ RunTime:0.0011s ]
SQL: SHOW COLUMNS FROM `xmb_brand` [ RunTime:0.0011s ]
SQL: SELECT * FROM `xmb_brand` ORDER BY sort desc,addtime desc LIMIT 2   [ RunTime:0.0004s ]
SQL: SELECT * FROM `xmb_brand` ORDER BY sort desc,addtime desc LIMIT 2,21   [ RunTime:0.0002s ]
NOTIC: [8] Undefined variable: brand1 /Users/ligui/work/nao_jia/default/App/Home/Controller/IndexController.class.php 第 26 行.
SQL: SELECT * FROM `xmb_goods` WHERE ( scate=60 and is_del=-1 and is_up=1 ) ORDER BY sort desc,addtime desc LIMIT 2   [ RunTime:0.0004s ]
SQL: SELECT * FROM `xmb_goods` WHERE ( scate=60 and is_del=-1 and is_up=1 ) ORDER BY sort desc,addtime desc LIMIT 2,21   [ RunTime:0.0013s ]
SQL: SELECT * FROM `xmb_goods` WHERE ( scate=61 and is_del=-1 and is_up=1 ) ORDER BY sort desc,addtime desc LIMIT 2   [ RunTime:0.0004s ]
SQL: SELECT * FROM `xmb_goods` WHERE ( scate=61 and is_del=-1 and is_up=1 ) ORDER BY sort desc,addtime desc LIMIT 2,21   [ RunTime:0.0003s ]
SQL: SELECT * FROM `xmb_goods` WHERE ( scate=68 and is_del=-1 and is_up=1 ) ORDER BY sort desc,addtime desc LIMIT 2   [ RunTime:0.0005s ]
SQL: SELECT * FROM `xmb_goods` WHERE ( scate=68 and is_del=-1 and is_up=1 ) ORDER BY sort desc,addtime desc LIMIT 2,21   [ RunTime:0.0005s ]
SQL: SHOW COLUMNS FROM `xmb_ad` [ RunTime:0.0010s ]
SQL: SELECT * FROM `xmb_ad` ORDER BY savetime desc  [ RunTime:0.0004s ]
INFO: [ view_parse ] --START--
INFO: [ template_filter ] --START--
INFO: Run Behavior\ContentReplaceBehavior [ RunTime:0.000096s ]
INFO: [ template_filter ] --END-- [ RunTime:0.000157s ]
INFO: Run Behavior\ParseTemplateBehavior [ RunTime:0.027242s ]
INFO: [ view_parse ] --END-- [ RunTime:0.027302s ]
INFO: [ view_filter ] --START--
INFO: Run Behavior\WriteHtmlCacheBehavior [ RunTime:0.000085s ]
INFO: [ view_filter ] --END-- [ RunTime:0.000124s ]
INFO: [ app_end ] --START--
INFO: Run Behavior\ShowPageTraceBehavior [ RunTime:0.000063s ]
INFO: [ app_end ] --END-- [ RunTime:0.000123s ]

[ 2019-05-11T10:32:05+08:00 ] 127.0.0.1 /
INFO: [ app_init ] --START--
INFO: Run Behavior\BuildLiteBehavior [ RunTime:0.000038s ]
INFO: [ app_init ] --END-- [ RunTime:0.001198s ]
INFO: [ app_begin ] --START--
INFO: Run Behavior\ReadHtmlCacheBehavior [ RunTime:0.001330s ]
INFO: [ app_begin ] --END-- [ RunTime:0.001444s ]
SQL: SHOW COLUMNS FROM `xmb_config` [ RunTime:0.0064s ]
SQL: SELECT * FROM `xmb_config` WHERE ( id = 1 ) LIMIT 1   [ RunTime:0.0006s ]
SQL: SHOW COLUMNS FROM `xmb_productcate` [ RunTime:0.0017s ]
SQL: SELECT `id`,`title` FROM `xmb_productcate` WHERE ( pid = 0 ) ORDER BY ordernum desc LIMIT 7   [ RunTime:0.0002s ]
SQL: SELECT `id`,`title` FROM `xmb_productcate` WHERE ( pid = 58 ) ORDER BY ordernum desc  [ RunTime:0.0002s ]
SQL: SELECT `id`,`title` FROM `xmb_productcate` WHERE ( pid = 62 ) ORDER BY ordernum desc  [ RunTime:0.0002s ]
SQL: SELECT `id`,`title` FROM `xmb_productcate` WHERE ( pid = 63 ) ORDER BY ordernum desc  [ RunTime:0.0002s ]
SQL: SELECT `id`,`title` FROM `xmb_productcate` WHERE ( pid = 59 ) ORDER BY ordernum desc  [ RunTime:0.0002s ]
SQL: SELECT `id`,`title` FROM `xmb_productcate` WHERE ( pid = 66 ) ORDER BY ordernum desc  [ RunTime:0.0002s ]
SQL: SELECT `id`,`title` FROM `xmb_productcate` WHERE ( pid = 132 ) ORDER BY ordernum desc  [ RunTime:0.0002s ]
SQL: SELECT `id`,`title` FROM `xmb_productcate` WHERE ( pid = 60 ) ORDER BY ordernum desc  [ RunTime:0.0002s ]
SQL: SELECT `id`,`title` FROM `xmb_productcate` WHERE ( pid = 133 ) ORDER BY ordernum desc  [ RunTime:0.0002s ]
SQL: SELECT `id`,`title` FROM `xmb_productcate` WHERE ( pid = 84 ) ORDER BY ordernum desc  [ RunTime:0.0001s ]
SQL: SELECT `id`,`title` FROM `xmb_productcate` WHERE ( pid = 134 ) ORDER BY ordernum desc  [ RunTime:0.0001s ]
SQL: SELECT `id`,`title` FROM `xmb_productcate` WHERE ( pid = 70 ) ORDER BY ordernum desc  [ RunTime:0.0001s ]
SQL: SHOW COLUMNS FROM `xmb_cart` [ RunTime:0.0008s ]
NOTIC: [8] Undefined index: cid /Users/ligui/work/nao_jia/default/App/Home/Controller/BaseController.class.php 第 33 行.
SQL: SELECT COUNT(*) AS tp_count FROM xmb_cart c LEFT JOIN xmb_goods g on c.gid=g.id  WHERE ( cid="" AND is_del =-1 AND is_up =1  ) LIMIT 1   [ RunTime:0.0021s ]
SQL: SHOW COLUMNS FROM `xmb_space` [ RunTime:0.0010s ]
SQL: SELECT * FROM `xmb_space` ORDER BY sort desc,addtime desc LIMIT 5   [ RunTime:0.0008s ]
SQL: SELECT * FROM `xmb_productcate` WHERE ( pid = 59 ) LIMIT 4   [ RunTime:0.0002s ]
SQL: SELECT * FROM `xmb_productcate` WHERE ( pid = 68 ) LIMIT 4   [ RunTime:0.0001s ]
SQL: SHOW COLUMNS FROM `xmb_goods` [ RunTime:0.0005s ]
SQL: SELECT * FROM `xmb_goods` WHERE ( scate=63 and is_del=-1 and is_up=1 ) ORDER BY sort desc,addtime desc LIMIT 2   [ RunTime:0.0029s ]
SQL: SELECT * FROM `xmb_goods` WHERE ( scate=63 and is_del=-1 and is_up=1 ) ORDER BY sort desc,addtime desc LIMIT 2,21   [ RunTime:0.0004s ]
SQL: SELECT * FROM `xmb_goods` WHERE ( scate=62 and is_del=-1 and is_up=1 ) ORDER BY sort desc,addtime desc LIMIT 2   [ RunTime:0.0003s ]
SQL: SELECT * FROM `xmb_goods` WHERE ( scate=62 and is_del=-1 and is_up=1 ) ORDER BY sort desc,addtime desc LIMIT 2,21   [ RunTime:0.0005s ]
SQL: SELECT * FROM `xmb_goods` WHERE ( scate=66 and is_del=-1 and is_up=1 ) ORDER BY sort desc,addtime desc LIMIT 2   [ RunTime:0.0003s ]
SQL: SELECT * FROM `xmb_goods` WHERE ( scate=66 and is_del=-1 and is_up=1 ) ORDER BY sort desc,addtime desc LIMIT 2,21   [ RunTime:0.0005s ]
SQL: SHOW COLUMNS FROM `xmb_brand` [ RunTime:0.0009s ]
SQL: SELECT * FROM `xmb_brand` ORDER BY sort desc,addtime desc LIMIT 2   [ RunTime:0.0005s ]
SQL: SELECT * FROM `xmb_brand` ORDER BY sort desc,addtime desc LIMIT 2,21   [ RunTime:0.0001s ]
NOTIC: [8] Undefined variable: brand1 /Users/ligui/work/nao_jia/default/App/Home/Controller/IndexController.class.php 第 26 行.
SQL: SELECT * FROM `xmb_goods` WHERE ( scate=60 and is_del=-1 and is_up=1 ) ORDER BY sort desc,addtime desc LIMIT 2   [ RunTime:0.0003s ]
SQL: SELECT * FROM `xmb_goods` WHERE ( scate=60 and is_del=-1 and is_up=1 ) ORDER BY sort desc,addtime desc LIMIT 2,21   [ RunTime:0.0003s ]
SQL: SELECT * FROM `xmb_goods` WHERE ( scate=61 and is_del=-1 and is_up=1 ) ORDER BY sort desc,addtime desc LIMIT 2   [ RunTime:0.0003s ]
SQL: SELECT * FROM `xmb_goods` WHERE ( scate=61 and is_del=-1 and is_up=1 ) ORDER BY sort desc,addtime desc LIMIT 2,21   [ RunTime:0.0003s ]
SQL: SELECT * FROM `xmb_goods` WHERE ( scate=68 and is_del=-1 and is_up=1 ) ORDER BY sort desc,addtime desc LIMIT 2   [ RunTime:0.0003s ]
SQL: SELECT * FROM `xmb_goods` WHERE ( scate=68 and is_del=-1 and is_up=1 ) ORDER BY sort desc,addtime desc LIMIT 2,21   [ RunTime:0.0003s ]
SQL: SHOW COLUMNS FROM `xmb_ad` [ RunTime:0.0009s ]
SQL: SELECT * FROM `xmb_ad` ORDER BY savetime desc  [ RunTime:0.0004s ]
INFO: [ view_parse ] --START--
INFO: [ template_filter ] --START--
INFO: Run Behavior\ContentReplaceBehavior [ RunTime:0.000111s ]
INFO: [ template_filter ] --END-- [ RunTime:0.000161s ]
INFO: Run Behavior\ParseTemplateBehavior [ RunTime:0.026728s ]
INFO: [ view_parse ] --END-- [ RunTime:0.026783s ]
INFO: [ view_filter ] --START--
INFO: Run Behavior\WriteHtmlCacheBehavior [ RunTime:0.000563s ]
INFO: [ view_filter ] --END-- [ RunTime:0.000610s ]
INFO: [ app_end ] --START--
INFO: Run Behavior\ShowPageTraceBehavior [ RunTime:0.001018s ]
INFO: [ app_end ] --END-- [ RunTime:0.001072s ]

[ 2019-05-11T10:43:27+08:00 ] 127.0.0.1 /favicon.ico
INFO: [ app_init ] --START--
INFO: Run Behavior\BuildLiteBehavior [ RunTime:0.000020s ]
INFO: [ app_init ] --END-- [ RunTime:0.000434s ]

[ 2019-05-11T11:15:12+08:00 ] 127.0.0.1 /
INFO: [ app_init ] --START--
INFO: Run Behavior\BuildLiteBehavior [ RunTime:0.000040s ]
INFO: [ app_init ] --END-- [ RunTime:0.000745s ]
INFO: [ app_begin ] --START--
INFO: Run Behavior\ReadHtmlCacheBehavior [ RunTime:0.000841s ]
INFO: [ app_begin ] --END-- [ RunTime:0.000937s ]
SQL: SHOW COLUMNS FROM `xmb_config` [ RunTime:0.0006s ]
SQL: SELECT * FROM `xmb_config` WHERE ( id = 1 ) LIMIT 1   [ RunTime:0.0004s ]
SQL: SHOW COLUMNS FROM `xmb_productcate` [ RunTime:0.0004s ]
SQL: SELECT `id`,`title` FROM `xmb_productcate` WHERE ( pid = 0 ) ORDER BY ordernum desc LIMIT 7   [ RunTime:0.0002s ]
SQL: SELECT `id`,`title` FROM `xmb_productcate` WHERE ( pid = 58 ) ORDER BY ordernum desc  [ RunTime:0.0001s ]
SQL: SELECT `id`,`title` FROM `xmb_productcate` WHERE ( pid = 62 ) ORDER BY ordernum desc  [ RunTime:0.0001s ]
SQL: SELECT `id`,`title` FROM `xmb_productcate` WHERE ( pid = 63 ) ORDER BY ordernum desc  [ RunTime:0.0001s ]
SQL: SELECT `id`,`title` FROM `xmb_productcate` WHERE ( pid = 59 ) ORDER BY ordernum desc  [ RunTime:0.0001s ]
SQL: SELECT `id`,`title` FROM `xmb_productcate` WHERE ( pid = 66 ) ORDER BY ordernum desc  [ RunTime:0.0001s ]
SQL: SELECT `id`,`title` FROM `xmb_productcate` WHERE ( pid = 132 ) ORDER BY ordernum desc  [ RunTime:0.0001s ]
SQL: SELECT `id`,`title` FROM `xmb_productcate` WHERE ( pid = 60 ) ORDER BY ordernum desc  [ RunTime:0.0001s ]
SQL: SELECT `id`,`title` FROM `xmb_productcate` WHERE ( pid = 133 ) ORDER BY ordernum desc  [ RunTime:0.0001s ]
SQL: SELECT `id`,`title` FROM `xmb_productcate` WHERE ( pid = 84 ) ORDER BY ordernum desc  [ RunTime:0.0002s ]
SQL: SELECT `id`,`title` FROM `xmb_productcate` WHERE ( pid = 134 ) ORDER BY ordernum desc  [ RunTime:0.0002s ]
SQL: SELECT `id`,`title` FROM `xmb_productcate` WHERE ( pid = 70 ) ORDER BY ordernum desc  [ RunTime:0.0064s ]
SQL: SHOW COLUMNS FROM `xmb_cart` [ RunTime:0.0006s ]
NOTIC: [8] Undefined index: cid /Users/ligui/work/nao_jia/default/App/Home/Controller/BaseController.class.php 第 33 行.
SQL: SELECT COUNT(*) AS tp_count FROM xmb_cart c LEFT JOIN xmb_goods g on c.gid=g.id  WHERE ( cid="" AND is_del =-1 AND is_up =1  ) LIMIT 1   [ RunTime:0.0005s ]
SQL: SHOW COLUMNS FROM `xmb_space` [ RunTime:0.0006s ]
SQL: SELECT * FROM `xmb_space` ORDER BY sort desc,addtime desc LIMIT 5   [ RunTime:0.0003s ]
SQL: SELECT * FROM `xmb_productcate` WHERE ( pid = 59 ) LIMIT 4   [ RunTime:0.0003s ]
SQL: SELECT * FROM `xmb_productcate` WHERE ( pid = 68 ) LIMIT 4   [ RunTime:0.0002s ]
SQL: SHOW COLUMNS FROM `xmb_goods` [ RunTime:0.0005s ]
SQL: SELECT * FROM `xmb_goods` WHERE ( scate=63 and is_del=-1 and is_up=1 ) ORDER BY sort desc,addtime desc LIMIT 2   [ RunTime:0.0004s ]
SQL: SELECT * FROM `xmb_goods` WHERE ( scate=63 and is_del=-1 and is_up=1 ) ORDER BY sort desc,addtime desc LIMIT 2,21   [ RunTime:0.0004s ]
SQL: SELECT * FROM `xmb_goods` WHERE ( scate=62 and is_del=-1 and is_up=1 ) ORDER BY sort desc,addtime desc LIMIT 2   [ RunTime:0.0003s ]
SQL: SELECT * FROM `xmb_goods` WHERE ( scate=62 and is_del=-1 and is_up=1 ) ORDER BY sort desc,addtime desc LIMIT 2,21   [ RunTime:0.0006s ]
SQL: SELECT * FROM `xmb_goods` WHERE ( scate=66 and is_del=-1 and is_up=1 ) ORDER BY sort desc,addtime desc LIMIT 2   [ RunTime:0.0031s ]
SQL: SELECT * FROM `xmb_goods` WHERE ( scate=66 and is_del=-1 and is_up=1 ) ORDER BY sort desc,addtime desc LIMIT 2,21   [ RunTime:0.0043s ]
SQL: SHOW COLUMNS FROM `xmb_brand` [ RunTime:0.0012s ]
SQL: SELECT * FROM `xmb_brand` ORDER BY sort desc,addtime desc LIMIT 2   [ RunTime:0.0004s ]
SQL: SELECT * FROM `xmb_brand` ORDER BY sort desc,addtime desc LIMIT 2,21   [ RunTime:0.0001s ]
NOTIC: [8] Undefined variable: brand1 /Users/ligui/work/nao_jia/default/App/Home/Controller/IndexController.class.php 第 26 行.
SQL: SELECT * FROM `xmb_goods` WHERE ( scate=60 and is_del=-1 and is_up=1 ) ORDER BY sort desc,addtime desc LIMIT 2   [ RunTime:0.0006s ]
SQL: SELECT * FROM `xmb_goods` WHERE ( scate=60 and is_del=-1 and is_up=1 ) ORDER BY sort desc,addtime desc LIMIT 2,21   [ RunTime:0.0006s ]
SQL: SELECT * FROM `xmb_goods` WHERE ( scate=61 and is_del=-1 and is_up=1 ) ORDER BY sort desc,addtime desc LIMIT 2   [ RunTime:0.0004s ]
SQL: SELECT * FROM `xmb_goods` WHERE ( scate=61 and is_del=-1 and is_up=1 ) ORDER BY sort desc,addtime desc LIMIT 2,21   [ RunTime:0.0004s ]
SQL: SELECT * FROM `xmb_goods` WHERE ( scate=68 and is_del=-1 and is_up=1 ) ORDER BY sort desc,addtime desc LIMIT 2   [ RunTime:0.0004s ]
SQL: SELECT * FROM `xmb_goods` WHERE ( scate=68 and is_del=-1 and is_up=1 ) ORDER BY sort desc,addtime desc LIMIT 2,21   [ RunTime:0.0004s ]
SQL: SHOW COLUMNS FROM `xmb_ad` [ RunTime:0.0005s ]
SQL: SELECT * FROM `xmb_ad` ORDER BY savetime desc  [ RunTime:0.0002s ]
INFO: [ view_parse ] --START--
INFO: [ template_filter ] --START--
INFO: Run Behavior\ContentReplaceBehavior [ RunTime:0.000133s ]
INFO: [ template_filter ] --END-- [ RunTime:0.000194s ]
INFO: Run Behavior\ParseTemplateBehavior [ RunTime:0.024146s ]
INFO: [ view_parse ] --END-- [ RunTime:0.024219s ]
INFO: [ view_filter ] --START--
INFO: Run Behavior\WriteHtmlCacheBehavior [ RunTime:0.000287s ]
INFO: [ view_filter ] --END-- [ RunTime:0.000335s ]
INFO: [ app_end ] --START--
INFO: Run Behavior\ShowPageTraceBehavior [ RunTime:0.000690s ]
INFO: [ app_end ] --END-- [ RunTime:0.000763s ]

[ 2019-05-11T11:16:42+08:00 ] 127.0.0.1 /Public/home/js/maps/swiper.min.js.map
INFO: [ app_init ] --START--
INFO: Run Behavior\BuildLiteBehavior [ RunTime:0.000031s ]
INFO: [ app_init ] --END-- [ RunTime:0.000218s ]
INFO: [ app_begin ] --START--
INFO: Run Behavior\ReadHtmlCacheBehavior [ RunTime:0.000098s ]
INFO: [ app_begin ] --END-- [ RunTime:0.000175s ]
ERR: 无法加载控制器:Public

[ 2019-05-11T11:16:42+08:00 ] 127.0.0.1 /Public/home/css/bootstrap.css.map
INFO: [ app_init ] --START--
INFO: Run Behavior\BuildLiteBehavior [ RunTime:0.000018s ]
INFO: [ app_init ] --END-- [ RunTime:0.000109s ]
INFO: [ app_begin ] --START--
INFO: Run Behavior\ReadHtmlCacheBehavior [ RunTime:0.000303s ]
INFO: [ app_begin ] --END-- [ RunTime:0.000470s ]
ERR: 无法加载控制器:Public

[ 2019-05-11T17:12:06+08:00 ] 127.0.0.1 /
INFO: [ app_init ] --START--
INFO: Run Behavior\BuildLiteBehavior [ RunTime:0.000073s ]
INFO: [ app_init ] --END-- [ RunTime:0.002363s ]
INFO: [ app_begin ] --START--
INFO: Run Behavior\ReadHtmlCacheBehavior [ RunTime:0.001613s ]
INFO: [ app_begin ] --END-- [ RunTime:0.001870s ]
SQL: SHOW COLUMNS FROM `xmb_config` [ RunTime:0.0065s ]
SQL: SELECT * FROM `xmb_config` WHERE ( id = 1 ) LIMIT 1   [ RunTime:0.0010s ]
SQL: SHOW COLUMNS FROM `xmb_productcate` [ RunTime:0.0020s ]
SQL: SELECT `id`,`title` FROM `xmb_productcate` WHERE ( pid = 0 ) ORDER BY ordernum desc LIMIT 7   [ RunTime:0.0012s ]
SQL: SELECT `id`,`title` FROM `xmb_productcate` WHERE ( pid = 58 ) ORDER BY ordernum desc  [ RunTime:0.0010s ]
SQL: SELECT `id`,`title` FROM `xmb_productcate` WHERE ( pid = 62 ) ORDER BY ordernum desc  [ RunTime:0.0005s ]
SQL: SELECT `id`,`title` FROM `xmb_productcate` WHERE ( pid = 63 ) ORDER BY ordernum desc  [ RunTime:0.0002s ]
SQL: SELECT `id`,`title` FROM `xmb_productcate` WHERE ( pid = 59 ) ORDER BY ordernum desc  [ RunTime:0.0001s ]
SQL: SELECT `id`,`title` FROM `xmb_productcate` WHERE ( pid = 66 ) ORDER BY ordernum desc  [ RunTime:0.0001s ]
SQL: SELECT `id`,`title` FROM `xmb_productcate` WHERE ( pid = 132 ) ORDER BY ordernum desc  [ RunTime:0.0001s ]
SQL: SELECT `id`,`title` FROM `xmb_productcate` WHERE ( pid = 60 ) ORDER BY ordernum desc  [ RunTime:0.0002s ]
SQL: SELECT `id`,`title` FROM `xmb_productcate` WHERE ( pid = 133 ) ORDER BY ordernum desc  [ RunTime:0.0002s ]
SQL: SELECT `id`,`title` FROM `xmb_productcate` WHERE ( pid = 84 ) ORDER BY ordernum desc  [ RunTime:0.0001s ]
SQL: SELECT `id`,`title` FROM `xmb_productcate` WHERE ( pid = 134 ) ORDER BY ordernum desc  [ RunTime:0.0002s ]
SQL: SELECT `id`,`title` FROM `xmb_productcate` WHERE ( pid = 70 ) ORDER BY ordernum desc  [ RunTime:0.0002s ]
SQL: SHOW COLUMNS FROM `xmb_cart` [ RunTime:0.0011s ]
NOTIC: [8] Undefined index: cid /Users/ligui/work/nao_jia/default/App/Home/Controller/BaseController.class.php 第 33 行.
SQL: SELECT COUNT(*) AS tp_count FROM xmb_cart c LEFT JOIN xmb_goods g on c.gid=g.id  WHERE ( cid="" AND is_del =-1 AND is_up =1  ) LIMIT 1   [ RunTime:0.0023s ]
SQL: SHOW COLUMNS FROM `xmb_space` [ RunTime:0.0011s ]
SQL: SELECT * FROM `xmb_space` ORDER BY sort desc,addtime desc LIMIT 5   [ RunTime:0.0007s ]
SQL: SELECT * FROM `xmb_productcate` WHERE ( pid = 59 ) LIMIT 4   [ RunTime:0.0002s ]
SQL: SELECT * FROM `xmb_productcate` WHERE ( pid = 68 ) LIMIT 4   [ RunTime:0.0001s ]
SQL: SHOW COLUMNS FROM `xmb_goods` [ RunTime:0.0005s ]
SQL: SELECT * FROM `xmb_goods` WHERE ( scate=63 and is_del=-1 and is_up=1 ) ORDER BY sort desc,addtime desc LIMIT 2   [ RunTime:0.0050s ]
SQL: SELECT * FROM `xmb_goods` WHERE ( scate=63 and is_del=-1 and is_up=1 ) ORDER BY sort desc,addtime desc LIMIT 2,21   [ RunTime:0.0005s ]
SQL: SELECT * FROM `xmb_goods` WHERE ( scate=62 and is_del=-1 and is_up=1 ) ORDER BY sort desc,addtime desc LIMIT 2   [ RunTime:0.0004s ]
SQL: SELECT * FROM `xmb_goods` WHERE ( scate=62 and is_del=-1 and is_up=1 ) ORDER BY sort desc,addtime desc LIMIT 2,21   [ RunTime:0.0057s ]
SQL: SELECT * FROM `xmb_goods` WHERE ( scate=66 and is_del=-1 and is_up=1 ) ORDER BY sort desc,addtime desc LIMIT 2   [ RunTime:0.0006s ]
SQL: SELECT * FROM `xmb_goods` WHERE ( scate=66 and is_del=-1 and is_up=1 ) ORDER BY sort desc,addtime desc LIMIT 2,21   [ RunTime:0.0005s ]
SQL: SHOW COLUMNS FROM `xmb_brand` [ RunTime:0.0010s ]
SQL: SELECT * FROM `xmb_brand` ORDER BY sort desc,addtime desc LIMIT 2   [ RunTime:0.0006s ]
SQL: SELECT * FROM `xmb_brand` ORDER BY sort desc,addtime desc LIMIT 2,21   [ RunTime:0.0002s ]
NOTIC: [8] Undefined variable: brand1 /Users/ligui/work/nao_jia/default/App/Home/Controller/IndexController.class.php 第 26 行.
SQL: SELECT * FROM `xmb_goods` WHERE ( scate=60 and is_del=-1 and is_up=1 ) ORDER BY sort desc,addtime desc LIMIT 2   [ RunTime:0.0005s ]
SQL: SELECT * FROM `xmb_goods` WHERE ( scate=60 and is_del=-1 and is_up=1 ) ORDER BY sort desc,addtime desc LIMIT 2,21   [ RunTime:0.0004s ]
SQL: SELECT * FROM `xmb_goods` WHERE ( scate=61 and is_del=-1 and is_up=1 ) ORDER BY sort desc,addtime desc LIMIT 2   [ RunTime:0.0003s ]
SQL: SELECT * FROM `xmb_goods` WHERE ( scate=61 and is_del=-1 and is_up=1 ) ORDER BY sort desc,addtime desc LIMIT 2,21   [ RunTime:0.0003s ]
SQL: SELECT * FROM `xmb_goods` WHERE ( scate=68 and is_del=-1 and is_up=1 ) ORDER BY sort desc,addtime desc LIMIT 2   [ RunTime:0.0003s ]
SQL: SELECT * FROM `xmb_goods` WHERE ( scate=68 and is_del=-1 and is_up=1 ) ORDER BY sort desc,addtime desc LIMIT 2,21   [ RunTime:0.0003s ]
SQL: SHOW COLUMNS FROM `xmb_ad` [ RunTime:0.0007s ]
SQL: SELECT * FROM `xmb_ad` ORDER BY savetime desc  [ RunTime:0.0004s ]
INFO: [ view_parse ] --START--
INFO: [ template_filter ] --START--
INFO: Run Behavior\ContentReplaceBehavior [ RunTime:0.000176s ]
INFO: [ template_filter ] --END-- [ RunTime:0.000290s ]
INFO: Run Behavior\ParseTemplateBehavior [ RunTime:0.029278s ]
INFO: [ view_parse ] --END-- [ RunTime:0.029333s ]
INFO: [ view_filter ] --START--
INFO: Run Behavior\WriteHtmlCacheBehavior [ RunTime:0.000419s ]
INFO: [ view_filter ] --END-- [ RunTime:0.000515s ]
INFO: [ app_end ] --START--
INFO: Run Behavior\ShowPageTraceBehavior [ RunTime:0.000811s ]
INFO: [ app_end ] --END-- [ RunTime:0.000860s ]

