[ 2019-05-23T13:36:44+08:00 ] 127.0.0.1 /
INFO: [ app_init ] --START--
INFO: Run Behavior\BuildLiteBehavior [ RunTime:0.000017s ]
INFO: [ app_init ] --END-- [ RunTime:0.001007s ]
INFO: [ app_begin ] --START--
INFO: Run Behavior\ReadHtmlCacheBehavior [ RunTime:0.001112s ]
INFO: [ app_begin ] --END-- [ RunTime:0.001174s ]
SQL: SHOW COLUMNS FROM `xmb_config` [ RunTime:0.0019s ]
SQL: SELECT * FROM `xmb_config` WHERE ( id = 1 ) LIMIT 1   [ RunTime:0.0006s ]
SQL: SHOW COLUMNS FROM `xmb_productcate` [ RunTime:0.0025s ]
SQL: SELECT `id`,`title` FROM `xmb_productcate` WHERE ( pid = 0 ) ORDER BY ordernum desc LIMIT 7   [ RunTime:0.0002s ]
SQL: SELECT `id`,`title` FROM `xmb_productcate` WHERE ( pid = 58 ) ORDER BY ordernum desc  [ RunTime:0.0002s ]
SQL: SELECT `id`,`title` FROM `xmb_productcate` WHERE ( pid = 62 ) ORDER BY ordernum desc  [ RunTime:0.0002s ]
SQL: SELECT `id`,`title` FROM `xmb_productcate` WHERE ( pid = 63 ) ORDER BY ordernum desc  [ RunTime:0.0002s ]
SQL: SELECT `id`,`title` FROM `xmb_productcate` WHERE ( pid = 59 ) ORDER BY ordernum desc  [ RunTime:0.0001s ]
SQL: SELECT `id`,`title` FROM `xmb_productcate` WHERE ( pid = 66 ) ORDER BY ordernum desc  [ RunTime:0.0001s ]
SQL: SELECT `id`,`title` FROM `xmb_productcate` WHERE ( pid = 132 ) ORDER BY ordernum desc  [ RunTime:0.0002s ]
SQL: SELECT `id`,`title` FROM `xmb_productcate` WHERE ( pid = 60 ) ORDER BY ordernum desc  [ RunTime:0.0002s ]
SQL: SELECT `id`,`title` FROM `xmb_productcate` WHERE ( pid = 133 ) ORDER BY ordernum desc  [ RunTime:0.0002s ]
SQL: SELECT `id`,`title` FROM `xmb_productcate` WHERE ( pid = 84 ) ORDER BY ordernum desc  [ RunTime:0.0001s ]
SQL: SELECT `id`,`title` FROM `xmb_productcate` WHERE ( pid = 134 ) ORDER BY ordernum desc  [ RunTime:0.0001s ]
SQL: SELECT `id`,`title` FROM `xmb_productcate` WHERE ( pid = 70 ) ORDER BY ordernum desc  [ RunTime:0.0001s ]
SQL: SHOW COLUMNS FROM `xmb_cart` [ RunTime:0.0011s ]
NOTIC: [8] Undefined index: cid /Users/ligui/work/nao_jia/default/App/Home/Controller/BaseController.class.php 第 33 行.
SQL: SELECT COUNT(*) AS tp_count FROM xmb_cart c LEFT JOIN xmb_goods g on c.gid=g.id  WHERE ( cid="" AND is_del =-1 AND is_up =1  ) LIMIT 1   [ RunTime:0.0015s ]
SQL: SHOW COLUMNS FROM `xmb_space` [ RunTime:0.0013s ]
SQL: SELECT * FROM `xmb_space` ORDER BY sort desc,addtime desc LIMIT 5   [ RunTime:0.0008s ]
SQL: SELECT * FROM `xmb_productcate` WHERE ( pid = 59 ) LIMIT 4   [ RunTime:0.0002s ]
SQL: SELECT * FROM `xmb_productcate` WHERE ( pid = 68 ) LIMIT 4   [ RunTime:0.0001s ]
SQL: SHOW COLUMNS FROM `xmb_goods` [ RunTime:0.0004s ]
SQL: SELECT * FROM `xmb_goods` WHERE ( scate=63 and is_del=-1 and is_up=1 ) ORDER BY sort desc,addtime desc LIMIT 2   [ RunTime:0.0039s ]
SQL: SELECT * FROM `xmb_goods` WHERE ( scate=63 and is_del=-1 and is_up=1 ) ORDER BY sort desc,addtime desc LIMIT 2,21   [ RunTime:0.0007s ]
SQL: SELECT * FROM `xmb_goods` WHERE ( scate=62 and is_del=-1 and is_up=1 ) ORDER BY sort desc,addtime desc LIMIT 2   [ RunTime:0.0006s ]
SQL: SELECT * FROM `xmb_goods` WHERE ( scate=62 and is_del=-1 and is_up=1 ) ORDER BY sort desc,addtime desc LIMIT 2,21   [ RunTime:0.0007s ]
SQL: SELECT * FROM `xmb_goods` WHERE ( scate=66 and is_del=-1 and is_up=1 ) ORDER BY sort desc,addtime desc LIMIT 2   [ RunTime:0.0004s ]
SQL: SELECT * FROM `xmb_goods` WHERE ( scate=66 and is_del=-1 and is_up=1 ) ORDER BY sort desc,addtime desc LIMIT 2,21   [ RunTime:0.0006s ]
SQL: SHOW COLUMNS FROM `xmb_brand` [ RunTime:0.0009s ]
SQL: SELECT * FROM `xmb_brand` ORDER BY sort desc,addtime desc LIMIT 2   [ RunTime:0.0004s ]
SQL: SELECT * FROM `xmb_brand` ORDER BY sort desc,addtime desc LIMIT 2,21   [ RunTime:0.0001s ]
NOTIC: [8] Undefined variable: brand1 /Users/ligui/work/nao_jia/default/App/Home/Controller/IndexController.class.php 第 26 行.
SQL: SELECT * FROM `xmb_goods` WHERE ( scate=60 and is_del=-1 and is_up=1 ) ORDER BY sort desc,addtime desc LIMIT 2   [ RunTime:0.0003s ]
SQL: SELECT * FROM `xmb_goods` WHERE ( scate=60 and is_del=-1 and is_up=1 ) ORDER BY sort desc,addtime desc LIMIT 2,21   [ RunTime:0.0003s ]
SQL: SELECT * FROM `xmb_goods` WHERE ( scate=61 and is_del=-1 and is_up=1 ) ORDER BY sort desc,addtime desc LIMIT 2   [ RunTime:0.0003s ]
SQL: SELECT * FROM `xmb_goods` WHERE ( scate=61 and is_del=-1 and is_up=1 ) ORDER BY sort desc,addtime desc LIMIT 2,21   [ RunTime:0.0003s ]
SQL: SELECT * FROM `xmb_goods` WHERE ( scate=68 and is_del=-1 and is_up=1 ) ORDER BY sort desc,addtime desc LIMIT 2   [ RunTime:0.0003s ]
SQL: SELECT * FROM `xmb_goods` WHERE ( scate=68 and is_del=-1 and is_up=1 ) ORDER BY sort desc,addtime desc LIMIT 2,21   [ RunTime:0.0003s ]
SQL: SHOW COLUMNS FROM `xmb_ad` [ RunTime:0.0010s ]
SQL: SELECT * FROM `xmb_ad` ORDER BY savetime desc  [ RunTime:0.0004s ]
INFO: [ view_parse ] --START--
INFO: [ template_filter ] --START--
INFO: Run Behavior\ContentReplaceBehavior [ RunTime:0.000092s ]
INFO: [ template_filter ] --END-- [ RunTime:0.000146s ]
INFO: Run Behavior\ParseTemplateBehavior [ RunTime:0.029580s ]
INFO: [ view_parse ] --END-- [ RunTime:0.029638s ]
INFO: [ view_filter ] --START--
INFO: Run Behavior\WriteHtmlCacheBehavior [ RunTime:0.000580s ]
INFO: [ view_filter ] --END-- [ RunTime:0.000630s ]
INFO: [ app_end ] --START--
INFO: Run Behavior\ShowPageTraceBehavior [ RunTime:0.001008s ]
INFO: [ app_end ] --END-- [ RunTime:0.001065s ]

[ 2019-05-23T13:36:50+08:00 ] 127.0.0.1 /favicon.ico
INFO: [ app_init ] --START--
INFO: Run Behavior\BuildLiteBehavior [ RunTime:0.000012s ]
INFO: [ app_init ] --END-- [ RunTime:0.000069s ]

[ 2019-05-23T13:39:10+08:00 ] 127.0.0.1 /aegis/info/id/268
INFO: [ app_init ] --START--
INFO: Run Behavior\BuildLiteBehavior [ RunTime:0.000012s ]
INFO: [ app_init ] --END-- [ RunTime:0.000079s ]
INFO: [ app_begin ] --START--
INFO: Run Behavior\ReadHtmlCacheBehavior [ RunTime:0.000041s ]
INFO: [ app_begin ] --END-- [ RunTime:0.000083s ]
SQL: SHOW COLUMNS FROM `xmb_config` [ RunTime:0.0012s ]
SQL: SELECT * FROM `xmb_config` WHERE ( id = 1 ) LIMIT 1   [ RunTime:0.0003s ]
SQL: SHOW COLUMNS FROM `xmb_productcate` [ RunTime:0.0003s ]
SQL: SELECT `id`,`title` FROM `xmb_productcate` WHERE ( pid = 0 ) ORDER BY ordernum desc LIMIT 7   [ RunTime:0.0002s ]
SQL: SELECT `id`,`title` FROM `xmb_productcate` WHERE ( pid = 58 ) ORDER BY ordernum desc  [ RunTime:0.0002s ]
SQL: SELECT `id`,`title` FROM `xmb_productcate` WHERE ( pid = 62 ) ORDER BY ordernum desc  [ RunTime:0.0002s ]
SQL: SELECT `id`,`title` FROM `xmb_productcate` WHERE ( pid = 63 ) ORDER BY ordernum desc  [ RunTime:0.0002s ]
SQL: SELECT `id`,`title` FROM `xmb_productcate` WHERE ( pid = 59 ) ORDER BY ordernum desc  [ RunTime:0.0002s ]
SQL: SELECT `id`,`title` FROM `xmb_productcate` WHERE ( pid = 66 ) ORDER BY ordernum desc  [ RunTime:0.0001s ]
SQL: SELECT `id`,`title` FROM `xmb_productcate` WHERE ( pid = 132 ) ORDER BY ordernum desc  [ RunTime:0.0001s ]
SQL: SELECT `id`,`title` FROM `xmb_productcate` WHERE ( pid = 60 ) ORDER BY ordernum desc  [ RunTime:0.0001s ]
SQL: SELECT `id`,`title` FROM `xmb_productcate` WHERE ( pid = 133 ) ORDER BY ordernum desc  [ RunTime:0.0001s ]
SQL: SELECT `id`,`title` FROM `xmb_productcate` WHERE ( pid = 84 ) ORDER BY ordernum desc  [ RunTime:0.0001s ]
SQL: SELECT `id`,`title` FROM `xmb_productcate` WHERE ( pid = 134 ) ORDER BY ordernum desc  [ RunTime:0.0001s ]
SQL: SELECT `id`,`title` FROM `xmb_productcate` WHERE ( pid = 70 ) ORDER BY ordernum desc  [ RunTime:0.0001s ]
SQL: SHOW COLUMNS FROM `xmb_cart` [ RunTime:0.0003s ]
NOTIC: [8] Undefined index: cid /Users/ligui/work/nao_jia/default/App/Home/Controller/BaseController.class.php 第 33 行.
SQL: SELECT COUNT(*) AS tp_count FROM xmb_cart c LEFT JOIN xmb_goods g on c.gid=g.id  WHERE ( cid="" AND is_del =-1 AND is_up =1  ) LIMIT 1   [ RunTime:0.0003s ]
SQL: SHOW COLUMNS FROM `xmb_space` [ RunTime:0.0004s ]
SQL: SELECT * FROM `xmb_space` ORDER BY sort desc,addtime desc LIMIT 5   [ RunTime:0.0002s ]
SQL: SELECT * FROM `xmb_productcate` WHERE ( pid = 59 ) LIMIT 4   [ RunTime:0.0002s ]
SQL: SELECT * FROM `xmb_productcate` WHERE ( pid = 68 ) LIMIT 4   [ RunTime:0.0001s ]
SQL: SHOW COLUMNS FROM `xmb_goods` [ RunTime:0.0004s ]
SQL: SELECT * FROM `xmb_goods` WHERE ( id =268 AND is_del =-1 AND is_up =1  ) LIMIT 1   [ RunTime:0.0002s ]
SQL: SHOW COLUMNS FROM `xmb_pingjia` [ RunTime:0.0012s ]
SQL: SELECT COUNT(*) AS tp_count FROM `xmb_pingjia` WHERE ( gid=268 ) LIMIT 1   [ RunTime:0.0002s ]
SQL: SELECT COUNT(*) AS tp_count FROM `xmb_pingjia` WHERE ( status =1 and gid=268 ) LIMIT 1   [ RunTime:0.0002s ]
SQL: SELECT COUNT(*) AS tp_count FROM `xmb_pingjia` WHERE ( status =2 and gid=268 ) LIMIT 1   [ RunTime:0.0002s ]
NOTIC: [8] Undefined index: ping /Users/ligui/work/nao_jia/default/App/Home/Controller/AegisController.class.php 第 81 行.
NOTIC: [8] Undefined index: pai /Users/ligui/work/nao_jia/default/App/Home/Controller/AegisController.class.php 第 88 行.
SQL: SELECT COUNT(*) AS tp_count FROM `xmb_pingjia` WHERE `gid` = 268 LIMIT 1   [ RunTime:0.0002s ]
SQL: SELECT * FROM `xmb_pingjia` WHERE `gid` = 268 ORDER BY addtime desc,score desc LIMIT 0,8   [ RunTime:0.0004s ]
INFO: [ view_parse ] --START--
INFO: [ template_filter ] --START--
INFO: Run Behavior\ContentReplaceBehavior [ RunTime:0.000081s ]
INFO: [ template_filter ] --END-- [ RunTime:0.000128s ]
NOTIC: [8] Undefined index: ping /Users/ligui/work/nao_jia/default/App/Runtime/Cache/Home/cb91e82acd8ad57f65de4f4a0b13a140.php 第 223 行.
NOTIC: [8] Undefined index: ping /Users/ligui/work/nao_jia/default/App/Runtime/Cache/Home/cb91e82acd8ad57f65de4f4a0b13a140.php 第 224 行.
NOTIC: [8] Undefined variable: page /Users/ligui/work/nao_jia/default/App/Runtime/Cache/Home/cb91e82acd8ad57f65de4f4a0b13a140.php 第 275 行.
INFO: Run Behavior\ParseTemplateBehavior [ RunTime:0.013649s ]
INFO: [ view_parse ] --END-- [ RunTime:0.013711s ]
INFO: [ view_filter ] --START--
INFO: Run Behavior\WriteHtmlCacheBehavior [ RunTime:0.000048s ]
INFO: [ view_filter ] --END-- [ RunTime:0.000085s ]
INFO: [ app_end ] --START--
INFO: Run Behavior\ShowPageTraceBehavior [ RunTime:0.000057s ]
INFO: [ app_end ] --END-- [ RunTime:0.000128s ]

[ 2019-05-23T13:40:51+08:00 ] 127.0.0.1 /gift/index
INFO: [ app_init ] --START--
INFO: Run Behavior\BuildLiteBehavior [ RunTime:0.000013s ]
INFO: [ app_init ] --END-- [ RunTime:0.000078s ]
INFO: [ app_begin ] --START--
INFO: Run Behavior\ReadHtmlCacheBehavior [ RunTime:0.000041s ]
INFO: [ app_begin ] --END-- [ RunTime:0.000081s ]
SQL: SHOW COLUMNS FROM `xmb_config` [ RunTime:0.0007s ]
SQL: SELECT * FROM `xmb_config` WHERE ( id = 1 ) LIMIT 1   [ RunTime:0.0003s ]
SQL: SHOW COLUMNS FROM `xmb_productcate` [ RunTime:0.0003s ]
SQL: SELECT `id`,`title` FROM `xmb_productcate` WHERE ( pid = 0 ) ORDER BY ordernum desc LIMIT 7   [ RunTime:0.0002s ]
SQL: SELECT `id`,`title` FROM `xmb_productcate` WHERE ( pid = 58 ) ORDER BY ordernum desc  [ RunTime:0.0001s ]
SQL: SELECT `id`,`title` FROM `xmb_productcate` WHERE ( pid = 62 ) ORDER BY ordernum desc  [ RunTime:0.0001s ]
SQL: SELECT `id`,`title` FROM `xmb_productcate` WHERE ( pid = 63 ) ORDER BY ordernum desc  [ RunTime:0.0001s ]
SQL: SELECT `id`,`title` FROM `xmb_productcate` WHERE ( pid = 59 ) ORDER BY ordernum desc  [ RunTime:0.0002s ]
SQL: SELECT `id`,`title` FROM `xmb_productcate` WHERE ( pid = 66 ) ORDER BY ordernum desc  [ RunTime:0.0002s ]
SQL: SELECT `id`,`title` FROM `xmb_productcate` WHERE ( pid = 132 ) ORDER BY ordernum desc  [ RunTime:0.0002s ]
SQL: SELECT `id`,`title` FROM `xmb_productcate` WHERE ( pid = 60 ) ORDER BY ordernum desc  [ RunTime:0.0001s ]
SQL: SELECT `id`,`title` FROM `xmb_productcate` WHERE ( pid = 133 ) ORDER BY ordernum desc  [ RunTime:0.0001s ]
SQL: SELECT `id`,`title` FROM `xmb_productcate` WHERE ( pid = 84 ) ORDER BY ordernum desc  [ RunTime:0.0001s ]
SQL: SELECT `id`,`title` FROM `xmb_productcate` WHERE ( pid = 134 ) ORDER BY ordernum desc  [ RunTime:0.0001s ]
SQL: SELECT `id`,`title` FROM `xmb_productcate` WHERE ( pid = 70 ) ORDER BY ordernum desc  [ RunTime:0.0001s ]
SQL: SHOW COLUMNS FROM `xmb_cart` [ RunTime:0.0003s ]
NOTIC: [8] Undefined index: cid /Users/ligui/work/nao_jia/default/App/Home/Controller/BaseController.class.php 第 33 行.
SQL: SELECT COUNT(*) AS tp_count FROM xmb_cart c LEFT JOIN xmb_goods g on c.gid=g.id  WHERE ( cid="" AND is_del =-1 AND is_up =1  ) LIMIT 1   [ RunTime:0.0003s ]
SQL: SHOW COLUMNS FROM `xmb_space` [ RunTime:0.0007s ]
SQL: SELECT * FROM `xmb_space` ORDER BY sort desc,addtime desc LIMIT 5   [ RunTime:0.0004s ]
SQL: SELECT * FROM `xmb_productcate` WHERE ( pid = 59 ) LIMIT 4   [ RunTime:0.0002s ]
SQL: SELECT * FROM `xmb_productcate` WHERE ( pid = 68 ) LIMIT 4   [ RunTime:0.0001s ]
SQL: SHOW COLUMNS FROM `xmb_goods` [ RunTime:0.0004s ]
SQL: SELECT COUNT(*) AS tp_count FROM `xmb_goods` WHERE `type` = 1 AND `fcate` = 60 AND `is_del` = -1 AND `is_up` = 1 LIMIT 1   [ RunTime:0.0003s ]
SQL: SELECT * FROM `xmb_productcate` WHERE ( pid = 60 )  [ RunTime:0.0002s ]
SQL: SELECT * FROM `xmb_goods` WHERE `type` = 1 AND `fcate` = 60 AND `is_del` = -1 AND `is_up` = 1 ORDER BY sort desc,addtime desc LIMIT 0,12   [ RunTime:0.0004s ]
SQL: SHOW COLUMNS FROM `xmb_banner` [ RunTime:0.0008s ]
SQL: SELECT * FROM `xmb_banner` WHERE ( type=3 )  [ RunTime:0.0004s ]
NOTIC: [8] Undefined variable: fir /Users/ligui/work/nao_jia/default/App/Home/Controller/GiftController.class.php 第 44 行.
INFO: [ view_parse ] --START--
INFO: [ template_filter ] --START--
INFO: Run Behavior\ContentReplaceBehavior [ RunTime:0.000066s ]
INFO: [ template_filter ] --END-- [ RunTime:0.000118s ]
NOTIC: [8] Undefined index: title /Users/ligui/work/nao_jia/default/App/Runtime/Cache/Home/34bba5846fe872d4e406351d620d78af.php 第 154 行.
INFO: Run Behavior\ParseTemplateBehavior [ RunTime:0.013395s ]
INFO: [ view_parse ] --END-- [ RunTime:0.013445s ]
INFO: [ view_filter ] --START--
INFO: Run Behavior\WriteHtmlCacheBehavior [ RunTime:0.000050s ]
INFO: [ view_filter ] --END-- [ RunTime:0.000086s ]
INFO: [ app_end ] --START--
INFO: Run Behavior\ShowPageTraceBehavior [ RunTime:0.000047s ]
INFO: [ app_end ] --END-- [ RunTime:0.000085s ]

[ 2019-05-23T13:40:55+08:00 ] 127.0.0.1 /weal/index
INFO: [ app_init ] --START--
INFO: Run Behavior\BuildLiteBehavior [ RunTime:0.000013s ]
INFO: [ app_init ] --END-- [ RunTime:0.000078s ]
INFO: [ app_begin ] --START--
INFO: Run Behavior\ReadHtmlCacheBehavior [ RunTime:0.000042s ]
INFO: [ app_begin ] --END-- [ RunTime:0.000083s ]
SQL: SHOW COLUMNS FROM `xmb_config` [ RunTime:0.0007s ]
SQL: SELECT * FROM `xmb_config` WHERE ( id = 1 ) LIMIT 1   [ RunTime:0.0004s ]
SQL: SHOW COLUMNS FROM `xmb_productcate` [ RunTime:0.0006s ]
SQL: SELECT `id`,`title` FROM `xmb_productcate` WHERE ( pid = 0 ) ORDER BY ordernum desc LIMIT 7   [ RunTime:0.0004s ]
SQL: SELECT `id`,`title` FROM `xmb_productcate` WHERE ( pid = 58 ) ORDER BY ordernum desc  [ RunTime:0.0003s ]
SQL: SELECT `id`,`title` FROM `xmb_productcate` WHERE ( pid = 62 ) ORDER BY ordernum desc  [ RunTime:0.0004s ]
SQL: SELECT `id`,`title` FROM `xmb_productcate` WHERE ( pid = 63 ) ORDER BY ordernum desc  [ RunTime:0.0003s ]
SQL: SELECT `id`,`title` FROM `xmb_productcate` WHERE ( pid = 59 ) ORDER BY ordernum desc  [ RunTime:0.0001s ]
SQL: SELECT `id`,`title` FROM `xmb_productcate` WHERE ( pid = 66 ) ORDER BY ordernum desc  [ RunTime:0.0001s ]
SQL: SELECT `id`,`title` FROM `xmb_productcate` WHERE ( pid = 132 ) ORDER BY ordernum desc  [ RunTime:0.0001s ]
SQL: SELECT `id`,`title` FROM `xmb_productcate` WHERE ( pid = 60 ) ORDER BY ordernum desc  [ RunTime:0.0001s ]
SQL: SELECT `id`,`title` FROM `xmb_productcate` WHERE ( pid = 133 ) ORDER BY ordernum desc  [ RunTime:0.0001s ]
SQL: SELECT `id`,`title` FROM `xmb_productcate` WHERE ( pid = 84 ) ORDER BY ordernum desc  [ RunTime:0.0001s ]
SQL: SELECT `id`,`title` FROM `xmb_productcate` WHERE ( pid = 134 ) ORDER BY ordernum desc  [ RunTime:0.0001s ]
SQL: SELECT `id`,`title` FROM `xmb_productcate` WHERE ( pid = 70 ) ORDER BY ordernum desc  [ RunTime:0.0001s ]
SQL: SHOW COLUMNS FROM `xmb_cart` [ RunTime:0.0004s ]
NOTIC: [8] Undefined index: cid /Users/ligui/work/nao_jia/default/App/Home/Controller/BaseController.class.php 第 33 行.
SQL: SELECT COUNT(*) AS tp_count FROM xmb_cart c LEFT JOIN xmb_goods g on c.gid=g.id  WHERE ( cid="" AND is_del =-1 AND is_up =1  ) LIMIT 1   [ RunTime:0.0003s ]
SQL: SHOW COLUMNS FROM `xmb_space` [ RunTime:0.0006s ]
SQL: SELECT * FROM `xmb_space` ORDER BY sort desc,addtime desc LIMIT 5   [ RunTime:0.0003s ]
SQL: SELECT * FROM `xmb_productcate` WHERE ( pid = 59 ) LIMIT 4   [ RunTime:0.0002s ]
SQL: SELECT * FROM `xmb_productcate` WHERE ( pid = 68 ) LIMIT 4   [ RunTime:0.0002s ]
SQL: SHOW COLUMNS FROM `xmb_goods` [ RunTime:0.0004s ]
SQL: SELECT COUNT(*) AS tp_count FROM `xmb_goods` WHERE `type` = 1 AND `fcate` = 61 AND `is_del` = -1 AND `is_up` = 1 LIMIT 1   [ RunTime:0.0004s ]
SQL: SELECT * FROM `xmb_productcate` WHERE ( pid = 61 )  [ RunTime:0.0004s ]
SQL: SELECT * FROM `xmb_goods` WHERE `type` = 1 AND `fcate` = 61 AND `is_del` = -1 AND `is_up` = 1 ORDER BY sort desc,addtime desc LIMIT 0,4   [ RunTime:0.0006s ]
SQL: SHOW COLUMNS FROM `xmb_banner` [ RunTime:0.0004s ]
SQL: SELECT * FROM `xmb_banner` WHERE ( type=4 )  [ RunTime:0.0002s ]
NOTIC: [8] Undefined variable: fir /Users/ligui/work/nao_jia/default/App/Home/Controller/WealController.class.php 第 43 行.
INFO: [ view_parse ] --START--
INFO: [ template_filter ] --START--
INFO: Run Behavior\ContentReplaceBehavior [ RunTime:0.000101s ]
INFO: [ template_filter ] --END-- [ RunTime:0.000177s ]
NOTIC: [8] Undefined index: title /Users/ligui/work/nao_jia/default/App/Runtime/Cache/Home/094a58d46191e97b3d56c6abeb0d3899.php 第 154 行.
INFO: Run Behavior\ParseTemplateBehavior [ RunTime:0.012413s ]
INFO: [ view_parse ] --END-- [ RunTime:0.012472s ]
INFO: [ view_filter ] --START--
INFO: Run Behavior\WriteHtmlCacheBehavior [ RunTime:0.000077s ]
INFO: [ view_filter ] --END-- [ RunTime:0.000135s ]
INFO: [ app_end ] --START--
INFO: Run Behavior\ShowPageTraceBehavior [ RunTime:0.000070s ]
INFO: [ app_end ] --END-- [ RunTime:0.000136s ]

[ 2019-05-23T13:40:57+08:00 ] 127.0.0.1 /plot/index
INFO: [ app_init ] --START--
INFO: Run Behavior\BuildLiteBehavior [ RunTime:0.000012s ]
INFO: [ app_init ] --END-- [ RunTime:0.000070s ]
INFO: [ app_begin ] --START--
INFO: Run Behavior\ReadHtmlCacheBehavior [ RunTime:0.000037s ]
INFO: [ app_begin ] --END-- [ RunTime:0.000079s ]
SQL: SHOW COLUMNS FROM `xmb_config` [ RunTime:0.0006s ]
SQL: SELECT * FROM `xmb_config` WHERE ( id = 1 ) LIMIT 1   [ RunTime:0.0003s ]
SQL: SHOW COLUMNS FROM `xmb_productcate` [ RunTime:0.0003s ]
SQL: SELECT `id`,`title` FROM `xmb_productcate` WHERE ( pid = 0 ) ORDER BY ordernum desc LIMIT 7   [ RunTime:0.0002s ]
SQL: SELECT `id`,`title` FROM `xmb_productcate` WHERE ( pid = 58 ) ORDER BY ordernum desc  [ RunTime:0.0002s ]
SQL: SELECT `id`,`title` FROM `xmb_productcate` WHERE ( pid = 62 ) ORDER BY ordernum desc  [ RunTime:0.0002s ]
SQL: SELECT `id`,`title` FROM `xmb_productcate` WHERE ( pid = 63 ) ORDER BY ordernum desc  [ RunTime:0.0003s ]
SQL: SELECT `id`,`title` FROM `xmb_productcate` WHERE ( pid = 59 ) ORDER BY ordernum desc  [ RunTime:0.0002s ]
SQL: SELECT `id`,`title` FROM `xmb_productcate` WHERE ( pid = 66 ) ORDER BY ordernum desc  [ RunTime:0.0002s ]
SQL: SELECT `id`,`title` FROM `xmb_productcate` WHERE ( pid = 132 ) ORDER BY ordernum desc  [ RunTime:0.0001s ]
SQL: SELECT `id`,`title` FROM `xmb_productcate` WHERE ( pid = 60 ) ORDER BY ordernum desc  [ RunTime:0.0001s ]
SQL: SELECT `id`,`title` FROM `xmb_productcate` WHERE ( pid = 133 ) ORDER BY ordernum desc  [ RunTime:0.0001s ]
SQL: SELECT `id`,`title` FROM `xmb_productcate` WHERE ( pid = 84 ) ORDER BY ordernum desc  [ RunTime:0.0001s ]
SQL: SELECT `id`,`title` FROM `xmb_productcate` WHERE ( pid = 134 ) ORDER BY ordernum desc  [ RunTime:0.0001s ]
SQL: SELECT `id`,`title` FROM `xmb_productcate` WHERE ( pid = 70 ) ORDER BY ordernum desc  [ RunTime:0.0001s ]
SQL: SHOW COLUMNS FROM `xmb_cart` [ RunTime:0.0004s ]
NOTIC: [8] Undefined index: cid /Users/ligui/work/nao_jia/default/App/Home/Controller/BaseController.class.php 第 33 行.
SQL: SELECT COUNT(*) AS tp_count FROM xmb_cart c LEFT JOIN xmb_goods g on c.gid=g.id  WHERE ( cid="" AND is_del =-1 AND is_up =1  ) LIMIT 1   [ RunTime:0.0004s ]
SQL: SHOW COLUMNS FROM `xmb_space` [ RunTime:0.0015s ]
SQL: SELECT * FROM `xmb_space` ORDER BY sort desc,addtime desc LIMIT 5   [ RunTime:0.0003s ]
SQL: SELECT * FROM `xmb_productcate` WHERE ( pid = 59 ) LIMIT 4   [ RunTime:0.0002s ]
SQL: SELECT * FROM `xmb_productcate` WHERE ( pid = 68 ) LIMIT 4   [ RunTime:0.0002s ]
SQL: SHOW COLUMNS FROM `xmb_brand` [ RunTime:0.0005s ]
SQL: SELECT COUNT(*) AS tp_count FROM `xmb_brand` LIMIT 1   [ RunTime:0.0001s ]
SQL: SELECT * FROM `xmb_brand` ORDER BY sort desc,addtime desc LIMIT 0,30   [ RunTime:0.0004s ]
INFO: [ view_parse ] --START--
INFO: [ template_filter ] --START--
INFO: Run Behavior\ContentReplaceBehavior [ RunTime:0.000047s ]
INFO: [ template_filter ] --END-- [ RunTime:0.000094s ]
INFO: Run Behavior\ParseTemplateBehavior [ RunTime:0.007129s ]
INFO: [ view_parse ] --END-- [ RunTime:0.007201s ]
INFO: [ view_filter ] --START--
INFO: Run Behavior\WriteHtmlCacheBehavior [ RunTime:0.000038s ]
INFO: [ view_filter ] --END-- [ RunTime:0.000077s ]
INFO: [ app_end ] --START--
INFO: Run Behavior\ShowPageTraceBehavior [ RunTime:0.000045s ]
INFO: [ app_end ] --END-- [ RunTime:0.000092s ]

[ 2019-05-23T13:41:21+08:00 ] 127.0.0.1 /space/index
INFO: [ app_init ] --START--
INFO: Run Behavior\BuildLiteBehavior [ RunTime:0.000013s ]
INFO: [ app_init ] --END-- [ RunTime:0.000085s ]
INFO: [ app_begin ] --START--
INFO: Run Behavior\ReadHtmlCacheBehavior [ RunTime:0.000047s ]
INFO: [ app_begin ] --END-- [ RunTime:0.000092s ]
SQL: SHOW COLUMNS FROM `xmb_config` [ RunTime:0.0013s ]
SQL: SELECT * FROM `xmb_config` WHERE ( id = 1 ) LIMIT 1   [ RunTime:0.0003s ]
SQL: SHOW COLUMNS FROM `xmb_productcate` [ RunTime:0.0003s ]
SQL: SELECT `id`,`title` FROM `xmb_productcate` WHERE ( pid = 0 ) ORDER BY ordernum desc LIMIT 7   [ RunTime:0.0002s ]
SQL: SELECT `id`,`title` FROM `xmb_productcate` WHERE ( pid = 58 ) ORDER BY ordernum desc  [ RunTime:0.0002s ]
SQL: SELECT `id`,`title` FROM `xmb_productcate` WHERE ( pid = 62 ) ORDER BY ordernum desc  [ RunTime:0.0002s ]
SQL: SELECT `id`,`title` FROM `xmb_productcate` WHERE ( pid = 63 ) ORDER BY ordernum desc  [ RunTime:0.0002s ]
SQL: SELECT `id`,`title` FROM `xmb_productcate` WHERE ( pid = 59 ) ORDER BY ordernum desc  [ RunTime:0.0002s ]
SQL: SELECT `id`,`title` FROM `xmb_productcate` WHERE ( pid = 66 ) ORDER BY ordernum desc  [ RunTime:0.0002s ]
SQL: SELECT `id`,`title` FROM `xmb_productcate` WHERE ( pid = 132 ) ORDER BY ordernum desc  [ RunTime:0.0001s ]
SQL: SELECT `id`,`title` FROM `xmb_productcate` WHERE ( pid = 60 ) ORDER BY ordernum desc  [ RunTime:0.0001s ]
SQL: SELECT `id`,`title` FROM `xmb_productcate` WHERE ( pid = 133 ) ORDER BY ordernum desc  [ RunTime:0.0001s ]
SQL: SELECT `id`,`title` FROM `xmb_productcate` WHERE ( pid = 84 ) ORDER BY ordernum desc  [ RunTime:0.0001s ]
SQL: SELECT `id`,`title` FROM `xmb_productcate` WHERE ( pid = 134 ) ORDER BY ordernum desc  [ RunTime:0.0001s ]
SQL: SELECT `id`,`title` FROM `xmb_productcate` WHERE ( pid = 70 ) ORDER BY ordernum desc  [ RunTime:0.0001s ]
SQL: SHOW COLUMNS FROM `xmb_cart` [ RunTime:0.0006s ]
NOTIC: [8] Undefined index: cid /Users/ligui/work/nao_jia/default/App/Home/Controller/BaseController.class.php 第 33 行.
SQL: SELECT COUNT(*) AS tp_count FROM xmb_cart c LEFT JOIN xmb_goods g on c.gid=g.id  WHERE ( cid="" AND is_del =-1 AND is_up =1  ) LIMIT 1   [ RunTime:0.0004s ]
SQL: SHOW COLUMNS FROM `xmb_space` [ RunTime:0.0008s ]
SQL: SELECT * FROM `xmb_space` ORDER BY sort desc,addtime desc LIMIT 5   [ RunTime:0.0004s ]
SQL: SELECT * FROM `xmb_productcate` WHERE ( pid = 59 ) LIMIT 4   [ RunTime:0.0002s ]
SQL: SELECT * FROM `xmb_productcate` WHERE ( pid = 68 ) LIMIT 4   [ RunTime:0.0002s ]
NOTIC: [8] Undefined variable: map /Users/ligui/work/nao_jia/default/App/Home/Controller/SpaceController.class.php 第 25 行.
SQL: SELECT COUNT(*) AS tp_count FROM `xmb_space` LIMIT 1   [ RunTime:0.0001s ]
NOTIC: [8] Undefined variable: map /Users/ligui/work/nao_jia/default/App/Home/Controller/SpaceController.class.php 第 28 行.
SQL: SELECT * FROM `xmb_space` ORDER BY sort desc,addtime desc LIMIT 0,12   [ RunTime:0.0004s ]
SQL: SHOW COLUMNS FROM `xmb_spacecate` [ RunTime:0.0008s ]
SQL: SELECT `title` FROM `xmb_spacecate` WHERE ( id=65 ) LIMIT 1   [ RunTime:0.0002s ]
SQL: SELECT `title` FROM `xmb_spacecate` WHERE ( id=67 ) LIMIT 1   [ RunTime:0.0001s ]
SQL: SELECT `title` FROM `xmb_spacecate` WHERE ( id=70 ) LIMIT 1   [ RunTime:0.0001s ]
SQL: SELECT `title` FROM `xmb_spacecate` WHERE ( id=65 ) LIMIT 1   [ RunTime:0.0001s ]
SQL: SELECT `title` FROM `xmb_spacecate` WHERE ( id=67 ) LIMIT 1   [ RunTime:0.0001s ]
SQL: SELECT `title` FROM `xmb_spacecate` WHERE ( id=70 ) LIMIT 1   [ RunTime:0.0001s ]
SQL: SELECT `title` FROM `xmb_spacecate` WHERE ( id=65 ) LIMIT 1   [ RunTime:0.0001s ]
SQL: SELECT `title` FROM `xmb_spacecate` WHERE ( id=73 ) LIMIT 1   [ RunTime:0.0001s ]
SQL: SELECT `title` FROM `xmb_spacecate` WHERE ( id=72 ) LIMIT 1   [ RunTime:0.0001s ]
SQL: SELECT `title` FROM `xmb_spacecate` WHERE ( id=64 ) LIMIT 1   [ RunTime:0.0001s ]
SQL: SELECT `title` FROM `xmb_spacecate` WHERE ( id=69 ) LIMIT 1   [ RunTime:0.0001s ]
SQL: SELECT `title` FROM `xmb_spacecate` WHERE ( id=71 ) LIMIT 1   [ RunTime:0.0001s ]
SQL: SELECT `title` FROM `xmb_spacecate` WHERE ( id=62 ) LIMIT 1   [ RunTime:0.0001s ]
SQL: SELECT `title` FROM `xmb_spacecate` WHERE ( id=66 ) LIMIT 1   [ RunTime:0.0001s ]
SQL: SELECT `title` FROM `xmb_spacecate` WHERE ( id=70 ) LIMIT 1   [ RunTime:0.0001s ]
SQL: SELECT `title` FROM `xmb_spacecate` WHERE ( id=64 ) LIMIT 1   [ RunTime:0.0001s ]
SQL: SELECT `title` FROM `xmb_spacecate` WHERE ( id=69 ) LIMIT 1   [ RunTime:0.0001s ]
SQL: SELECT `title` FROM `xmb_spacecate` WHERE ( id=71 ) LIMIT 1   [ RunTime:0.0001s ]
SQL: SELECT `title` FROM `xmb_spacecate` WHERE ( id=63 ) LIMIT 1   [ RunTime:0.0001s ]
SQL: SELECT `title` FROM `xmb_spacecate` WHERE ( id=67 ) LIMIT 1   [ RunTime:0.0001s ]
SQL: SELECT `title` FROM `xmb_spacecate` WHERE ( id=71 ) LIMIT 1   [ RunTime:0.0001s ]
SQL: SELECT `title` FROM `xmb_spacecate` WHERE ( id=63 ) LIMIT 1   [ RunTime:0.0001s ]
SQL: SELECT `title` FROM `xmb_spacecate` WHERE ( id=69 ) LIMIT 1   [ RunTime:0.0001s ]
SQL: SELECT `title` FROM `xmb_spacecate` WHERE ( id=71 ) LIMIT 1   [ RunTime:0.0001s ]
SQL: SELECT `title` FROM `xmb_spacecate` WHERE ( id=63 ) LIMIT 1   [ RunTime:0.0001s ]
SQL: SELECT `title` FROM `xmb_spacecate` WHERE ( id=67 ) LIMIT 1   [ RunTime:0.0002s ]
SQL: SELECT `title` FROM `xmb_spacecate` WHERE ( id=71 ) LIMIT 1   [ RunTime:0.0001s ]
SQL: SELECT `title` FROM `xmb_spacecate` WHERE ( id=63 ) LIMIT 1   [ RunTime:0.0001s ]
SQL: SELECT `title` FROM `xmb_spacecate` WHERE ( id=69 ) LIMIT 1   [ RunTime:0.0001s ]
SQL: SELECT `title` FROM `xmb_spacecate` WHERE ( id=71 ) LIMIT 1   [ RunTime:0.0001s ]
SQL: SELECT `title` FROM `xmb_spacecate` WHERE ( id=63 ) LIMIT 1   [ RunTime:0.0001s ]
SQL: SELECT `title` FROM `xmb_spacecate` WHERE ( id=73 ) LIMIT 1   [ RunTime:0.0001s ]
SQL: SELECT `title` FROM `xmb_spacecate` WHERE ( id=72 ) LIMIT 1   [ RunTime:0.0001s ]
SQL: SELECT `title` FROM `xmb_spacecate` WHERE ( id=63 ) LIMIT 1   [ RunTime:0.0001s ]
SQL: SELECT `title` FROM `xmb_spacecate` WHERE ( id=67 ) LIMIT 1   [ RunTime:0.0001s ]
SQL: SELECT `title` FROM `xmb_spacecate` WHERE ( id=71 ) LIMIT 1   [ RunTime:0.0001s ]
SQL: SELECT * FROM `xmb_spacecate` WHERE ( pid=0 )  [ RunTime:0.0001s ]
SQL: SELECT * FROM `xmb_spacecate` WHERE ( pid=58 )  [ RunTime:0.0001s ]
SQL: SELECT * FROM `xmb_spacecate` WHERE ( pid=59 )  [ RunTime:0.0001s ]
SQL: SELECT * FROM `xmb_spacecate` WHERE ( pid=60 )  [ RunTime:0.0002s ]
SQL: SHOW COLUMNS FROM `xmb_banner` [ RunTime:0.0004s ]
SQL: SELECT * FROM `xmb_banner` WHERE ( type=6 )  [ RunTime:0.0002s ]
INFO: [ view_parse ] --START--
INFO: [ template_filter ] --START--
INFO: Run Behavior\ContentReplaceBehavior [ RunTime:0.000078s ]
INFO: [ template_filter ] --END-- [ RunTime:0.000148s ]
INFO: Run Behavior\ParseTemplateBehavior [ RunTime:0.011480s ]
INFO: [ view_parse ] --END-- [ RunTime:0.011533s ]
INFO: [ view_filter ] --START--
INFO: Run Behavior\WriteHtmlCacheBehavior [ RunTime:0.000057s ]
INFO: [ view_filter ] --END-- [ RunTime:0.000095s ]
INFO: [ app_end ] --START--
INFO: Run Behavior\ShowPageTraceBehavior [ RunTime:0.000050s ]
INFO: [ app_end ] --END-- [ RunTime:0.000091s ]

[ 2019-05-23T13:41:23+08:00 ] 127.0.0.1 /space/info/id/82
INFO: [ app_init ] --START--
INFO: Run Behavior\BuildLiteBehavior [ RunTime:0.000012s ]
INFO: [ app_init ] --END-- [ RunTime:0.000068s ]
INFO: [ app_begin ] --START--
INFO: Run Behavior\ReadHtmlCacheBehavior [ RunTime:0.000035s ]
INFO: [ app_begin ] --END-- [ RunTime:0.000075s ]
SQL: SHOW COLUMNS FROM `xmb_config` [ RunTime:0.0006s ]
SQL: SELECT * FROM `xmb_config` WHERE ( id = 1 ) LIMIT 1   [ RunTime:0.0003s ]
SQL: SHOW COLUMNS FROM `xmb_productcate` [ RunTime:0.0003s ]
SQL: SELECT `id`,`title` FROM `xmb_productcate` WHERE ( pid = 0 ) ORDER BY ordernum desc LIMIT 7   [ RunTime:0.0003s ]
SQL: SELECT `id`,`title` FROM `xmb_productcate` WHERE ( pid = 58 ) ORDER BY ordernum desc  [ RunTime:0.0003s ]
SQL: SELECT `id`,`title` FROM `xmb_productcate` WHERE ( pid = 62 ) ORDER BY ordernum desc  [ RunTime:0.0004s ]
SQL: SELECT `id`,`title` FROM `xmb_productcate` WHERE ( pid = 63 ) ORDER BY ordernum desc  [ RunTime:0.0002s ]
SQL: SELECT `id`,`title` FROM `xmb_productcate` WHERE ( pid = 59 ) ORDER BY ordernum desc  [ RunTime:0.0002s ]
SQL: SELECT `id`,`title` FROM `xmb_productcate` WHERE ( pid = 66 ) ORDER BY ordernum desc  [ RunTime:0.0002s ]
SQL: SELECT `id`,`title` FROM `xmb_productcate` WHERE ( pid = 132 ) ORDER BY ordernum desc  [ RunTime:0.0002s ]
SQL: SELECT `id`,`title` FROM `xmb_productcate` WHERE ( pid = 60 ) ORDER BY ordernum desc  [ RunTime:0.0003s ]
SQL: SELECT `id`,`title` FROM `xmb_productcate` WHERE ( pid = 133 ) ORDER BY ordernum desc  [ RunTime:0.0002s ]
SQL: SELECT `id`,`title` FROM `xmb_productcate` WHERE ( pid = 84 ) ORDER BY ordernum desc  [ RunTime:0.0002s ]
SQL: SELECT `id`,`title` FROM `xmb_productcate` WHERE ( pid = 134 ) ORDER BY ordernum desc  [ RunTime:0.0002s ]
SQL: SELECT `id`,`title` FROM `xmb_productcate` WHERE ( pid = 70 ) ORDER BY ordernum desc  [ RunTime:0.0003s ]
SQL: SHOW COLUMNS FROM `xmb_cart` [ RunTime:0.0006s ]
NOTIC: [8] Undefined index: cid /Users/ligui/work/nao_jia/default/App/Home/Controller/BaseController.class.php 第 33 行.
SQL: SELECT COUNT(*) AS tp_count FROM xmb_cart c LEFT JOIN xmb_goods g on c.gid=g.id  WHERE ( cid="" AND is_del =-1 AND is_up =1  ) LIMIT 1   [ RunTime:0.0005s ]
SQL: SHOW COLUMNS FROM `xmb_space` [ RunTime:0.0005s ]
SQL: SELECT * FROM `xmb_space` ORDER BY sort desc,addtime desc LIMIT 5   [ RunTime:0.0003s ]
SQL: SELECT * FROM `xmb_productcate` WHERE ( pid = 59 ) LIMIT 4   [ RunTime:0.0002s ]
SQL: SELECT * FROM `xmb_productcate` WHERE ( pid = 68 ) LIMIT 4   [ RunTime:0.0001s ]
SQL: SELECT * FROM `xmb_space` WHERE `id` = 82 LIMIT 1   [ RunTime:0.0002s ]
SQL: SHOW COLUMNS FROM `xmb_spacecate` [ RunTime:0.0003s ]
SQL: SELECT `title` FROM `xmb_spacecate` WHERE ( id=65 ) LIMIT 1   [ RunTime:0.0001s ]
SQL: SELECT `title` FROM `xmb_spacecate` WHERE ( id=67 ) LIMIT 1   [ RunTime:0.0001s ]
SQL: SELECT `title` FROM `xmb_spacecate` WHERE ( id=70 ) LIMIT 1   [ RunTime:0.0001s ]
NOTIC: [8] Undefined index: keyword /Users/ligui/work/nao_jia/default/App/Home/Controller/SpaceController.class.php 第 75 行.
INFO: [ view_parse ] --START--
INFO: [ template_filter ] --START--
INFO: Run Behavior\ContentReplaceBehavior [ RunTime:0.000084s ]
INFO: [ template_filter ] --END-- [ RunTime:0.000134s ]
INFO: Run Behavior\ParseTemplateBehavior [ RunTime:0.024969s ]
INFO: [ view_parse ] --END-- [ RunTime:0.025033s ]
INFO: [ view_filter ] --START--
INFO: Run Behavior\WriteHtmlCacheBehavior [ RunTime:0.000096s ]
INFO: [ view_filter ] --END-- [ RunTime:0.000138s ]
INFO: [ app_end ] --START--
INFO: Run Behavior\ShowPageTraceBehavior [ RunTime:0.000095s ]
INFO: [ app_end ] --END-- [ RunTime:0.000158s ]

[ 2019-05-23T13:42:15+08:00 ] 127.0.0.1 /
INFO: [ app_init ] --START--
INFO: Run Behavior\BuildLiteBehavior [ RunTime:0.000028s ]
INFO: [ app_init ] --END-- [ RunTime:0.000185s ]
INFO: [ app_begin ] --START--
INFO: Run Behavior\ReadHtmlCacheBehavior [ RunTime:0.000040s ]
INFO: [ app_begin ] --END-- [ RunTime:0.000080s ]
SQL: SHOW COLUMNS FROM `xmb_config` [ RunTime:0.0007s ]
SQL: SELECT * FROM `xmb_config` WHERE ( id = 1 ) LIMIT 1   [ RunTime:0.0003s ]
SQL: SHOW COLUMNS FROM `xmb_productcate` [ RunTime:0.0004s ]
SQL: SELECT `id`,`title` FROM `xmb_productcate` WHERE ( pid = 0 ) ORDER BY ordernum desc LIMIT 7   [ RunTime:0.0002s ]
SQL: SELECT `id`,`title` FROM `xmb_productcate` WHERE ( pid = 58 ) ORDER BY ordernum desc  [ RunTime:0.0002s ]
SQL: SELECT `id`,`title` FROM `xmb_productcate` WHERE ( pid = 62 ) ORDER BY ordernum desc  [ RunTime:0.0001s ]
SQL: SELECT `id`,`title` FROM `xmb_productcate` WHERE ( pid = 63 ) ORDER BY ordernum desc  [ RunTime:0.0001s ]
SQL: SELECT `id`,`title` FROM `xmb_productcate` WHERE ( pid = 59 ) ORDER BY ordernum desc  [ RunTime:0.0001s ]
SQL: SELECT `id`,`title` FROM `xmb_productcate` WHERE ( pid = 66 ) ORDER BY ordernum desc  [ RunTime:0.0001s ]
SQL: SELECT `id`,`title` FROM `xmb_productcate` WHERE ( pid = 132 ) ORDER BY ordernum desc  [ RunTime:0.0002s ]
SQL: SELECT `id`,`title` FROM `xmb_productcate` WHERE ( pid = 60 ) ORDER BY ordernum desc  [ RunTime:0.0001s ]
SQL: SELECT `id`,`title` FROM `xmb_productcate` WHERE ( pid = 133 ) ORDER BY ordernum desc  [ RunTime:0.0001s ]
SQL: SELECT `id`,`title` FROM `xmb_productcate` WHERE ( pid = 84 ) ORDER BY ordernum desc  [ RunTime:0.0001s ]
SQL: SELECT `id`,`title` FROM `xmb_productcate` WHERE ( pid = 134 ) ORDER BY ordernum desc  [ RunTime:0.0001s ]
SQL: SELECT `id`,`title` FROM `xmb_productcate` WHERE ( pid = 70 ) ORDER BY ordernum desc  [ RunTime:0.0001s ]
SQL: SHOW COLUMNS FROM `xmb_cart` [ RunTime:0.0003s ]
NOTIC: [8] Undefined index: cid /Users/ligui/work/nao_jia/default/App/Home/Controller/BaseController.class.php 第 33 行.
SQL: SELECT COUNT(*) AS tp_count FROM xmb_cart c LEFT JOIN xmb_goods g on c.gid=g.id  WHERE ( cid="" AND is_del =-1 AND is_up =1  ) LIMIT 1   [ RunTime:0.0003s ]
SQL: SHOW COLUMNS FROM `xmb_space` [ RunTime:0.0004s ]
SQL: SELECT * FROM `xmb_space` ORDER BY sort desc,addtime desc LIMIT 5   [ RunTime:0.0002s ]
SQL: SELECT * FROM `xmb_productcate` WHERE ( pid = 59 ) LIMIT 4   [ RunTime:0.0002s ]
SQL: SELECT * FROM `xmb_productcate` WHERE ( pid = 68 ) LIMIT 4   [ RunTime:0.0002s ]
SQL: SHOW COLUMNS FROM `xmb_goods` [ RunTime:0.0004s ]
SQL: SELECT * FROM `xmb_goods` WHERE ( scate=63 and is_del=-1 and is_up=1 ) ORDER BY sort desc,addtime desc LIMIT 2   [ RunTime:0.0004s ]
SQL: SELECT * FROM `xmb_goods` WHERE ( scate=63 and is_del=-1 and is_up=1 ) ORDER BY sort desc,addtime desc LIMIT 2,21   [ RunTime:0.0005s ]
SQL: SELECT * FROM `xmb_goods` WHERE ( scate=62 and is_del=-1 and is_up=1 ) ORDER BY sort desc,addtime desc LIMIT 2   [ RunTime:0.0010s ]
SQL: SELECT * FROM `xmb_goods` WHERE ( scate=62 and is_del=-1 and is_up=1 ) ORDER BY sort desc,addtime desc LIMIT 2,21   [ RunTime:0.0007s ]
SQL: SELECT * FROM `xmb_goods` WHERE ( scate=66 and is_del=-1 and is_up=1 ) ORDER BY sort desc,addtime desc LIMIT 2   [ RunTime:0.0005s ]
SQL: SELECT * FROM `xmb_goods` WHERE ( scate=66 and is_del=-1 and is_up=1 ) ORDER BY sort desc,addtime desc LIMIT 2,21   [ RunTime:0.0024s ]
SQL: SHOW COLUMNS FROM `xmb_brand` [ RunTime:0.0045s ]
SQL: SELECT * FROM `xmb_brand` ORDER BY sort desc,addtime desc LIMIT 2   [ RunTime:0.0002s ]
SQL: SELECT * FROM `xmb_brand` ORDER BY sort desc,addtime desc LIMIT 2,21   [ RunTime:0.0001s ]
NOTIC: [8] Undefined variable: brand1 /Users/ligui/work/nao_jia/default/App/Home/Controller/IndexController.class.php 第 26 行.
SQL: SELECT * FROM `xmb_goods` WHERE ( scate=60 and is_del=-1 and is_up=1 ) ORDER BY sort desc,addtime desc LIMIT 2   [ RunTime:0.0004s ]
SQL: SELECT * FROM `xmb_goods` WHERE ( scate=60 and is_del=-1 and is_up=1 ) ORDER BY sort desc,addtime desc LIMIT 2,21   [ RunTime:0.0004s ]
SQL: SELECT * FROM `xmb_goods` WHERE ( scate=61 and is_del=-1 and is_up=1 ) ORDER BY sort desc,addtime desc LIMIT 2   [ RunTime:0.0004s ]
SQL: SELECT * FROM `xmb_goods` WHERE ( scate=61 and is_del=-1 and is_up=1 ) ORDER BY sort desc,addtime desc LIMIT 2,21   [ RunTime:0.0004s ]
SQL: SELECT * FROM `xmb_goods` WHERE ( scate=68 and is_del=-1 and is_up=1 ) ORDER BY sort desc,addtime desc LIMIT 2   [ RunTime:0.0004s ]
SQL: SELECT * FROM `xmb_goods` WHERE ( scate=68 and is_del=-1 and is_up=1 ) ORDER BY sort desc,addtime desc LIMIT 2,21   [ RunTime:0.0004s ]
SQL: SHOW COLUMNS FROM `xmb_ad` [ RunTime:0.0005s ]
SQL: SELECT * FROM `xmb_ad` ORDER BY savetime desc  [ RunTime:0.0001s ]
INFO: [ view_parse ] --START--
INFO: [ template_filter ] --START--
INFO: Run Behavior\ContentReplaceBehavior [ RunTime:0.000089s ]
INFO: [ template_filter ] --END-- [ RunTime:0.000141s ]
INFO: Run Behavior\ParseTemplateBehavior [ RunTime:0.017149s ]
INFO: [ view_parse ] --END-- [ RunTime:0.017206s ]
INFO: [ view_filter ] --START--
INFO: Run Behavior\WriteHtmlCacheBehavior [ RunTime:0.000076s ]
INFO: [ view_filter ] --END-- [ RunTime:0.000114s ]
INFO: [ app_end ] --START--
INFO: Run Behavior\ShowPageTraceBehavior [ RunTime:0.000049s ]
INFO: [ app_end ] --END-- [ RunTime:0.000092s ]

[ 2019-05-23T13:56:02+08:00 ] 127.0.0.1 /ambient/index
INFO: [ app_init ] --START--
INFO: Run Behavior\BuildLiteBehavior [ RunTime:0.000012s ]
INFO: [ app_init ] --END-- [ RunTime:0.000078s ]
INFO: [ app_begin ] --START--
INFO: Run Behavior\ReadHtmlCacheBehavior [ RunTime:0.000040s ]
INFO: [ app_begin ] --END-- [ RunTime:0.000081s ]
SQL: SHOW COLUMNS FROM `xmb_config` [ RunTime:0.0024s ]
SQL: SELECT * FROM `xmb_config` WHERE ( id = 1 ) LIMIT 1   [ RunTime:0.0003s ]
SQL: SHOW COLUMNS FROM `xmb_productcate` [ RunTime:0.0003s ]
SQL: SELECT `id`,`title` FROM `xmb_productcate` WHERE ( pid = 0 ) ORDER BY ordernum desc LIMIT 7   [ RunTime:0.0002s ]
SQL: SELECT `id`,`title` FROM `xmb_productcate` WHERE ( pid = 58 ) ORDER BY ordernum desc  [ RunTime:0.0001s ]
SQL: SELECT `id`,`title` FROM `xmb_productcate` WHERE ( pid = 62 ) ORDER BY ordernum desc  [ RunTime:0.0001s ]
SQL: SELECT `id`,`title` FROM `xmb_productcate` WHERE ( pid = 63 ) ORDER BY ordernum desc  [ RunTime:0.0002s ]
SQL: SELECT `id`,`title` FROM `xmb_productcate` WHERE ( pid = 59 ) ORDER BY ordernum desc  [ RunTime:0.0001s ]
SQL: SELECT `id`,`title` FROM `xmb_productcate` WHERE ( pid = 66 ) ORDER BY ordernum desc  [ RunTime:0.0001s ]
SQL: SELECT `id`,`title` FROM `xmb_productcate` WHERE ( pid = 132 ) ORDER BY ordernum desc  [ RunTime:0.0001s ]
SQL: SELECT `id`,`title` FROM `xmb_productcate` WHERE ( pid = 60 ) ORDER BY ordernum desc  [ RunTime:0.0001s ]
SQL: SELECT `id`,`title` FROM `xmb_productcate` WHERE ( pid = 133 ) ORDER BY ordernum desc  [ RunTime:0.0001s ]
SQL: SELECT `id`,`title` FROM `xmb_productcate` WHERE ( pid = 84 ) ORDER BY ordernum desc  [ RunTime:0.0001s ]
SQL: SELECT `id`,`title` FROM `xmb_productcate` WHERE ( pid = 134 ) ORDER BY ordernum desc  [ RunTime:0.0001s ]
SQL: SELECT `id`,`title` FROM `xmb_productcate` WHERE ( pid = 70 ) ORDER BY ordernum desc  [ RunTime:0.0001s ]
SQL: SHOW COLUMNS FROM `xmb_cart` [ RunTime:0.0003s ]
NOTIC: [8] Undefined index: cid /Users/ligui/work/nao_jia/default/App/Home/Controller/BaseController.class.php 第 33 行.
SQL: SELECT COUNT(*) AS tp_count FROM xmb_cart c LEFT JOIN xmb_goods g on c.gid=g.id  WHERE ( cid="" AND is_del =-1 AND is_up =1  ) LIMIT 1   [ RunTime:0.0003s ]
SQL: SHOW COLUMNS FROM `xmb_space` [ RunTime:0.0004s ]
SQL: SELECT * FROM `xmb_space` ORDER BY sort desc,addtime desc LIMIT 5   [ RunTime:0.0002s ]
SQL: SELECT * FROM `xmb_productcate` WHERE ( pid = 59 ) LIMIT 4   [ RunTime:0.0002s ]
SQL: SELECT * FROM `xmb_productcate` WHERE ( pid = 68 ) LIMIT 4   [ RunTime:0.0001s ]
SQL: SHOW COLUMNS FROM `xmb_goods` [ RunTime:0.0004s ]
SQL: SELECT COUNT(*) AS tp_count FROM `xmb_goods` WHERE `type` = 1 AND `fcate` = 59 AND `is_del` = -1 AND `is_up` = 1 LIMIT 1   [ RunTime:0.0003s ]
SQL: SELECT * FROM `xmb_productcate` WHERE ( pid = 59 )  [ RunTime:0.0002s ]
SQL: SELECT * FROM `xmb_productcate` WHERE ( pid =66 )  [ RunTime:0.0002s ]
SQL: SELECT * FROM `xmb_productcate` WHERE ( pid =132 )  [ RunTime:0.0001s ]
SQL: SELECT * FROM `xmb_goods` WHERE `type` = 1 AND `fcate` = 59 AND `is_del` = -1 AND `is_up` = 1 ORDER BY sort desc,addtime desc LIMIT 0,8   [ RunTime:0.0008s ]
SQL: SHOW COLUMNS FROM `xmb_banner` [ RunTime:0.0007s ]
SQL: SELECT * FROM `xmb_banner` WHERE ( type=2 )  [ RunTime:0.0003s ]
NOTIC: [8] Undefined variable: fir /Users/ligui/work/nao_jia/default/App/Home/Controller/AmbientController.class.php 第 44 行.
INFO: [ view_parse ] --START--
INFO: [ template_filter ] --START--
INFO: Run Behavior\ContentReplaceBehavior [ RunTime:0.000066s ]
INFO: [ template_filter ] --END-- [ RunTime:0.000116s ]
NOTIC: [8] Undefined index: title /Users/ligui/work/nao_jia/default/App/Runtime/Cache/Home/38d3575fa312ed1e86c5d1dc8ea53bba.php 第 158 行.
INFO: Run Behavior\ParseTemplateBehavior [ RunTime:0.015300s ]
INFO: [ view_parse ] --END-- [ RunTime:0.015361s ]
INFO: [ view_filter ] --START--
INFO: Run Behavior\WriteHtmlCacheBehavior [ RunTime:0.000082s ]
INFO: [ view_filter ] --END-- [ RunTime:0.000123s ]
INFO: [ app_end ] --START--
INFO: Run Behavior\ShowPageTraceBehavior [ RunTime:0.000069s ]
INFO: [ app_end ] --END-- [ RunTime:0.000146s ]

[ 2019-05-23T13:56:09+08:00 ] 127.0.0.1 /space/index
INFO: [ app_init ] --START--
INFO: Run Behavior\BuildLiteBehavior [ RunTime:0.000030s ]
INFO: [ app_init ] --END-- [ RunTime:0.000132s ]
INFO: [ app_begin ] --START--
INFO: Run Behavior\ReadHtmlCacheBehavior [ RunTime:0.000061s ]
INFO: [ app_begin ] --END-- [ RunTime:0.000129s ]
SQL: SHOW COLUMNS FROM `xmb_config` [ RunTime:0.0008s ]
SQL: SELECT * FROM `xmb_config` WHERE ( id = 1 ) LIMIT 1   [ RunTime:0.0013s ]
SQL: SHOW COLUMNS FROM `xmb_productcate` [ RunTime:0.0005s ]
SQL: SELECT `id`,`title` FROM `xmb_productcate` WHERE ( pid = 0 ) ORDER BY ordernum desc LIMIT 7   [ RunTime:0.0008s ]
SQL: SELECT `id`,`title` FROM `xmb_productcate` WHERE ( pid = 58 ) ORDER BY ordernum desc  [ RunTime:0.0003s ]
SQL: SELECT `id`,`title` FROM `xmb_productcate` WHERE ( pid = 62 ) ORDER BY ordernum desc  [ RunTime:0.0003s ]
SQL: SELECT `id`,`title` FROM `xmb_productcate` WHERE ( pid = 63 ) ORDER BY ordernum desc  [ RunTime:0.0002s ]
SQL: SELECT `id`,`title` FROM `xmb_productcate` WHERE ( pid = 59 ) ORDER BY ordernum desc  [ RunTime:0.0001s ]
SQL: SELECT `id`,`title` FROM `xmb_productcate` WHERE ( pid = 66 ) ORDER BY ordernum desc  [ RunTime:0.0002s ]
SQL: SELECT `id`,`title` FROM `xmb_productcate` WHERE ( pid = 132 ) ORDER BY ordernum desc  [ RunTime:0.0002s ]
SQL: SELECT `id`,`title` FROM `xmb_productcate` WHERE ( pid = 60 ) ORDER BY ordernum desc  [ RunTime:0.0001s ]
SQL: SELECT `id`,`title` FROM `xmb_productcate` WHERE ( pid = 133 ) ORDER BY ordernum desc  [ RunTime:0.0001s ]
SQL: SELECT `id`,`title` FROM `xmb_productcate` WHERE ( pid = 84 ) ORDER BY ordernum desc  [ RunTime:0.0001s ]
SQL: SELECT `id`,`title` FROM `xmb_productcate` WHERE ( pid = 134 ) ORDER BY ordernum desc  [ RunTime:0.0001s ]
SQL: SELECT `id`,`title` FROM `xmb_productcate` WHERE ( pid = 70 ) ORDER BY ordernum desc  [ RunTime:0.0001s ]
SQL: SHOW COLUMNS FROM `xmb_cart` [ RunTime:0.0003s ]
NOTIC: [8] Undefined index: cid /Users/ligui/work/nao_jia/default/App/Home/Controller/BaseController.class.php 第 33 行.
SQL: SELECT COUNT(*) AS tp_count FROM xmb_cart c LEFT JOIN xmb_goods g on c.gid=g.id  WHERE ( cid="" AND is_del =-1 AND is_up =1  ) LIMIT 1   [ RunTime:0.0003s ]
SQL: SHOW COLUMNS FROM `xmb_space` [ RunTime:0.0004s ]
SQL: SELECT * FROM `xmb_space` ORDER BY sort desc,addtime desc LIMIT 5   [ RunTime:0.0003s ]
SQL: SELECT * FROM `xmb_productcate` WHERE ( pid = 59 ) LIMIT 4   [ RunTime:0.0002s ]
SQL: SELECT * FROM `xmb_productcate` WHERE ( pid = 68 ) LIMIT 4   [ RunTime:0.0002s ]
NOTIC: [8] Undefined variable: map /Users/ligui/work/nao_jia/default/App/Home/Controller/SpaceController.class.php 第 25 行.
SQL: SELECT COUNT(*) AS tp_count FROM `xmb_space` LIMIT 1   [ RunTime:0.0001s ]
NOTIC: [8] Undefined variable: map /Users/ligui/work/nao_jia/default/App/Home/Controller/SpaceController.class.php 第 28 行.
SQL: SELECT * FROM `xmb_space` ORDER BY sort desc,addtime desc LIMIT 0,12   [ RunTime:0.0003s ]
SQL: SHOW COLUMNS FROM `xmb_spacecate` [ RunTime:0.0005s ]
SQL: SELECT `title` FROM `xmb_spacecate` WHERE ( id=65 ) LIMIT 1   [ RunTime:0.0002s ]
SQL: SELECT `title` FROM `xmb_spacecate` WHERE ( id=67 ) LIMIT 1   [ RunTime:0.0003s ]
SQL: SELECT `title` FROM `xmb_spacecate` WHERE ( id=70 ) LIMIT 1   [ RunTime:0.0001s ]
SQL: SELECT `title` FROM `xmb_spacecate` WHERE ( id=65 ) LIMIT 1   [ RunTime:0.0001s ]
SQL: SELECT `title` FROM `xmb_spacecate` WHERE ( id=67 ) LIMIT 1   [ RunTime:0.0001s ]
SQL: SELECT `title` FROM `xmb_spacecate` WHERE ( id=70 ) LIMIT 1   [ RunTime:0.0001s ]
SQL: SELECT `title` FROM `xmb_spacecate` WHERE ( id=65 ) LIMIT 1   [ RunTime:0.0001s ]
SQL: SELECT `title` FROM `xmb_spacecate` WHERE ( id=73 ) LIMIT 1   [ RunTime:0.0003s ]
SQL: SELECT `title` FROM `xmb_spacecate` WHERE ( id=72 ) LIMIT 1   [ RunTime:0.0002s ]
SQL: SELECT `title` FROM `xmb_spacecate` WHERE ( id=64 ) LIMIT 1   [ RunTime:0.0002s ]
SQL: SELECT `title` FROM `xmb_spacecate` WHERE ( id=69 ) LIMIT 1   [ RunTime:0.0001s ]
SQL: SELECT `title` FROM `xmb_spacecate` WHERE ( id=71 ) LIMIT 1   [ RunTime:0.0005s ]
SQL: SELECT `title` FROM `xmb_spacecate` WHERE ( id=62 ) LIMIT 1   [ RunTime:0.0007s ]
SQL: SELECT `title` FROM `xmb_spacecate` WHERE ( id=66 ) LIMIT 1   [ RunTime:0.0004s ]
SQL: SELECT `title` FROM `xmb_spacecate` WHERE ( id=70 ) LIMIT 1   [ RunTime:0.0004s ]
SQL: SELECT `title` FROM `xmb_spacecate` WHERE ( id=64 ) LIMIT 1   [ RunTime:0.0003s ]
SQL: SELECT `title` FROM `xmb_spacecate` WHERE ( id=69 ) LIMIT 1   [ RunTime:0.0003s ]
SQL: SELECT `title` FROM `xmb_spacecate` WHERE ( id=71 ) LIMIT 1   [ RunTime:0.0001s ]
SQL: SELECT `title` FROM `xmb_spacecate` WHERE ( id=63 ) LIMIT 1   [ RunTime:0.0001s ]
SQL: SELECT `title` FROM `xmb_spacecate` WHERE ( id=67 ) LIMIT 1   [ RunTime:0.0001s ]
SQL: SELECT `title` FROM `xmb_spacecate` WHERE ( id=71 ) LIMIT 1   [ RunTime:0.0001s ]
SQL: SELECT `title` FROM `xmb_spacecate` WHERE ( id=63 ) LIMIT 1   [ RunTime:0.0001s ]
SQL: SELECT `title` FROM `xmb_spacecate` WHERE ( id=69 ) LIMIT 1   [ RunTime:0.0001s ]
SQL: SELECT `title` FROM `xmb_spacecate` WHERE ( id=71 ) LIMIT 1   [ RunTime:0.0001s ]
SQL: SELECT `title` FROM `xmb_spacecate` WHERE ( id=63 ) LIMIT 1   [ RunTime:0.0002s ]
SQL: SELECT `title` FROM `xmb_spacecate` WHERE ( id=67 ) LIMIT 1   [ RunTime:0.0002s ]
SQL: SELECT `title` FROM `xmb_spacecate` WHERE ( id=71 ) LIMIT 1   [ RunTime:0.0001s ]
SQL: SELECT `title` FROM `xmb_spacecate` WHERE ( id=63 ) LIMIT 1   [ RunTime:0.0001s ]
SQL: SELECT `title` FROM `xmb_spacecate` WHERE ( id=69 ) LIMIT 1   [ RunTime:0.0001s ]
SQL: SELECT `title` FROM `xmb_spacecate` WHERE ( id=71 ) LIMIT 1   [ RunTime:0.0001s ]
SQL: SELECT `title` FROM `xmb_spacecate` WHERE ( id=63 ) LIMIT 1   [ RunTime:0.0001s ]
SQL: SELECT `title` FROM `xmb_spacecate` WHERE ( id=73 ) LIMIT 1   [ RunTime:0.0001s ]
SQL: SELECT `title` FROM `xmb_spacecate` WHERE ( id=72 ) LIMIT 1   [ RunTime:0.0001s ]
SQL: SELECT `title` FROM `xmb_spacecate` WHERE ( id=63 ) LIMIT 1   [ RunTime:0.0001s ]
SQL: SELECT `title` FROM `xmb_spacecate` WHERE ( id=67 ) LIMIT 1   [ RunTime:0.0001s ]
SQL: SELECT `title` FROM `xmb_spacecate` WHERE ( id=71 ) LIMIT 1   [ RunTime:0.0001s ]
SQL: SELECT * FROM `xmb_spacecate` WHERE ( pid=0 )  [ RunTime:0.0001s ]
SQL: SELECT * FROM `xmb_spacecate` WHERE ( pid=58 )  [ RunTime:0.0001s ]
SQL: SELECT * FROM `xmb_spacecate` WHERE ( pid=59 )  [ RunTime:0.0001s ]
SQL: SELECT * FROM `xmb_spacecate` WHERE ( pid=60 )  [ RunTime:0.0002s ]
SQL: SHOW COLUMNS FROM `xmb_banner` [ RunTime:0.0013s ]
SQL: SELECT * FROM `xmb_banner` WHERE ( type=6 )  [ RunTime:0.0002s ]
INFO: [ view_parse ] --START--
INFO: [ template_filter ] --START--
INFO: Run Behavior\ContentReplaceBehavior [ RunTime:0.000181s ]
INFO: [ template_filter ] --END-- [ RunTime:0.000366s ]
INFO: Run Behavior\ParseTemplateBehavior [ RunTime:0.013046s ]
INFO: [ view_parse ] --END-- [ RunTime:0.013097s ]
INFO: [ view_filter ] --START--
INFO: Run Behavior\WriteHtmlCacheBehavior [ RunTime:0.000064s ]
INFO: [ view_filter ] --END-- [ RunTime:0.000101s ]
INFO: [ app_end ] --START--
INFO: Run Behavior\ShowPageTraceBehavior [ RunTime:0.000083s ]
INFO: [ app_end ] --END-- [ RunTime:0.000129s ]

