[ 2019-05-15T14:28:29+08:00 ] 127.0.0.1 /
INFO: [ app_init ] --START--
INFO: Run Behavior\BuildLiteBehavior [ RunTime:0.000023s ]
INFO: [ app_init ] --END-- [ RunTime:0.000867s ]
INFO: [ app_begin ] --START--
INFO: Run Behavior\ReadHtmlCacheBehavior [ RunTime:0.001176s ]
INFO: [ app_begin ] --END-- [ RunTime:0.001256s ]
SQL: SHOW COLUMNS FROM `xmb_config` [ RunTime:0.0076s ]
SQL: SELECT * FROM `xmb_config` WHERE ( id = 1 ) LIMIT 1   [ RunTime:0.0006s ]
SQL: SHOW COLUMNS FROM `xmb_productcate` [ RunTime:0.0032s ]
SQL: SELECT `id`,`title` FROM `xmb_productcate` WHERE ( pid = 0 ) ORDER BY ordernum desc LIMIT 7   [ RunTime:0.0005s ]
SQL: SELECT `id`,`title` FROM `xmb_productcate` WHERE ( pid = 58 ) ORDER BY ordernum desc  [ RunTime:0.0003s ]
SQL: SELECT `id`,`title` FROM `xmb_productcate` WHERE ( pid = 62 ) ORDER BY ordernum desc  [ RunTime:0.0002s ]
SQL: SELECT `id`,`title` FROM `xmb_productcate` WHERE ( pid = 63 ) ORDER BY ordernum desc  [ RunTime:0.0002s ]
SQL: SELECT `id`,`title` FROM `xmb_productcate` WHERE ( pid = 59 ) ORDER BY ordernum desc  [ RunTime:0.0002s ]
SQL: SELECT `id`,`title` FROM `xmb_productcate` WHERE ( pid = 66 ) ORDER BY ordernum desc  [ RunTime:0.0002s ]
SQL: SELECT `id`,`title` FROM `xmb_productcate` WHERE ( pid = 132 ) ORDER BY ordernum desc  [ RunTime:0.0002s ]
SQL: SELECT `id`,`title` FROM `xmb_productcate` WHERE ( pid = 60 ) ORDER BY ordernum desc  [ RunTime:0.0002s ]
SQL: SELECT `id`,`title` FROM `xmb_productcate` WHERE ( pid = 133 ) ORDER BY ordernum desc  [ RunTime:0.0003s ]
SQL: SELECT `id`,`title` FROM `xmb_productcate` WHERE ( pid = 84 ) ORDER BY ordernum desc  [ RunTime:0.0002s ]
SQL: SELECT `id`,`title` FROM `xmb_productcate` WHERE ( pid = 134 ) ORDER BY ordernum desc  [ RunTime:0.0002s ]
SQL: SELECT `id`,`title` FROM `xmb_productcate` WHERE ( pid = 70 ) ORDER BY ordernum desc  [ RunTime:0.0002s ]
SQL: SHOW COLUMNS FROM `xmb_cart` [ RunTime:0.0010s ]
NOTIC: [8] Undefined index: cid /Users/ligui/work/nao_jia/default/App/Home/Controller/BaseController.class.php 第 33 行.
SQL: SELECT COUNT(*) AS tp_count FROM xmb_cart c LEFT JOIN xmb_goods g on c.gid=g.id  WHERE ( cid="" AND is_del =-1 AND is_up =1  ) LIMIT 1   [ RunTime:0.0036s ]
SQL: SHOW COLUMNS FROM `xmb_space` [ RunTime:0.0019s ]
SQL: SELECT * FROM `xmb_space` ORDER BY sort desc,addtime desc LIMIT 5   [ RunTime:0.0007s ]
SQL: SELECT * FROM `xmb_productcate` WHERE ( pid = 59 ) LIMIT 4   [ RunTime:0.0002s ]
SQL: SELECT * FROM `xmb_productcate` WHERE ( pid = 68 ) LIMIT 4   [ RunTime:0.0002s ]
SQL: SHOW COLUMNS FROM `xmb_goods` [ RunTime:0.0007s ]
SQL: SELECT * FROM `xmb_goods` WHERE ( scate=63 and is_del=-1 and is_up=1 ) ORDER BY sort desc,addtime desc LIMIT 2   [ RunTime:0.0058s ]
SQL: SELECT * FROM `xmb_goods` WHERE ( scate=63 and is_del=-1 and is_up=1 ) ORDER BY sort desc,addtime desc LIMIT 2,21   [ RunTime:0.0006s ]
SQL: SELECT * FROM `xmb_goods` WHERE ( scate=62 and is_del=-1 and is_up=1 ) ORDER BY sort desc,addtime desc LIMIT 2   [ RunTime:0.0004s ]
SQL: SELECT * FROM `xmb_goods` WHERE ( scate=62 and is_del=-1 and is_up=1 ) ORDER BY sort desc,addtime desc LIMIT 2,21   [ RunTime:0.0005s ]
SQL: SELECT * FROM `xmb_goods` WHERE ( scate=66 and is_del=-1 and is_up=1 ) ORDER BY sort desc,addtime desc LIMIT 2   [ RunTime:0.0004s ]
SQL: SELECT * FROM `xmb_goods` WHERE ( scate=66 and is_del=-1 and is_up=1 ) ORDER BY sort desc,addtime desc LIMIT 2,21   [ RunTime:0.0005s ]
SQL: SHOW COLUMNS FROM `xmb_brand` [ RunTime:0.0015s ]
SQL: SELECT * FROM `xmb_brand` ORDER BY sort desc,addtime desc LIMIT 2   [ RunTime:0.0007s ]
SQL: SELECT * FROM `xmb_brand` ORDER BY sort desc,addtime desc LIMIT 2,21   [ RunTime:0.0003s ]
NOTIC: [8] Undefined variable: brand1 /Users/ligui/work/nao_jia/default/App/Home/Controller/IndexController.class.php 第 26 行.
SQL: SELECT * FROM `xmb_goods` WHERE ( scate=60 and is_del=-1 and is_up=1 ) ORDER BY sort desc,addtime desc LIMIT 2   [ RunTime:0.0004s ]
SQL: SELECT * FROM `xmb_goods` WHERE ( scate=60 and is_del=-1 and is_up=1 ) ORDER BY sort desc,addtime desc LIMIT 2,21   [ RunTime:0.0003s ]
SQL: SELECT * FROM `xmb_goods` WHERE ( scate=61 and is_del=-1 and is_up=1 ) ORDER BY sort desc,addtime desc LIMIT 2   [ RunTime:0.0003s ]
SQL: SELECT * FROM `xmb_goods` WHERE ( scate=61 and is_del=-1 and is_up=1 ) ORDER BY sort desc,addtime desc LIMIT 2,21   [ RunTime:0.0003s ]
SQL: SELECT * FROM `xmb_goods` WHERE ( scate=68 and is_del=-1 and is_up=1 ) ORDER BY sort desc,addtime desc LIMIT 2   [ RunTime:0.0003s ]
SQL: SELECT * FROM `xmb_goods` WHERE ( scate=68 and is_del=-1 and is_up=1 ) ORDER BY sort desc,addtime desc LIMIT 2,21   [ RunTime:0.0003s ]
SQL: SHOW COLUMNS FROM `xmb_ad` [ RunTime:0.0009s ]
SQL: SELECT * FROM `xmb_ad` ORDER BY savetime desc  [ RunTime:0.0004s ]
INFO: [ view_parse ] --START--
INFO: [ template_filter ] --START--
INFO: Run Behavior\ContentReplaceBehavior [ RunTime:0.000148s ]
INFO: [ template_filter ] --END-- [ RunTime:0.000203s ]
INFO: Run Behavior\ParseTemplateBehavior [ RunTime:0.036865s ]
INFO: [ view_parse ] --END-- [ RunTime:0.036929s ]
INFO: [ view_filter ] --START--
INFO: Run Behavior\WriteHtmlCacheBehavior [ RunTime:0.000595s ]
INFO: [ view_filter ] --END-- [ RunTime:0.000660s ]
INFO: [ app_end ] --START--
INFO: Run Behavior\ShowPageTraceBehavior [ RunTime:0.001272s ]
INFO: [ app_end ] --END-- [ RunTime:0.001353s ]

[ 2019-05-15T16:17:19+08:00 ] 127.0.0.1 /favicon.ico
INFO: [ app_init ] --START--
INFO: Run Behavior\BuildLiteBehavior [ RunTime:0.000020s ]
INFO: [ app_init ] --END-- [ RunTime:0.000094s ]

[ 2019-05-15T17:19:46+08:00 ] 127.0.0.1 /
INFO: [ app_init ] --START--
INFO: Run Behavior\BuildLiteBehavior [ RunTime:0.000017s ]
INFO: [ app_init ] --END-- [ RunTime:0.000119s ]
INFO: [ app_begin ] --START--
INFO: Run Behavior\ReadHtmlCacheBehavior [ RunTime:0.000064s ]
INFO: [ app_begin ] --END-- [ RunTime:0.000123s ]
SQL: SHOW COLUMNS FROM `xmb_config` [ RunTime:0.0026s ]
SQL: SELECT * FROM `xmb_config` WHERE ( id = 1 ) LIMIT 1   [ RunTime:0.0003s ]
SQL: SHOW COLUMNS FROM `xmb_productcate` [ RunTime:0.0007s ]
SQL: SELECT `id`,`title` FROM `xmb_productcate` WHERE ( pid = 0 ) ORDER BY ordernum desc LIMIT 7   [ RunTime:0.0004s ]
SQL: SELECT `id`,`title` FROM `xmb_productcate` WHERE ( pid = 58 ) ORDER BY ordernum desc  [ RunTime:0.0003s ]
SQL: SELECT `id`,`title` FROM `xmb_productcate` WHERE ( pid = 62 ) ORDER BY ordernum desc  [ RunTime:0.0002s ]
SQL: SELECT `id`,`title` FROM `xmb_productcate` WHERE ( pid = 63 ) ORDER BY ordernum desc  [ RunTime:0.0002s ]
SQL: SELECT `id`,`title` FROM `xmb_productcate` WHERE ( pid = 59 ) ORDER BY ordernum desc  [ RunTime:0.0005s ]
SQL: SELECT `id`,`title` FROM `xmb_productcate` WHERE ( pid = 66 ) ORDER BY ordernum desc  [ RunTime:0.0010s ]
SQL: SELECT `id`,`title` FROM `xmb_productcate` WHERE ( pid = 132 ) ORDER BY ordernum desc  [ RunTime:0.0021s ]
SQL: SELECT `id`,`title` FROM `xmb_productcate` WHERE ( pid = 60 ) ORDER BY ordernum desc  [ RunTime:0.0003s ]
SQL: SELECT `id`,`title` FROM `xmb_productcate` WHERE ( pid = 133 ) ORDER BY ordernum desc  [ RunTime:0.0003s ]
SQL: SELECT `id`,`title` FROM `xmb_productcate` WHERE ( pid = 84 ) ORDER BY ordernum desc  [ RunTime:0.0002s ]
SQL: SELECT `id`,`title` FROM `xmb_productcate` WHERE ( pid = 134 ) ORDER BY ordernum desc  [ RunTime:0.0001s ]
SQL: SELECT `id`,`title` FROM `xmb_productcate` WHERE ( pid = 70 ) ORDER BY ordernum desc  [ RunTime:0.0001s ]
SQL: SHOW COLUMNS FROM `xmb_cart` [ RunTime:0.0004s ]
NOTIC: [8] Undefined index: cid /Users/ligui/work/nao_jia/default/App/Home/Controller/BaseController.class.php 第 33 行.
SQL: SELECT COUNT(*) AS tp_count FROM xmb_cart c LEFT JOIN xmb_goods g on c.gid=g.id  WHERE ( cid="" AND is_del =-1 AND is_up =1  ) LIMIT 1   [ RunTime:0.0004s ]
SQL: SHOW COLUMNS FROM `xmb_space` [ RunTime:0.0005s ]
SQL: SELECT * FROM `xmb_space` ORDER BY sort desc,addtime desc LIMIT 5   [ RunTime:0.0003s ]
SQL: SELECT * FROM `xmb_productcate` WHERE ( pid = 59 ) LIMIT 4   [ RunTime:0.0003s ]
SQL: SELECT * FROM `xmb_productcate` WHERE ( pid = 68 ) LIMIT 4   [ RunTime:0.0003s ]
SQL: SHOW COLUMNS FROM `xmb_goods` [ RunTime:0.0010s ]
SQL: SELECT * FROM `xmb_goods` WHERE ( scate=63 and is_del=-1 and is_up=1 ) ORDER BY sort desc,addtime desc LIMIT 2   [ RunTime:0.0006s ]
SQL: SELECT * FROM `xmb_goods` WHERE ( scate=63 and is_del=-1 and is_up=1 ) ORDER BY sort desc,addtime desc LIMIT 2,21   [ RunTime:0.0005s ]
SQL: SELECT * FROM `xmb_goods` WHERE ( scate=62 and is_del=-1 and is_up=1 ) ORDER BY sort desc,addtime desc LIMIT 2   [ RunTime:0.0004s ]
SQL: SELECT * FROM `xmb_goods` WHERE ( scate=62 and is_del=-1 and is_up=1 ) ORDER BY sort desc,addtime desc LIMIT 2,21   [ RunTime:0.0006s ]
SQL: SELECT * FROM `xmb_goods` WHERE ( scate=66 and is_del=-1 and is_up=1 ) ORDER BY sort desc,addtime desc LIMIT 2   [ RunTime:0.0004s ]
SQL: SELECT * FROM `xmb_goods` WHERE ( scate=66 and is_del=-1 and is_up=1 ) ORDER BY sort desc,addtime desc LIMIT 2,21   [ RunTime:0.0006s ]
SQL: SHOW COLUMNS FROM `xmb_brand` [ RunTime:0.0007s ]
SQL: SELECT * FROM `xmb_brand` ORDER BY sort desc,addtime desc LIMIT 2   [ RunTime:0.0002s ]
SQL: SELECT * FROM `xmb_brand` ORDER BY sort desc,addtime desc LIMIT 2,21   [ RunTime:0.0002s ]
NOTIC: [8] Undefined variable: brand1 /Users/ligui/work/nao_jia/default/App/Home/Controller/IndexController.class.php 第 26 行.
SQL: SELECT * FROM `xmb_goods` WHERE ( scate=60 and is_del=-1 and is_up=1 ) ORDER BY sort desc,addtime desc LIMIT 2   [ RunTime:0.0020s ]
SQL: SELECT * FROM `xmb_goods` WHERE ( scate=60 and is_del=-1 and is_up=1 ) ORDER BY sort desc,addtime desc LIMIT 2,21   [ RunTime:0.0010s ]
SQL: SELECT * FROM `xmb_goods` WHERE ( scate=61 and is_del=-1 and is_up=1 ) ORDER BY sort desc,addtime desc LIMIT 2   [ RunTime:0.0004s ]
SQL: SELECT * FROM `xmb_goods` WHERE ( scate=61 and is_del=-1 and is_up=1 ) ORDER BY sort desc,addtime desc LIMIT 2,21   [ RunTime:0.0003s ]
SQL: SELECT * FROM `xmb_goods` WHERE ( scate=68 and is_del=-1 and is_up=1 ) ORDER BY sort desc,addtime desc LIMIT 2   [ RunTime:0.0003s ]
SQL: SELECT * FROM `xmb_goods` WHERE ( scate=68 and is_del=-1 and is_up=1 ) ORDER BY sort desc,addtime desc LIMIT 2,21   [ RunTime:0.0003s ]
SQL: SHOW COLUMNS FROM `xmb_ad` [ RunTime:0.0005s ]
SQL: SELECT * FROM `xmb_ad` ORDER BY savetime desc  [ RunTime:0.0002s ]
INFO: [ view_parse ] --START--
INFO: [ template_filter ] --START--
INFO: Run Behavior\ContentReplaceBehavior [ RunTime:0.000088s ]
INFO: [ template_filter ] --END-- [ RunTime:0.000141s ]
INFO: Run Behavior\ParseTemplateBehavior [ RunTime:0.021957s ]
INFO: [ view_parse ] --END-- [ RunTime:0.022009s ]
INFO: [ view_filter ] --START--
INFO: Run Behavior\WriteHtmlCacheBehavior [ RunTime:0.000057s ]
INFO: [ view_filter ] --END-- [ RunTime:0.000100s ]
INFO: [ app_end ] --START--
INFO: Run Behavior\ShowPageTraceBehavior [ RunTime:0.000057s ]
INFO: [ app_end ] --END-- [ RunTime:0.000099s ]

[ 2019-05-15T17:19:49+08:00 ] 127.0.0.1 /admin
INFO: [ app_init ] --START--
INFO: Run Behavior\BuildLiteBehavior [ RunTime:0.000022s ]
INFO: [ app_init ] --END-- [ RunTime:0.000180s ]
INFO: [ app_begin ] --START--
INFO: Run Behavior\ReadHtmlCacheBehavior [ RunTime:0.000277s ]
INFO: [ app_begin ] --END-- [ RunTime:0.000347s ]
ERR: 无法加载控制器:Admin

