[ 2019-05-04T01:33:43+08:00 ] 81.92.62.171 /
INFO: [ app_init ] --START--
INFO: Run Behavior\BuildLiteBehavior [ RunTime:0.000010s ]
INFO: [ app_init ] --END-- [ RunTime:0.000266s ]
INFO: [ app_begin ] --START--
INFO: Run Behavior\ReadHtmlCacheBehavior [ RunTime:0.000375s ]
INFO: [ app_begin ] --END-- [ RunTime:0.000407s ]
SQL: SHOW COLUMNS FROM `xmb_config` [ RunTime:0.0005s ]
SQL: SELECT * FROM `xmb_config` WHERE ( id = 1 ) LIMIT 1   [ RunTime:0.0001s ]
SQL: SHOW COLUMNS FROM `xmb_productcate` [ RunTime:0.0003s ]
SQL: SELECT `id`,`title` FROM `xmb_productcate` WHERE ( pid = 0 ) ORDER BY ordernum desc LIMIT 7   [ RunTime:0.0001s ]
SQL: SELECT `id`,`title` FROM `xmb_productcate` WHERE ( pid = 58 ) ORDER BY ordernum desc  [ RunTime:0.0001s ]
SQL: SELECT `id`,`title` FROM `xmb_productcate` WHERE ( pid = 62 ) ORDER BY ordernum desc  [ RunTime:0.0000s ]
SQL: SELECT `id`,`title` FROM `xmb_productcate` WHERE ( pid = 63 ) ORDER BY ordernum desc  [ RunTime:0.0001s ]
SQL: SELECT `id`,`title` FROM `xmb_productcate` WHERE ( pid = 59 ) ORDER BY ordernum desc  [ RunTime:0.0000s ]
SQL: SELECT `id`,`title` FROM `xmb_productcate` WHERE ( pid = 66 ) ORDER BY ordernum desc  [ RunTime:0.0000s ]
SQL: SELECT `id`,`title` FROM `xmb_productcate` WHERE ( pid = 132 ) ORDER BY ordernum desc  [ RunTime:0.0000s ]
SQL: SELECT `id`,`title` FROM `xmb_productcate` WHERE ( pid = 60 ) ORDER BY ordernum desc  [ RunTime:0.0001s ]
SQL: SELECT `id`,`title` FROM `xmb_productcate` WHERE ( pid = 133 ) ORDER BY ordernum desc  [ RunTime:0.0000s ]
SQL: SELECT `id`,`title` FROM `xmb_productcate` WHERE ( pid = 84 ) ORDER BY ordernum desc  [ RunTime:0.0001s ]
SQL: SELECT `id`,`title` FROM `xmb_productcate` WHERE ( pid = 134 ) ORDER BY ordernum desc  [ RunTime:0.0001s ]
SQL: SELECT `id`,`title` FROM `xmb_productcate` WHERE ( pid = 70 ) ORDER BY ordernum desc  [ RunTime:0.0001s ]
SQL: SHOW COLUMNS FROM `xmb_cart` [ RunTime:0.0005s ]
NOTIC: [8] Undefined index: cid /home/wwwroot/default/App/Home/Controller/BaseController.class.php 第 33 行.
SQL: SELECT COUNT(*) AS tp_count FROM xmb_cart c LEFT JOIN xmb_goods g on c.gid=g.id  WHERE ( cid="" AND is_del =-1 AND is_up =1  ) LIMIT 1   [ RunTime:0.0001s ]
SQL: SHOW COLUMNS FROM `xmb_space` [ RunTime:0.0004s ]
SQL: SELECT * FROM `xmb_space` ORDER BY sort desc,addtime desc LIMIT 5   [ RunTime:0.0002s ]
SQL: SELECT * FROM `xmb_productcate` WHERE ( pid = 59 ) LIMIT 4   [ RunTime:0.0001s ]
SQL: SELECT * FROM `xmb_productcate` WHERE ( pid = 68 ) LIMIT 4   [ RunTime:0.0001s ]
SQL: SHOW COLUMNS FROM `xmb_goods` [ RunTime:0.0006s ]
SQL: SELECT * FROM `xmb_goods` WHERE ( scate=63 and is_del=-1 and is_up=1 ) ORDER BY sort desc,addtime desc LIMIT 2   [ RunTime:0.0001s ]
SQL: SELECT * FROM `xmb_goods` WHERE ( scate=63 and is_del=-1 and is_up=1 ) ORDER BY sort desc,addtime desc LIMIT 2,21   [ RunTime:0.0001s ]
SQL: SELECT * FROM `xmb_goods` WHERE ( scate=62 and is_del=-1 and is_up=1 ) ORDER BY sort desc,addtime desc LIMIT 2   [ RunTime:0.0001s ]
SQL: SELECT * FROM `xmb_goods` WHERE ( scate=62 and is_del=-1 and is_up=1 ) ORDER BY sort desc,addtime desc LIMIT 2,21   [ RunTime:0.0001s ]
SQL: SELECT * FROM `xmb_goods` WHERE ( scate=66 and is_del=-1 and is_up=1 ) ORDER BY sort desc,addtime desc LIMIT 2   [ RunTime:0.0001s ]
SQL: SELECT * FROM `xmb_goods` WHERE ( scate=66 and is_del=-1 and is_up=1 ) ORDER BY sort desc,addtime desc LIMIT 2,21   [ RunTime:0.0002s ]
SQL: SHOW COLUMNS FROM `xmb_brand` [ RunTime:0.0005s ]
SQL: SELECT * FROM `xmb_brand` ORDER BY sort desc,addtime desc LIMIT 2   [ RunTime:0.0001s ]
SQL: SELECT * FROM `xmb_brand` ORDER BY sort desc,addtime desc LIMIT 2,21   [ RunTime:0.0001s ]
NOTIC: [8] Undefined variable: brand1 /home/wwwroot/default/App/Home/Controller/IndexController.class.php 第 26 行.
SQL: SELECT * FROM `xmb_goods` WHERE ( scate=60 and is_del=-1 and is_up=1 ) ORDER BY sort desc,addtime desc LIMIT 2   [ RunTime:0.0001s ]
SQL: SELECT * FROM `xmb_goods` WHERE ( scate=60 and is_del=-1 and is_up=1 ) ORDER BY sort desc,addtime desc LIMIT 2,21   [ RunTime:0.0001s ]
SQL: SELECT * FROM `xmb_goods` WHERE ( scate=61 and is_del=-1 and is_up=1 ) ORDER BY sort desc,addtime desc LIMIT 2   [ RunTime:0.0001s ]
SQL: SELECT * FROM `xmb_goods` WHERE ( scate=61 and is_del=-1 and is_up=1 ) ORDER BY sort desc,addtime desc LIMIT 2,21   [ RunTime:0.0001s ]
SQL: SELECT * FROM `xmb_goods` WHERE ( scate=68 and is_del=-1 and is_up=1 ) ORDER BY sort desc,addtime desc LIMIT 2   [ RunTime:0.0001s ]
SQL: SELECT * FROM `xmb_goods` WHERE ( scate=68 and is_del=-1 and is_up=1 ) ORDER BY sort desc,addtime desc LIMIT 2,21   [ RunTime:0.0001s ]
SQL: SHOW COLUMNS FROM `xmb_ad` [ RunTime:0.0003s ]
SQL: SELECT * FROM `xmb_ad` ORDER BY savetime desc  [ RunTime:0.0001s ]
INFO: [ view_parse ] --START--
INFO: [ template_filter ] --START--
INFO: Run Behavior\ContentReplaceBehavior [ RunTime:0.000100s ]
INFO: [ template_filter ] --END-- [ RunTime:0.000144s ]
INFO: Run Behavior\ParseTemplateBehavior [ RunTime:0.019481s ]
INFO: [ view_parse ] --END-- [ RunTime:0.019527s ]
INFO: [ view_filter ] --START--
INFO: Run Behavior\WriteHtmlCacheBehavior [ RunTime:0.000181s ]
INFO: [ view_filter ] --END-- [ RunTime:0.000201s ]
INFO: [ app_end ] --START--
INFO: Run Behavior\ShowPageTraceBehavior [ RunTime:0.000393s ]
INFO: [ app_end ] --END-- [ RunTime:0.000421s ]

[ 2019-05-04T02:19:13+08:00 ] 91.186.217.120 /
INFO: [ app_init ] --START--
INFO: Run Behavior\BuildLiteBehavior [ RunTime:0.000015s ]
INFO: [ app_init ] --END-- [ RunTime:0.000339s ]
INFO: [ app_begin ] --START--
INFO: Run Behavior\ReadHtmlCacheBehavior [ RunTime:0.000390s ]
INFO: [ app_begin ] --END-- [ RunTime:0.000435s ]
SQL: SHOW COLUMNS FROM `xmb_config` [ RunTime:0.0005s ]
SQL: SELECT * FROM `xmb_config` WHERE ( id = 1 ) LIMIT 1   [ RunTime:0.0001s ]
SQL: SHOW COLUMNS FROM `xmb_productcate` [ RunTime:0.0003s ]
SQL: SELECT `id`,`title` FROM `xmb_productcate` WHERE ( pid = 0 ) ORDER BY ordernum desc LIMIT 7   [ RunTime:0.0001s ]
SQL: SELECT `id`,`title` FROM `xmb_productcate` WHERE ( pid = 58 ) ORDER BY ordernum desc  [ RunTime:0.0002s ]
SQL: SELECT `id`,`title` FROM `xmb_productcate` WHERE ( pid = 62 ) ORDER BY ordernum desc  [ RunTime:0.0001s ]
SQL: SELECT `id`,`title` FROM `xmb_productcate` WHERE ( pid = 63 ) ORDER BY ordernum desc  [ RunTime:0.0001s ]
SQL: SELECT `id`,`title` FROM `xmb_productcate` WHERE ( pid = 59 ) ORDER BY ordernum desc  [ RunTime:0.0002s ]
SQL: SELECT `id`,`title` FROM `xmb_productcate` WHERE ( pid = 66 ) ORDER BY ordernum desc  [ RunTime:0.0001s ]
SQL: SELECT `id`,`title` FROM `xmb_productcate` WHERE ( pid = 132 ) ORDER BY ordernum desc  [ RunTime:0.0001s ]
SQL: SELECT `id`,`title` FROM `xmb_productcate` WHERE ( pid = 60 ) ORDER BY ordernum desc  [ RunTime:0.0001s ]
SQL: SELECT `id`,`title` FROM `xmb_productcate` WHERE ( pid = 133 ) ORDER BY ordernum desc  [ RunTime:0.0001s ]
SQL: SELECT `id`,`title` FROM `xmb_productcate` WHERE ( pid = 84 ) ORDER BY ordernum desc  [ RunTime:0.0001s ]
SQL: SELECT `id`,`title` FROM `xmb_productcate` WHERE ( pid = 134 ) ORDER BY ordernum desc  [ RunTime:0.0001s ]
SQL: SELECT `id`,`title` FROM `xmb_productcate` WHERE ( pid = 70 ) ORDER BY ordernum desc  [ RunTime:0.0001s ]
SQL: SHOW COLUMNS FROM `xmb_cart` [ RunTime:0.0005s ]
NOTIC: [8] Undefined index: cid /home/wwwroot/default/App/Home/Controller/BaseController.class.php 第 33 行.
SQL: SELECT COUNT(*) AS tp_count FROM xmb_cart c LEFT JOIN xmb_goods g on c.gid=g.id  WHERE ( cid="" AND is_del =-1 AND is_up =1  ) LIMIT 1   [ RunTime:0.0001s ]
SQL: SHOW COLUMNS FROM `xmb_space` [ RunTime:0.0004s ]
SQL: SELECT * FROM `xmb_space` ORDER BY sort desc,addtime desc LIMIT 5   [ RunTime:0.0001s ]
SQL: SELECT * FROM `xmb_productcate` WHERE ( pid = 59 ) LIMIT 4   [ RunTime:0.0001s ]
SQL: SELECT * FROM `xmb_productcate` WHERE ( pid = 68 ) LIMIT 4   [ RunTime:0.0001s ]
SQL: SHOW COLUMNS FROM `xmb_goods` [ RunTime:0.0005s ]
SQL: SELECT * FROM `xmb_goods` WHERE ( scate=63 and is_del=-1 and is_up=1 ) ORDER BY sort desc,addtime desc LIMIT 2   [ RunTime:0.0001s ]
SQL: SELECT * FROM `xmb_goods` WHERE ( scate=63 and is_del=-1 and is_up=1 ) ORDER BY sort desc,addtime desc LIMIT 2,21   [ RunTime:0.0001s ]
SQL: SELECT * FROM `xmb_goods` WHERE ( scate=62 and is_del=-1 and is_up=1 ) ORDER BY sort desc,addtime desc LIMIT 2   [ RunTime:0.0001s ]
SQL: SELECT * FROM `xmb_goods` WHERE ( scate=62 and is_del=-1 and is_up=1 ) ORDER BY sort desc,addtime desc LIMIT 2,21   [ RunTime:0.0002s ]
SQL: SELECT * FROM `xmb_goods` WHERE ( scate=66 and is_del=-1 and is_up=1 ) ORDER BY sort desc,addtime desc LIMIT 2   [ RunTime:0.0002s ]
SQL: SELECT * FROM `xmb_goods` WHERE ( scate=66 and is_del=-1 and is_up=1 ) ORDER BY sort desc,addtime desc LIMIT 2,21   [ RunTime:0.0002s ]
SQL: SHOW COLUMNS FROM `xmb_brand` [ RunTime:0.0006s ]
SQL: SELECT * FROM `xmb_brand` ORDER BY sort desc,addtime desc LIMIT 2   [ RunTime:0.0001s ]
SQL: SELECT * FROM `xmb_brand` ORDER BY sort desc,addtime desc LIMIT 2,21   [ RunTime:0.0001s ]
NOTIC: [8] Undefined variable: brand1 /home/wwwroot/default/App/Home/Controller/IndexController.class.php 第 26 行.
SQL: SELECT * FROM `xmb_goods` WHERE ( scate=60 and is_del=-1 and is_up=1 ) ORDER BY sort desc,addtime desc LIMIT 2   [ RunTime:0.0001s ]
SQL: SELECT * FROM `xmb_goods` WHERE ( scate=60 and is_del=-1 and is_up=1 ) ORDER BY sort desc,addtime desc LIMIT 2,21   [ RunTime:0.0001s ]
SQL: SELECT * FROM `xmb_goods` WHERE ( scate=61 and is_del=-1 and is_up=1 ) ORDER BY sort desc,addtime desc LIMIT 2   [ RunTime:0.0001s ]
SQL: SELECT * FROM `xmb_goods` WHERE ( scate=61 and is_del=-1 and is_up=1 ) ORDER BY sort desc,addtime desc LIMIT 2,21   [ RunTime:0.0001s ]
SQL: SELECT * FROM `xmb_goods` WHERE ( scate=68 and is_del=-1 and is_up=1 ) ORDER BY sort desc,addtime desc LIMIT 2   [ RunTime:0.0001s ]
SQL: SELECT * FROM `xmb_goods` WHERE ( scate=68 and is_del=-1 and is_up=1 ) ORDER BY sort desc,addtime desc LIMIT 2,21   [ RunTime:0.0001s ]
SQL: SHOW COLUMNS FROM `xmb_ad` [ RunTime:0.0004s ]
SQL: SELECT * FROM `xmb_ad` ORDER BY savetime desc  [ RunTime:0.0001s ]
INFO: [ view_parse ] --START--
INFO: [ template_filter ] --START--
INFO: Run Behavior\ContentReplaceBehavior [ RunTime:0.000101s ]
INFO: [ template_filter ] --END-- [ RunTime:0.000145s ]
INFO: Run Behavior\ParseTemplateBehavior [ RunTime:0.019200s ]
INFO: [ view_parse ] --END-- [ RunTime:0.019253s ]
INFO: [ view_filter ] --START--
INFO: Run Behavior\WriteHtmlCacheBehavior [ RunTime:0.000180s ]
INFO: [ view_filter ] --END-- [ RunTime:0.000202s ]
INFO: [ app_end ] --START--
INFO: Run Behavior\ShowPageTraceBehavior [ RunTime:0.000400s ]
INFO: [ app_end ] --END-- [ RunTime:0.000432s ]

[ 2019-05-04T03:11:06+08:00 ] 194.53.179.229 /
INFO: [ app_init ] --START--
INFO: Run Behavior\BuildLiteBehavior [ RunTime:0.000010s ]
INFO: [ app_init ] --END-- [ RunTime:0.000248s ]
INFO: [ app_begin ] --START--
INFO: Run Behavior\ReadHtmlCacheBehavior [ RunTime:0.000334s ]
INFO: [ app_begin ] --END-- [ RunTime:0.000365s ]
SQL: SHOW COLUMNS FROM `xmb_config` [ RunTime:0.0005s ]
SQL: SELECT * FROM `xmb_config` WHERE ( id = 1 ) LIMIT 1   [ RunTime:0.0001s ]
SQL: SHOW COLUMNS FROM `xmb_productcate` [ RunTime:0.0004s ]
SQL: SELECT `id`,`title` FROM `xmb_productcate` WHERE ( pid = 0 ) ORDER BY ordernum desc LIMIT 7   [ RunTime:0.0002s ]
SQL: SELECT `id`,`title` FROM `xmb_productcate` WHERE ( pid = 58 ) ORDER BY ordernum desc  [ RunTime:0.0001s ]
SQL: SELECT `id`,`title` FROM `xmb_productcate` WHERE ( pid = 62 ) ORDER BY ordernum desc  [ RunTime:0.0001s ]
SQL: SELECT `id`,`title` FROM `xmb_productcate` WHERE ( pid = 63 ) ORDER BY ordernum desc  [ RunTime:0.0001s ]
SQL: SELECT `id`,`title` FROM `xmb_productcate` WHERE ( pid = 59 ) ORDER BY ordernum desc  [ RunTime:0.0001s ]
SQL: SELECT `id`,`title` FROM `xmb_productcate` WHERE ( pid = 66 ) ORDER BY ordernum desc  [ RunTime:0.0001s ]
SQL: SELECT `id`,`title` FROM `xmb_productcate` WHERE ( pid = 132 ) ORDER BY ordernum desc  [ RunTime:0.0001s ]
SQL: SELECT `id`,`title` FROM `xmb_productcate` WHERE ( pid = 60 ) ORDER BY ordernum desc  [ RunTime:0.0001s ]
SQL: SELECT `id`,`title` FROM `xmb_productcate` WHERE ( pid = 133 ) ORDER BY ordernum desc  [ RunTime:0.0001s ]
SQL: SELECT `id`,`title` FROM `xmb_productcate` WHERE ( pid = 84 ) ORDER BY ordernum desc  [ RunTime:0.0001s ]
SQL: SELECT `id`,`title` FROM `xmb_productcate` WHERE ( pid = 134 ) ORDER BY ordernum desc  [ RunTime:0.0001s ]
SQL: SELECT `id`,`title` FROM `xmb_productcate` WHERE ( pid = 70 ) ORDER BY ordernum desc  [ RunTime:0.0001s ]
SQL: SHOW COLUMNS FROM `xmb_cart` [ RunTime:0.0004s ]
NOTIC: [8] Undefined index: cid /home/wwwroot/default/App/Home/Controller/BaseController.class.php 第 33 行.
SQL: SELECT COUNT(*) AS tp_count FROM xmb_cart c LEFT JOIN xmb_goods g on c.gid=g.id  WHERE ( cid="" AND is_del =-1 AND is_up =1  ) LIMIT 1   [ RunTime:0.0001s ]
SQL: SHOW COLUMNS FROM `xmb_space` [ RunTime:0.0003s ]
SQL: SELECT * FROM `xmb_space` ORDER BY sort desc,addtime desc LIMIT 5   [ RunTime:0.0001s ]
SQL: SELECT * FROM `xmb_productcate` WHERE ( pid = 59 ) LIMIT 4   [ RunTime:0.0002s ]
SQL: SELECT * FROM `xmb_productcate` WHERE ( pid = 68 ) LIMIT 4   [ RunTime:0.0001s ]
SQL: SHOW COLUMNS FROM `xmb_goods` [ RunTime:0.0005s ]
SQL: SELECT * FROM `xmb_goods` WHERE ( scate=63 and is_del=-1 and is_up=1 ) ORDER BY sort desc,addtime desc LIMIT 2   [ RunTime:0.0001s ]
SQL: SELECT * FROM `xmb_goods` WHERE ( scate=63 and is_del=-1 and is_up=1 ) ORDER BY sort desc,addtime desc LIMIT 2,21   [ RunTime:0.0001s ]
SQL: SELECT * FROM `xmb_goods` WHERE ( scate=62 and is_del=-1 and is_up=1 ) ORDER BY sort desc,addtime desc LIMIT 2   [ RunTime:0.0001s ]
SQL: SELECT * FROM `xmb_goods` WHERE ( scate=62 and is_del=-1 and is_up=1 ) ORDER BY sort desc,addtime desc LIMIT 2,21   [ RunTime:0.0001s ]
SQL: SELECT * FROM `xmb_goods` WHERE ( scate=66 and is_del=-1 and is_up=1 ) ORDER BY sort desc,addtime desc LIMIT 2   [ RunTime:0.0001s ]
SQL: SELECT * FROM `xmb_goods` WHERE ( scate=66 and is_del=-1 and is_up=1 ) ORDER BY sort desc,addtime desc LIMIT 2,21   [ RunTime:0.0001s ]
SQL: SHOW COLUMNS FROM `xmb_brand` [ RunTime:0.0003s ]
SQL: SELECT * FROM `xmb_brand` ORDER BY sort desc,addtime desc LIMIT 2   [ RunTime:0.0001s ]
SQL: SELECT * FROM `xmb_brand` ORDER BY sort desc,addtime desc LIMIT 2,21   [ RunTime:0.0000s ]
NOTIC: [8] Undefined variable: brand1 /home/wwwroot/default/App/Home/Controller/IndexController.class.php 第 26 行.
SQL: SELECT * FROM `xmb_goods` WHERE ( scate=60 and is_del=-1 and is_up=1 ) ORDER BY sort desc,addtime desc LIMIT 2   [ RunTime:0.0001s ]
SQL: SELECT * FROM `xmb_goods` WHERE ( scate=60 and is_del=-1 and is_up=1 ) ORDER BY sort desc,addtime desc LIMIT 2,21   [ RunTime:0.0001s ]
SQL: SELECT * FROM `xmb_goods` WHERE ( scate=61 and is_del=-1 and is_up=1 ) ORDER BY sort desc,addtime desc LIMIT 2   [ RunTime:0.0001s ]
SQL: SELECT * FROM `xmb_goods` WHERE ( scate=61 and is_del=-1 and is_up=1 ) ORDER BY sort desc,addtime desc LIMIT 2,21   [ RunTime:0.0001s ]
SQL: SELECT * FROM `xmb_goods` WHERE ( scate=68 and is_del=-1 and is_up=1 ) ORDER BY sort desc,addtime desc LIMIT 2   [ RunTime:0.0001s ]
SQL: SELECT * FROM `xmb_goods` WHERE ( scate=68 and is_del=-1 and is_up=1 ) ORDER BY sort desc,addtime desc LIMIT 2,21   [ RunTime:0.0001s ]
SQL: SHOW COLUMNS FROM `xmb_ad` [ RunTime:0.0003s ]
SQL: SELECT * FROM `xmb_ad` ORDER BY savetime desc  [ RunTime:0.0000s ]
INFO: [ view_parse ] --START--
INFO: [ template_filter ] --START--
INFO: Run Behavior\ContentReplaceBehavior [ RunTime:0.000115s ]
INFO: [ template_filter ] --END-- [ RunTime:0.000171s ]
INFO: Run Behavior\ParseTemplateBehavior [ RunTime:0.019808s ]
INFO: [ view_parse ] --END-- [ RunTime:0.019860s ]
INFO: [ view_filter ] --START--
INFO: Run Behavior\WriteHtmlCacheBehavior [ RunTime:0.000195s ]
INFO: [ view_filter ] --END-- [ RunTime:0.000215s ]
INFO: [ app_end ] --START--
INFO: Run Behavior\ShowPageTraceBehavior [ RunTime:0.000384s ]
INFO: [ app_end ] --END-- [ RunTime:0.000424s ]

[ 2019-05-04T03:44:12+08:00 ] 120.78.225.124 /
INFO: [ app_init ] --START--
INFO: Run Behavior\BuildLiteBehavior [ RunTime:0.000010s ]
INFO: [ app_init ] --END-- [ RunTime:0.000251s ]
INFO: [ app_begin ] --START--
INFO: Run Behavior\ReadHtmlCacheBehavior [ RunTime:0.000333s ]
INFO: [ app_begin ] --END-- [ RunTime:0.000363s ]
SQL: SHOW COLUMNS FROM `xmb_config` [ RunTime:0.0007s ]
SQL: SELECT * FROM `xmb_config` WHERE ( id = 1 ) LIMIT 1   [ RunTime:0.0001s ]
SQL: SHOW COLUMNS FROM `xmb_productcate` [ RunTime:0.0003s ]
SQL: SELECT `id`,`title` FROM `xmb_productcate` WHERE ( pid = 0 ) ORDER BY ordernum desc LIMIT 7   [ RunTime:0.0001s ]
SQL: SELECT `id`,`title` FROM `xmb_productcate` WHERE ( pid = 58 ) ORDER BY ordernum desc  [ RunTime:0.0001s ]
SQL: SELECT `id`,`title` FROM `xmb_productcate` WHERE ( pid = 62 ) ORDER BY ordernum desc  [ RunTime:0.0001s ]
SQL: SELECT `id`,`title` FROM `xmb_productcate` WHERE ( pid = 63 ) ORDER BY ordernum desc  [ RunTime:0.0000s ]
SQL: SELECT `id`,`title` FROM `xmb_productcate` WHERE ( pid = 59 ) ORDER BY ordernum desc  [ RunTime:0.0000s ]
SQL: SELECT `id`,`title` FROM `xmb_productcate` WHERE ( pid = 66 ) ORDER BY ordernum desc  [ RunTime:0.0000s ]
SQL: SELECT `id`,`title` FROM `xmb_productcate` WHERE ( pid = 132 ) ORDER BY ordernum desc  [ RunTime:0.0001s ]
SQL: SELECT `id`,`title` FROM `xmb_productcate` WHERE ( pid = 60 ) ORDER BY ordernum desc  [ RunTime:0.0001s ]
SQL: SELECT `id`,`title` FROM `xmb_productcate` WHERE ( pid = 133 ) ORDER BY ordernum desc  [ RunTime:0.0001s ]
SQL: SELECT `id`,`title` FROM `xmb_productcate` WHERE ( pid = 84 ) ORDER BY ordernum desc  [ RunTime:0.0001s ]
SQL: SELECT `id`,`title` FROM `xmb_productcate` WHERE ( pid = 134 ) ORDER BY ordernum desc  [ RunTime:0.0001s ]
SQL: SELECT `id`,`title` FROM `xmb_productcate` WHERE ( pid = 70 ) ORDER BY ordernum desc  [ RunTime:0.0001s ]
SQL: SHOW COLUMNS FROM `xmb_cart` [ RunTime:0.0005s ]
NOTIC: [8] Undefined index: cid /home/wwwroot/default/App/Home/Controller/BaseController.class.php 第 33 行.
SQL: SELECT COUNT(*) AS tp_count FROM xmb_cart c LEFT JOIN xmb_goods g on c.gid=g.id  WHERE ( cid="" AND is_del =-1 AND is_up =1  ) LIMIT 1   [ RunTime:0.0001s ]
SQL: SHOW COLUMNS FROM `xmb_space` [ RunTime:0.0005s ]
SQL: SELECT * FROM `xmb_space` ORDER BY sort desc,addtime desc LIMIT 5   [ RunTime:0.0001s ]
SQL: SELECT * FROM `xmb_productcate` WHERE ( pid = 59 ) LIMIT 4   [ RunTime:0.0001s ]
SQL: SELECT * FROM `xmb_productcate` WHERE ( pid = 68 ) LIMIT 4   [ RunTime:0.0001s ]
SQL: SHOW COLUMNS FROM `xmb_goods` [ RunTime:0.0004s ]
SQL: SELECT * FROM `xmb_goods` WHERE ( scate=63 and is_del=-1 and is_up=1 ) ORDER BY sort desc,addtime desc LIMIT 2   [ RunTime:0.0001s ]
SQL: SELECT * FROM `xmb_goods` WHERE ( scate=63 and is_del=-1 and is_up=1 ) ORDER BY sort desc,addtime desc LIMIT 2,21   [ RunTime:0.0001s ]
SQL: SELECT * FROM `xmb_goods` WHERE ( scate=62 and is_del=-1 and is_up=1 ) ORDER BY sort desc,addtime desc LIMIT 2   [ RunTime:0.0001s ]
SQL: SELECT * FROM `xmb_goods` WHERE ( scate=62 and is_del=-1 and is_up=1 ) ORDER BY sort desc,addtime desc LIMIT 2,21   [ RunTime:0.0001s ]
SQL: SELECT * FROM `xmb_goods` WHERE ( scate=66 and is_del=-1 and is_up=1 ) ORDER BY sort desc,addtime desc LIMIT 2   [ RunTime:0.0001s ]
SQL: SELECT * FROM `xmb_goods` WHERE ( scate=66 and is_del=-1 and is_up=1 ) ORDER BY sort desc,addtime desc LIMIT 2,21   [ RunTime:0.0002s ]
SQL: SHOW COLUMNS FROM `xmb_brand` [ RunTime:0.0003s ]
SQL: SELECT * FROM `xmb_brand` ORDER BY sort desc,addtime desc LIMIT 2   [ RunTime:0.0001s ]
SQL: SELECT * FROM `xmb_brand` ORDER BY sort desc,addtime desc LIMIT 2,21   [ RunTime:0.0001s ]
NOTIC: [8] Undefined variable: brand1 /home/wwwroot/default/App/Home/Controller/IndexController.class.php 第 26 行.
SQL: SELECT * FROM `xmb_goods` WHERE ( scate=60 and is_del=-1 and is_up=1 ) ORDER BY sort desc,addtime desc LIMIT 2   [ RunTime:0.0001s ]
SQL: SELECT * FROM `xmb_goods` WHERE ( scate=60 and is_del=-1 and is_up=1 ) ORDER BY sort desc,addtime desc LIMIT 2,21   [ RunTime:0.0001s ]
SQL: SELECT * FROM `xmb_goods` WHERE ( scate=61 and is_del=-1 and is_up=1 ) ORDER BY sort desc,addtime desc LIMIT 2   [ RunTime:0.0001s ]
SQL: SELECT * FROM `xmb_goods` WHERE ( scate=61 and is_del=-1 and is_up=1 ) ORDER BY sort desc,addtime desc LIMIT 2,21   [ RunTime:0.0001s ]
SQL: SELECT * FROM `xmb_goods` WHERE ( scate=68 and is_del=-1 and is_up=1 ) ORDER BY sort desc,addtime desc LIMIT 2   [ RunTime:0.0001s ]
SQL: SELECT * FROM `xmb_goods` WHERE ( scate=68 and is_del=-1 and is_up=1 ) ORDER BY sort desc,addtime desc LIMIT 2,21   [ RunTime:0.0001s ]
SQL: SHOW COLUMNS FROM `xmb_ad` [ RunTime:0.0004s ]
SQL: SELECT * FROM `xmb_ad` ORDER BY savetime desc  [ RunTime:0.0001s ]
INFO: [ view_parse ] --START--
INFO: [ template_filter ] --START--
INFO: Run Behavior\ContentReplaceBehavior [ RunTime:0.000102s ]
INFO: [ template_filter ] --END-- [ RunTime:0.000145s ]
INFO: Run Behavior\ParseTemplateBehavior [ RunTime:0.019764s ]
INFO: [ view_parse ] --END-- [ RunTime:0.019815s ]
INFO: [ view_filter ] --START--
INFO: Run Behavior\WriteHtmlCacheBehavior [ RunTime:0.000197s ]
INFO: [ view_filter ] --END-- [ RunTime:0.000218s ]
INFO: [ app_end ] --START--
INFO: Run Behavior\ShowPageTraceBehavior [ RunTime:0.000483s ]
INFO: [ app_end ] --END-- [ RunTime:0.000531s ]

[ 2019-05-04T04:41:58+08:00 ] 179.98.196.231 /
INFO: [ app_init ] --START--
INFO: Run Behavior\BuildLiteBehavior [ RunTime:0.000010s ]
INFO: [ app_init ] --END-- [ RunTime:0.000251s ]
INFO: [ app_begin ] --START--
INFO: Run Behavior\ReadHtmlCacheBehavior [ RunTime:0.000370s ]
INFO: [ app_begin ] --END-- [ RunTime:0.000407s ]
SQL: SHOW COLUMNS FROM `xmb_config` [ RunTime:0.0007s ]
SQL: SELECT * FROM `xmb_config` WHERE ( id = 1 ) LIMIT 1   [ RunTime:0.0002s ]
SQL: SHOW COLUMNS FROM `xmb_productcate` [ RunTime:0.0003s ]
SQL: SELECT `id`,`title` FROM `xmb_productcate` WHERE ( pid = 0 ) ORDER BY ordernum desc LIMIT 7   [ RunTime:0.0001s ]
SQL: SELECT `id`,`title` FROM `xmb_productcate` WHERE ( pid = 58 ) ORDER BY ordernum desc  [ RunTime:0.0001s ]
SQL: SELECT `id`,`title` FROM `xmb_productcate` WHERE ( pid = 62 ) ORDER BY ordernum desc  [ RunTime:0.0001s ]
SQL: SELECT `id`,`title` FROM `xmb_productcate` WHERE ( pid = 63 ) ORDER BY ordernum desc  [ RunTime:0.0001s ]
SQL: SELECT `id`,`title` FROM `xmb_productcate` WHERE ( pid = 59 ) ORDER BY ordernum desc  [ RunTime:0.0001s ]
SQL: SELECT `id`,`title` FROM `xmb_productcate` WHERE ( pid = 66 ) ORDER BY ordernum desc  [ RunTime:0.0001s ]
SQL: SELECT `id`,`title` FROM `xmb_productcate` WHERE ( pid = 132 ) ORDER BY ordernum desc  [ RunTime:0.0001s ]
SQL: SELECT `id`,`title` FROM `xmb_productcate` WHERE ( pid = 60 ) ORDER BY ordernum desc  [ RunTime:0.0001s ]
SQL: SELECT `id`,`title` FROM `xmb_productcate` WHERE ( pid = 133 ) ORDER BY ordernum desc  [ RunTime:0.0001s ]
SQL: SELECT `id`,`title` FROM `xmb_productcate` WHERE ( pid = 84 ) ORDER BY ordernum desc  [ RunTime:0.0001s ]
SQL: SELECT `id`,`title` FROM `xmb_productcate` WHERE ( pid = 134 ) ORDER BY ordernum desc  [ RunTime:0.0001s ]
SQL: SELECT `id`,`title` FROM `xmb_productcate` WHERE ( pid = 70 ) ORDER BY ordernum desc  [ RunTime:0.0001s ]
SQL: SHOW COLUMNS FROM `xmb_cart` [ RunTime:0.0003s ]
NOTIC: [8] Undefined index: cid /home/wwwroot/default/App/Home/Controller/BaseController.class.php 第 33 行.
SQL: SELECT COUNT(*) AS tp_count FROM xmb_cart c LEFT JOIN xmb_goods g on c.gid=g.id  WHERE ( cid="" AND is_del =-1 AND is_up =1  ) LIMIT 1   [ RunTime:0.0001s ]
SQL: SHOW COLUMNS FROM `xmb_space` [ RunTime:0.0004s ]
SQL: SELECT * FROM `xmb_space` ORDER BY sort desc,addtime desc LIMIT 5   [ RunTime:0.0001s ]
SQL: SELECT * FROM `xmb_productcate` WHERE ( pid = 59 ) LIMIT 4   [ RunTime:0.0001s ]
SQL: SELECT * FROM `xmb_productcate` WHERE ( pid = 68 ) LIMIT 4   [ RunTime:0.0001s ]
SQL: SHOW COLUMNS FROM `xmb_goods` [ RunTime:0.0005s ]
SQL: SELECT * FROM `xmb_goods` WHERE ( scate=63 and is_del=-1 and is_up=1 ) ORDER BY sort desc,addtime desc LIMIT 2   [ RunTime:0.0001s ]
SQL: SELECT * FROM `xmb_goods` WHERE ( scate=63 and is_del=-1 and is_up=1 ) ORDER BY sort desc,addtime desc LIMIT 2,21   [ RunTime:0.0001s ]
SQL: SELECT * FROM `xmb_goods` WHERE ( scate=62 and is_del=-1 and is_up=1 ) ORDER BY sort desc,addtime desc LIMIT 2   [ RunTime:0.0001s ]
SQL: SELECT * FROM `xmb_goods` WHERE ( scate=62 and is_del=-1 and is_up=1 ) ORDER BY sort desc,addtime desc LIMIT 2,21   [ RunTime:0.0001s ]
SQL: SELECT * FROM `xmb_goods` WHERE ( scate=66 and is_del=-1 and is_up=1 ) ORDER BY sort desc,addtime desc LIMIT 2   [ RunTime:0.0001s ]
SQL: SELECT * FROM `xmb_goods` WHERE ( scate=66 and is_del=-1 and is_up=1 ) ORDER BY sort desc,addtime desc LIMIT 2,21   [ RunTime:0.0001s ]
SQL: SHOW COLUMNS FROM `xmb_brand` [ RunTime:0.0005s ]
SQL: SELECT * FROM `xmb_brand` ORDER BY sort desc,addtime desc LIMIT 2   [ RunTime:0.0001s ]
SQL: SELECT * FROM `xmb_brand` ORDER BY sort desc,addtime desc LIMIT 2,21   [ RunTime:0.0001s ]
NOTIC: [8] Undefined variable: brand1 /home/wwwroot/default/App/Home/Controller/IndexController.class.php 第 26 行.
SQL: SELECT * FROM `xmb_goods` WHERE ( scate=60 and is_del=-1 and is_up=1 ) ORDER BY sort desc,addtime desc LIMIT 2   [ RunTime:0.0001s ]
SQL: SELECT * FROM `xmb_goods` WHERE ( scate=60 and is_del=-1 and is_up=1 ) ORDER BY sort desc,addtime desc LIMIT 2,21   [ RunTime:0.0001s ]
SQL: SELECT * FROM `xmb_goods` WHERE ( scate=61 and is_del=-1 and is_up=1 ) ORDER BY sort desc,addtime desc LIMIT 2   [ RunTime:0.0001s ]
SQL: SELECT * FROM `xmb_goods` WHERE ( scate=61 and is_del=-1 and is_up=1 ) ORDER BY sort desc,addtime desc LIMIT 2,21   [ RunTime:0.0001s ]
SQL: SELECT * FROM `xmb_goods` WHERE ( scate=68 and is_del=-1 and is_up=1 ) ORDER BY sort desc,addtime desc LIMIT 2   [ RunTime:0.0001s ]
SQL: SELECT * FROM `xmb_goods` WHERE ( scate=68 and is_del=-1 and is_up=1 ) ORDER BY sort desc,addtime desc LIMIT 2,21   [ RunTime:0.0002s ]
SQL: SHOW COLUMNS FROM `xmb_ad` [ RunTime:0.0004s ]
SQL: SELECT * FROM `xmb_ad` ORDER BY savetime desc  [ RunTime:0.0001s ]
INFO: [ view_parse ] --START--
INFO: [ template_filter ] --START--
INFO: Run Behavior\ContentReplaceBehavior [ RunTime:0.000102s ]
INFO: [ template_filter ] --END-- [ RunTime:0.000146s ]
INFO: Run Behavior\ParseTemplateBehavior [ RunTime:0.020176s ]
INFO: [ view_parse ] --END-- [ RunTime:0.020238s ]
INFO: [ view_filter ] --START--
INFO: Run Behavior\WriteHtmlCacheBehavior [ RunTime:0.000248s ]
INFO: [ view_filter ] --END-- [ RunTime:0.000274s ]
INFO: [ app_end ] --START--
INFO: Run Behavior\ShowPageTraceBehavior [ RunTime:0.000457s ]
INFO: [ app_end ] --END-- [ RunTime:0.000489s ]

[ 2019-05-04T05:02:42+08:00 ] 47.101.192.118 /
INFO: [ app_init ] --START--
INFO: Run Behavior\BuildLiteBehavior [ RunTime:0.000013s ]
INFO: [ app_init ] --END-- [ RunTime:0.000280s ]
INFO: [ app_begin ] --START--
INFO: Run Behavior\ReadHtmlCacheBehavior [ RunTime:0.000399s ]
INFO: [ app_begin ] --END-- [ RunTime:0.000435s ]
SQL: SHOW COLUMNS FROM `xmb_config` [ RunTime:0.0006s ]
SQL: SELECT * FROM `xmb_config` WHERE ( id = 1 ) LIMIT 1   [ RunTime:0.0001s ]
SQL: SHOW COLUMNS FROM `xmb_productcate` [ RunTime:0.0005s ]
SQL: SELECT `id`,`title` FROM `xmb_productcate` WHERE ( pid = 0 ) ORDER BY ordernum desc LIMIT 7   [ RunTime:0.0001s ]
SQL: SELECT `id`,`title` FROM `xmb_productcate` WHERE ( pid = 58 ) ORDER BY ordernum desc  [ RunTime:0.0001s ]
SQL: SELECT `id`,`title` FROM `xmb_productcate` WHERE ( pid = 62 ) ORDER BY ordernum desc  [ RunTime:0.0001s ]
SQL: SELECT `id`,`title` FROM `xmb_productcate` WHERE ( pid = 63 ) ORDER BY ordernum desc  [ RunTime:0.0001s ]
SQL: SELECT `id`,`title` FROM `xmb_productcate` WHERE ( pid = 59 ) ORDER BY ordernum desc  [ RunTime:0.0001s ]
SQL: SELECT `id`,`title` FROM `xmb_productcate` WHERE ( pid = 66 ) ORDER BY ordernum desc  [ RunTime:0.0001s ]
SQL: SELECT `id`,`title` FROM `xmb_productcate` WHERE ( pid = 132 ) ORDER BY ordernum desc  [ RunTime:0.0001s ]
SQL: SELECT `id`,`title` FROM `xmb_productcate` WHERE ( pid = 60 ) ORDER BY ordernum desc  [ RunTime:0.0001s ]
SQL: SELECT `id`,`title` FROM `xmb_productcate` WHERE ( pid = 133 ) ORDER BY ordernum desc  [ RunTime:0.0001s ]
SQL: SELECT `id`,`title` FROM `xmb_productcate` WHERE ( pid = 84 ) ORDER BY ordernum desc  [ RunTime:0.0001s ]
SQL: SELECT `id`,`title` FROM `xmb_productcate` WHERE ( pid = 134 ) ORDER BY ordernum desc  [ RunTime:0.0000s ]
SQL: SELECT `id`,`title` FROM `xmb_productcate` WHERE ( pid = 70 ) ORDER BY ordernum desc  [ RunTime:0.0000s ]
SQL: SHOW COLUMNS FROM `xmb_cart` [ RunTime:0.0005s ]
NOTIC: [8] Undefined index: cid /home/wwwroot/default/App/Home/Controller/BaseController.class.php 第 33 行.
SQL: SELECT COUNT(*) AS tp_count FROM xmb_cart c LEFT JOIN xmb_goods g on c.gid=g.id  WHERE ( cid="" AND is_del =-1 AND is_up =1  ) LIMIT 1   [ RunTime:0.0001s ]
SQL: SHOW COLUMNS FROM `xmb_space` [ RunTime:0.0005s ]
SQL: SELECT * FROM `xmb_space` ORDER BY sort desc,addtime desc LIMIT 5   [ RunTime:0.0001s ]
SQL: SELECT * FROM `xmb_productcate` WHERE ( pid = 59 ) LIMIT 4   [ RunTime:0.0001s ]
SQL: SELECT * FROM `xmb_productcate` WHERE ( pid = 68 ) LIMIT 4   [ RunTime:0.0001s ]
SQL: SHOW COLUMNS FROM `xmb_goods` [ RunTime:0.0006s ]
SQL: SELECT * FROM `xmb_goods` WHERE ( scate=63 and is_del=-1 and is_up=1 ) ORDER BY sort desc,addtime desc LIMIT 2   [ RunTime:0.0001s ]
SQL: SELECT * FROM `xmb_goods` WHERE ( scate=63 and is_del=-1 and is_up=1 ) ORDER BY sort desc,addtime desc LIMIT 2,21   [ RunTime:0.0001s ]
SQL: SELECT * FROM `xmb_goods` WHERE ( scate=62 and is_del=-1 and is_up=1 ) ORDER BY sort desc,addtime desc LIMIT 2   [ RunTime:0.0001s ]
SQL: SELECT * FROM `xmb_goods` WHERE ( scate=62 and is_del=-1 and is_up=1 ) ORDER BY sort desc,addtime desc LIMIT 2,21   [ RunTime:0.0001s ]
SQL: SELECT * FROM `xmb_goods` WHERE ( scate=66 and is_del=-1 and is_up=1 ) ORDER BY sort desc,addtime desc LIMIT 2   [ RunTime:0.0001s ]
SQL: SELECT * FROM `xmb_goods` WHERE ( scate=66 and is_del=-1 and is_up=1 ) ORDER BY sort desc,addtime desc LIMIT 2,21   [ RunTime:0.0001s ]
SQL: SHOW COLUMNS FROM `xmb_brand` [ RunTime:0.0004s ]
SQL: SELECT * FROM `xmb_brand` ORDER BY sort desc,addtime desc LIMIT 2   [ RunTime:0.0001s ]
SQL: SELECT * FROM `xmb_brand` ORDER BY sort desc,addtime desc LIMIT 2,21   [ RunTime:0.0001s ]
NOTIC: [8] Undefined variable: brand1 /home/wwwroot/default/App/Home/Controller/IndexController.class.php 第 26 行.
SQL: SELECT * FROM `xmb_goods` WHERE ( scate=60 and is_del=-1 and is_up=1 ) ORDER BY sort desc,addtime desc LIMIT 2   [ RunTime:0.0001s ]
SQL: SELECT * FROM `xmb_goods` WHERE ( scate=60 and is_del=-1 and is_up=1 ) ORDER BY sort desc,addtime desc LIMIT 2,21   [ RunTime:0.0001s ]
SQL: SELECT * FROM `xmb_goods` WHERE ( scate=61 and is_del=-1 and is_up=1 ) ORDER BY sort desc,addtime desc LIMIT 2   [ RunTime:0.0001s ]
SQL: SELECT * FROM `xmb_goods` WHERE ( scate=61 and is_del=-1 and is_up=1 ) ORDER BY sort desc,addtime desc LIMIT 2,21   [ RunTime:0.0001s ]
SQL: SELECT * FROM `xmb_goods` WHERE ( scate=68 and is_del=-1 and is_up=1 ) ORDER BY sort desc,addtime desc LIMIT 2   [ RunTime:0.0001s ]
SQL: SELECT * FROM `xmb_goods` WHERE ( scate=68 and is_del=-1 and is_up=1 ) ORDER BY sort desc,addtime desc LIMIT 2,21   [ RunTime:0.0001s ]
SQL: SHOW COLUMNS FROM `xmb_ad` [ RunTime:0.0003s ]
SQL: SELECT * FROM `xmb_ad` ORDER BY savetime desc  [ RunTime:0.0000s ]
INFO: [ view_parse ] --START--
INFO: [ template_filter ] --START--
INFO: Run Behavior\ContentReplaceBehavior [ RunTime:0.000101s ]
INFO: [ template_filter ] --END-- [ RunTime:0.000149s ]
INFO: Run Behavior\ParseTemplateBehavior [ RunTime:0.019994s ]
INFO: [ view_parse ] --END-- [ RunTime:0.020047s ]
INFO: [ view_filter ] --START--
INFO: Run Behavior\WriteHtmlCacheBehavior [ RunTime:0.000186s ]
INFO: [ view_filter ] --END-- [ RunTime:0.000205s ]
INFO: [ app_end ] --START--
INFO: Run Behavior\ShowPageTraceBehavior [ RunTime:0.000404s ]
INFO: [ app_end ] --END-- [ RunTime:0.000436s ]

[ 2019-05-04T05:19:14+08:00 ] 177.105.236.66 /
INFO: [ app_init ] --START--
INFO: Run Behavior\BuildLiteBehavior [ RunTime:0.000010s ]
INFO: [ app_init ] --END-- [ RunTime:0.000252s ]
INFO: [ app_begin ] --START--
INFO: Run Behavior\ReadHtmlCacheBehavior [ RunTime:0.000363s ]
INFO: [ app_begin ] --END-- [ RunTime:0.000408s ]
SQL: SHOW COLUMNS FROM `xmb_config` [ RunTime:0.0006s ]
SQL: SELECT * FROM `xmb_config` WHERE ( id = 1 ) LIMIT 1   [ RunTime:0.0001s ]
SQL: SHOW COLUMNS FROM `xmb_productcate` [ RunTime:0.0003s ]
SQL: SELECT `id`,`title` FROM `xmb_productcate` WHERE ( pid = 0 ) ORDER BY ordernum desc LIMIT 7   [ RunTime:0.0001s ]
SQL: SELECT `id`,`title` FROM `xmb_productcate` WHERE ( pid = 58 ) ORDER BY ordernum desc  [ RunTime:0.0000s ]
SQL: SELECT `id`,`title` FROM `xmb_productcate` WHERE ( pid = 62 ) ORDER BY ordernum desc  [ RunTime:0.0000s ]
SQL: SELECT `id`,`title` FROM `xmb_productcate` WHERE ( pid = 63 ) ORDER BY ordernum desc  [ RunTime:0.0000s ]
SQL: SELECT `id`,`title` FROM `xmb_productcate` WHERE ( pid = 59 ) ORDER BY ordernum desc  [ RunTime:0.0001s ]
SQL: SELECT `id`,`title` FROM `xmb_productcate` WHERE ( pid = 66 ) ORDER BY ordernum desc  [ RunTime:0.0000s ]
SQL: SELECT `id`,`title` FROM `xmb_productcate` WHERE ( pid = 132 ) ORDER BY ordernum desc  [ RunTime:0.0000s ]
SQL: SELECT `id`,`title` FROM `xmb_productcate` WHERE ( pid = 60 ) ORDER BY ordernum desc  [ RunTime:0.0001s ]
SQL: SELECT `id`,`title` FROM `xmb_productcate` WHERE ( pid = 133 ) ORDER BY ordernum desc  [ RunTime:0.0001s ]
SQL: SELECT `id`,`title` FROM `xmb_productcate` WHERE ( pid = 84 ) ORDER BY ordernum desc  [ RunTime:0.0001s ]
SQL: SELECT `id`,`title` FROM `xmb_productcate` WHERE ( pid = 134 ) ORDER BY ordernum desc  [ RunTime:0.0001s ]
SQL: SELECT `id`,`title` FROM `xmb_productcate` WHERE ( pid = 70 ) ORDER BY ordernum desc  [ RunTime:0.0001s ]
SQL: SHOW COLUMNS FROM `xmb_cart` [ RunTime:0.0004s ]
NOTIC: [8] Undefined index: cid /home/wwwroot/default/App/Home/Controller/BaseController.class.php 第 33 行.
SQL: SELECT COUNT(*) AS tp_count FROM xmb_cart c LEFT JOIN xmb_goods g on c.gid=g.id  WHERE ( cid="" AND is_del =-1 AND is_up =1  ) LIMIT 1   [ RunTime:0.0001s ]
SQL: SHOW COLUMNS FROM `xmb_space` [ RunTime:0.0006s ]
SQL: SELECT * FROM `xmb_space` ORDER BY sort desc,addtime desc LIMIT 5   [ RunTime:0.0001s ]
SQL: SELECT * FROM `xmb_productcate` WHERE ( pid = 59 ) LIMIT 4   [ RunTime:0.0001s ]
SQL: SELECT * FROM `xmb_productcate` WHERE ( pid = 68 ) LIMIT 4   [ RunTime:0.0001s ]
SQL: SHOW COLUMNS FROM `xmb_goods` [ RunTime:0.0005s ]
SQL: SELECT * FROM `xmb_goods` WHERE ( scate=63 and is_del=-1 and is_up=1 ) ORDER BY sort desc,addtime desc LIMIT 2   [ RunTime:0.0001s ]
SQL: SELECT * FROM `xmb_goods` WHERE ( scate=63 and is_del=-1 and is_up=1 ) ORDER BY sort desc,addtime desc LIMIT 2,21   [ RunTime:0.0001s ]
SQL: SELECT * FROM `xmb_goods` WHERE ( scate=62 and is_del=-1 and is_up=1 ) ORDER BY sort desc,addtime desc LIMIT 2   [ RunTime:0.0002s ]
SQL: SELECT * FROM `xmb_goods` WHERE ( scate=62 and is_del=-1 and is_up=1 ) ORDER BY sort desc,addtime desc LIMIT 2,21   [ RunTime:0.0003s ]
SQL: SELECT * FROM `xmb_goods` WHERE ( scate=66 and is_del=-1 and is_up=1 ) ORDER BY sort desc,addtime desc LIMIT 2   [ RunTime:0.0001s ]
SQL: SELECT * FROM `xmb_goods` WHERE ( scate=66 and is_del=-1 and is_up=1 ) ORDER BY sort desc,addtime desc LIMIT 2,21   [ RunTime:0.0001s ]
SQL: SHOW COLUMNS FROM `xmb_brand` [ RunTime:0.0004s ]
SQL: SELECT * FROM `xmb_brand` ORDER BY sort desc,addtime desc LIMIT 2   [ RunTime:0.0001s ]
SQL: SELECT * FROM `xmb_brand` ORDER BY sort desc,addtime desc LIMIT 2,21   [ RunTime:0.0000s ]
NOTIC: [8] Undefined variable: brand1 /home/wwwroot/default/App/Home/Controller/IndexController.class.php 第 26 行.
SQL: SELECT * FROM `xmb_goods` WHERE ( scate=60 and is_del=-1 and is_up=1 ) ORDER BY sort desc,addtime desc LIMIT 2   [ RunTime:0.0001s ]
SQL: SELECT * FROM `xmb_goods` WHERE ( scate=60 and is_del=-1 and is_up=1 ) ORDER BY sort desc,addtime desc LIMIT 2,21   [ RunTime:0.0001s ]
SQL: SELECT * FROM `xmb_goods` WHERE ( scate=61 and is_del=-1 and is_up=1 ) ORDER BY sort desc,addtime desc LIMIT 2   [ RunTime:0.0001s ]
SQL: SELECT * FROM `xmb_goods` WHERE ( scate=61 and is_del=-1 and is_up=1 ) ORDER BY sort desc,addtime desc LIMIT 2,21   [ RunTime:0.0001s ]
SQL: SELECT * FROM `xmb_goods` WHERE ( scate=68 and is_del=-1 and is_up=1 ) ORDER BY sort desc,addtime desc LIMIT 2   [ RunTime:0.0001s ]
SQL: SELECT * FROM `xmb_goods` WHERE ( scate=68 and is_del=-1 and is_up=1 ) ORDER BY sort desc,addtime desc LIMIT 2,21   [ RunTime:0.0001s ]
SQL: SHOW COLUMNS FROM `xmb_ad` [ RunTime:0.0004s ]
SQL: SELECT * FROM `xmb_ad` ORDER BY savetime desc  [ RunTime:0.0001s ]
INFO: [ view_parse ] --START--
INFO: [ template_filter ] --START--
INFO: Run Behavior\ContentReplaceBehavior [ RunTime:0.000102s ]
INFO: [ template_filter ] --END-- [ RunTime:0.000144s ]
INFO: Run Behavior\ParseTemplateBehavior [ RunTime:0.020272s ]
INFO: [ view_parse ] --END-- [ RunTime:0.020322s ]
INFO: [ view_filter ] --START--
INFO: Run Behavior\WriteHtmlCacheBehavior [ RunTime:0.000210s ]
INFO: [ view_filter ] --END-- [ RunTime:0.000231s ]
INFO: [ app_end ] --START--
INFO: Run Behavior\ShowPageTraceBehavior [ RunTime:0.000420s ]
INFO: [ app_end ] --END-- [ RunTime:0.000448s ]

[ 2019-05-04T05:55:18+08:00 ] 39.107.14.208 /
INFO: [ app_init ] --START--
INFO: Run Behavior\BuildLiteBehavior [ RunTime:0.000010s ]
INFO: [ app_init ] --END-- [ RunTime:0.000250s ]
INFO: [ app_begin ] --START--
INFO: Run Behavior\ReadHtmlCacheBehavior [ RunTime:0.000372s ]
INFO: [ app_begin ] --END-- [ RunTime:0.000403s ]
SQL: SHOW COLUMNS FROM `xmb_config` [ RunTime:0.0005s ]
SQL: SELECT * FROM `xmb_config` WHERE ( id = 1 ) LIMIT 1   [ RunTime:0.0001s ]
SQL: SHOW COLUMNS FROM `xmb_productcate` [ RunTime:0.0003s ]
SQL: SELECT `id`,`title` FROM `xmb_productcate` WHERE ( pid = 0 ) ORDER BY ordernum desc LIMIT 7   [ RunTime:0.0001s ]
SQL: SELECT `id`,`title` FROM `xmb_productcate` WHERE ( pid = 58 ) ORDER BY ordernum desc  [ RunTime:0.0000s ]
SQL: SELECT `id`,`title` FROM `xmb_productcate` WHERE ( pid = 62 ) ORDER BY ordernum desc  [ RunTime:0.0000s ]
SQL: SELECT `id`,`title` FROM `xmb_productcate` WHERE ( pid = 63 ) ORDER BY ordernum desc  [ RunTime:0.0000s ]
SQL: SELECT `id`,`title` FROM `xmb_productcate` WHERE ( pid = 59 ) ORDER BY ordernum desc  [ RunTime:0.0000s ]
SQL: SELECT `id`,`title` FROM `xmb_productcate` WHERE ( pid = 66 ) ORDER BY ordernum desc  [ RunTime:0.0000s ]
SQL: SELECT `id`,`title` FROM `xmb_productcate` WHERE ( pid = 132 ) ORDER BY ordernum desc  [ RunTime:0.0001s ]
SQL: SELECT `id`,`title` FROM `xmb_productcate` WHERE ( pid = 60 ) ORDER BY ordernum desc  [ RunTime:0.0000s ]
SQL: SELECT `id`,`title` FROM `xmb_productcate` WHERE ( pid = 133 ) ORDER BY ordernum desc  [ RunTime:0.0000s ]
SQL: SELECT `id`,`title` FROM `xmb_productcate` WHERE ( pid = 84 ) ORDER BY ordernum desc  [ RunTime:0.0001s ]
SQL: SELECT `id`,`title` FROM `xmb_productcate` WHERE ( pid = 134 ) ORDER BY ordernum desc  [ RunTime:0.0000s ]
SQL: SELECT `id`,`title` FROM `xmb_productcate` WHERE ( pid = 70 ) ORDER BY ordernum desc  [ RunTime:0.0000s ]
SQL: SHOW COLUMNS FROM `xmb_cart` [ RunTime:0.0003s ]
NOTIC: [8] Undefined index: cid /home/wwwroot/default/App/Home/Controller/BaseController.class.php 第 33 行.
SQL: SELECT COUNT(*) AS tp_count FROM xmb_cart c LEFT JOIN xmb_goods g on c.gid=g.id  WHERE ( cid="" AND is_del =-1 AND is_up =1  ) LIMIT 1   [ RunTime:0.0000s ]
SQL: SHOW COLUMNS FROM `xmb_space` [ RunTime:0.0003s ]
SQL: SELECT * FROM `xmb_space` ORDER BY sort desc,addtime desc LIMIT 5   [ RunTime:0.0001s ]
SQL: SELECT * FROM `xmb_productcate` WHERE ( pid = 59 ) LIMIT 4   [ RunTime:0.0000s ]
SQL: SELECT * FROM `xmb_productcate` WHERE ( pid = 68 ) LIMIT 4   [ RunTime:0.0000s ]
SQL: SHOW COLUMNS FROM `xmb_goods` [ RunTime:0.0004s ]
SQL: SELECT * FROM `xmb_goods` WHERE ( scate=63 and is_del=-1 and is_up=1 ) ORDER BY sort desc,addtime desc LIMIT 2   [ RunTime:0.0001s ]
SQL: SELECT * FROM `xmb_goods` WHERE ( scate=63 and is_del=-1 and is_up=1 ) ORDER BY sort desc,addtime desc LIMIT 2,21   [ RunTime:0.0001s ]
SQL: SELECT * FROM `xmb_goods` WHERE ( scate=62 and is_del=-1 and is_up=1 ) ORDER BY sort desc,addtime desc LIMIT 2   [ RunTime:0.0001s ]
SQL: SELECT * FROM `xmb_goods` WHERE ( scate=62 and is_del=-1 and is_up=1 ) ORDER BY sort desc,addtime desc LIMIT 2,21   [ RunTime:0.0001s ]
SQL: SELECT * FROM `xmb_goods` WHERE ( scate=66 and is_del=-1 and is_up=1 ) ORDER BY sort desc,addtime desc LIMIT 2   [ RunTime:0.0001s ]
SQL: SELECT * FROM `xmb_goods` WHERE ( scate=66 and is_del=-1 and is_up=1 ) ORDER BY sort desc,addtime desc LIMIT 2,21   [ RunTime:0.0002s ]
SQL: SHOW COLUMNS FROM `xmb_brand` [ RunTime:0.0005s ]
SQL: SELECT * FROM `xmb_brand` ORDER BY sort desc,addtime desc LIMIT 2   [ RunTime:0.0001s ]
SQL: SELECT * FROM `xmb_brand` ORDER BY sort desc,addtime desc LIMIT 2,21   [ RunTime:0.0001s ]
NOTIC: [8] Undefined variable: brand1 /home/wwwroot/default/App/Home/Controller/IndexController.class.php 第 26 行.
SQL: SELECT * FROM `xmb_goods` WHERE ( scate=60 and is_del=-1 and is_up=1 ) ORDER BY sort desc,addtime desc LIMIT 2   [ RunTime:0.0001s ]
SQL: SELECT * FROM `xmb_goods` WHERE ( scate=60 and is_del=-1 and is_up=1 ) ORDER BY sort desc,addtime desc LIMIT 2,21   [ RunTime:0.0001s ]
SQL: SELECT * FROM `xmb_goods` WHERE ( scate=61 and is_del=-1 and is_up=1 ) ORDER BY sort desc,addtime desc LIMIT 2   [ RunTime:0.0001s ]
SQL: SELECT * FROM `xmb_goods` WHERE ( scate=61 and is_del=-1 and is_up=1 ) ORDER BY sort desc,addtime desc LIMIT 2,21   [ RunTime:0.0001s ]
SQL: SELECT * FROM `xmb_goods` WHERE ( scate=68 and is_del=-1 and is_up=1 ) ORDER BY sort desc,addtime desc LIMIT 2   [ RunTime:0.0002s ]
SQL: SELECT * FROM `xmb_goods` WHERE ( scate=68 and is_del=-1 and is_up=1 ) ORDER BY sort desc,addtime desc LIMIT 2,21   [ RunTime:0.0001s ]
SQL: SHOW COLUMNS FROM `xmb_ad` [ RunTime:0.0003s ]
SQL: SELECT * FROM `xmb_ad` ORDER BY savetime desc  [ RunTime:0.0001s ]
INFO: [ view_parse ] --START--
INFO: [ template_filter ] --START--
INFO: Run Behavior\ContentReplaceBehavior [ RunTime:0.000103s ]
INFO: [ template_filter ] --END-- [ RunTime:0.000148s ]
INFO: Run Behavior\ParseTemplateBehavior [ RunTime:0.020579s ]
INFO: [ view_parse ] --END-- [ RunTime:0.020635s ]
INFO: [ view_filter ] --START--
INFO: Run Behavior\WriteHtmlCacheBehavior [ RunTime:0.000188s ]
INFO: [ view_filter ] --END-- [ RunTime:0.000208s ]
INFO: [ app_end ] --START--
INFO: Run Behavior\ShowPageTraceBehavior [ RunTime:0.000384s ]
INFO: [ app_end ] --END-- [ RunTime:0.000420s ]

[ 2019-05-04T10:15:14+08:00 ] 189.14.35.20 /
INFO: [ app_init ] --START--
INFO: Run Behavior\BuildLiteBehavior [ RunTime:0.000010s ]
INFO: [ app_init ] --END-- [ RunTime:0.000231s ]
INFO: [ app_begin ] --START--
INFO: Run Behavior\ReadHtmlCacheBehavior [ RunTime:0.000348s ]
INFO: [ app_begin ] --END-- [ RunTime:0.000378s ]
SQL: SHOW COLUMNS FROM `xmb_config` [ RunTime:0.0007s ]
SQL: SELECT * FROM `xmb_config` WHERE ( id = 1 ) LIMIT 1   [ RunTime:0.0001s ]
SQL: SHOW COLUMNS FROM `xmb_productcate` [ RunTime:0.0004s ]
SQL: SELECT `id`,`title` FROM `xmb_productcate` WHERE ( pid = 0 ) ORDER BY ordernum desc LIMIT 7   [ RunTime:0.0001s ]
SQL: SELECT `id`,`title` FROM `xmb_productcate` WHERE ( pid = 58 ) ORDER BY ordernum desc  [ RunTime:0.0001s ]
SQL: SELECT `id`,`title` FROM `xmb_productcate` WHERE ( pid = 62 ) ORDER BY ordernum desc  [ RunTime:0.0001s ]
SQL: SELECT `id`,`title` FROM `xmb_productcate` WHERE ( pid = 63 ) ORDER BY ordernum desc  [ RunTime:0.0001s ]
SQL: SELECT `id`,`title` FROM `xmb_productcate` WHERE ( pid = 59 ) ORDER BY ordernum desc  [ RunTime:0.0001s ]
SQL: SELECT `id`,`title` FROM `xmb_productcate` WHERE ( pid = 66 ) ORDER BY ordernum desc  [ RunTime:0.0001s ]
SQL: SELECT `id`,`title` FROM `xmb_productcate` WHERE ( pid = 132 ) ORDER BY ordernum desc  [ RunTime:0.0001s ]
SQL: SELECT `id`,`title` FROM `xmb_productcate` WHERE ( pid = 60 ) ORDER BY ordernum desc  [ RunTime:0.0001s ]
SQL: SELECT `id`,`title` FROM `xmb_productcate` WHERE ( pid = 133 ) ORDER BY ordernum desc  [ RunTime:0.0001s ]
SQL: SELECT `id`,`title` FROM `xmb_productcate` WHERE ( pid = 84 ) ORDER BY ordernum desc  [ RunTime:0.0001s ]
SQL: SELECT `id`,`title` FROM `xmb_productcate` WHERE ( pid = 134 ) ORDER BY ordernum desc  [ RunTime:0.0001s ]
SQL: SELECT `id`,`title` FROM `xmb_productcate` WHERE ( pid = 70 ) ORDER BY ordernum desc  [ RunTime:0.0001s ]
SQL: SHOW COLUMNS FROM `xmb_cart` [ RunTime:0.0004s ]
NOTIC: [8] Undefined index: cid /home/wwwroot/default/App/Home/Controller/BaseController.class.php 第 33 行.
SQL: SELECT COUNT(*) AS tp_count FROM xmb_cart c LEFT JOIN xmb_goods g on c.gid=g.id  WHERE ( cid="" AND is_del =-1 AND is_up =1  ) LIMIT 1   [ RunTime:0.0001s ]
SQL: SHOW COLUMNS FROM `xmb_space` [ RunTime:0.0004s ]
SQL: SELECT * FROM `xmb_space` ORDER BY sort desc,addtime desc LIMIT 5   [ RunTime:0.0001s ]
SQL: SELECT * FROM `xmb_productcate` WHERE ( pid = 59 ) LIMIT 4   [ RunTime:0.0001s ]
SQL: SELECT * FROM `xmb_productcate` WHERE ( pid = 68 ) LIMIT 4   [ RunTime:0.0001s ]
SQL: SHOW COLUMNS FROM `xmb_goods` [ RunTime:0.0005s ]
SQL: SELECT * FROM `xmb_goods` WHERE ( scate=63 and is_del=-1 and is_up=1 ) ORDER BY sort desc,addtime desc LIMIT 2   [ RunTime:0.0001s ]
SQL: SELECT * FROM `xmb_goods` WHERE ( scate=63 and is_del=-1 and is_up=1 ) ORDER BY sort desc,addtime desc LIMIT 2,21   [ RunTime:0.0001s ]
SQL: SELECT * FROM `xmb_goods` WHERE ( scate=62 and is_del=-1 and is_up=1 ) ORDER BY sort desc,addtime desc LIMIT 2   [ RunTime:0.0001s ]
SQL: SELECT * FROM `xmb_goods` WHERE ( scate=62 and is_del=-1 and is_up=1 ) ORDER BY sort desc,addtime desc LIMIT 2,21   [ RunTime:0.0001s ]
SQL: SELECT * FROM `xmb_goods` WHERE ( scate=66 and is_del=-1 and is_up=1 ) ORDER BY sort desc,addtime desc LIMIT 2   [ RunTime:0.0001s ]
SQL: SELECT * FROM `xmb_goods` WHERE ( scate=66 and is_del=-1 and is_up=1 ) ORDER BY sort desc,addtime desc LIMIT 2,21   [ RunTime:0.0001s ]
SQL: SHOW COLUMNS FROM `xmb_brand` [ RunTime:0.0004s ]
SQL: SELECT * FROM `xmb_brand` ORDER BY sort desc,addtime desc LIMIT 2   [ RunTime:0.0001s ]
SQL: SELECT * FROM `xmb_brand` ORDER BY sort desc,addtime desc LIMIT 2,21   [ RunTime:0.0001s ]
NOTIC: [8] Undefined variable: brand1 /home/wwwroot/default/App/Home/Controller/IndexController.class.php 第 26 行.
SQL: SELECT * FROM `xmb_goods` WHERE ( scate=60 and is_del=-1 and is_up=1 ) ORDER BY sort desc,addtime desc LIMIT 2   [ RunTime:0.0001s ]
SQL: SELECT * FROM `xmb_goods` WHERE ( scate=60 and is_del=-1 and is_up=1 ) ORDER BY sort desc,addtime desc LIMIT 2,21   [ RunTime:0.0001s ]
SQL: SELECT * FROM `xmb_goods` WHERE ( scate=61 and is_del=-1 and is_up=1 ) ORDER BY sort desc,addtime desc LIMIT 2   [ RunTime:0.0001s ]
SQL: SELECT * FROM `xmb_goods` WHERE ( scate=61 and is_del=-1 and is_up=1 ) ORDER BY sort desc,addtime desc LIMIT 2,21   [ RunTime:0.0001s ]
SQL: SELECT * FROM `xmb_goods` WHERE ( scate=68 and is_del=-1 and is_up=1 ) ORDER BY sort desc,addtime desc LIMIT 2   [ RunTime:0.0001s ]
SQL: SELECT * FROM `xmb_goods` WHERE ( scate=68 and is_del=-1 and is_up=1 ) ORDER BY sort desc,addtime desc LIMIT 2,21   [ RunTime:0.0001s ]
SQL: SHOW COLUMNS FROM `xmb_ad` [ RunTime:0.0004s ]
SQL: SELECT * FROM `xmb_ad` ORDER BY savetime desc  [ RunTime:0.0001s ]
INFO: [ view_parse ] --START--
INFO: [ template_filter ] --START--
INFO: Run Behavior\ContentReplaceBehavior [ RunTime:0.000105s ]
INFO: [ template_filter ] --END-- [ RunTime:0.000152s ]
INFO: Run Behavior\ParseTemplateBehavior [ RunTime:0.020914s ]
INFO: [ view_parse ] --END-- [ RunTime:0.020964s ]
INFO: [ view_filter ] --START--
INFO: Run Behavior\WriteHtmlCacheBehavior [ RunTime:0.000205s ]
INFO: [ view_filter ] --END-- [ RunTime:0.000235s ]
INFO: [ app_end ] --START--
INFO: Run Behavior\ShowPageTraceBehavior [ RunTime:0.000418s ]
INFO: [ app_end ] --END-- [ RunTime:0.000453s ]

[ 2019-05-04T10:33:38+08:00 ] 47.92.110.185 /
INFO: [ app_init ] --START--
INFO: Run Behavior\BuildLiteBehavior [ RunTime:0.000011s ]
INFO: [ app_init ] --END-- [ RunTime:0.000266s ]
INFO: [ app_begin ] --START--
INFO: Run Behavior\ReadHtmlCacheBehavior [ RunTime:0.000425s ]
INFO: [ app_begin ] --END-- [ RunTime:0.000464s ]
SQL: SHOW COLUMNS FROM `xmb_config` [ RunTime:0.0006s ]
SQL: SELECT * FROM `xmb_config` WHERE ( id = 1 ) LIMIT 1   [ RunTime:0.0001s ]
SQL: SHOW COLUMNS FROM `xmb_productcate` [ RunTime:0.0003s ]
SQL: SELECT `id`,`title` FROM `xmb_productcate` WHERE ( pid = 0 ) ORDER BY ordernum desc LIMIT 7   [ RunTime:0.0001s ]
SQL: SELECT `id`,`title` FROM `xmb_productcate` WHERE ( pid = 58 ) ORDER BY ordernum desc  [ RunTime:0.0001s ]
SQL: SELECT `id`,`title` FROM `xmb_productcate` WHERE ( pid = 62 ) ORDER BY ordernum desc  [ RunTime:0.0001s ]
SQL: SELECT `id`,`title` FROM `xmb_productcate` WHERE ( pid = 63 ) ORDER BY ordernum desc  [ RunTime:0.0001s ]
SQL: SELECT `id`,`title` FROM `xmb_productcate` WHERE ( pid = 59 ) ORDER BY ordernum desc  [ RunTime:0.0001s ]
SQL: SELECT `id`,`title` FROM `xmb_productcate` WHERE ( pid = 66 ) ORDER BY ordernum desc  [ RunTime:0.0001s ]
SQL: SELECT `id`,`title` FROM `xmb_productcate` WHERE ( pid = 132 ) ORDER BY ordernum desc  [ RunTime:0.0001s ]
SQL: SELECT `id`,`title` FROM `xmb_productcate` WHERE ( pid = 60 ) ORDER BY ordernum desc  [ RunTime:0.0001s ]
SQL: SELECT `id`,`title` FROM `xmb_productcate` WHERE ( pid = 133 ) ORDER BY ordernum desc  [ RunTime:0.0001s ]
SQL: SELECT `id`,`title` FROM `xmb_productcate` WHERE ( pid = 84 ) ORDER BY ordernum desc  [ RunTime:0.0001s ]
SQL: SELECT `id`,`title` FROM `xmb_productcate` WHERE ( pid = 134 ) ORDER BY ordernum desc  [ RunTime:0.0003s ]
SQL: SELECT `id`,`title` FROM `xmb_productcate` WHERE ( pid = 70 ) ORDER BY ordernum desc  [ RunTime:0.0001s ]
SQL: SHOW COLUMNS FROM `xmb_cart` [ RunTime:0.0004s ]
NOTIC: [8] Undefined index: cid /home/wwwroot/default/App/Home/Controller/BaseController.class.php 第 33 行.
SQL: SELECT COUNT(*) AS tp_count FROM xmb_cart c LEFT JOIN xmb_goods g on c.gid=g.id  WHERE ( cid="" AND is_del =-1 AND is_up =1  ) LIMIT 1   [ RunTime:0.0001s ]
SQL: SHOW COLUMNS FROM `xmb_space` [ RunTime:0.0004s ]
SQL: SELECT * FROM `xmb_space` ORDER BY sort desc,addtime desc LIMIT 5   [ RunTime:0.0001s ]
SQL: SELECT * FROM `xmb_productcate` WHERE ( pid = 59 ) LIMIT 4   [ RunTime:0.0002s ]
SQL: SELECT * FROM `xmb_productcate` WHERE ( pid = 68 ) LIMIT 4   [ RunTime:0.0001s ]
SQL: SHOW COLUMNS FROM `xmb_goods` [ RunTime:0.0007s ]
SQL: SELECT * FROM `xmb_goods` WHERE ( scate=63 and is_del=-1 and is_up=1 ) ORDER BY sort desc,addtime desc LIMIT 2   [ RunTime:0.0001s ]
SQL: SELECT * FROM `xmb_goods` WHERE ( scate=63 and is_del=-1 and is_up=1 ) ORDER BY sort desc,addtime desc LIMIT 2,21   [ RunTime:0.0002s ]
SQL: SELECT * FROM `xmb_goods` WHERE ( scate=62 and is_del=-1 and is_up=1 ) ORDER BY sort desc,addtime desc LIMIT 2   [ RunTime:0.0001s ]
SQL: SELECT * FROM `xmb_goods` WHERE ( scate=62 and is_del=-1 and is_up=1 ) ORDER BY sort desc,addtime desc LIMIT 2,21   [ RunTime:0.0002s ]
SQL: SELECT * FROM `xmb_goods` WHERE ( scate=66 and is_del=-1 and is_up=1 ) ORDER BY sort desc,addtime desc LIMIT 2   [ RunTime:0.0001s ]
SQL: SELECT * FROM `xmb_goods` WHERE ( scate=66 and is_del=-1 and is_up=1 ) ORDER BY sort desc,addtime desc LIMIT 2,21   [ RunTime:0.0001s ]
SQL: SHOW COLUMNS FROM `xmb_brand` [ RunTime:0.0005s ]
SQL: SELECT * FROM `xmb_brand` ORDER BY sort desc,addtime desc LIMIT 2   [ RunTime:0.0001s ]
SQL: SELECT * FROM `xmb_brand` ORDER BY sort desc,addtime desc LIMIT 2,21   [ RunTime:0.0001s ]
NOTIC: [8] Undefined variable: brand1 /home/wwwroot/default/App/Home/Controller/IndexController.class.php 第 26 行.
SQL: SELECT * FROM `xmb_goods` WHERE ( scate=60 and is_del=-1 and is_up=1 ) ORDER BY sort desc,addtime desc LIMIT 2   [ RunTime:0.0001s ]
SQL: SELECT * FROM `xmb_goods` WHERE ( scate=60 and is_del=-1 and is_up=1 ) ORDER BY sort desc,addtime desc LIMIT 2,21   [ RunTime:0.0001s ]
SQL: SELECT * FROM `xmb_goods` WHERE ( scate=61 and is_del=-1 and is_up=1 ) ORDER BY sort desc,addtime desc LIMIT 2   [ RunTime:0.0001s ]
SQL: SELECT * FROM `xmb_goods` WHERE ( scate=61 and is_del=-1 and is_up=1 ) ORDER BY sort desc,addtime desc LIMIT 2,21   [ RunTime:0.0001s ]
SQL: SELECT * FROM `xmb_goods` WHERE ( scate=68 and is_del=-1 and is_up=1 ) ORDER BY sort desc,addtime desc LIMIT 2   [ RunTime:0.0001s ]
SQL: SELECT * FROM `xmb_goods` WHERE ( scate=68 and is_del=-1 and is_up=1 ) ORDER BY sort desc,addtime desc LIMIT 2,21   [ RunTime:0.0001s ]
SQL: SHOW COLUMNS FROM `xmb_ad` [ RunTime:0.0003s ]
SQL: SELECT * FROM `xmb_ad` ORDER BY savetime desc  [ RunTime:0.0001s ]
INFO: [ view_parse ] --START--
INFO: [ template_filter ] --START--
INFO: Run Behavior\ContentReplaceBehavior [ RunTime:0.000105s ]
INFO: [ template_filter ] --END-- [ RunTime:0.000150s ]
INFO: Run Behavior\ParseTemplateBehavior [ RunTime:0.019075s ]
INFO: [ view_parse ] --END-- [ RunTime:0.019127s ]
INFO: [ view_filter ] --START--
INFO: Run Behavior\WriteHtmlCacheBehavior [ RunTime:0.000179s ]
INFO: [ view_filter ] --END-- [ RunTime:0.000199s ]
INFO: [ app_end ] --START--
INFO: Run Behavior\ShowPageTraceBehavior [ RunTime:0.000380s ]
INFO: [ app_end ] --END-- [ RunTime:0.000404s ]

[ 2019-05-04T10:52:16+08:00 ] 129.56.2.154 /
INFO: [ app_init ] --START--
INFO: Run Behavior\BuildLiteBehavior [ RunTime:0.000012s ]
INFO: [ app_init ] --END-- [ RunTime:0.000316s ]
INFO: [ app_begin ] --START--
INFO: Run Behavior\ReadHtmlCacheBehavior [ RunTime:0.000389s ]
INFO: [ app_begin ] --END-- [ RunTime:0.000436s ]
SQL: SHOW COLUMNS FROM `xmb_config` [ RunTime:0.0008s ]
SQL: SELECT * FROM `xmb_config` WHERE ( id = 1 ) LIMIT 1   [ RunTime:0.0001s ]
SQL: SHOW COLUMNS FROM `xmb_productcate` [ RunTime:0.0004s ]
SQL: SELECT `id`,`title` FROM `xmb_productcate` WHERE ( pid = 0 ) ORDER BY ordernum desc LIMIT 7   [ RunTime:0.0001s ]
SQL: SELECT `id`,`title` FROM `xmb_productcate` WHERE ( pid = 58 ) ORDER BY ordernum desc  [ RunTime:0.0001s ]
SQL: SELECT `id`,`title` FROM `xmb_productcate` WHERE ( pid = 62 ) ORDER BY ordernum desc  [ RunTime:0.0001s ]
SQL: SELECT `id`,`title` FROM `xmb_productcate` WHERE ( pid = 63 ) ORDER BY ordernum desc  [ RunTime:0.0001s ]
SQL: SELECT `id`,`title` FROM `xmb_productcate` WHERE ( pid = 59 ) ORDER BY ordernum desc  [ RunTime:0.0001s ]
SQL: SELECT `id`,`title` FROM `xmb_productcate` WHERE ( pid = 66 ) ORDER BY ordernum desc  [ RunTime:0.0001s ]
SQL: SELECT `id`,`title` FROM `xmb_productcate` WHERE ( pid = 132 ) ORDER BY ordernum desc  [ RunTime:0.0001s ]
SQL: SELECT `id`,`title` FROM `xmb_productcate` WHERE ( pid = 60 ) ORDER BY ordernum desc  [ RunTime:0.0001s ]
SQL: SELECT `id`,`title` FROM `xmb_productcate` WHERE ( pid = 133 ) ORDER BY ordernum desc  [ RunTime:0.0001s ]
SQL: SELECT `id`,`title` FROM `xmb_productcate` WHERE ( pid = 84 ) ORDER BY ordernum desc  [ RunTime:0.0001s ]
SQL: SELECT `id`,`title` FROM `xmb_productcate` WHERE ( pid = 134 ) ORDER BY ordernum desc  [ RunTime:0.0001s ]
SQL: SELECT `id`,`title` FROM `xmb_productcate` WHERE ( pid = 70 ) ORDER BY ordernum desc  [ RunTime:0.0001s ]
SQL: SHOW COLUMNS FROM `xmb_cart` [ RunTime:0.0006s ]
NOTIC: [8] Undefined index: cid /home/wwwroot/default/App/Home/Controller/BaseController.class.php 第 33 行.
SQL: SELECT COUNT(*) AS tp_count FROM xmb_cart c LEFT JOIN xmb_goods g on c.gid=g.id  WHERE ( cid="" AND is_del =-1 AND is_up =1  ) LIMIT 1   [ RunTime:0.0001s ]
SQL: SHOW COLUMNS FROM `xmb_space` [ RunTime:0.0005s ]
SQL: SELECT * FROM `xmb_space` ORDER BY sort desc,addtime desc LIMIT 5   [ RunTime:0.0001s ]
SQL: SELECT * FROM `xmb_productcate` WHERE ( pid = 59 ) LIMIT 4   [ RunTime:0.0001s ]
SQL: SELECT * FROM `xmb_productcate` WHERE ( pid = 68 ) LIMIT 4   [ RunTime:0.0001s ]
SQL: SHOW COLUMNS FROM `xmb_goods` [ RunTime:0.0006s ]
SQL: SELECT * FROM `xmb_goods` WHERE ( scate=63 and is_del=-1 and is_up=1 ) ORDER BY sort desc,addtime desc LIMIT 2   [ RunTime:0.0001s ]
SQL: SELECT * FROM `xmb_goods` WHERE ( scate=63 and is_del=-1 and is_up=1 ) ORDER BY sort desc,addtime desc LIMIT 2,21   [ RunTime:0.0001s ]
SQL: SELECT * FROM `xmb_goods` WHERE ( scate=62 and is_del=-1 and is_up=1 ) ORDER BY sort desc,addtime desc LIMIT 2   [ RunTime:0.0001s ]
SQL: SELECT * FROM `xmb_goods` WHERE ( scate=62 and is_del=-1 and is_up=1 ) ORDER BY sort desc,addtime desc LIMIT 2,21   [ RunTime:0.0001s ]
SQL: SELECT * FROM `xmb_goods` WHERE ( scate=66 and is_del=-1 and is_up=1 ) ORDER BY sort desc,addtime desc LIMIT 2   [ RunTime:0.0001s ]
SQL: SELECT * FROM `xmb_goods` WHERE ( scate=66 and is_del=-1 and is_up=1 ) ORDER BY sort desc,addtime desc LIMIT 2,21   [ RunTime:0.0002s ]
SQL: SHOW COLUMNS FROM `xmb_brand` [ RunTime:0.0005s ]
SQL: SELECT * FROM `xmb_brand` ORDER BY sort desc,addtime desc LIMIT 2   [ RunTime:0.0002s ]
SQL: SELECT * FROM `xmb_brand` ORDER BY sort desc,addtime desc LIMIT 2,21   [ RunTime:0.0001s ]
NOTIC: [8] Undefined variable: brand1 /home/wwwroot/default/App/Home/Controller/IndexController.class.php 第 26 行.
SQL: SELECT * FROM `xmb_goods` WHERE ( scate=60 and is_del=-1 and is_up=1 ) ORDER BY sort desc,addtime desc LIMIT 2   [ RunTime:0.0001s ]
SQL: SELECT * FROM `xmb_goods` WHERE ( scate=60 and is_del=-1 and is_up=1 ) ORDER BY sort desc,addtime desc LIMIT 2,21   [ RunTime:0.0001s ]
SQL: SELECT * FROM `xmb_goods` WHERE ( scate=61 and is_del=-1 and is_up=1 ) ORDER BY sort desc,addtime desc LIMIT 2   [ RunTime:0.0001s ]
SQL: SELECT * FROM `xmb_goods` WHERE ( scate=61 and is_del=-1 and is_up=1 ) ORDER BY sort desc,addtime desc LIMIT 2,21   [ RunTime:0.0001s ]
SQL: SELECT * FROM `xmb_goods` WHERE ( scate=68 and is_del=-1 and is_up=1 ) ORDER BY sort desc,addtime desc LIMIT 2   [ RunTime:0.0001s ]
SQL: SELECT * FROM `xmb_goods` WHERE ( scate=68 and is_del=-1 and is_up=1 ) ORDER BY sort desc,addtime desc LIMIT 2,21   [ RunTime:0.0001s ]
SQL: SHOW COLUMNS FROM `xmb_ad` [ RunTime:0.0003s ]
SQL: SELECT * FROM `xmb_ad` ORDER BY savetime desc  [ RunTime:0.0001s ]
INFO: [ view_parse ] --START--
INFO: [ template_filter ] --START--
INFO: Run Behavior\ContentReplaceBehavior [ RunTime:0.000103s ]
INFO: [ template_filter ] --END-- [ RunTime:0.000149s ]
INFO: Run Behavior\ParseTemplateBehavior [ RunTime:0.021698s ]
INFO: [ view_parse ] --END-- [ RunTime:0.021753s ]
INFO: [ view_filter ] --START--
INFO: Run Behavior\WriteHtmlCacheBehavior [ RunTime:0.000219s ]
INFO: [ view_filter ] --END-- [ RunTime:0.000241s ]
INFO: [ app_end ] --START--
INFO: Run Behavior\ShowPageTraceBehavior [ RunTime:0.000460s ]
INFO: [ app_end ] --END-- [ RunTime:0.000496s ]

[ 2019-05-04T11:17:17+08:00 ] 128.14.209.178 /console/login/LoginForm.jsp
INFO: [ app_init ] --START--
INFO: Run Behavior\BuildLiteBehavior [ RunTime:0.000016s ]
INFO: [ app_init ] --END-- [ RunTime:0.000365s ]
INFO: [ app_begin ] --START--
INFO: Run Behavior\ReadHtmlCacheBehavior [ RunTime:0.000535s ]
INFO: [ app_begin ] --END-- [ RunTime:0.000590s ]
ERR: 无法加载控制器:Console

[ 2019-05-04T20:56:38+08:00 ] 202.161.112.254 /index.php?q=eyJpcCI6IjQ3Ljk3LjE1OC4xMjIiLCJwb3J0IjoiODAiLCJub2RucyI6dHJ1ZSwidHlwZSI6IldFQiIsImhhc2giOiIwZTk0OGNiMGVlNTMxM2QzOGEyNjk0OGJlMzgwMDViMSJ9
INFO: [ app_init ] --START--
INFO: Run Behavior\BuildLiteBehavior [ RunTime:0.000010s ]
INFO: [ app_init ] --END-- [ RunTime:0.000270s ]
INFO: [ app_begin ] --START--
INFO: Run Behavior\ReadHtmlCacheBehavior [ RunTime:0.000383s ]
INFO: [ app_begin ] --END-- [ RunTime:0.000428s ]
SQL: SHOW COLUMNS FROM `xmb_config` [ RunTime:0.0006s ]
SQL: SELECT * FROM `xmb_config` WHERE ( id = 1 ) LIMIT 1   [ RunTime:0.0001s ]
SQL: SHOW COLUMNS FROM `xmb_productcate` [ RunTime:0.0003s ]
SQL: SELECT `id`,`title` FROM `xmb_productcate` WHERE ( pid = 0 ) ORDER BY ordernum desc LIMIT 7   [ RunTime:0.0001s ]
SQL: SELECT `id`,`title` FROM `xmb_productcate` WHERE ( pid = 58 ) ORDER BY ordernum desc  [ RunTime:0.0001s ]
SQL: SELECT `id`,`title` FROM `xmb_productcate` WHERE ( pid = 62 ) ORDER BY ordernum desc  [ RunTime:0.0001s ]
SQL: SELECT `id`,`title` FROM `xmb_productcate` WHERE ( pid = 63 ) ORDER BY ordernum desc  [ RunTime:0.0001s ]
SQL: SELECT `id`,`title` FROM `xmb_productcate` WHERE ( pid = 59 ) ORDER BY ordernum desc  [ RunTime:0.0001s ]
SQL: SELECT `id`,`title` FROM `xmb_productcate` WHERE ( pid = 66 ) ORDER BY ordernum desc  [ RunTime:0.0001s ]
SQL: SELECT `id`,`title` FROM `xmb_productcate` WHERE ( pid = 132 ) ORDER BY ordernum desc  [ RunTime:0.0001s ]
SQL: SELECT `id`,`title` FROM `xmb_productcate` WHERE ( pid = 60 ) ORDER BY ordernum desc  [ RunTime:0.0001s ]
SQL: SELECT `id`,`title` FROM `xmb_productcate` WHERE ( pid = 133 ) ORDER BY ordernum desc  [ RunTime:0.0001s ]
SQL: SELECT `id`,`title` FROM `xmb_productcate` WHERE ( pid = 84 ) ORDER BY ordernum desc  [ RunTime:0.0001s ]
SQL: SELECT `id`,`title` FROM `xmb_productcate` WHERE ( pid = 134 ) ORDER BY ordernum desc  [ RunTime:0.0001s ]
SQL: SELECT `id`,`title` FROM `xmb_productcate` WHERE ( pid = 70 ) ORDER BY ordernum desc  [ RunTime:0.0001s ]
SQL: SHOW COLUMNS FROM `xmb_cart` [ RunTime:0.0006s ]
NOTIC: [8] Undefined index: cid /home/wwwroot/default/App/Home/Controller/BaseController.class.php 第 33 行.
SQL: SELECT COUNT(*) AS tp_count FROM xmb_cart c LEFT JOIN xmb_goods g on c.gid=g.id  WHERE ( cid="" AND is_del =-1 AND is_up =1  ) LIMIT 1   [ RunTime:0.0001s ]
SQL: SHOW COLUMNS FROM `xmb_space` [ RunTime:0.0004s ]
SQL: SELECT * FROM `xmb_space` ORDER BY sort desc,addtime desc LIMIT 5   [ RunTime:0.0001s ]
SQL: SELECT * FROM `xmb_productcate` WHERE ( pid = 59 ) LIMIT 4   [ RunTime:0.0001s ]
SQL: SELECT * FROM `xmb_productcate` WHERE ( pid = 68 ) LIMIT 4   [ RunTime:0.0000s ]
SQL: SHOW COLUMNS FROM `xmb_goods` [ RunTime:0.0005s ]
SQL: SELECT * FROM `xmb_goods` WHERE ( scate=63 and is_del=-1 and is_up=1 ) ORDER BY sort desc,addtime desc LIMIT 2   [ RunTime:0.0001s ]
SQL: SELECT * FROM `xmb_goods` WHERE ( scate=63 and is_del=-1 and is_up=1 ) ORDER BY sort desc,addtime desc LIMIT 2,21   [ RunTime:0.0001s ]
SQL: SELECT * FROM `xmb_goods` WHERE ( scate=62 and is_del=-1 and is_up=1 ) ORDER BY sort desc,addtime desc LIMIT 2   [ RunTime:0.0001s ]
SQL: SELECT * FROM `xmb_goods` WHERE ( scate=62 and is_del=-1 and is_up=1 ) ORDER BY sort desc,addtime desc LIMIT 2,21   [ RunTime:0.0001s ]
SQL: SELECT * FROM `xmb_goods` WHERE ( scate=66 and is_del=-1 and is_up=1 ) ORDER BY sort desc,addtime desc LIMIT 2   [ RunTime:0.0001s ]
SQL: SELECT * FROM `xmb_goods` WHERE ( scate=66 and is_del=-1 and is_up=1 ) ORDER BY sort desc,addtime desc LIMIT 2,21   [ RunTime:0.0002s ]
SQL: SHOW COLUMNS FROM `xmb_brand` [ RunTime:0.0004s ]
SQL: SELECT * FROM `xmb_brand` ORDER BY sort desc,addtime desc LIMIT 2   [ RunTime:0.0001s ]
SQL: SELECT * FROM `xmb_brand` ORDER BY sort desc,addtime desc LIMIT 2,21   [ RunTime:0.0001s ]
NOTIC: [8] Undefined variable: brand1 /home/wwwroot/default/App/Home/Controller/IndexController.class.php 第 26 行.
SQL: SELECT * FROM `xmb_goods` WHERE ( scate=60 and is_del=-1 and is_up=1 ) ORDER BY sort desc,addtime desc LIMIT 2   [ RunTime:0.0001s ]
SQL: SELECT * FROM `xmb_goods` WHERE ( scate=60 and is_del=-1 and is_up=1 ) ORDER BY sort desc,addtime desc LIMIT 2,21   [ RunTime:0.0001s ]
SQL: SELECT * FROM `xmb_goods` WHERE ( scate=61 and is_del=-1 and is_up=1 ) ORDER BY sort desc,addtime desc LIMIT 2   [ RunTime:0.0001s ]
SQL: SELECT * FROM `xmb_goods` WHERE ( scate=61 and is_del=-1 and is_up=1 ) ORDER BY sort desc,addtime desc LIMIT 2,21   [ RunTime:0.0001s ]
SQL: SELECT * FROM `xmb_goods` WHERE ( scate=68 and is_del=-1 and is_up=1 ) ORDER BY sort desc,addtime desc LIMIT 2   [ RunTime:0.0001s ]
SQL: SELECT * FROM `xmb_goods` WHERE ( scate=68 and is_del=-1 and is_up=1 ) ORDER BY sort desc,addtime desc LIMIT 2,21   [ RunTime:0.0001s ]
SQL: SHOW COLUMNS FROM `xmb_ad` [ RunTime:0.0003s ]
SQL: SELECT * FROM `xmb_ad` ORDER BY savetime desc  [ RunTime:0.0001s ]
INFO: [ view_parse ] --START--
INFO: [ template_filter ] --START--
INFO: Run Behavior\ContentReplaceBehavior [ RunTime:0.000115s ]
INFO: [ template_filter ] --END-- [ RunTime:0.000165s ]
INFO: Run Behavior\ParseTemplateBehavior [ RunTime:0.020159s ]
INFO: [ view_parse ] --END-- [ RunTime:0.020213s ]
INFO: [ view_filter ] --START--
INFO: Run Behavior\WriteHtmlCacheBehavior [ RunTime:0.000212s ]
INFO: [ view_filter ] --END-- [ RunTime:0.000235s ]
INFO: [ app_end ] --START--
INFO: Run Behavior\ShowPageTraceBehavior [ RunTime:0.000388s ]
INFO: [ app_end ] --END-- [ RunTime:0.000412s ]

[ 2019-05-04T21:18:36+08:00 ] 101.236.50.60 /
INFO: [ app_init ] --START--
INFO: Run Behavior\BuildLiteBehavior [ RunTime:0.000011s ]
INFO: [ app_init ] --END-- [ RunTime:0.000265s ]
INFO: [ app_begin ] --START--
INFO: Run Behavior\ReadHtmlCacheBehavior [ RunTime:0.000372s ]
INFO: [ app_begin ] --END-- [ RunTime:0.000403s ]
SQL: SHOW COLUMNS FROM `xmb_config` [ RunTime:0.0006s ]
SQL: SELECT * FROM `xmb_config` WHERE ( id = 1 ) LIMIT 1   [ RunTime:0.0001s ]
SQL: SHOW COLUMNS FROM `xmb_productcate` [ RunTime:0.0003s ]
SQL: SELECT `id`,`title` FROM `xmb_productcate` WHERE ( pid = 0 ) ORDER BY ordernum desc LIMIT 7   [ RunTime:0.0001s ]
SQL: SELECT `id`,`title` FROM `xmb_productcate` WHERE ( pid = 58 ) ORDER BY ordernum desc  [ RunTime:0.0001s ]
SQL: SELECT `id`,`title` FROM `xmb_productcate` WHERE ( pid = 62 ) ORDER BY ordernum desc  [ RunTime:0.0001s ]
SQL: SELECT `id`,`title` FROM `xmb_productcate` WHERE ( pid = 63 ) ORDER BY ordernum desc  [ RunTime:0.0001s ]
SQL: SELECT `id`,`title` FROM `xmb_productcate` WHERE ( pid = 59 ) ORDER BY ordernum desc  [ RunTime:0.0001s ]
SQL: SELECT `id`,`title` FROM `xmb_productcate` WHERE ( pid = 66 ) ORDER BY ordernum desc  [ RunTime:0.0001s ]
SQL: SELECT `id`,`title` FROM `xmb_productcate` WHERE ( pid = 132 ) ORDER BY ordernum desc  [ RunTime:0.0001s ]
SQL: SELECT `id`,`title` FROM `xmb_productcate` WHERE ( pid = 60 ) ORDER BY ordernum desc  [ RunTime:0.0001s ]
SQL: SELECT `id`,`title` FROM `xmb_productcate` WHERE ( pid = 133 ) ORDER BY ordernum desc  [ RunTime:0.0001s ]
SQL: SELECT `id`,`title` FROM `xmb_productcate` WHERE ( pid = 84 ) ORDER BY ordernum desc  [ RunTime:0.0001s ]
SQL: SELECT `id`,`title` FROM `xmb_productcate` WHERE ( pid = 134 ) ORDER BY ordernum desc  [ RunTime:0.0001s ]
SQL: SELECT `id`,`title` FROM `xmb_productcate` WHERE ( pid = 70 ) ORDER BY ordernum desc  [ RunTime:0.0001s ]
SQL: SHOW COLUMNS FROM `xmb_cart` [ RunTime:0.0005s ]
NOTIC: [8] Undefined index: cid /home/wwwroot/default/App/Home/Controller/BaseController.class.php 第 33 行.
SQL: SELECT COUNT(*) AS tp_count FROM xmb_cart c LEFT JOIN xmb_goods g on c.gid=g.id  WHERE ( cid="" AND is_del =-1 AND is_up =1  ) LIMIT 1   [ RunTime:0.0001s ]
SQL: SHOW COLUMNS FROM `xmb_space` [ RunTime:0.0003s ]
SQL: SELECT * FROM `xmb_space` ORDER BY sort desc,addtime desc LIMIT 5   [ RunTime:0.0001s ]
SQL: SELECT * FROM `xmb_productcate` WHERE ( pid = 59 ) LIMIT 4   [ RunTime:0.0001s ]
SQL: SELECT * FROM `xmb_productcate` WHERE ( pid = 68 ) LIMIT 4   [ RunTime:0.0001s ]
SQL: SHOW COLUMNS FROM `xmb_goods` [ RunTime:0.0005s ]
SQL: SELECT * FROM `xmb_goods` WHERE ( scate=63 and is_del=-1 and is_up=1 ) ORDER BY sort desc,addtime desc LIMIT 2   [ RunTime:0.0002s ]
SQL: SELECT * FROM `xmb_goods` WHERE ( scate=63 and is_del=-1 and is_up=1 ) ORDER BY sort desc,addtime desc LIMIT 2,21   [ RunTime:0.0001s ]
SQL: SELECT * FROM `xmb_goods` WHERE ( scate=62 and is_del=-1 and is_up=1 ) ORDER BY sort desc,addtime desc LIMIT 2   [ RunTime:0.0001s ]
SQL: SELECT * FROM `xmb_goods` WHERE ( scate=62 and is_del=-1 and is_up=1 ) ORDER BY sort desc,addtime desc LIMIT 2,21   [ RunTime:0.0002s ]
SQL: SELECT * FROM `xmb_goods` WHERE ( scate=66 and is_del=-1 and is_up=1 ) ORDER BY sort desc,addtime desc LIMIT 2   [ RunTime:0.0001s ]
SQL: SELECT * FROM `xmb_goods` WHERE ( scate=66 and is_del=-1 and is_up=1 ) ORDER BY sort desc,addtime desc LIMIT 2,21   [ RunTime:0.0001s ]
SQL: SHOW COLUMNS FROM `xmb_brand` [ RunTime:0.0003s ]
SQL: SELECT * FROM `xmb_brand` ORDER BY sort desc,addtime desc LIMIT 2   [ RunTime:0.0001s ]
SQL: SELECT * FROM `xmb_brand` ORDER BY sort desc,addtime desc LIMIT 2,21   [ RunTime:0.0001s ]
NOTIC: [8] Undefined variable: brand1 /home/wwwroot/default/App/Home/Controller/IndexController.class.php 第 26 行.
SQL: SELECT * FROM `xmb_goods` WHERE ( scate=60 and is_del=-1 and is_up=1 ) ORDER BY sort desc,addtime desc LIMIT 2   [ RunTime:0.0001s ]
SQL: SELECT * FROM `xmb_goods` WHERE ( scate=60 and is_del=-1 and is_up=1 ) ORDER BY sort desc,addtime desc LIMIT 2,21   [ RunTime:0.0001s ]
SQL: SELECT * FROM `xmb_goods` WHERE ( scate=61 and is_del=-1 and is_up=1 ) ORDER BY sort desc,addtime desc LIMIT 2   [ RunTime:0.0001s ]
SQL: SELECT * FROM `xmb_goods` WHERE ( scate=61 and is_del=-1 and is_up=1 ) ORDER BY sort desc,addtime desc LIMIT 2,21   [ RunTime:0.0001s ]
SQL: SELECT * FROM `xmb_goods` WHERE ( scate=68 and is_del=-1 and is_up=1 ) ORDER BY sort desc,addtime desc LIMIT 2   [ RunTime:0.0001s ]
SQL: SELECT * FROM `xmb_goods` WHERE ( scate=68 and is_del=-1 and is_up=1 ) ORDER BY sort desc,addtime desc LIMIT 2,21   [ RunTime:0.0001s ]
SQL: SHOW COLUMNS FROM `xmb_ad` [ RunTime:0.0003s ]
SQL: SELECT * FROM `xmb_ad` ORDER BY savetime desc  [ RunTime:0.0001s ]
INFO: [ view_parse ] --START--
INFO: [ template_filter ] --START--
INFO: Run Behavior\ContentReplaceBehavior [ RunTime:0.000124s ]
INFO: [ template_filter ] --END-- [ RunTime:0.000182s ]
INFO: Run Behavior\ParseTemplateBehavior [ RunTime:0.020070s ]
INFO: [ view_parse ] --END-- [ RunTime:0.020119s ]
INFO: [ view_filter ] --START--
INFO: Run Behavior\WriteHtmlCacheBehavior [ RunTime:0.000196s ]
INFO: [ view_filter ] --END-- [ RunTime:0.000218s ]
INFO: [ app_end ] --START--
INFO: Run Behavior\ShowPageTraceBehavior [ RunTime:0.000387s ]
INFO: [ app_end ] --END-- [ RunTime:0.000422s ]

[ 2019-05-04T21:49:25+08:00 ] 190.184.203.162 /
INFO: [ app_init ] --START--
INFO: Run Behavior\BuildLiteBehavior [ RunTime:0.000010s ]
INFO: [ app_init ] --END-- [ RunTime:0.000238s ]
INFO: [ app_begin ] --START--
INFO: Run Behavior\ReadHtmlCacheBehavior [ RunTime:0.000329s ]
INFO: [ app_begin ] --END-- [ RunTime:0.000358s ]
SQL: SHOW COLUMNS FROM `xmb_config` [ RunTime:0.0007s ]
SQL: SELECT * FROM `xmb_config` WHERE ( id = 1 ) LIMIT 1   [ RunTime:0.0001s ]
SQL: SHOW COLUMNS FROM `xmb_productcate` [ RunTime:0.0012s ]
SQL: SELECT `id`,`title` FROM `xmb_productcate` WHERE ( pid = 0 ) ORDER BY ordernum desc LIMIT 7   [ RunTime:0.0002s ]
SQL: SELECT `id`,`title` FROM `xmb_productcate` WHERE ( pid = 58 ) ORDER BY ordernum desc  [ RunTime:0.0002s ]
SQL: SELECT `id`,`title` FROM `xmb_productcate` WHERE ( pid = 62 ) ORDER BY ordernum desc  [ RunTime:0.0001s ]
SQL: SELECT `id`,`title` FROM `xmb_productcate` WHERE ( pid = 63 ) ORDER BY ordernum desc  [ RunTime:0.0001s ]
SQL: SELECT `id`,`title` FROM `xmb_productcate` WHERE ( pid = 59 ) ORDER BY ordernum desc  [ RunTime:0.0001s ]
SQL: SELECT `id`,`title` FROM `xmb_productcate` WHERE ( pid = 66 ) ORDER BY ordernum desc  [ RunTime:0.0001s ]
SQL: SELECT `id`,`title` FROM `xmb_productcate` WHERE ( pid = 132 ) ORDER BY ordernum desc  [ RunTime:0.0001s ]
SQL: SELECT `id`,`title` FROM `xmb_productcate` WHERE ( pid = 60 ) ORDER BY ordernum desc  [ RunTime:0.0001s ]
SQL: SELECT `id`,`title` FROM `xmb_productcate` WHERE ( pid = 133 ) ORDER BY ordernum desc  [ RunTime:0.0002s ]
SQL: SELECT `id`,`title` FROM `xmb_productcate` WHERE ( pid = 84 ) ORDER BY ordernum desc  [ RunTime:0.0001s ]
SQL: SELECT `id`,`title` FROM `xmb_productcate` WHERE ( pid = 134 ) ORDER BY ordernum desc  [ RunTime:0.0001s ]
SQL: SELECT `id`,`title` FROM `xmb_productcate` WHERE ( pid = 70 ) ORDER BY ordernum desc  [ RunTime:0.0001s ]
SQL: SHOW COLUMNS FROM `xmb_cart` [ RunTime:0.0005s ]
NOTIC: [8] Undefined index: cid /home/wwwroot/default/App/Home/Controller/BaseController.class.php 第 33 行.
SQL: SELECT COUNT(*) AS tp_count FROM xmb_cart c LEFT JOIN xmb_goods g on c.gid=g.id  WHERE ( cid="" AND is_del =-1 AND is_up =1  ) LIMIT 1   [ RunTime:0.0001s ]
SQL: SHOW COLUMNS FROM `xmb_space` [ RunTime:0.0005s ]
SQL: SELECT * FROM `xmb_space` ORDER BY sort desc,addtime desc LIMIT 5   [ RunTime:0.0001s ]
SQL: SELECT * FROM `xmb_productcate` WHERE ( pid = 59 ) LIMIT 4   [ RunTime:0.0001s ]
SQL: SELECT * FROM `xmb_productcate` WHERE ( pid = 68 ) LIMIT 4   [ RunTime:0.0001s ]
SQL: SHOW COLUMNS FROM `xmb_goods` [ RunTime:0.0005s ]
SQL: SELECT * FROM `xmb_goods` WHERE ( scate=63 and is_del=-1 and is_up=1 ) ORDER BY sort desc,addtime desc LIMIT 2   [ RunTime:0.0001s ]
SQL: SELECT * FROM `xmb_goods` WHERE ( scate=63 and is_del=-1 and is_up=1 ) ORDER BY sort desc,addtime desc LIMIT 2,21   [ RunTime:0.0001s ]
SQL: SELECT * FROM `xmb_goods` WHERE ( scate=62 and is_del=-1 and is_up=1 ) ORDER BY sort desc,addtime desc LIMIT 2   [ RunTime:0.0001s ]
SQL: SELECT * FROM `xmb_goods` WHERE ( scate=62 and is_del=-1 and is_up=1 ) ORDER BY sort desc,addtime desc LIMIT 2,21   [ RunTime:0.0002s ]
SQL: SELECT * FROM `xmb_goods` WHERE ( scate=66 and is_del=-1 and is_up=1 ) ORDER BY sort desc,addtime desc LIMIT 2   [ RunTime:0.0002s ]
SQL: SELECT * FROM `xmb_goods` WHERE ( scate=66 and is_del=-1 and is_up=1 ) ORDER BY sort desc,addtime desc LIMIT 2,21   [ RunTime:0.0002s ]
SQL: SHOW COLUMNS FROM `xmb_brand` [ RunTime:0.0005s ]
SQL: SELECT * FROM `xmb_brand` ORDER BY sort desc,addtime desc LIMIT 2   [ RunTime:0.0001s ]
SQL: SELECT * FROM `xmb_brand` ORDER BY sort desc,addtime desc LIMIT 2,21   [ RunTime:0.0001s ]
NOTIC: [8] Undefined variable: brand1 /home/wwwroot/default/App/Home/Controller/IndexController.class.php 第 26 行.
SQL: SELECT * FROM `xmb_goods` WHERE ( scate=60 and is_del=-1 and is_up=1 ) ORDER BY sort desc,addtime desc LIMIT 2   [ RunTime:0.0001s ]
SQL: SELECT * FROM `xmb_goods` WHERE ( scate=60 and is_del=-1 and is_up=1 ) ORDER BY sort desc,addtime desc LIMIT 2,21   [ RunTime:0.0001s ]
SQL: SELECT * FROM `xmb_goods` WHERE ( scate=61 and is_del=-1 and is_up=1 ) ORDER BY sort desc,addtime desc LIMIT 2   [ RunTime:0.0001s ]
SQL: SELECT * FROM `xmb_goods` WHERE ( scate=61 and is_del=-1 and is_up=1 ) ORDER BY sort desc,addtime desc LIMIT 2,21   [ RunTime:0.0001s ]
SQL: SELECT * FROM `xmb_goods` WHERE ( scate=68 and is_del=-1 and is_up=1 ) ORDER BY sort desc,addtime desc LIMIT 2   [ RunTime:0.0001s ]
SQL: SELECT * FROM `xmb_goods` WHERE ( scate=68 and is_del=-1 and is_up=1 ) ORDER BY sort desc,addtime desc LIMIT 2,21   [ RunTime:0.0001s ]
SQL: SHOW COLUMNS FROM `xmb_ad` [ RunTime:0.0004s ]
SQL: SELECT * FROM `xmb_ad` ORDER BY savetime desc  [ RunTime:0.0001s ]
INFO: [ view_parse ] --START--
INFO: [ template_filter ] --START--
INFO: Run Behavior\ContentReplaceBehavior [ RunTime:0.000111s ]
INFO: [ template_filter ] --END-- [ RunTime:0.000164s ]
INFO: Run Behavior\ParseTemplateBehavior [ RunTime:0.020779s ]
INFO: [ view_parse ] --END-- [ RunTime:0.020844s ]
INFO: [ view_filter ] --START--
INFO: Run Behavior\WriteHtmlCacheBehavior [ RunTime:0.000199s ]
INFO: [ view_filter ] --END-- [ RunTime:0.000220s ]
INFO: [ app_end ] --START--
INFO: Run Behavior\ShowPageTraceBehavior [ RunTime:0.000416s ]
INFO: [ app_end ] --END-- [ RunTime:0.000448s ]

[ 2019-05-04T21:58:34+08:00 ] 117.4.194.68 /
INFO: [ app_init ] --START--
INFO: Run Behavior\BuildLiteBehavior [ RunTime:0.000010s ]
INFO: [ app_init ] --END-- [ RunTime:0.000247s ]
INFO: [ app_begin ] --START--
INFO: Run Behavior\ReadHtmlCacheBehavior [ RunTime:0.000350s ]
INFO: [ app_begin ] --END-- [ RunTime:0.000384s ]
SQL: SHOW COLUMNS FROM `xmb_config` [ RunTime:0.0006s ]
SQL: SELECT * FROM `xmb_config` WHERE ( id = 1 ) LIMIT 1   [ RunTime:0.0001s ]
SQL: SHOW COLUMNS FROM `xmb_productcate` [ RunTime:0.0006s ]
SQL: SELECT `id`,`title` FROM `xmb_productcate` WHERE ( pid = 0 ) ORDER BY ordernum desc LIMIT 7   [ RunTime:0.0001s ]
SQL: SELECT `id`,`title` FROM `xmb_productcate` WHERE ( pid = 58 ) ORDER BY ordernum desc  [ RunTime:0.0001s ]
SQL: SELECT `id`,`title` FROM `xmb_productcate` WHERE ( pid = 62 ) ORDER BY ordernum desc  [ RunTime:0.0001s ]
SQL: SELECT `id`,`title` FROM `xmb_productcate` WHERE ( pid = 63 ) ORDER BY ordernum desc  [ RunTime:0.0001s ]
SQL: SELECT `id`,`title` FROM `xmb_productcate` WHERE ( pid = 59 ) ORDER BY ordernum desc  [ RunTime:0.0000s ]
SQL: SELECT `id`,`title` FROM `xmb_productcate` WHERE ( pid = 66 ) ORDER BY ordernum desc  [ RunTime:0.0000s ]
SQL: SELECT `id`,`title` FROM `xmb_productcate` WHERE ( pid = 132 ) ORDER BY ordernum desc  [ RunTime:0.0000s ]
SQL: SELECT `id`,`title` FROM `xmb_productcate` WHERE ( pid = 60 ) ORDER BY ordernum desc  [ RunTime:0.0000s ]
SQL: SELECT `id`,`title` FROM `xmb_productcate` WHERE ( pid = 133 ) ORDER BY ordernum desc  [ RunTime:0.0001s ]
SQL: SELECT `id`,`title` FROM `xmb_productcate` WHERE ( pid = 84 ) ORDER BY ordernum desc  [ RunTime:0.0001s ]
SQL: SELECT `id`,`title` FROM `xmb_productcate` WHERE ( pid = 134 ) ORDER BY ordernum desc  [ RunTime:0.0001s ]
SQL: SELECT `id`,`title` FROM `xmb_productcate` WHERE ( pid = 70 ) ORDER BY ordernum desc  [ RunTime:0.0001s ]
SQL: SHOW COLUMNS FROM `xmb_cart` [ RunTime:0.0005s ]
NOTIC: [8] Undefined index: cid /home/wwwroot/default/App/Home/Controller/BaseController.class.php 第 33 行.
SQL: SELECT COUNT(*) AS tp_count FROM xmb_cart c LEFT JOIN xmb_goods g on c.gid=g.id  WHERE ( cid="" AND is_del =-1 AND is_up =1  ) LIMIT 1   [ RunTime:0.0001s ]
SQL: SHOW COLUMNS FROM `xmb_space` [ RunTime:0.0005s ]
SQL: SELECT * FROM `xmb_space` ORDER BY sort desc,addtime desc LIMIT 5   [ RunTime:0.0001s ]
SQL: SELECT * FROM `xmb_productcate` WHERE ( pid = 59 ) LIMIT 4   [ RunTime:0.0001s ]
SQL: SELECT * FROM `xmb_productcate` WHERE ( pid = 68 ) LIMIT 4   [ RunTime:0.0001s ]
SQL: SHOW COLUMNS FROM `xmb_goods` [ RunTime:0.0006s ]
SQL: SELECT * FROM `xmb_goods` WHERE ( scate=63 and is_del=-1 and is_up=1 ) ORDER BY sort desc,addtime desc LIMIT 2   [ RunTime:0.0001s ]
SQL: SELECT * FROM `xmb_goods` WHERE ( scate=63 and is_del=-1 and is_up=1 ) ORDER BY sort desc,addtime desc LIMIT 2,21   [ RunTime:0.0001s ]
SQL: SELECT * FROM `xmb_goods` WHERE ( scate=62 and is_del=-1 and is_up=1 ) ORDER BY sort desc,addtime desc LIMIT 2   [ RunTime:0.0001s ]
SQL: SELECT * FROM `xmb_goods` WHERE ( scate=62 and is_del=-1 and is_up=1 ) ORDER BY sort desc,addtime desc LIMIT 2,21   [ RunTime:0.0001s ]
SQL: SELECT * FROM `xmb_goods` WHERE ( scate=66 and is_del=-1 and is_up=1 ) ORDER BY sort desc,addtime desc LIMIT 2   [ RunTime:0.0001s ]
SQL: SELECT * FROM `xmb_goods` WHERE ( scate=66 and is_del=-1 and is_up=1 ) ORDER BY sort desc,addtime desc LIMIT 2,21   [ RunTime:0.0001s ]
SQL: SHOW COLUMNS FROM `xmb_brand` [ RunTime:0.0005s ]
SQL: SELECT * FROM `xmb_brand` ORDER BY sort desc,addtime desc LIMIT 2   [ RunTime:0.0001s ]
SQL: SELECT * FROM `xmb_brand` ORDER BY sort desc,addtime desc LIMIT 2,21   [ RunTime:0.0001s ]
NOTIC: [8] Undefined variable: brand1 /home/wwwroot/default/App/Home/Controller/IndexController.class.php 第 26 行.
SQL: SELECT * FROM `xmb_goods` WHERE ( scate=60 and is_del=-1 and is_up=1 ) ORDER BY sort desc,addtime desc LIMIT 2   [ RunTime:0.0001s ]
SQL: SELECT * FROM `xmb_goods` WHERE ( scate=60 and is_del=-1 and is_up=1 ) ORDER BY sort desc,addtime desc LIMIT 2,21   [ RunTime:0.0001s ]
SQL: SELECT * FROM `xmb_goods` WHERE ( scate=61 and is_del=-1 and is_up=1 ) ORDER BY sort desc,addtime desc LIMIT 2   [ RunTime:0.0001s ]
SQL: SELECT * FROM `xmb_goods` WHERE ( scate=61 and is_del=-1 and is_up=1 ) ORDER BY sort desc,addtime desc LIMIT 2,21   [ RunTime:0.0001s ]
SQL: SELECT * FROM `xmb_goods` WHERE ( scate=68 and is_del=-1 and is_up=1 ) ORDER BY sort desc,addtime desc LIMIT 2   [ RunTime:0.0001s ]
SQL: SELECT * FROM `xmb_goods` WHERE ( scate=68 and is_del=-1 and is_up=1 ) ORDER BY sort desc,addtime desc LIMIT 2,21   [ RunTime:0.0001s ]
SQL: SHOW COLUMNS FROM `xmb_ad` [ RunTime:0.0003s ]
SQL: SELECT * FROM `xmb_ad` ORDER BY savetime desc  [ RunTime:0.0001s ]
INFO: [ view_parse ] --START--
INFO: [ template_filter ] --START--
INFO: Run Behavior\ContentReplaceBehavior [ RunTime:0.000102s ]
INFO: [ template_filter ] --END-- [ RunTime:0.000147s ]
INFO: Run Behavior\ParseTemplateBehavior [ RunTime:0.019225s ]
INFO: [ view_parse ] --END-- [ RunTime:0.019273s ]
INFO: [ view_filter ] --START--
INFO: Run Behavior\WriteHtmlCacheBehavior [ RunTime:0.000180s ]
INFO: [ view_filter ] --END-- [ RunTime:0.000201s ]
INFO: [ app_end ] --START--
INFO: Run Behavior\ShowPageTraceBehavior [ RunTime:0.000375s ]
INFO: [ app_end ] --END-- [ RunTime:0.000398s ]

[ 2019-05-04T22:17:41+08:00 ] 182.61.52.157 /
INFO: [ app_init ] --START--
INFO: Run Behavior\BuildLiteBehavior [ RunTime:0.000015s ]
INFO: [ app_init ] --END-- [ RunTime:0.000336s ]
INFO: [ app_begin ] --START--
INFO: Run Behavior\ReadHtmlCacheBehavior [ RunTime:0.000462s ]
INFO: [ app_begin ] --END-- [ RunTime:0.000505s ]
SQL: SHOW COLUMNS FROM `xmb_config` [ RunTime:0.0007s ]
SQL: SELECT * FROM `xmb_config` WHERE ( id = 1 ) LIMIT 1   [ RunTime:0.0001s ]
SQL: SHOW COLUMNS FROM `xmb_productcate` [ RunTime:0.0004s ]
SQL: SELECT `id`,`title` FROM `xmb_productcate` WHERE ( pid = 0 ) ORDER BY ordernum desc LIMIT 7   [ RunTime:0.0001s ]
SQL: SELECT `id`,`title` FROM `xmb_productcate` WHERE ( pid = 58 ) ORDER BY ordernum desc  [ RunTime:0.0001s ]
SQL: SELECT `id`,`title` FROM `xmb_productcate` WHERE ( pid = 62 ) ORDER BY ordernum desc  [ RunTime:0.0001s ]
SQL: SELECT `id`,`title` FROM `xmb_productcate` WHERE ( pid = 63 ) ORDER BY ordernum desc  [ RunTime:0.0001s ]
SQL: SELECT `id`,`title` FROM `xmb_productcate` WHERE ( pid = 59 ) ORDER BY ordernum desc  [ RunTime:0.0001s ]
SQL: SELECT `id`,`title` FROM `xmb_productcate` WHERE ( pid = 66 ) ORDER BY ordernum desc  [ RunTime:0.0001s ]
SQL: SELECT `id`,`title` FROM `xmb_productcate` WHERE ( pid = 132 ) ORDER BY ordernum desc  [ RunTime:0.0001s ]
SQL: SELECT `id`,`title` FROM `xmb_productcate` WHERE ( pid = 60 ) ORDER BY ordernum desc  [ RunTime:0.0001s ]
SQL: SELECT `id`,`title` FROM `xmb_productcate` WHERE ( pid = 133 ) ORDER BY ordernum desc  [ RunTime:0.0001s ]
SQL: SELECT `id`,`title` FROM `xmb_productcate` WHERE ( pid = 84 ) ORDER BY ordernum desc  [ RunTime:0.0001s ]
SQL: SELECT `id`,`title` FROM `xmb_productcate` WHERE ( pid = 134 ) ORDER BY ordernum desc  [ RunTime:0.0001s ]
SQL: SELECT `id`,`title` FROM `xmb_productcate` WHERE ( pid = 70 ) ORDER BY ordernum desc  [ RunTime:0.0001s ]
SQL: SHOW COLUMNS FROM `xmb_cart` [ RunTime:0.0004s ]
NOTIC: [8] Undefined index: cid /home/wwwroot/default/App/Home/Controller/BaseController.class.php 第 33 行.
SQL: SELECT COUNT(*) AS tp_count FROM xmb_cart c LEFT JOIN xmb_goods g on c.gid=g.id  WHERE ( cid="" AND is_del =-1 AND is_up =1  ) LIMIT 1   [ RunTime:0.0001s ]
SQL: SHOW COLUMNS FROM `xmb_space` [ RunTime:0.0004s ]
SQL: SELECT * FROM `xmb_space` ORDER BY sort desc,addtime desc LIMIT 5   [ RunTime:0.0001s ]
SQL: SELECT * FROM `xmb_productcate` WHERE ( pid = 59 ) LIMIT 4   [ RunTime:0.0001s ]
SQL: SELECT * FROM `xmb_productcate` WHERE ( pid = 68 ) LIMIT 4   [ RunTime:0.0001s ]
SQL: SHOW COLUMNS FROM `xmb_goods` [ RunTime:0.0006s ]
SQL: SELECT * FROM `xmb_goods` WHERE ( scate=63 and is_del=-1 and is_up=1 ) ORDER BY sort desc,addtime desc LIMIT 2   [ RunTime:0.0001s ]
SQL: SELECT * FROM `xmb_goods` WHERE ( scate=63 and is_del=-1 and is_up=1 ) ORDER BY sort desc,addtime desc LIMIT 2,21   [ RunTime:0.0001s ]
SQL: SELECT * FROM `xmb_goods` WHERE ( scate=62 and is_del=-1 and is_up=1 ) ORDER BY sort desc,addtime desc LIMIT 2   [ RunTime:0.0001s ]
SQL: SELECT * FROM `xmb_goods` WHERE ( scate=62 and is_del=-1 and is_up=1 ) ORDER BY sort desc,addtime desc LIMIT 2,21   [ RunTime:0.0002s ]
SQL: SELECT * FROM `xmb_goods` WHERE ( scate=66 and is_del=-1 and is_up=1 ) ORDER BY sort desc,addtime desc LIMIT 2   [ RunTime:0.0001s ]
SQL: SELECT * FROM `xmb_goods` WHERE ( scate=66 and is_del=-1 and is_up=1 ) ORDER BY sort desc,addtime desc LIMIT 2,21   [ RunTime:0.0002s ]
SQL: SHOW COLUMNS FROM `xmb_brand` [ RunTime:0.0004s ]
SQL: SELECT * FROM `xmb_brand` ORDER BY sort desc,addtime desc LIMIT 2   [ RunTime:0.0001s ]
SQL: SELECT * FROM `xmb_brand` ORDER BY sort desc,addtime desc LIMIT 2,21   [ RunTime:0.0001s ]
NOTIC: [8] Undefined variable: brand1 /home/wwwroot/default/App/Home/Controller/IndexController.class.php 第 26 行.
SQL: SELECT * FROM `xmb_goods` WHERE ( scate=60 and is_del=-1 and is_up=1 ) ORDER BY sort desc,addtime desc LIMIT 2   [ RunTime:0.0001s ]
SQL: SELECT * FROM `xmb_goods` WHERE ( scate=60 and is_del=-1 and is_up=1 ) ORDER BY sort desc,addtime desc LIMIT 2,21   [ RunTime:0.0001s ]
SQL: SELECT * FROM `xmb_goods` WHERE ( scate=61 and is_del=-1 and is_up=1 ) ORDER BY sort desc,addtime desc LIMIT 2   [ RunTime:0.0001s ]
SQL: SELECT * FROM `xmb_goods` WHERE ( scate=61 and is_del=-1 and is_up=1 ) ORDER BY sort desc,addtime desc LIMIT 2,21   [ RunTime:0.0001s ]
SQL: SELECT * FROM `xmb_goods` WHERE ( scate=68 and is_del=-1 and is_up=1 ) ORDER BY sort desc,addtime desc LIMIT 2   [ RunTime:0.0001s ]
SQL: SELECT * FROM `xmb_goods` WHERE ( scate=68 and is_del=-1 and is_up=1 ) ORDER BY sort desc,addtime desc LIMIT 2,21   [ RunTime:0.0001s ]
SQL: SHOW COLUMNS FROM `xmb_ad` [ RunTime:0.0004s ]
SQL: SELECT * FROM `xmb_ad` ORDER BY savetime desc  [ RunTime:0.0001s ]
INFO: [ view_parse ] --START--
INFO: [ template_filter ] --START--
INFO: Run Behavior\ContentReplaceBehavior [ RunTime:0.000103s ]
INFO: [ template_filter ] --END-- [ RunTime:0.000149s ]
INFO: Run Behavior\ParseTemplateBehavior [ RunTime:0.020331s ]
INFO: [ view_parse ] --END-- [ RunTime:0.020379s ]
INFO: [ view_filter ] --START--
INFO: Run Behavior\WriteHtmlCacheBehavior [ RunTime:0.000229s ]
INFO: [ view_filter ] --END-- [ RunTime:0.000250s ]
INFO: [ app_end ] --START--
INFO: Run Behavior\ShowPageTraceBehavior [ RunTime:0.000449s ]
INFO: [ app_end ] --END-- [ RunTime:0.000477s ]

[ 2019-05-04T22:38:17+08:00 ] 139.162.106.181 /
INFO: [ app_init ] --START--
INFO: Run Behavior\BuildLiteBehavior [ RunTime:0.000015s ]
INFO: [ app_init ] --END-- [ RunTime:0.000363s ]
INFO: [ app_begin ] --START--
INFO: Run Behavior\ReadHtmlCacheBehavior [ RunTime:0.000467s ]
INFO: [ app_begin ] --END-- [ RunTime:0.000516s ]
SQL: SHOW COLUMNS FROM `xmb_config` [ RunTime:0.0007s ]
SQL: SELECT * FROM `xmb_config` WHERE ( id = 1 ) LIMIT 1   [ RunTime:0.0001s ]
SQL: SHOW COLUMNS FROM `xmb_productcate` [ RunTime:0.0004s ]
SQL: SELECT `id`,`title` FROM `xmb_productcate` WHERE ( pid = 0 ) ORDER BY ordernum desc LIMIT 7   [ RunTime:0.0001s ]
SQL: SELECT `id`,`title` FROM `xmb_productcate` WHERE ( pid = 58 ) ORDER BY ordernum desc  [ RunTime:0.0001s ]
SQL: SELECT `id`,`title` FROM `xmb_productcate` WHERE ( pid = 62 ) ORDER BY ordernum desc  [ RunTime:0.0000s ]
SQL: SELECT `id`,`title` FROM `xmb_productcate` WHERE ( pid = 63 ) ORDER BY ordernum desc  [ RunTime:0.0000s ]
SQL: SELECT `id`,`title` FROM `xmb_productcate` WHERE ( pid = 59 ) ORDER BY ordernum desc  [ RunTime:0.0000s ]
SQL: SELECT `id`,`title` FROM `xmb_productcate` WHERE ( pid = 66 ) ORDER BY ordernum desc  [ RunTime:0.0001s ]
SQL: SELECT `id`,`title` FROM `xmb_productcate` WHERE ( pid = 132 ) ORDER BY ordernum desc  [ RunTime:0.0001s ]
SQL: SELECT `id`,`title` FROM `xmb_productcate` WHERE ( pid = 60 ) ORDER BY ordernum desc  [ RunTime:0.0001s ]
SQL: SELECT `id`,`title` FROM `xmb_productcate` WHERE ( pid = 133 ) ORDER BY ordernum desc  [ RunTime:0.0000s ]
SQL: SELECT `id`,`title` FROM `xmb_productcate` WHERE ( pid = 84 ) ORDER BY ordernum desc  [ RunTime:0.0000s ]
SQL: SELECT `id`,`title` FROM `xmb_productcate` WHERE ( pid = 134 ) ORDER BY ordernum desc  [ RunTime:0.0000s ]
SQL: SELECT `id`,`title` FROM `xmb_productcate` WHERE ( pid = 70 ) ORDER BY ordernum desc  [ RunTime:0.0001s ]
SQL: SHOW COLUMNS FROM `xmb_cart` [ RunTime:0.0004s ]
NOTIC: [8] Undefined index: cid /home/wwwroot/default/App/Home/Controller/BaseController.class.php 第 33 行.
SQL: SELECT COUNT(*) AS tp_count FROM xmb_cart c LEFT JOIN xmb_goods g on c.gid=g.id  WHERE ( cid="" AND is_del =-1 AND is_up =1  ) LIMIT 1   [ RunTime:0.0001s ]
SQL: SHOW COLUMNS FROM `xmb_space` [ RunTime:0.0004s ]
SQL: SELECT * FROM `xmb_space` ORDER BY sort desc,addtime desc LIMIT 5   [ RunTime:0.0001s ]
SQL: SELECT * FROM `xmb_productcate` WHERE ( pid = 59 ) LIMIT 4   [ RunTime:0.0001s ]
SQL: SELECT * FROM `xmb_productcate` WHERE ( pid = 68 ) LIMIT 4   [ RunTime:0.0001s ]
SQL: SHOW COLUMNS FROM `xmb_goods` [ RunTime:0.0004s ]
SQL: SELECT * FROM `xmb_goods` WHERE ( scate=63 and is_del=-1 and is_up=1 ) ORDER BY sort desc,addtime desc LIMIT 2   [ RunTime:0.0001s ]
SQL: SELECT * FROM `xmb_goods` WHERE ( scate=63 and is_del=-1 and is_up=1 ) ORDER BY sort desc,addtime desc LIMIT 2,21   [ RunTime:0.0001s ]
SQL: SELECT * FROM `xmb_goods` WHERE ( scate=62 and is_del=-1 and is_up=1 ) ORDER BY sort desc,addtime desc LIMIT 2   [ RunTime:0.0001s ]
SQL: SELECT * FROM `xmb_goods` WHERE ( scate=62 and is_del=-1 and is_up=1 ) ORDER BY sort desc,addtime desc LIMIT 2,21   [ RunTime:0.0001s ]
SQL: SELECT * FROM `xmb_goods` WHERE ( scate=66 and is_del=-1 and is_up=1 ) ORDER BY sort desc,addtime desc LIMIT 2   [ RunTime:0.0002s ]
SQL: SELECT * FROM `xmb_goods` WHERE ( scate=66 and is_del=-1 and is_up=1 ) ORDER BY sort desc,addtime desc LIMIT 2,21   [ RunTime:0.0002s ]
SQL: SHOW COLUMNS FROM `xmb_brand` [ RunTime:0.0005s ]
SQL: SELECT * FROM `xmb_brand` ORDER BY sort desc,addtime desc LIMIT 2   [ RunTime:0.0001s ]
SQL: SELECT * FROM `xmb_brand` ORDER BY sort desc,addtime desc LIMIT 2,21   [ RunTime:0.0001s ]
NOTIC: [8] Undefined variable: brand1 /home/wwwroot/default/App/Home/Controller/IndexController.class.php 第 26 行.
SQL: SELECT * FROM `xmb_goods` WHERE ( scate=60 and is_del=-1 and is_up=1 ) ORDER BY sort desc,addtime desc LIMIT 2   [ RunTime:0.0002s ]
SQL: SELECT * FROM `xmb_goods` WHERE ( scate=60 and is_del=-1 and is_up=1 ) ORDER BY sort desc,addtime desc LIMIT 2,21   [ RunTime:0.0001s ]
SQL: SELECT * FROM `xmb_goods` WHERE ( scate=61 and is_del=-1 and is_up=1 ) ORDER BY sort desc,addtime desc LIMIT 2   [ RunTime:0.0001s ]
SQL: SELECT * FROM `xmb_goods` WHERE ( scate=61 and is_del=-1 and is_up=1 ) ORDER BY sort desc,addtime desc LIMIT 2,21   [ RunTime:0.0001s ]
SQL: SELECT * FROM `xmb_goods` WHERE ( scate=68 and is_del=-1 and is_up=1 ) ORDER BY sort desc,addtime desc LIMIT 2   [ RunTime:0.0001s ]
SQL: SELECT * FROM `xmb_goods` WHERE ( scate=68 and is_del=-1 and is_up=1 ) ORDER BY sort desc,addtime desc LIMIT 2,21   [ RunTime:0.0001s ]
SQL: SHOW COLUMNS FROM `xmb_ad` [ RunTime:0.0004s ]
SQL: SELECT * FROM `xmb_ad` ORDER BY savetime desc  [ RunTime:0.0001s ]
INFO: [ view_parse ] --START--
INFO: [ template_filter ] --START--
INFO: Run Behavior\ContentReplaceBehavior [ RunTime:0.000104s ]
INFO: [ template_filter ] --END-- [ RunTime:0.000156s ]
INFO: Run Behavior\ParseTemplateBehavior [ RunTime:0.020240s ]
INFO: [ view_parse ] --END-- [ RunTime:0.020295s ]
INFO: [ view_filter ] --START--
INFO: Run Behavior\WriteHtmlCacheBehavior [ RunTime:0.000211s ]
INFO: [ view_filter ] --END-- [ RunTime:0.000237s ]
INFO: [ app_end ] --START--
INFO: Run Behavior\ShowPageTraceBehavior [ RunTime:0.000407s ]
INFO: [ app_end ] --END-- [ RunTime:0.000440s ]

