执行日期：2016-01-23-15：%M：%S
【接收到的notify通知】:
<xml><appid><![CDATA[wx3ce92627bd1c4b9e]]></appid>
<attach><![CDATA[叄陆伍产品订单支付]]></attach>
<bank_type><![CDATA[CFT]]></bank_type>
<cash_fee><![CDATA[1]]></cash_fee>
<fee_type><![CDATA[CNY]]></fee_type>
<is_subscribe><![CDATA[Y]]></is_subscribe>
<mch_id><![CDATA[1225828002]]></mch_id>
<nonce_str><![CDATA[jma9swz1we7lq7obyh2v3crths9c3zgp]]></nonce_str>
<openid><![CDATA[ormqQuE5NPeCaZsrrLCJ7QUK4b6c]]></openid>
<out_trade_no><![CDATA[2016012310135222048150436]]></out_trade_no>
<result_code><![CDATA[SUCCESS]]></result_code>
<return_code><![CDATA[SUCCESS]]></return_code>
<sign><![CDATA[D2F13FD61C56B8DAE85F13A0014193C2]]></sign>
<time_end><![CDATA[20160123150400]]></time_end>
<total_fee>1</total_fee>
<trade_type><![CDATA[JSAPI]]></trade_type>
<transaction_id><![CDATA[1004960819201601232857443978]]></transaction_id>
</xml>


执行日期：2016-01-23-15：%M：%S
【接收到的notify通知】:
<xml><appid><![CDATA[wx3ce92627bd1c4b9e]]></appid>
<attach><![CDATA[叄陆伍产品订单支付]]></attach>
<bank_type><![CDATA[CFT]]></bank_type>
<cash_fee><![CDATA[1]]></cash_fee>
<fee_type><![CDATA[CNY]]></fee_type>
<is_subscribe><![CDATA[Y]]></is_subscribe>
<mch_id><![CDATA[1225828002]]></mch_id>
<nonce_str><![CDATA[cmh5vrgfn502tea4m3zo0vwr0g72mxy2]]></nonce_str>
<openid><![CDATA[ormqQuE5NPeCaZsrrLCJ7QUK4b6c]]></openid>
<out_trade_no><![CDATA[2016012310135222049150704]]></out_trade_no>
<result_code><![CDATA[SUCCESS]]></result_code>
<return_code><![CDATA[SUCCESS]]></return_code>
<sign><![CDATA[F578922E3CD7C17989B32E955E89ECA4]]></sign>
<time_end><![CDATA[20160123150625]]></time_end>
<total_fee>1</total_fee>
<trade_type><![CDATA[JSAPI]]></trade_type>
<transaction_id><![CDATA[1004960819201601232857496934]]></transaction_id>
</xml>


执行日期：2016-01-23-15：%M：%S
【接收到的notify通知】:
<xml><appid><![CDATA[wx3ce92627bd1c4b9e]]></appid>
<attach><![CDATA[叄陆伍产品订单支付]]></attach>
<bank_type><![CDATA[CFT]]></bank_type>
<cash_fee><![CDATA[1]]></cash_fee>
<fee_type><![CDATA[CNY]]></fee_type>
<is_subscribe><![CDATA[Y]]></is_subscribe>
<mch_id><![CDATA[1225828002]]></mch_id>
<nonce_str><![CDATA[cmh5vrgfn502tea4m3zo0vwr0g72mxy2]]></nonce_str>
<openid><![CDATA[ormqQuE5NPeCaZsrrLCJ7QUK4b6c]]></openid>
<out_trade_no><![CDATA[2016012310135222049150704]]></out_trade_no>
<result_code><![CDATA[SUCCESS]]></result_code>
<return_code><![CDATA[SUCCESS]]></return_code>
<sign><![CDATA[F578922E3CD7C17989B32E955E89ECA4]]></sign>
<time_end><![CDATA[20160123150625]]></time_end>
<total_fee>1</total_fee>
<trade_type><![CDATA[JSAPI]]></trade_type>
<transaction_id><![CDATA[1004960819201601232857496934]]></transaction_id>
</xml>


执行日期：2016-01-23-15：%M：%S
【接收到的notify通知】:
<xml><appid><![CDATA[wx3ce92627bd1c4b9e]]></appid>
<attach><![CDATA[叄陆伍产品订单支付]]></attach>
<bank_type><![CDATA[CFT]]></bank_type>
<cash_fee><![CDATA[1]]></cash_fee>
<fee_type><![CDATA[CNY]]></fee_type>
<is_subscribe><![CDATA[Y]]></is_subscribe>
<mch_id><![CDATA[1225828002]]></mch_id>
<nonce_str><![CDATA[cmh5vrgfn502tea4m3zo0vwr0g72mxy2]]></nonce_str>
<openid><![CDATA[ormqQuE5NPeCaZsrrLCJ7QUK4b6c]]></openid>
<out_trade_no><![CDATA[2016012310135222049150704]]></out_trade_no>
<result_code><![CDATA[SUCCESS]]></result_code>
<return_code><![CDATA[SUCCESS]]></return_code>
<sign><![CDATA[F578922E3CD7C17989B32E955E89ECA4]]></sign>
<time_end><![CDATA[20160123150625]]></time_end>
<total_fee>1</total_fee>
<trade_type><![CDATA[JSAPI]]></trade_type>
<transaction_id><![CDATA[1004960819201601232857496934]]></transaction_id>
</xml>


执行日期：2016-01-23-15：%M：%S
【接收到的notify通知】:
<xml><appid><![CDATA[wx3ce92627bd1c4b9e]]></appid>
<attach><![CDATA[叄陆伍产品订单支付]]></attach>
<bank_type><![CDATA[CFT]]></bank_type>
<cash_fee><![CDATA[1]]></cash_fee>
<fee_type><![CDATA[CNY]]></fee_type>
<is_subscribe><![CDATA[Y]]></is_subscribe>
<mch_id><![CDATA[1225828002]]></mch_id>
<nonce_str><![CDATA[cmh5vrgfn502tea4m3zo0vwr0g72mxy2]]></nonce_str>
<openid><![CDATA[ormqQuE5NPeCaZsrrLCJ7QUK4b6c]]></openid>
<out_trade_no><![CDATA[2016012310135222049150704]]></out_trade_no>
<result_code><![CDATA[SUCCESS]]></result_code>
<return_code><![CDATA[SUCCESS]]></return_code>
<sign><![CDATA[F578922E3CD7C17989B32E955E89ECA4]]></sign>
<time_end><![CDATA[20160123150625]]></time_end>
<total_fee>1</total_fee>
<trade_type><![CDATA[JSAPI]]></trade_type>
<transaction_id><![CDATA[1004960819201601232857496934]]></transaction_id>
</xml>


执行日期：2016-01-23-15：%M：%S
【接收到的notify通知】:
<xml><appid><![CDATA[wx3ce92627bd1c4b9e]]></appid>
<attach><![CDATA[叄陆伍产品订单支付]]></attach>
<bank_type><![CDATA[CFT]]></bank_type>
<cash_fee><![CDATA[1]]></cash_fee>
<fee_type><![CDATA[CNY]]></fee_type>
<is_subscribe><![CDATA[Y]]></is_subscribe>
<mch_id><![CDATA[1225828002]]></mch_id>
<nonce_str><![CDATA[jma9swz1we7lq7obyh2v3crths9c3zgp]]></nonce_str>
<openid><![CDATA[ormqQuE5NPeCaZsrrLCJ7QUK4b6c]]></openid>
<out_trade_no><![CDATA[2016012310135222048150436]]></out_trade_no>
<result_code><![CDATA[SUCCESS]]></result_code>
<return_code><![CDATA[SUCCESS]]></return_code>
<sign><![CDATA[D2F13FD61C56B8DAE85F13A0014193C2]]></sign>
<time_end><![CDATA[20160123150400]]></time_end>
<total_fee>1</total_fee>
<trade_type><![CDATA[JSAPI]]></trade_type>
<transaction_id><![CDATA[1004960819201601232857443978]]></transaction_id>
</xml>


执行日期：2016-01-23-15：%M：%S
【接收到的notify通知】:
<xml><appid><![CDATA[wx3ce92627bd1c4b9e]]></appid>
<attach><![CDATA[叄陆伍产品订单支付]]></attach>
<bank_type><![CDATA[CFT]]></bank_type>
<cash_fee><![CDATA[1]]></cash_fee>
<fee_type><![CDATA[CNY]]></fee_type>
<is_subscribe><![CDATA[Y]]></is_subscribe>
<mch_id><![CDATA[1225828002]]></mch_id>
<nonce_str><![CDATA[cmh5vrgfn502tea4m3zo0vwr0g72mxy2]]></nonce_str>
<openid><![CDATA[ormqQuE5NPeCaZsrrLCJ7QUK4b6c]]></openid>
<out_trade_no><![CDATA[2016012310135222049150704]]></out_trade_no>
<result_code><![CDATA[SUCCESS]]></result_code>
<return_code><![CDATA[SUCCESS]]></return_code>
<sign><![CDATA[F578922E3CD7C17989B32E955E89ECA4]]></sign>
<time_end><![CDATA[20160123150625]]></time_end>
<total_fee>1</total_fee>
<trade_type><![CDATA[JSAPI]]></trade_type>
<transaction_id><![CDATA[1004960819201601232857496934]]></transaction_id>
</xml>


执行日期：2016-01-23-15：%M：%S
【接收到的notify通知】:
<xml><appid><![CDATA[wx3ce92627bd1c4b9e]]></appid>
<attach><![CDATA[叄陆伍产品订单支付]]></attach>
<bank_type><![CDATA[CFT]]></bank_type>
<cash_fee><![CDATA[1]]></cash_fee>
<fee_type><![CDATA[CNY]]></fee_type>
<is_subscribe><![CDATA[Y]]></is_subscribe>
<mch_id><![CDATA[1225828002]]></mch_id>
<nonce_str><![CDATA[g9i51jfnl2gb6msoe6q9xbtq4gdz41pm]]></nonce_str>
<openid><![CDATA[ormqQuE5NPeCaZsrrLCJ7QUK4b6c]]></openid>
<out_trade_no><![CDATA[2016012310135222050151220]]></out_trade_no>
<result_code><![CDATA[SUCCESS]]></result_code>
<return_code><![CDATA[SUCCESS]]></return_code>
<sign><![CDATA[3713CB79FFD56EA56BB161B7A2ECF282]]></sign>
<time_end><![CDATA[20160123151142]]></time_end>
<total_fee>1</total_fee>
<trade_type><![CDATA[JSAPI]]></trade_type>
<transaction_id><![CDATA[1004960819201601232857589855]]></transaction_id>
</xml>


执行日期：2016-01-23-15：%M：%S
【接收到的notify通知】:
<xml><appid><![CDATA[wx3ce92627bd1c4b9e]]></appid>
<attach><![CDATA[叄陆伍产品订单支付]]></attach>
<bank_type><![CDATA[CFT]]></bank_type>
<cash_fee><![CDATA[1]]></cash_fee>
<fee_type><![CDATA[CNY]]></fee_type>
<is_subscribe><![CDATA[Y]]></is_subscribe>
<mch_id><![CDATA[1225828002]]></mch_id>
<nonce_str><![CDATA[g9i51jfnl2gb6msoe6q9xbtq4gdz41pm]]></nonce_str>
<openid><![CDATA[ormqQuE5NPeCaZsrrLCJ7QUK4b6c]]></openid>
<out_trade_no><![CDATA[2016012310135222050151220]]></out_trade_no>
<result_code><![CDATA[SUCCESS]]></result_code>
<return_code><![CDATA[SUCCESS]]></return_code>
<sign><![CDATA[3713CB79FFD56EA56BB161B7A2ECF282]]></sign>
<time_end><![CDATA[20160123151142]]></time_end>
<total_fee>1</total_fee>
<trade_type><![CDATA[JSAPI]]></trade_type>
<transaction_id><![CDATA[1004960819201601232857589855]]></transaction_id>
</xml>


执行日期：2016-01-23-15：%M：%S
【接收到的notify通知】:
<xml><appid><![CDATA[wx3ce92627bd1c4b9e]]></appid>
<attach><![CDATA[叄陆伍产品订单支付]]></attach>
<bank_type><![CDATA[CFT]]></bank_type>
<cash_fee><![CDATA[1]]></cash_fee>
<fee_type><![CDATA[CNY]]></fee_type>
<is_subscribe><![CDATA[Y]]></is_subscribe>
<mch_id><![CDATA[1225828002]]></mch_id>
<nonce_str><![CDATA[g9i51jfnl2gb6msoe6q9xbtq4gdz41pm]]></nonce_str>
<openid><![CDATA[ormqQuE5NPeCaZsrrLCJ7QUK4b6c]]></openid>
<out_trade_no><![CDATA[2016012310135222050151220]]></out_trade_no>
<result_code><![CDATA[SUCCESS]]></result_code>
<return_code><![CDATA[SUCCESS]]></return_code>
<sign><![CDATA[3713CB79FFD56EA56BB161B7A2ECF282]]></sign>
<time_end><![CDATA[20160123151142]]></time_end>
<total_fee>1</total_fee>
<trade_type><![CDATA[JSAPI]]></trade_type>
<transaction_id><![CDATA[1004960819201601232857589855]]></transaction_id>
</xml>


执行日期：2016-01-23-15：%M：%S
【接收到的notify通知】:
<xml><appid><![CDATA[wx3ce92627bd1c4b9e]]></appid>
<attach><![CDATA[叄陆伍产品订单支付]]></attach>
<bank_type><![CDATA[CFT]]></bank_type>
<cash_fee><![CDATA[1]]></cash_fee>
<fee_type><![CDATA[CNY]]></fee_type>
<is_subscribe><![CDATA[Y]]></is_subscribe>
<mch_id><![CDATA[1225828002]]></mch_id>
<nonce_str><![CDATA[g9i51jfnl2gb6msoe6q9xbtq4gdz41pm]]></nonce_str>
<openid><![CDATA[ormqQuE5NPeCaZsrrLCJ7QUK4b6c]]></openid>
<out_trade_no><![CDATA[2016012310135222050151220]]></out_trade_no>
<result_code><![CDATA[SUCCESS]]></result_code>
<return_code><![CDATA[SUCCESS]]></return_code>
<sign><![CDATA[3713CB79FFD56EA56BB161B7A2ECF282]]></sign>
<time_end><![CDATA[20160123151142]]></time_end>
<total_fee>1</total_fee>
<trade_type><![CDATA[JSAPI]]></trade_type>
<transaction_id><![CDATA[1004960819201601232857589855]]></transaction_id>
</xml>


执行日期：2016-01-23-15：%M：%S
【接收到的notify通知】:
<xml><appid><![CDATA[wx3ce92627bd1c4b9e]]></appid>
<attach><![CDATA[叄陆伍产品订单支付]]></attach>
<bank_type><![CDATA[CFT]]></bank_type>
<cash_fee><![CDATA[1]]></cash_fee>
<fee_type><![CDATA[CNY]]></fee_type>
<is_subscribe><![CDATA[Y]]></is_subscribe>
<mch_id><![CDATA[1225828002]]></mch_id>
<nonce_str><![CDATA[g9i51jfnl2gb6msoe6q9xbtq4gdz41pm]]></nonce_str>
<openid><![CDATA[ormqQuE5NPeCaZsrrLCJ7QUK4b6c]]></openid>
<out_trade_no><![CDATA[2016012310135222050151220]]></out_trade_no>
<result_code><![CDATA[SUCCESS]]></result_code>
<return_code><![CDATA[SUCCESS]]></return_code>
<sign><![CDATA[3713CB79FFD56EA56BB161B7A2ECF282]]></sign>
<time_end><![CDATA[20160123151142]]></time_end>
<total_fee>1</total_fee>
<trade_type><![CDATA[JSAPI]]></trade_type>
<transaction_id><![CDATA[1004960819201601232857589855]]></transaction_id>
</xml>


执行日期：2016-01-23-15：%M：%S
【接收到的notify通知】:
<xml><appid><![CDATA[wx3ce92627bd1c4b9e]]></appid>
<attach><![CDATA[叄陆伍产品订单支付]]></attach>
<bank_type><![CDATA[CFT]]></bank_type>
<cash_fee><![CDATA[1]]></cash_fee>
<fee_type><![CDATA[CNY]]></fee_type>
<is_subscribe><![CDATA[Y]]></is_subscribe>
<mch_id><![CDATA[1225828002]]></mch_id>
<nonce_str><![CDATA[gddf5pl5yyhil3umvfa3fox8d047tuor]]></nonce_str>
<openid><![CDATA[ormqQuE5NPeCaZsrrLCJ7QUK4b6c]]></openid>
<out_trade_no><![CDATA[20160123101352220501152409]]></out_trade_no>
<result_code><![CDATA[SUCCESS]]></result_code>
<return_code><![CDATA[SUCCESS]]></return_code>
<sign><![CDATA[8898E21C0285EE1C95D45EF100DEFE6B]]></sign>
<time_end><![CDATA[20160123152333]]></time_end>
<total_fee>1</total_fee>
<trade_type><![CDATA[JSAPI]]></trade_type>
<transaction_id><![CDATA[1004960819201601232857794791]]></transaction_id>
</xml>


执行日期：2016-01-23-15：%M：%S
【支付成功】:
<xml><appid><![CDATA[wx3ce92627bd1c4b9e]]></appid>
<attach><![CDATA[叄陆伍产品订单支付]]></attach>
<bank_type><![CDATA[CFT]]></bank_type>
<cash_fee><![CDATA[1]]></cash_fee>
<fee_type><![CDATA[CNY]]></fee_type>
<is_subscribe><![CDATA[Y]]></is_subscribe>
<mch_id><![CDATA[1225828002]]></mch_id>
<nonce_str><![CDATA[gddf5pl5yyhil3umvfa3fox8d047tuor]]></nonce_str>
<openid><![CDATA[ormqQuE5NPeCaZsrrLCJ7QUK4b6c]]></openid>
<out_trade_no><![CDATA[20160123101352220501152409]]></out_trade_no>
<result_code><![CDATA[SUCCESS]]></result_code>
<return_code><![CDATA[SUCCESS]]></return_code>
<sign><![CDATA[8898E21C0285EE1C95D45EF100DEFE6B]]></sign>
<time_end><![CDATA[20160123152333]]></time_end>
<total_fee>1</total_fee>
<trade_type><![CDATA[JSAPI]]></trade_type>
<transaction_id><![CDATA[1004960819201601232857794791]]></transaction_id>
</xml>


执行日期：2016-01-23-15：%M：%S
【接收到的notify通知】:
<xml><appid><![CDATA[wx3ce92627bd1c4b9e]]></appid>
<attach><![CDATA[叄陆伍产品订单支付]]></attach>
<bank_type><![CDATA[CFT]]></bank_type>
<cash_fee><![CDATA[1]]></cash_fee>
<fee_type><![CDATA[CNY]]></fee_type>
<is_subscribe><![CDATA[Y]]></is_subscribe>
<mch_id><![CDATA[1225828002]]></mch_id>
<nonce_str><![CDATA[w6k9si6p95r16px6zphb7zcxd0c0yuo2]]></nonce_str>
<openid><![CDATA[ormqQuE5NPeCaZsrrLCJ7QUK4b6c]]></openid>
<out_trade_no><![CDATA[20160123101352220509]]></out_trade_no>
<result_code><![CDATA[SUCCESS]]></result_code>
<return_code><![CDATA[SUCCESS]]></return_code>
<sign><![CDATA[A569734360E53BD65B9A165F5958E67E]]></sign>
<time_end><![CDATA[20160123152651]]></time_end>
<total_fee>1</total_fee>
<trade_type><![CDATA[JSAPI]]></trade_type>
<transaction_id><![CDATA[1004960819201601232857849534]]></transaction_id>
</xml>


执行日期：2016-01-23-15：%M：%S
【接收到的notify通知】:
<xml><appid><![CDATA[wx3ce92627bd1c4b9e]]></appid>
<attach><![CDATA[叄陆伍产品订单支付]]></attach>
<bank_type><![CDATA[CFT]]></bank_type>
<cash_fee><![CDATA[1]]></cash_fee>
<fee_type><![CDATA[CNY]]></fee_type>
<is_subscribe><![CDATA[Y]]></is_subscribe>
<mch_id><![CDATA[1225828002]]></mch_id>
<nonce_str><![CDATA[w6k9si6p95r16px6zphb7zcxd0c0yuo2]]></nonce_str>
<openid><![CDATA[ormqQuE5NPeCaZsrrLCJ7QUK4b6c]]></openid>
<out_trade_no><![CDATA[20160123101352220509]]></out_trade_no>
<result_code><![CDATA[SUCCESS]]></result_code>
<return_code><![CDATA[SUCCESS]]></return_code>
<sign><![CDATA[A569734360E53BD65B9A165F5958E67E]]></sign>
<time_end><![CDATA[20160123152651]]></time_end>
<total_fee>1</total_fee>
<trade_type><![CDATA[JSAPI]]></trade_type>
<transaction_id><![CDATA[1004960819201601232857849534]]></transaction_id>
</xml>


执行日期：2016-01-23-15：%M：%S
【接收到的notify通知】:
<xml><appid><![CDATA[wx3ce92627bd1c4b9e]]></appid>
<attach><![CDATA[叄陆伍产品订单支付]]></attach>
<bank_type><![CDATA[CFT]]></bank_type>
<cash_fee><![CDATA[1]]></cash_fee>
<fee_type><![CDATA[CNY]]></fee_type>
<is_subscribe><![CDATA[Y]]></is_subscribe>
<mch_id><![CDATA[1225828002]]></mch_id>
<nonce_str><![CDATA[w6k9si6p95r16px6zphb7zcxd0c0yuo2]]></nonce_str>
<openid><![CDATA[ormqQuE5NPeCaZsrrLCJ7QUK4b6c]]></openid>
<out_trade_no><![CDATA[20160123101352220509]]></out_trade_no>
<result_code><![CDATA[SUCCESS]]></result_code>
<return_code><![CDATA[SUCCESS]]></return_code>
<sign><![CDATA[A569734360E53BD65B9A165F5958E67E]]></sign>
<time_end><![CDATA[20160123152651]]></time_end>
<total_fee>1</total_fee>
<trade_type><![CDATA[JSAPI]]></trade_type>
<transaction_id><![CDATA[1004960819201601232857849534]]></transaction_id>
</xml>


执行日期：2016-01-23-15：%M：%S
【接收到的notify通知】:
<xml><appid><![CDATA[wx3ce92627bd1c4b9e]]></appid>
<attach><![CDATA[叄陆伍产品订单支付]]></attach>
<bank_type><![CDATA[CFT]]></bank_type>
<cash_fee><![CDATA[1]]></cash_fee>
<fee_type><![CDATA[CNY]]></fee_type>
<is_subscribe><![CDATA[Y]]></is_subscribe>
<mch_id><![CDATA[1225828002]]></mch_id>
<nonce_str><![CDATA[w6k9si6p95r16px6zphb7zcxd0c0yuo2]]></nonce_str>
<openid><![CDATA[ormqQuE5NPeCaZsrrLCJ7QUK4b6c]]></openid>
<out_trade_no><![CDATA[20160123101352220509]]></out_trade_no>
<result_code><![CDATA[SUCCESS]]></result_code>
<return_code><![CDATA[SUCCESS]]></return_code>
<sign><![CDATA[A569734360E53BD65B9A165F5958E67E]]></sign>
<time_end><![CDATA[20160123152651]]></time_end>
<total_fee>1</total_fee>
<trade_type><![CDATA[JSAPI]]></trade_type>
<transaction_id><![CDATA[1004960819201601232857849534]]></transaction_id>
</xml>


执行日期：2016-01-23-15：%M：%S
【接收到的notify通知】:
<xml><appid><![CDATA[wx3ce92627bd1c4b9e]]></appid>
<attach><![CDATA[叄陆伍产品订单支付]]></attach>
<bank_type><![CDATA[CFT]]></bank_type>
<cash_fee><![CDATA[1]]></cash_fee>
<fee_type><![CDATA[CNY]]></fee_type>
<is_subscribe><![CDATA[Y]]></is_subscribe>
<mch_id><![CDATA[1225828002]]></mch_id>
<nonce_str><![CDATA[g4cikov44bfdunk4ewxm89a1g9pda2wm]]></nonce_str>
<openid><![CDATA[ormqQuE5NPeCaZsrrLCJ7QUK4b6c]]></openid>
<out_trade_no><![CDATA[2016012310135222056]]></out_trade_no>
<result_code><![CDATA[SUCCESS]]></result_code>
<return_code><![CDATA[SUCCESS]]></return_code>
<sign><![CDATA[492F8BBB07AABCE436C8C2B3DADC6DE4]]></sign>
<time_end><![CDATA[20160123153059]]></time_end>
<total_fee>1</total_fee>
<trade_type><![CDATA[JSAPI]]></trade_type>
<transaction_id><![CDATA[1004960819201601232857936032]]></transaction_id>
</xml>


执行日期：2016-01-23-15：%M：%S
【接收到的notify通知】:
<xml><appid><![CDATA[wx3ce92627bd1c4b9e]]></appid>
<attach><![CDATA[叄陆伍产品订单支付]]></attach>
<bank_type><![CDATA[CFT]]></bank_type>
<cash_fee><![CDATA[1]]></cash_fee>
<fee_type><![CDATA[CNY]]></fee_type>
<is_subscribe><![CDATA[Y]]></is_subscribe>
<mch_id><![CDATA[1225828002]]></mch_id>
<nonce_str><![CDATA[w6k9si6p95r16px6zphb7zcxd0c0yuo2]]></nonce_str>
<openid><![CDATA[ormqQuE5NPeCaZsrrLCJ7QUK4b6c]]></openid>
<out_trade_no><![CDATA[20160123101352220509]]></out_trade_no>
<result_code><![CDATA[SUCCESS]]></result_code>
<return_code><![CDATA[SUCCESS]]></return_code>
<sign><![CDATA[A569734360E53BD65B9A165F5958E67E]]></sign>
<time_end><![CDATA[20160123152651]]></time_end>
<total_fee>1</total_fee>
<trade_type><![CDATA[JSAPI]]></trade_type>
<transaction_id><![CDATA[1004960819201601232857849534]]></transaction_id>
</xml>


执行日期：2016-01-23-15：%M：%S
【支付成功】:
<xml><appid><![CDATA[wx3ce92627bd1c4b9e]]></appid>
<attach><![CDATA[叄陆伍产品订单支付]]></attach>
<bank_type><![CDATA[CFT]]></bank_type>
<cash_fee><![CDATA[1]]></cash_fee>
<fee_type><![CDATA[CNY]]></fee_type>
<is_subscribe><![CDATA[Y]]></is_subscribe>
<mch_id><![CDATA[1225828002]]></mch_id>
<nonce_str><![CDATA[w6k9si6p95r16px6zphb7zcxd0c0yuo2]]></nonce_str>
<openid><![CDATA[ormqQuE5NPeCaZsrrLCJ7QUK4b6c]]></openid>
<out_trade_no><![CDATA[20160123101352220509]]></out_trade_no>
<result_code><![CDATA[SUCCESS]]></result_code>
<return_code><![CDATA[SUCCESS]]></return_code>
<sign><![CDATA[A569734360E53BD65B9A165F5958E67E]]></sign>
<time_end><![CDATA[20160123152651]]></time_end>
<total_fee>1</total_fee>
<trade_type><![CDATA[JSAPI]]></trade_type>
<transaction_id><![CDATA[1004960819201601232857849534]]></transaction_id>
</xml>


执行日期：2016-01-23-15：%M：%S
【接收到的notify通知】:
<xml><appid><![CDATA[wx3ce92627bd1c4b9e]]></appid>
<attach><![CDATA[叄陆伍产品订单支付]]></attach>
<bank_type><![CDATA[CFT]]></bank_type>
<cash_fee><![CDATA[1]]></cash_fee>
<fee_type><![CDATA[CNY]]></fee_type>
<is_subscribe><![CDATA[Y]]></is_subscribe>
<mch_id><![CDATA[1225828002]]></mch_id>
<nonce_str><![CDATA[g4cikov44bfdunk4ewxm89a1g9pda2wm]]></nonce_str>
<openid><![CDATA[ormqQuE5NPeCaZsrrLCJ7QUK4b6c]]></openid>
<out_trade_no><![CDATA[2016012310135222056]]></out_trade_no>
<result_code><![CDATA[SUCCESS]]></result_code>
<return_code><![CDATA[SUCCESS]]></return_code>
<sign><![CDATA[492F8BBB07AABCE436C8C2B3DADC6DE4]]></sign>
<time_end><![CDATA[20160123153059]]></time_end>
<total_fee>1</total_fee>
<trade_type><![CDATA[JSAPI]]></trade_type>
<transaction_id><![CDATA[1004960819201601232857936032]]></transaction_id>
</xml>


执行日期：2016-01-23-15：%M：%S
【接收到的notify通知】:
<xml><appid><![CDATA[wx3ce92627bd1c4b9e]]></appid>
<attach><![CDATA[叄陆伍产品订单支付]]></attach>
<bank_type><![CDATA[CFT]]></bank_type>
<cash_fee><![CDATA[1]]></cash_fee>
<fee_type><![CDATA[CNY]]></fee_type>
<is_subscribe><![CDATA[Y]]></is_subscribe>
<mch_id><![CDATA[1225828002]]></mch_id>
<nonce_str><![CDATA[g4cikov44bfdunk4ewxm89a1g9pda2wm]]></nonce_str>
<openid><![CDATA[ormqQuE5NPeCaZsrrLCJ7QUK4b6c]]></openid>
<out_trade_no><![CDATA[2016012310135222056]]></out_trade_no>
<result_code><![CDATA[SUCCESS]]></result_code>
<return_code><![CDATA[SUCCESS]]></return_code>
<sign><![CDATA[492F8BBB07AABCE436C8C2B3DADC6DE4]]></sign>
<time_end><![CDATA[20160123153059]]></time_end>
<total_fee>1</total_fee>
<trade_type><![CDATA[JSAPI]]></trade_type>
<transaction_id><![CDATA[1004960819201601232857936032]]></transaction_id>
</xml>


执行日期：2016-01-23-15：%M：%S
【接收到的notify通知】:
<xml><appid><![CDATA[wx3ce92627bd1c4b9e]]></appid>
<attach><![CDATA[叄陆伍产品订单支付]]></attach>
<bank_type><![CDATA[CFT]]></bank_type>
<cash_fee><![CDATA[1]]></cash_fee>
<fee_type><![CDATA[CNY]]></fee_type>
<is_subscribe><![CDATA[Y]]></is_subscribe>
<mch_id><![CDATA[1225828002]]></mch_id>
<nonce_str><![CDATA[g4cikov44bfdunk4ewxm89a1g9pda2wm]]></nonce_str>
<openid><![CDATA[ormqQuE5NPeCaZsrrLCJ7QUK4b6c]]></openid>
<out_trade_no><![CDATA[2016012310135222056]]></out_trade_no>
<result_code><![CDATA[SUCCESS]]></result_code>
<return_code><![CDATA[SUCCESS]]></return_code>
<sign><![CDATA[492F8BBB07AABCE436C8C2B3DADC6DE4]]></sign>
<time_end><![CDATA[20160123153059]]></time_end>
<total_fee>1</total_fee>
<trade_type><![CDATA[JSAPI]]></trade_type>
<transaction_id><![CDATA[1004960819201601232857936032]]></transaction_id>
</xml>


执行日期：2016-01-23-15：%M：%S
【接收到的notify通知】:
<xml><appid><![CDATA[wx3ce92627bd1c4b9e]]></appid>
<attach><![CDATA[叄陆伍产品订单支付]]></attach>
<bank_type><![CDATA[CFT]]></bank_type>
<cash_fee><![CDATA[1]]></cash_fee>
<fee_type><![CDATA[CNY]]></fee_type>
<is_subscribe><![CDATA[Y]]></is_subscribe>
<mch_id><![CDATA[1225828002]]></mch_id>
<nonce_str><![CDATA[g4cikov44bfdunk4ewxm89a1g9pda2wm]]></nonce_str>
<openid><![CDATA[ormqQuE5NPeCaZsrrLCJ7QUK4b6c]]></openid>
<out_trade_no><![CDATA[2016012310135222056]]></out_trade_no>
<result_code><![CDATA[SUCCESS]]></result_code>
<return_code><![CDATA[SUCCESS]]></return_code>
<sign><![CDATA[492F8BBB07AABCE436C8C2B3DADC6DE4]]></sign>
<time_end><![CDATA[20160123153059]]></time_end>
<total_fee>1</total_fee>
<trade_type><![CDATA[JSAPI]]></trade_type>
<transaction_id><![CDATA[1004960819201601232857936032]]></transaction_id>
</xml>


执行日期：2016-07-30-22：04：42
【接收到的notify通知】:



执行日期：2016-07-30-22：05：21
【接收到的notify通知】:



执行日期：2017-10-23-21：52：44
【接收到的notify通知】:
<xml><appid><![CDATA[wx364840d1d1cd4391]]></appid>
<attach><![CDATA[余额充值-1508766755377825]]></attach>
<bank_type><![CDATA[CFT]]></bank_type>
<cash_fee><![CDATA[10]]></cash_fee>
<fee_type><![CDATA[CNY]]></fee_type>
<is_subscribe><![CDATA[Y]]></is_subscribe>
<mch_id><![CDATA[1344456501]]></mch_id>
<nonce_str><![CDATA[p4a7yrqncl3m9ghf27wu92f4akn6veua]]></nonce_str>
<openid><![CDATA[oXol1uM5b1XZnhbCZ_PRhWC5-bpQ]]></openid>
<out_trade_no><![CDATA[1508766755377825]]></out_trade_no>
<result_code><![CDATA[SUCCESS]]></result_code>
<return_code><![CDATA[SUCCESS]]></return_code>
<sign><![CDATA[C2F33FCA07BFAF902855D7614C155F92]]></sign>
<time_end><![CDATA[20171023215243]]></time_end>
<total_fee>10</total_fee>
<trade_type><![CDATA[JSAPI]]></trade_type>
<transaction_id><![CDATA[4200000030201710239907750120]]></transaction_id>
</xml>


执行日期：2017-10-23-21：52：44
【支付成功】:
<xml><appid><![CDATA[wx364840d1d1cd4391]]></appid>
<attach><![CDATA[余额充值-1508766755377825]]></attach>
<bank_type><![CDATA[CFT]]></bank_type>
<cash_fee><![CDATA[10]]></cash_fee>
<fee_type><![CDATA[CNY]]></fee_type>
<is_subscribe><![CDATA[Y]]></is_subscribe>
<mch_id><![CDATA[1344456501]]></mch_id>
<nonce_str><![CDATA[p4a7yrqncl3m9ghf27wu92f4akn6veua]]></nonce_str>
<openid><![CDATA[oXol1uM5b1XZnhbCZ_PRhWC5-bpQ]]></openid>
<out_trade_no><![CDATA[1508766755377825]]></out_trade_no>
<result_code><![CDATA[SUCCESS]]></result_code>
<return_code><![CDATA[SUCCESS]]></return_code>
<sign><![CDATA[C2F33FCA07BFAF902855D7614C155F92]]></sign>
<time_end><![CDATA[20171023215243]]></time_end>
<total_fee>10</total_fee>
<trade_type><![CDATA[JSAPI]]></trade_type>
<transaction_id><![CDATA[4200000030201710239907750120]]></transaction_id>
</xml>


执行日期：2017-10-24-10：03：37
【接收到的notify通知】:
<xml><appid><![CDATA[wx364840d1d1cd4391]]></appid>
<attach><![CDATA[商品购买-1508810608931473]]></attach>
<bank_type><![CDATA[CFT]]></bank_type>
<cash_fee><![CDATA[2]]></cash_fee>
<fee_type><![CDATA[CNY]]></fee_type>
<is_subscribe><![CDATA[Y]]></is_subscribe>
<mch_id><![CDATA[1344456501]]></mch_id>
<nonce_str><![CDATA[gb2gx8qhrssk2h8cqwhwrwzdjeqaex59]]></nonce_str>
<openid><![CDATA[oXol1uM5b1XZnhbCZ_PRhWC5-bpQ]]></openid>
<out_trade_no><![CDATA[1508810609429628]]></out_trade_no>
<result_code><![CDATA[SUCCESS]]></result_code>
<return_code><![CDATA[SUCCESS]]></return_code>
<sign><![CDATA[08D12081CF82810AFD65672FAFF6B14D]]></sign>
<time_end><![CDATA[20171024100336]]></time_end>
<total_fee>2</total_fee>
<trade_type><![CDATA[JSAPI]]></trade_type>
<transaction_id><![CDATA[4200000027201710249976340143]]></transaction_id>
</xml>


执行日期：2017-10-24-10：03：37
【支付成功】:
<xml><appid><![CDATA[wx364840d1d1cd4391]]></appid>
<attach><![CDATA[商品购买-1508810608931473]]></attach>
<bank_type><![CDATA[CFT]]></bank_type>
<cash_fee><![CDATA[2]]></cash_fee>
<fee_type><![CDATA[CNY]]></fee_type>
<is_subscribe><![CDATA[Y]]></is_subscribe>
<mch_id><![CDATA[1344456501]]></mch_id>
<nonce_str><![CDATA[gb2gx8qhrssk2h8cqwhwrwzdjeqaex59]]></nonce_str>
<openid><![CDATA[oXol1uM5b1XZnhbCZ_PRhWC5-bpQ]]></openid>
<out_trade_no><![CDATA[1508810609429628]]></out_trade_no>
<result_code><![CDATA[SUCCESS]]></result_code>
<return_code><![CDATA[SUCCESS]]></return_code>
<sign><![CDATA[08D12081CF82810AFD65672FAFF6B14D]]></sign>
<time_end><![CDATA[20171024100336]]></time_end>
<total_fee>2</total_fee>
<trade_type><![CDATA[JSAPI]]></trade_type>
<transaction_id><![CDATA[4200000027201710249976340143]]></transaction_id>
</xml>


执行日期：2017-10-24-10：59：50
【接收到的notify通知】:
<xml><appid><![CDATA[wx364840d1d1cd4391]]></appid>
<attach><![CDATA[会员升级-1508813981940166]]></attach>
<bank_type><![CDATA[CFT]]></bank_type>
<cash_fee><![CDATA[1]]></cash_fee>
<fee_type><![CDATA[CNY]]></fee_type>
<is_subscribe><![CDATA[Y]]></is_subscribe>
<mch_id><![CDATA[1344456501]]></mch_id>
<nonce_str><![CDATA[fi69jhat4za20l5m0gl1u7etto527y1m]]></nonce_str>
<openid><![CDATA[oXol1uM5b1XZnhbCZ_PRhWC5-bpQ]]></openid>
<out_trade_no><![CDATA[1508813981153178]]></out_trade_no>
<result_code><![CDATA[SUCCESS]]></result_code>
<return_code><![CDATA[SUCCESS]]></return_code>
<sign><![CDATA[5D6C21B4E9AF20116B35A90AFE7AE44B]]></sign>
<time_end><![CDATA[20171024105949]]></time_end>
<total_fee>1</total_fee>
<trade_type><![CDATA[JSAPI]]></trade_type>
<transaction_id><![CDATA[4200000002201710249982913257]]></transaction_id>
</xml>


执行日期：2017-10-24-10：59：50
【支付成功】:
<xml><appid><![CDATA[wx364840d1d1cd4391]]></appid>
<attach><![CDATA[会员升级-1508813981940166]]></attach>
<bank_type><![CDATA[CFT]]></bank_type>
<cash_fee><![CDATA[1]]></cash_fee>
<fee_type><![CDATA[CNY]]></fee_type>
<is_subscribe><![CDATA[Y]]></is_subscribe>
<mch_id><![CDATA[1344456501]]></mch_id>
<nonce_str><![CDATA[fi69jhat4za20l5m0gl1u7etto527y1m]]></nonce_str>
<openid><![CDATA[oXol1uM5b1XZnhbCZ_PRhWC5-bpQ]]></openid>
<out_trade_no><![CDATA[1508813981153178]]></out_trade_no>
<result_code><![CDATA[SUCCESS]]></result_code>
<return_code><![CDATA[SUCCESS]]></return_code>
<sign><![CDATA[5D6C21B4E9AF20116B35A90AFE7AE44B]]></sign>
<time_end><![CDATA[20171024105949]]></time_end>
<total_fee>1</total_fee>
<trade_type><![CDATA[JSAPI]]></trade_type>
<transaction_id><![CDATA[4200000002201710249982913257]]></transaction_id>
</xml>


执行日期：2017-10-25-14：23：27
【接收到的notify通知】:
<xml><appid><![CDATA[wx364840d1d1cd4391]]></appid>
<attach><![CDATA[会员升级-1508912600158951]]></attach>
<bank_type><![CDATA[CFT]]></bank_type>
<cash_fee><![CDATA[1]]></cash_fee>
<fee_type><![CDATA[CNY]]></fee_type>
<is_subscribe><![CDATA[Y]]></is_subscribe>
<mch_id><![CDATA[1344456501]]></mch_id>
<nonce_str><![CDATA[crqi01xv2v6da8p0wp765h36mxz52312]]></nonce_str>
<openid><![CDATA[oXol1uLGtUdkmhcHeNa6ym7iGGOg]]></openid>
<out_trade_no><![CDATA[1508912600509721]]></out_trade_no>
<result_code><![CDATA[SUCCESS]]></result_code>
<return_code><![CDATA[SUCCESS]]></return_code>
<sign><![CDATA[277737113D8E20D9CA7A2752AE7D822D]]></sign>
<time_end><![CDATA[20171025142326]]></time_end>
<total_fee>1</total_fee>
<trade_type><![CDATA[JSAPI]]></trade_type>
<transaction_id><![CDATA[4200000020201710250220804676]]></transaction_id>
</xml>


执行日期：2017-10-25-14：23：27
【支付成功】:
<xml><appid><![CDATA[wx364840d1d1cd4391]]></appid>
<attach><![CDATA[会员升级-1508912600158951]]></attach>
<bank_type><![CDATA[CFT]]></bank_type>
<cash_fee><![CDATA[1]]></cash_fee>
<fee_type><![CDATA[CNY]]></fee_type>
<is_subscribe><![CDATA[Y]]></is_subscribe>
<mch_id><![CDATA[1344456501]]></mch_id>
<nonce_str><![CDATA[crqi01xv2v6da8p0wp765h36mxz52312]]></nonce_str>
<openid><![CDATA[oXol1uLGtUdkmhcHeNa6ym7iGGOg]]></openid>
<out_trade_no><![CDATA[1508912600509721]]></out_trade_no>
<result_code><![CDATA[SUCCESS]]></result_code>
<return_code><![CDATA[SUCCESS]]></return_code>
<sign><![CDATA[277737113D8E20D9CA7A2752AE7D822D]]></sign>
<time_end><![CDATA[20171025142326]]></time_end>
<total_fee>1</total_fee>
<trade_type><![CDATA[JSAPI]]></trade_type>
<transaction_id><![CDATA[4200000020201710250220804676]]></transaction_id>
</xml>


执行日期：2017-11-10-16：00：50
【接收到的notify通知】:
<xml><appid><![CDATA[wx307986be1613507b]]></appid>
<attach><![CDATA[商品购买-1510300840449084]]></attach>
<bank_type><![CDATA[CFT]]></bank_type>
<cash_fee><![CDATA[2]]></cash_fee>
<fee_type><![CDATA[CNY]]></fee_type>
<is_subscribe><![CDATA[Y]]></is_subscribe>
<mch_id><![CDATA[1490859862]]></mch_id>
<nonce_str><![CDATA[de3to57bedrh5vdqu4zgtcepk27xeshg]]></nonce_str>
<openid><![CDATA[o2iSA02WlkJp3AOUE1cYuUZq-YhE]]></openid>
<out_trade_no><![CDATA[1510300841511576]]></out_trade_no>
<result_code><![CDATA[SUCCESS]]></result_code>
<return_code><![CDATA[SUCCESS]]></return_code>
<sign><![CDATA[76E9900C70AAA9E037424A27415CA47F]]></sign>
<time_end><![CDATA[20171110160049]]></time_end>
<total_fee>2</total_fee>
<trade_type><![CDATA[JSAPI]]></trade_type>
<transaction_id><![CDATA[4200000018201711103691849463]]></transaction_id>
</xml>


执行日期：2017-11-10-16：00：50
【支付成功】:
<xml><appid><![CDATA[wx307986be1613507b]]></appid>
<attach><![CDATA[商品购买-1510300840449084]]></attach>
<bank_type><![CDATA[CFT]]></bank_type>
<cash_fee><![CDATA[2]]></cash_fee>
<fee_type><![CDATA[CNY]]></fee_type>
<is_subscribe><![CDATA[Y]]></is_subscribe>
<mch_id><![CDATA[1490859862]]></mch_id>
<nonce_str><![CDATA[de3to57bedrh5vdqu4zgtcepk27xeshg]]></nonce_str>
<openid><![CDATA[o2iSA02WlkJp3AOUE1cYuUZq-YhE]]></openid>
<out_trade_no><![CDATA[1510300841511576]]></out_trade_no>
<result_code><![CDATA[SUCCESS]]></result_code>
<return_code><![CDATA[SUCCESS]]></return_code>
<sign><![CDATA[76E9900C70AAA9E037424A27415CA47F]]></sign>
<time_end><![CDATA[20171110160049]]></time_end>
<total_fee>2</total_fee>
<trade_type><![CDATA[JSAPI]]></trade_type>
<transaction_id><![CDATA[4200000018201711103691849463]]></transaction_id>
</xml>


执行日期：2017-11-10-16：01：45
【接收到的notify通知】:
<xml><appid><![CDATA[wx307986be1613507b]]></appid>
<attach><![CDATA[余额充值-1510300898213176]]></attach>
<bank_type><![CDATA[CFT]]></bank_type>
<cash_fee><![CDATA[10]]></cash_fee>
<fee_type><![CDATA[CNY]]></fee_type>
<is_subscribe><![CDATA[Y]]></is_subscribe>
<mch_id><![CDATA[1490859862]]></mch_id>
<nonce_str><![CDATA[qwadjlf1cboyrmjdh9e6dzz9nxv3g2ht]]></nonce_str>
<openid><![CDATA[o2iSA02WlkJp3AOUE1cYuUZq-YhE]]></openid>
<out_trade_no><![CDATA[1510300898213176]]></out_trade_no>
<result_code><![CDATA[SUCCESS]]></result_code>
<return_code><![CDATA[SUCCESS]]></return_code>
<sign><![CDATA[4D4EC0192F3F07314EE5707DD75FD193]]></sign>
<time_end><![CDATA[20171110160144]]></time_end>
<total_fee>10</total_fee>
<trade_type><![CDATA[JSAPI]]></trade_type>
<transaction_id><![CDATA[4200000014201711103692683244]]></transaction_id>
</xml>


执行日期：2017-11-10-16：01：45
【支付成功】:
<xml><appid><![CDATA[wx307986be1613507b]]></appid>
<attach><![CDATA[余额充值-1510300898213176]]></attach>
<bank_type><![CDATA[CFT]]></bank_type>
<cash_fee><![CDATA[10]]></cash_fee>
<fee_type><![CDATA[CNY]]></fee_type>
<is_subscribe><![CDATA[Y]]></is_subscribe>
<mch_id><![CDATA[1490859862]]></mch_id>
<nonce_str><![CDATA[qwadjlf1cboyrmjdh9e6dzz9nxv3g2ht]]></nonce_str>
<openid><![CDATA[o2iSA02WlkJp3AOUE1cYuUZq-YhE]]></openid>
<out_trade_no><![CDATA[1510300898213176]]></out_trade_no>
<result_code><![CDATA[SUCCESS]]></result_code>
<return_code><![CDATA[SUCCESS]]></return_code>
<sign><![CDATA[4D4EC0192F3F07314EE5707DD75FD193]]></sign>
<time_end><![CDATA[20171110160144]]></time_end>
<total_fee>10</total_fee>
<trade_type><![CDATA[JSAPI]]></trade_type>
<transaction_id><![CDATA[4200000014201711103692683244]]></transaction_id>
</xml>


执行日期：2017-11-10-16：12：42
【接收到的notify通知】:
<xml><appid><![CDATA[wx307986be1613507b]]></appid>
<attach><![CDATA[会员升级-1510301556218985]]></attach>
<bank_type><![CDATA[CFT]]></bank_type>
<cash_fee><![CDATA[1]]></cash_fee>
<fee_type><![CDATA[CNY]]></fee_type>
<is_subscribe><![CDATA[Y]]></is_subscribe>
<mch_id><![CDATA[1490859862]]></mch_id>
<nonce_str><![CDATA[v54ujcjuo3cna7xt67nuyqn2yji06q2b]]></nonce_str>
<openid><![CDATA[o2iSA00pxoATvCKxsjMcCaZcAR1k]]></openid>
<out_trade_no><![CDATA[1510301556838312]]></out_trade_no>
<result_code><![CDATA[SUCCESS]]></result_code>
<return_code><![CDATA[SUCCESS]]></return_code>
<sign><![CDATA[57EE59E7E3B93A9C82580980420223EF]]></sign>
<time_end><![CDATA[20171110161242]]></time_end>
<total_fee>1</total_fee>
<trade_type><![CDATA[JSAPI]]></trade_type>
<transaction_id><![CDATA[4200000016201711103698391595]]></transaction_id>
</xml>


执行日期：2017-11-10-16：12：42
【支付成功】:
<xml><appid><![CDATA[wx307986be1613507b]]></appid>
<attach><![CDATA[会员升级-1510301556218985]]></attach>
<bank_type><![CDATA[CFT]]></bank_type>
<cash_fee><![CDATA[1]]></cash_fee>
<fee_type><![CDATA[CNY]]></fee_type>
<is_subscribe><![CDATA[Y]]></is_subscribe>
<mch_id><![CDATA[1490859862]]></mch_id>
<nonce_str><![CDATA[v54ujcjuo3cna7xt67nuyqn2yji06q2b]]></nonce_str>
<openid><![CDATA[o2iSA00pxoATvCKxsjMcCaZcAR1k]]></openid>
<out_trade_no><![CDATA[1510301556838312]]></out_trade_no>
<result_code><![CDATA[SUCCESS]]></result_code>
<return_code><![CDATA[SUCCESS]]></return_code>
<sign><![CDATA[57EE59E7E3B93A9C82580980420223EF]]></sign>
<time_end><![CDATA[20171110161242]]></time_end>
<total_fee>1</total_fee>
<trade_type><![CDATA[JSAPI]]></trade_type>
<transaction_id><![CDATA[4200000016201711103698391595]]></transaction_id>
</xml>


执行日期：2017-11-10-18：46：30
【接收到的notify通知】:
<xml><appid><![CDATA[wx307986be1613507b]]></appid>
<attach><![CDATA[余额充值-1510310781649456]]></attach>
<bank_type><![CDATA[CFT]]></bank_type>
<cash_fee><![CDATA[100]]></cash_fee>
<fee_type><![CDATA[CNY]]></fee_type>
<is_subscribe><![CDATA[Y]]></is_subscribe>
<mch_id><![CDATA[1490859862]]></mch_id>
<nonce_str><![CDATA[iu7e1w49fjjhbefblewapqa95afcuny9]]></nonce_str>
<openid><![CDATA[o2iSA01bNUB8ObvbaWPWUTFbiUWg]]></openid>
<out_trade_no><![CDATA[1510310781649456]]></out_trade_no>
<result_code><![CDATA[SUCCESS]]></result_code>
<return_code><![CDATA[SUCCESS]]></return_code>
<sign><![CDATA[E57E7149A4AEBFA729955D49237421DA]]></sign>
<time_end><![CDATA[20171110184628]]></time_end>
<total_fee>100</total_fee>
<trade_type><![CDATA[JSAPI]]></trade_type>
<transaction_id><![CDATA[4200000023201711103729233352]]></transaction_id>
</xml>


执行日期：2017-11-10-18：46：30
【支付成功】:
<xml><appid><![CDATA[wx307986be1613507b]]></appid>
<attach><![CDATA[余额充值-1510310781649456]]></attach>
<bank_type><![CDATA[CFT]]></bank_type>
<cash_fee><![CDATA[100]]></cash_fee>
<fee_type><![CDATA[CNY]]></fee_type>
<is_subscribe><![CDATA[Y]]></is_subscribe>
<mch_id><![CDATA[1490859862]]></mch_id>
<nonce_str><![CDATA[iu7e1w49fjjhbefblewapqa95afcuny9]]></nonce_str>
<openid><![CDATA[o2iSA01bNUB8ObvbaWPWUTFbiUWg]]></openid>
<out_trade_no><![CDATA[1510310781649456]]></out_trade_no>
<result_code><![CDATA[SUCCESS]]></result_code>
<return_code><![CDATA[SUCCESS]]></return_code>
<sign><![CDATA[E57E7149A4AEBFA729955D49237421DA]]></sign>
<time_end><![CDATA[20171110184628]]></time_end>
<total_fee>100</total_fee>
<trade_type><![CDATA[JSAPI]]></trade_type>
<transaction_id><![CDATA[4200000023201711103729233352]]></transaction_id>
</xml>


执行日期：2017-11-11-13：11：47
【接收到的notify通知】:
<xml><appid><![CDATA[wx307986be1613507b]]></appid>
<attach><![CDATA[商品购买-1510377099221461]]></attach>
<bank_type><![CDATA[CFT]]></bank_type>
<cash_fee><![CDATA[2]]></cash_fee>
<fee_type><![CDATA[CNY]]></fee_type>
<is_subscribe><![CDATA[Y]]></is_subscribe>
<mch_id><![CDATA[1490859862]]></mch_id>
<nonce_str><![CDATA[dd6l9s5k1x7rlsiyq0ulida1f46woqpa]]></nonce_str>
<openid><![CDATA[o2iSA00pxoATvCKxsjMcCaZcAR1k]]></openid>
<out_trade_no><![CDATA[1510377100435314]]></out_trade_no>
<result_code><![CDATA[SUCCESS]]></result_code>
<return_code><![CDATA[SUCCESS]]></return_code>
<sign><![CDATA[6FA2FE0D763F076FFDF96FBEB6828479]]></sign>
<time_end><![CDATA[20171111131146]]></time_end>
<total_fee>2</total_fee>
<trade_type><![CDATA[JSAPI]]></trade_type>
<transaction_id><![CDATA[4200000030201711113924828850]]></transaction_id>
</xml>


执行日期：2017-11-11-13：11：47
【支付成功】:
<xml><appid><![CDATA[wx307986be1613507b]]></appid>
<attach><![CDATA[商品购买-1510377099221461]]></attach>
<bank_type><![CDATA[CFT]]></bank_type>
<cash_fee><![CDATA[2]]></cash_fee>
<fee_type><![CDATA[CNY]]></fee_type>
<is_subscribe><![CDATA[Y]]></is_subscribe>
<mch_id><![CDATA[1490859862]]></mch_id>
<nonce_str><![CDATA[dd6l9s5k1x7rlsiyq0ulida1f46woqpa]]></nonce_str>
<openid><![CDATA[o2iSA00pxoATvCKxsjMcCaZcAR1k]]></openid>
<out_trade_no><![CDATA[1510377100435314]]></out_trade_no>
<result_code><![CDATA[SUCCESS]]></result_code>
<return_code><![CDATA[SUCCESS]]></return_code>
<sign><![CDATA[6FA2FE0D763F076FFDF96FBEB6828479]]></sign>
<time_end><![CDATA[20171111131146]]></time_end>
<total_fee>2</total_fee>
<trade_type><![CDATA[JSAPI]]></trade_type>
<transaction_id><![CDATA[4200000030201711113924828850]]></transaction_id>
</xml>


执行日期：2017-11-11-13：20：16
【接收到的notify通知】:
<xml><appid><![CDATA[wx307986be1613507b]]></appid>
<attach><![CDATA[余额充值-1510377608968732]]></attach>
<bank_type><![CDATA[CFT]]></bank_type>
<cash_fee><![CDATA[100]]></cash_fee>
<fee_type><![CDATA[CNY]]></fee_type>
<is_subscribe><![CDATA[Y]]></is_subscribe>
<mch_id><![CDATA[1490859862]]></mch_id>
<nonce_str><![CDATA[8b72dyxylbjj2mnq49ng3z7l8cdc8nvf]]></nonce_str>
<openid><![CDATA[o2iSA01bNUB8ObvbaWPWUTFbiUWg]]></openid>
<out_trade_no><![CDATA[1510377608968732]]></out_trade_no>
<result_code><![CDATA[SUCCESS]]></result_code>
<return_code><![CDATA[SUCCESS]]></return_code>
<sign><![CDATA[2E57A09178E78DAA52A3AC05A3D88960]]></sign>
<time_end><![CDATA[20171111132015]]></time_end>
<total_fee>100</total_fee>
<trade_type><![CDATA[JSAPI]]></trade_type>
<transaction_id><![CDATA[4200000013201711113925383974]]></transaction_id>
</xml>


执行日期：2017-11-11-13：20：16
【支付成功】:
<xml><appid><![CDATA[wx307986be1613507b]]></appid>
<attach><![CDATA[余额充值-1510377608968732]]></attach>
<bank_type><![CDATA[CFT]]></bank_type>
<cash_fee><![CDATA[100]]></cash_fee>
<fee_type><![CDATA[CNY]]></fee_type>
<is_subscribe><![CDATA[Y]]></is_subscribe>
<mch_id><![CDATA[1490859862]]></mch_id>
<nonce_str><![CDATA[8b72dyxylbjj2mnq49ng3z7l8cdc8nvf]]></nonce_str>
<openid><![CDATA[o2iSA01bNUB8ObvbaWPWUTFbiUWg]]></openid>
<out_trade_no><![CDATA[1510377608968732]]></out_trade_no>
<result_code><![CDATA[SUCCESS]]></result_code>
<return_code><![CDATA[SUCCESS]]></return_code>
<sign><![CDATA[2E57A09178E78DAA52A3AC05A3D88960]]></sign>
<time_end><![CDATA[20171111132015]]></time_end>
<total_fee>100</total_fee>
<trade_type><![CDATA[JSAPI]]></trade_type>
<transaction_id><![CDATA[4200000013201711113925383974]]></transaction_id>
</xml>


执行日期：2017-11-12-09：48：24
【接收到的notify通知】:
<xml><appid><![CDATA[wx307986be1613507b]]></appid>
<attach><![CDATA[商品购买-1510451283471407]]></attach>
<bank_type><![CDATA[CFT]]></bank_type>
<cash_fee><![CDATA[1]]></cash_fee>
<fee_type><![CDATA[CNY]]></fee_type>
<is_subscribe><![CDATA[Y]]></is_subscribe>
<mch_id><![CDATA[1490859862]]></mch_id>
<nonce_str><![CDATA[9umajg7zy744bagyaq3o3jowruhaoi2k]]></nonce_str>
<openid><![CDATA[o2iSA01bNUB8ObvbaWPWUTFbiUWg]]></openid>
<out_trade_no><![CDATA[1510451283865724]]></out_trade_no>
<result_code><![CDATA[SUCCESS]]></result_code>
<return_code><![CDATA[SUCCESS]]></return_code>
<sign><![CDATA[14FDC36F9AEB8005F97D7E2D9B8B5233]]></sign>
<time_end><![CDATA[20171112094823]]></time_end>
<total_fee>1</total_fee>
<trade_type><![CDATA[JSAPI]]></trade_type>
<transaction_id><![CDATA[4200000008201711124139592140]]></transaction_id>
</xml>


执行日期：2017-11-12-09：48：24
【支付成功】:
<xml><appid><![CDATA[wx307986be1613507b]]></appid>
<attach><![CDATA[商品购买-1510451283471407]]></attach>
<bank_type><![CDATA[CFT]]></bank_type>
<cash_fee><![CDATA[1]]></cash_fee>
<fee_type><![CDATA[CNY]]></fee_type>
<is_subscribe><![CDATA[Y]]></is_subscribe>
<mch_id><![CDATA[1490859862]]></mch_id>
<nonce_str><![CDATA[9umajg7zy744bagyaq3o3jowruhaoi2k]]></nonce_str>
<openid><![CDATA[o2iSA01bNUB8ObvbaWPWUTFbiUWg]]></openid>
<out_trade_no><![CDATA[1510451283865724]]></out_trade_no>
<result_code><![CDATA[SUCCESS]]></result_code>
<return_code><![CDATA[SUCCESS]]></return_code>
<sign><![CDATA[14FDC36F9AEB8005F97D7E2D9B8B5233]]></sign>
<time_end><![CDATA[20171112094823]]></time_end>
<total_fee>1</total_fee>
<trade_type><![CDATA[JSAPI]]></trade_type>
<transaction_id><![CDATA[4200000008201711124139592140]]></transaction_id>
</xml>


执行日期：2017-11-14-18：09：17
【接收到的notify通知】:
<xml><appid><![CDATA[wx307986be1613507b]]></appid>
<attach><![CDATA[商品购买-1510654149487858]]></attach>
<bank_type><![CDATA[CFT]]></bank_type>
<cash_fee><![CDATA[1]]></cash_fee>
<fee_type><![CDATA[CNY]]></fee_type>
<is_subscribe><![CDATA[Y]]></is_subscribe>
<mch_id><![CDATA[1490859862]]></mch_id>
<nonce_str><![CDATA[hyh2wjk3w14hq80ctfq73fmfcjqgo69g]]></nonce_str>
<openid><![CDATA[o2iSA01bNUB8ObvbaWPWUTFbiUWg]]></openid>
<out_trade_no><![CDATA[1510654149372314]]></out_trade_no>
<result_code><![CDATA[SUCCESS]]></result_code>
<return_code><![CDATA[SUCCESS]]></return_code>
<sign><![CDATA[E77E830924B4A0BE8D8BF14994DE31C7]]></sign>
<time_end><![CDATA[20171114180917]]></time_end>
<total_fee>1</total_fee>
<trade_type><![CDATA[JSAPI]]></trade_type>
<transaction_id><![CDATA[4200000023201711144662468344]]></transaction_id>
</xml>


执行日期：2017-11-14-18：09：18
【支付成功】:
<xml><appid><![CDATA[wx307986be1613507b]]></appid>
<attach><![CDATA[商品购买-1510654149487858]]></attach>
<bank_type><![CDATA[CFT]]></bank_type>
<cash_fee><![CDATA[1]]></cash_fee>
<fee_type><![CDATA[CNY]]></fee_type>
<is_subscribe><![CDATA[Y]]></is_subscribe>
<mch_id><![CDATA[1490859862]]></mch_id>
<nonce_str><![CDATA[hyh2wjk3w14hq80ctfq73fmfcjqgo69g]]></nonce_str>
<openid><![CDATA[o2iSA01bNUB8ObvbaWPWUTFbiUWg]]></openid>
<out_trade_no><![CDATA[1510654149372314]]></out_trade_no>
<result_code><![CDATA[SUCCESS]]></result_code>
<return_code><![CDATA[SUCCESS]]></return_code>
<sign><![CDATA[E77E830924B4A0BE8D8BF14994DE31C7]]></sign>
<time_end><![CDATA[20171114180917]]></time_end>
<total_fee>1</total_fee>
<trade_type><![CDATA[JSAPI]]></trade_type>
<transaction_id><![CDATA[4200000023201711144662468344]]></transaction_id>
</xml>


